[INFO] Scanning for projects...
[WARNING] 
[WARNING] Some problems were encountered while building the effective model for thesis:thesis:jar:1.0-SNAPSHOT
[WARNING] 'dependencies.dependency.version' for org.junit.jupiter:junit-jupiter-api:jar is either LATEST or RELEASE (both of them are being deprecated) @ line 25, column 22
[WARNING] 
[WARNING] It is highly recommended to fix these problems because they threaten the stability of your build.
[WARNING] 
[WARNING] For this reason, future Maven versions might no longer support building such malformed projects.
[WARNING] 
[INFO] 
[INFO] ------------------------------------------------------------------------
[INFO] Building thesis 1.0-SNAPSHOT
[INFO] ------------------------------------------------------------------------
[INFO] 
[INFO] >>> exec-maven-plugin:1.2.1:java (default-cli) > validate @ thesis >>>
[INFO] 
[INFO] <<< exec-maven-plugin:1.2.1:java (default-cli) < validate @ thesis <<<
[INFO] 
[INFO] 
[INFO] --- exec-maven-plugin:1.2.1:java (default-cli) @ thesis ---
BLOCK: Startconstructor1L0
this.left : this.left = null, 
this.right : this.right = null, 

BLOCK: BasicL1
this.left : this.left = left, 
this.right : this.right = right, 

BLOCK: StartevaluateL3
this.left : this.left = null, 
this.right : this.right = null, 

BLOCK: BasicL4
this.left : this.left = null, 
this.right : this.right = null, 

BLOCK: StarttoStringL6
this.left : this.left = null, 
this.right : this.right = null, 

BLOCK: BasicL7
this.left : this.left = null, 
this.right : this.right = null, 

BLOCK: StartmainL9

BLOCK: BasicL10
d2 : d2 = new DoubleConstantExpression(-23.767, ), 
d1 : d1 = new DoubleConstantExpression(35.7, ), 
d3 : d3 = new DoubleConstantExpression(0.1, ), 
d4 : d4 = new DoubleConstantExpression(-5, ), 
binding : binding = new BindingList(), 

BLOCK: Startconstructor1L12
this.left : this.left = null, 
this.right : this.right = null, 

BLOCK: BasicL13
this.left : this.left = left, 
this.right : this.right = right, 

BLOCK: StartevaluateL15
this.right : this.right = null, 
this.left : this.left = null, 

BLOCK: BasicL16
this.right : this.right = null, 
this.left : this.left = null, 

BLOCK: StarttoStringL18
this.right : this.right = null, 
this.left : this.left = null, 

BLOCK: BasicL19
this.right : this.right = null, 
this.left : this.left = null, 

BLOCK: Startconstructor1L21
this.left : this.left = null, 
this.right : this.right = null, 

BLOCK: BasicL22
this.left : this.left = left, 
this.right : this.right = right, 

BLOCK: StartevaluateL24
this.right : this.right = null, 
this.left : this.left = null, 

BLOCK: BasicL25
this.right : this.right = null, 
this.left : this.left = null, 

BLOCK: StarttoStringL27
this.left : this.left = null, 
this.right : this.right = null, 

BLOCK: BasicL28
this.left : this.left = null, 
this.right : this.right = null, 

BLOCK: Startconstructor1L30
this.bindingList : this.bindingList = new ArrayList(), 

BLOCK: BasicL31
this.bindingList : this.bindingList = new ArrayList(), 

BLOCK: StartaddBindingL33
this.bindingList : this.bindingList = new ArrayList(), 

BLOCK: BasicL34
this.bindingList : this.bindingList = new ArrayList(), 

BLOCK: ForInitL36
this.bindingList : this.bindingList = new ArrayList(), 
i : i = 0, 

BLOCK: ForCondL37
this.bindingList : this.bindingList = new ArrayList(), 
@temp1 : @temp1 = i, 
i : i = 0, i = i + 1, 

BLOCK: LoopL38
this.bindingList : this.bindingList = new ArrayList(), 
@temp1 : @temp1 = i, 
i : i = 0, i = i + 1, 

BLOCK: BasicL39
this.bindingList : this.bindingList = new ArrayList(), 
@temp1 : @temp1 = i, 
i : i = 0, i = i + 1, 

BLOCK: trueL40
this.bindingList : this.bindingList = new ArrayList(), 
@temp1 : @temp1 = i, 
i : i = 0, i = i + 1, 

BLOCK: joinL41
@temp1 : @temp1 = i, 
this.bindingList : this.bindingList = new ArrayList(), 
i : i = i + 1, 

BLOCK: StartlookupBindingL42
this.bindingList : this.bindingList = new ArrayList(), 

BLOCK: BasicL43
this.bindingList : this.bindingList = new ArrayList(), 

BLOCK: ForInitL45
i : i = 0, 
this.bindingList : this.bindingList = new ArrayList(), 

BLOCK: ForCondL46
i : i = i + 1, i = 0, 
this.bindingList : this.bindingList = new ArrayList(), 
@temp2 : @temp2 = i, 

BLOCK: LoopL47
i : i = i + 1, i = 0, 
this.bindingList : this.bindingList = new ArrayList(), 
@temp2 : @temp2 = i, 

BLOCK: BasicL48
i : i = i + 1, i = 0, 
this.bindingList : this.bindingList = new ArrayList(), 
@temp2 : @temp2 = i, 

BLOCK: trueL49
i : i = i + 1, i = 0, 
this.bindingList : this.bindingList = new ArrayList(), 
@temp2 : @temp2 = i, 

BLOCK: joinL50
i : i = i + 1, 
this.bindingList : this.bindingList = new ArrayList(), 
@temp2 : @temp2 = i, 

BLOCK: Startconstructor1L51
this.id : this.id = null, 

BLOCK: BasicL52
this.id : this.id = id, 

BLOCK: StartevaluateL54
this.id : this.id = null, 

BLOCK: BasicL55
this.id : this.id = null, 

BLOCK: StarttoStringL57
this.id : this.id = null, 

BLOCK: BasicL58
this.id : this.id = null, 

BLOCK: Startconstructor1L60
this.left : this.left = null, 
this.right : this.right = null, 

BLOCK: BasicL61
this.left : this.left = left, 
this.right : this.right = right, 

BLOCK: StartevaluateL63
this.left : this.left = null, 
this.right : this.right = null, 

BLOCK: BasicL64
this.left : this.left = null, 
this.right : this.right = null, 

BLOCK: StarttoStringL66
this.left : this.left = null, 
this.right : this.right = null, 

BLOCK: BasicL67
this.left : this.left = null, 
this.right : this.right = null, 

BLOCK: Startconstructor1L69
this.id : this.id = null, 
this.e : this.e = null, 

BLOCK: BasicL70
this.id : this.id = id, 
this.e : this.e = e, 

BLOCK: StartevaluateL72
this.id : this.id = null, 
this.e : this.e = null, 

BLOCK: BasicL73
value : value = this.e.evaluate(binding, ), 
this.id : this.id = null, 
this.e : this.e = null, 

BLOCK: StarttoStringL75
this.e : this.e = null, 
this.id : this.id = null, 

BLOCK: BasicL76
this.e : this.e = null, 
this.id : this.id = null, 

BLOCK: Startconstructor1L78
this.e : this.e = null, 

BLOCK: BasicL79
this.e : this.e = e, 

BLOCK: StartevaluateL81
this.e : this.e = null, 

BLOCK: BasicL82
this.e : this.e = null, 

BLOCK: StarttoStringL84
this.e : this.e = null, 

BLOCK: BasicL85
this.e : this.e = null, 

BLOCK: Startconstructor1L87
this.value : this.value = 0.0, 
this.id : this.id = null, 

BLOCK: BasicL88
this.value : this.value = value, 
this.id : this.id = id, 

BLOCK: StartgetIdL90
this.value : this.value = 0.0, 
this.id : this.id = null, 

BLOCK: BasicL91
this.value : this.value = 0.0, 
this.id : this.id = null, 

BLOCK: StartgetValueL93
this.value : this.value = 0.0, 
this.id : this.id = null, 

BLOCK: BasicL94
this.value : this.value = 0.0, 
this.id : this.id = null, 

BLOCK: Startconstructor1L96
this.value : this.value = 0.0, 

BLOCK: BasicL97
this.value : this.value = value, 

BLOCK: StartevaluateL99
this.value : this.value = 0.0, 

BLOCK: BasicL100
this.value : this.value = 0.0, 

BLOCK: StarttoStringL102
this.value : this.value = 0.0, 

BLOCK: BasicL103
this.value : this.value = 0.0, 

BLOCK: Startconstructor1L0
this.left : this.left = null, 
this.right : this.right = null, 

BLOCK: Startconstructor1L0
this.left : this.left = null, 
this.right : this.right = null, 

BLOCK: BasicL1
this.left : this.left = left, 
this.right : this.right = right, 

BLOCK: StartevaluateL3
this.left : this.left = null, 
this.right : this.right = null, 

BLOCK: StartevaluateL3
this.left : this.left = null, 
this.right : this.right = null, 

BLOCK: BasicL4
this.left : this.left = null, 
this.right : this.right = null, 

BLOCK: StarttoStringL6
this.left : this.left = null, 
this.right : this.right = null, 

BLOCK: StarttoStringL6
this.left : this.left = null, 
this.right : this.right = null, 

BLOCK: BasicL7
this.left : this.left = null, 
this.right : this.right = null, 

BLOCK: StartmainL9

BLOCK: StartmainL9

BLOCK: BasicL10
d2 : d2 = new DoubleConstantExpression(-23.767, ), 
d1 : d1 = new DoubleConstantExpression(35.7, ), 
d3 : d3 = new DoubleConstantExpression(0.1, ), 
d4 : d4 = new DoubleConstantExpression(-5, ), 
binding : binding = new BindingList(), 

BLOCK: Startconstructor1L12
this.left : this.left = null, 
this.right : this.right = null, 

BLOCK: Startconstructor1L12
this.left : this.left = null, 
this.right : this.right = null, 

BLOCK: BasicL13
this.left : this.left = left, 
this.right : this.right = right, 

BLOCK: StartevaluateL15
this.right : this.right = null, 
this.left : this.left = null, 

BLOCK: StartevaluateL15
this.right : this.right = null, 
this.left : this.left = null, 

BLOCK: BasicL16
this.right : this.right = null, 
this.left : this.left = null, 

BLOCK: StarttoStringL18
this.right : this.right = null, 
this.left : this.left = null, 

BLOCK: StarttoStringL18
this.right : this.right = null, 
this.left : this.left = null, 

BLOCK: BasicL19
this.right : this.right = null, 
this.left : this.left = null, 

BLOCK: Startconstructor1L21
this.left : this.left = null, 
this.right : this.right = null, 

BLOCK: Startconstructor1L21
this.left : this.left = null, 
this.right : this.right = null, 

BLOCK: BasicL22
this.left : this.left = left, 
this.right : this.right = right, 

BLOCK: StartevaluateL24
this.right : this.right = null, 
this.left : this.left = null, 

BLOCK: StartevaluateL24
this.right : this.right = null, 
this.left : this.left = null, 

BLOCK: BasicL25
this.right : this.right = null, 
this.left : this.left = null, 

BLOCK: StarttoStringL27
this.left : this.left = null, 
this.right : this.right = null, 

BLOCK: StarttoStringL27
this.left : this.left = null, 
this.right : this.right = null, 

BLOCK: BasicL28
this.left : this.left = null, 
this.right : this.right = null, 

BLOCK: Startconstructor1L30
this.bindingList : this.bindingList = new ArrayList(), 

BLOCK: Startconstructor1L30
this.bindingList : this.bindingList = new ArrayList(), 

BLOCK: BasicL31
this.bindingList : this.bindingList = new ArrayList(), 

BLOCK: StartaddBindingL33
this.bindingList : this.bindingList = new ArrayList(), 

BLOCK: StartaddBindingL33
this.bindingList : this.bindingList = new ArrayList(), 

BLOCK: BasicL34
this.bindingList : this.bindingList = new ArrayList(), 

BLOCK: ForInitL36
this.bindingList : this.bindingList = new ArrayList(), 
i : i = 0, 

BLOCK: ForCondL37
this.bindingList : this.bindingList = new ArrayList(), 
@temp1 : @temp1 = i, 
i : i = 0, i = i + 1, 

BLOCK: LoopL38
this.bindingList : this.bindingList = new ArrayList(), 
@temp1 : @temp1 = i, 
i : i = 0, i = i + 1, 

BLOCK: BasicL39
this.bindingList : this.bindingList = new ArrayList(), 
@temp1 : @temp1 = i, 
i : i = 0, i = i + 1, 

BLOCK: trueL40
this.bindingList : this.bindingList = new ArrayList(), 
@temp1 : @temp1 = i, 
i : i = 0, i = i + 1, 

BLOCK: joinL41
@temp1 : @temp1 = i, 
this.bindingList : this.bindingList = new ArrayList(), 
i : i = i + 1, 

BLOCK: StartlookupBindingL42
this.bindingList : this.bindingList = new ArrayList(), 

BLOCK: StartlookupBindingL42
this.bindingList : this.bindingList = new ArrayList(), 

BLOCK: BasicL43
this.bindingList : this.bindingList = new ArrayList(), 

BLOCK: ForInitL45
i : i = 0, 
this.bindingList : this.bindingList = new ArrayList(), 

BLOCK: ForCondL46
i : i = i + 1, i = 0, 
this.bindingList : this.bindingList = new ArrayList(), 
@temp2 : @temp2 = i, 

BLOCK: LoopL47
i : i = i + 1, i = 0, 
this.bindingList : this.bindingList = new ArrayList(), 
@temp2 : @temp2 = i, 

BLOCK: BasicL48
i : i = i + 1, i = 0, 
this.bindingList : this.bindingList = new ArrayList(), 
@temp2 : @temp2 = i, 

BLOCK: trueL49
i : i = i + 1, i = 0, 
this.bindingList : this.bindingList = new ArrayList(), 
@temp2 : @temp2 = i, 

BLOCK: joinL50
i : i = i + 1, 
this.bindingList : this.bindingList = new ArrayList(), 
@temp2 : @temp2 = i, 

BLOCK: Startconstructor1L51
this.id : this.id = null, 

BLOCK: Startconstructor1L51
this.id : this.id = null, 

BLOCK: BasicL52
this.id : this.id = id, 

BLOCK: StartevaluateL54
this.id : this.id = null, 

BLOCK: StartevaluateL54
this.id : this.id = null, 

BLOCK: BasicL55
this.id : this.id = null, 

BLOCK: StarttoStringL57
this.id : this.id = null, 

BLOCK: StarttoStringL57
this.id : this.id = null, 

BLOCK: BasicL58
this.id : this.id = null, 

BLOCK: Startconstructor1L60
this.left : this.left = null, 
this.right : this.right = null, 

BLOCK: Startconstructor1L60
this.left : this.left = null, 
this.right : this.right = null, 

BLOCK: BasicL61
this.left : this.left = left, 
this.right : this.right = right, 

BLOCK: StartevaluateL63
this.left : this.left = null, 
this.right : this.right = null, 

BLOCK: StartevaluateL63
this.left : this.left = null, 
this.right : this.right = null, 

BLOCK: BasicL64
this.left : this.left = null, 
this.right : this.right = null, 

BLOCK: StarttoStringL66
this.left : this.left = null, 
this.right : this.right = null, 

BLOCK: StarttoStringL66
this.left : this.left = null, 
this.right : this.right = null, 

BLOCK: BasicL67
this.left : this.left = null, 
this.right : this.right = null, 

BLOCK: Startconstructor1L69
this.id : this.id = null, 
this.e : this.e = null, 

BLOCK: Startconstructor1L69
this.id : this.id = null, 
this.e : this.e = null, 

BLOCK: BasicL70
this.id : this.id = id, 
this.e : this.e = e, 

BLOCK: StartevaluateL72
this.id : this.id = null, 
this.e : this.e = null, 

BLOCK: StartevaluateL72
this.id : this.id = null, 
this.e : this.e = null, 

BLOCK: BasicL73
value : value = this.e.evaluate(binding, ), 
this.id : this.id = null, 
this.e : this.e = null, 

BLOCK: StarttoStringL75
this.e : this.e = null, 
this.id : this.id = null, 

BLOCK: StarttoStringL75
this.e : this.e = null, 
this.id : this.id = null, 

BLOCK: BasicL76
this.e : this.e = null, 
this.id : this.id = null, 

BLOCK: Startconstructor1L78
this.e : this.e = null, 

BLOCK: Startconstructor1L78
this.e : this.e = null, 

BLOCK: BasicL79
this.e : this.e = e, 

BLOCK: StartevaluateL81
this.e : this.e = null, 

BLOCK: StartevaluateL81
this.e : this.e = null, 

BLOCK: BasicL82
this.e : this.e = null, 

BLOCK: StarttoStringL84
this.e : this.e = null, 

BLOCK: StarttoStringL84
this.e : this.e = null, 

BLOCK: BasicL85
this.e : this.e = null, 

BLOCK: Startconstructor1L87
this.value : this.value = 0.0, 
this.id : this.id = null, 

BLOCK: Startconstructor1L87
this.value : this.value = 0.0, 
this.id : this.id = null, 

BLOCK: BasicL88
this.value : this.value = value, 
this.id : this.id = id, 

BLOCK: StartgetIdL90
this.value : this.value = 0.0, 
this.id : this.id = null, 

BLOCK: StartgetIdL90
this.value : this.value = 0.0, 
this.id : this.id = null, 

BLOCK: BasicL91
this.value : this.value = 0.0, 
this.id : this.id = null, 

BLOCK: StartgetValueL93
this.value : this.value = 0.0, 
this.id : this.id = null, 

BLOCK: StartgetValueL93
this.value : this.value = 0.0, 
this.id : this.id = null, 

BLOCK: BasicL94
this.value : this.value = 0.0, 
this.id : this.id = null, 

BLOCK: Startconstructor1L96
this.value : this.value = 0.0, 

BLOCK: Startconstructor1L96
this.value : this.value = 0.0, 

BLOCK: BasicL97
this.value : this.value = value, 

BLOCK: StartevaluateL99
this.value : this.value = 0.0, 

BLOCK: StartevaluateL99
this.value : this.value = 0.0, 

BLOCK: BasicL100
this.value : this.value = 0.0, 

BLOCK: StarttoStringL102
this.value : this.value = 0.0, 

BLOCK: StarttoStringL102
this.value : this.value = 0.0, 

BLOCK: BasicL103
this.value : this.value = 0.0, 

Unfiltered: 0
Filtered: 0


[INFO] ------------------------------------------------------------------------
[INFO] BUILD SUCCESS
[INFO] ------------------------------------------------------------------------
[INFO] Total time: 3.090 s
[INFO] Finished at: 2019-05-06T19:56:47-07:00
[INFO] Final Memory: 22M/1216M
[INFO] ------------------------------------------------------------------------
