[INFO] Scanning for projects...
[WARNING] 
[WARNING] Some problems were encountered while building the effective model for thesis:thesis:jar:1.0-SNAPSHOT
[WARNING] 'dependencies.dependency.version' for org.junit.jupiter:junit-jupiter-api:jar is either LATEST or RELEASE (both of them are being deprecated) @ line 25, column 22
[WARNING] 
[WARNING] It is highly recommended to fix these problems because they threaten the stability of your build.
[WARNING] 
[WARNING] For this reason, future Maven versions might no longer support building such malformed projects.
[WARNING] 
[INFO] 
[INFO] ------------------------------------------------------------------------
[INFO] Building thesis 1.0-SNAPSHOT
[INFO] ------------------------------------------------------------------------
[INFO] 
[INFO] >>> exec-maven-plugin:1.2.1:java (default-cli) > validate @ thesis >>>
[INFO] 
[INFO] <<< exec-maven-plugin:1.2.1:java (default-cli) < validate @ thesis <<<
[INFO] 
[INFO] 
[INFO] --- exec-maven-plugin:1.2.1:java (default-cli) @ thesis ---
BLOCK: Startconstructor1L0
this.right : this.right = null, 
this.left : this.left = null, 

BLOCK: BasicL1
this.right : this.right = rht, 
this.left : this.left = lft, 

BLOCK: StartevaluateL3
this.right : this.right = null, 
this.left : this.left = null, 

BLOCK: BasicL4
this.right : this.right = null, 
this.left : this.left = null, 

BLOCK: StarttoStringL6
this.left : this.left = null, 
this.right : this.right = null, 

BLOCK: BasicL7
this.left : this.left = null, 
this.right : this.right = null, 

BLOCK: StarttestsL9

BLOCK: BasicL10
bind1 : bind1 = new VariableBindings(), 
expr2 : expr2 = new DoubleConstantExpression(2.0, ), 
bind3 : bind3 = new VariableBindings(), 
bind2 : bind2 = new VariableBindings(), 
expr3 : expr3 = new DoubleConstantExpression(3.0, ), 
expr1 : expr1 = new DoubleConstantExpression(1.0, ), 

BLOCK: StartmainL12

BLOCK: BasicL13

BLOCK: Startconstructor1L15
this.left : this.left = null, 
this.right : this.right = null, 

BLOCK: BasicL16
this.left : this.left = lft, 
this.right : this.right = rht, 

BLOCK: StartevaluateL18
this.right : this.right = null, 
this.left : this.left = null, 

BLOCK: BasicL19
this.right : this.right = null, 
this.left : this.left = null, 

BLOCK: StarttoStringL21
this.right : this.right = null, 
this.left : this.left = null, 

BLOCK: BasicL22
this.right : this.right = null, 
this.left : this.left = null, 

BLOCK: StartaddBindingL24
this.list : this.list = new ArrayList(), 

BLOCK: BasicL25
found : found = false, 
this.list : this.list = new ArrayList(), 

BLOCK: ForInitL27
i : i = 0, 
found : found = false, 
this.list : this.list = new ArrayList(), 

BLOCK: ForCondL28
i : i = i + 1, i = 0, 
@temp1 : @temp1 = i, 
found : found = false, found = true, 
this.list : this.list = new ArrayList(), 

BLOCK: LoopL29
i : i = i + 1, i = 0, 
@temp1 : @temp1 = i, 
found : found = false, found = true, 
this.list : this.list = new ArrayList(), 

BLOCK: BasicL30
i : i = i + 1, i = 0, 
@temp1 : @temp1 = i, 
found : found = false, found = true, 
this.list : this.list = new ArrayList(), 

BLOCK: trueL31
i : i = i + 1, i = 0, 
@temp1 : @temp1 = i, 
found : found = true, 
this.list : this.list = new ArrayList(), 

BLOCK: joinL32
i : i = i + 1, 
@temp1 : @temp1 = i, 
found : found = false, found = true, 
this.list : this.list = new ArrayList(), 

BLOCK: trueL33
i : i = i + 1, i = 0, 
@temp1 : @temp1 = i, 
found : found = false, found = true, 
this.list : this.list = new ArrayList(), 

BLOCK: joinL34
i : i = i + 1, i = 0, 
@temp1 : @temp1 = i, 
found : found = false, found = true, 
this.list : this.list = new ArrayList(), 

BLOCK: StartlookupBindingL35
this.list : this.list = new ArrayList(), 

BLOCK: BasicL36
this.list : this.list = new ArrayList(), 

BLOCK: ForInitL38
i : i = 0, 
this.list : this.list = new ArrayList(), 

BLOCK: ForCondL39
@temp2 : @temp2 = i, 
i : i = 0, i = i + 1, 
this.list : this.list = new ArrayList(), 

BLOCK: LoopL40
@temp2 : @temp2 = i, 
i : i = 0, i = i + 1, 
this.list : this.list = new ArrayList(), 

BLOCK: BasicL41
@temp2 : @temp2 = i, 
i : i = 0, i = i + 1, 
this.list : this.list = new ArrayList(), 

BLOCK: trueL42
@temp2 : @temp2 = i, 
i : i = 0, i = i + 1, 
this.list : this.list = new ArrayList(), 

BLOCK: joinL43
@temp2 : @temp2 = i, 
i : i = i + 1, 
this.list : this.list = new ArrayList(), 

BLOCK: Startconstructor1L44
this.right : this.right = null, 
this.left : this.left = null, 

BLOCK: BasicL45
this.right : this.right = rht, 
this.left : this.left = lft, 

BLOCK: StartevaluateL47
this.left : this.left = null, 
this.right : this.right = null, 

BLOCK: BasicL48
this.left : this.left = null, 
this.right : this.right = null, 

BLOCK: StarttoStringL50
this.right : this.right = null, 
this.left : this.left = null, 

BLOCK: BasicL51
this.right : this.right = null, 
this.left : this.left = null, 

BLOCK: Startconstructor1L53
this.ID : this.ID = null, 

BLOCK: BasicL54
this.ID : this.ID = id, 

BLOCK: StartevaluateL56
this.ID : this.ID = null, 

BLOCK: BasicL57
this.ID : this.ID = null, 

BLOCK: StarttoStringL59
this.ID : this.ID = null, 

BLOCK: BasicL60
this.ID : this.ID = null, 

BLOCK: Startconstructor1L62
this.left : this.left = null, 
this.right : this.right = null, 

BLOCK: BasicL63
this.left : this.left = lft, 
this.right : this.right = rht, 

BLOCK: StartevaluateL65
this.right : this.right = null, 
this.left : this.left = null, 

BLOCK: BasicL66
this.right : this.right = null, 
this.left : this.left = null, 

BLOCK: StarttoStringL68
this.right : this.right = null, 
this.left : this.left = null, 

BLOCK: BasicL69
this.right : this.right = null, 
this.left : this.left = null, 

BLOCK: Startconstructor1L71
this.expr : this.expr = null, 
this.ID : this.ID = null, 

BLOCK: BasicL72
this.expr : this.expr = e, 
this.ID : this.ID = id, 

BLOCK: StartevaluateL74
this.expr : this.expr = null, 
this.ID : this.ID = null, 

BLOCK: BasicL75
this.expr : this.expr = null, 
this.ID : this.ID = null, 

BLOCK: StarttoStringL77
this.expr : this.expr = null, 
this.ID : this.ID = null, 

BLOCK: BasicL78
this.expr : this.expr = null, 
this.ID : this.ID = null, 

BLOCK: Startconstructor1L80
this.expression : this.expression = null, 

BLOCK: BasicL81
this.expression : this.expression = e, 

BLOCK: StartevaluateL83
this.expression : this.expression = null, 

BLOCK: BasicL84
this.expression : this.expression = null, 

BLOCK: StarttoStringL86
this.expression : this.expression = null, 

BLOCK: BasicL87
this.expression : this.expression = null, 

BLOCK: Startconstructor1L89
this.value : this.value = 0.0, 
this.ID : this.ID = null, 

BLOCK: BasicL90
this.value : this.value = value, 
this.ID : this.ID = id, 

BLOCK: StartgetVariableL92
this.ID : this.ID = null, 
this.value : this.value = 0.0, 

BLOCK: BasicL93
this.ID : this.ID = null, 
this.value : this.value = 0.0, 

BLOCK: StartgetValueL95
this.ID : this.ID = null, 
this.value : this.value = 0.0, 

BLOCK: BasicL96
this.ID : this.ID = null, 
this.value : this.value = 0.0, 

BLOCK: Startconstructor1L98
this.v : this.v = 0.0, 

BLOCK: BasicL99
this.v : this.v = value, 

BLOCK: StartevaluateL101
this.v : this.v = 0.0, 

BLOCK: BasicL102
this.v : this.v = 0.0, 

BLOCK: StarttoStringL104
this.v : this.v = 0.0, 

BLOCK: BasicL105
this.v : this.v = 0.0, 

BLOCK: Startconstructor1L0
this.right : this.right = null, 
this.left : this.left = null, 

BLOCK: Startconstructor1L0
this.right : this.right = null, 
this.left : this.left = null, 

BLOCK: BasicL1
this.right : this.right = rht, 
this.left : this.left = lft, 

BLOCK: StartevaluateL3
this.right : this.right = null, 
this.left : this.left = null, 

BLOCK: StartevaluateL3
this.right : this.right = null, 
this.left : this.left = null, 

BLOCK: BasicL4
this.right : this.right = null, 
this.left : this.left = null, 

BLOCK: StarttoStringL6
this.left : this.left = null, 
this.right : this.right = null, 

BLOCK: StarttoStringL6
this.left : this.left = null, 
this.right : this.right = null, 

BLOCK: BasicL7
this.left : this.left = null, 
this.right : this.right = null, 

BLOCK: StarttestsL9

BLOCK: StarttestsL9

BLOCK: BasicL10
bind1 : bind1 = new VariableBindings(), 
expr2 : expr2 = new DoubleConstantExpression(2.0, ), 
bind3 : bind3 = new VariableBindings(), 
bind2 : bind2 = new VariableBindings(), 
expr3 : expr3 = new DoubleConstantExpression(3.0, ), 
expr1 : expr1 = new DoubleConstantExpression(1.0, ), 

BLOCK: StartmainL12

BLOCK: StartmainL12

BLOCK: BasicL13

BLOCK: Startconstructor1L15
this.left : this.left = null, 
this.right : this.right = null, 

BLOCK: Startconstructor1L15
this.left : this.left = null, 
this.right : this.right = null, 

BLOCK: BasicL16
this.left : this.left = lft, 
this.right : this.right = rht, 

BLOCK: StartevaluateL18
this.right : this.right = null, 
this.left : this.left = null, 

BLOCK: StartevaluateL18
this.right : this.right = null, 
this.left : this.left = null, 

BLOCK: BasicL19
this.right : this.right = null, 
this.left : this.left = null, 

BLOCK: StarttoStringL21
this.right : this.right = null, 
this.left : this.left = null, 

BLOCK: StarttoStringL21
this.right : this.right = null, 
this.left : this.left = null, 

BLOCK: BasicL22
this.right : this.right = null, 
this.left : this.left = null, 

BLOCK: StartaddBindingL24
this.list : this.list = new ArrayList(), 

BLOCK: StartaddBindingL24
this.list : this.list = new ArrayList(), 

BLOCK: BasicL25
found : found = false, 
this.list : this.list = new ArrayList(), 

BLOCK: ForInitL27
i : i = 0, 
found : found = false, 
this.list : this.list = new ArrayList(), 

BLOCK: ForCondL28
i : i = i + 1, i = 0, 
@temp1 : @temp1 = i, 
found : found = false, found = true, 
this.list : this.list = new ArrayList(), 

BLOCK: LoopL29
i : i = i + 1, i = 0, 
@temp1 : @temp1 = i, 
found : found = false, found = true, 
this.list : this.list = new ArrayList(), 

BLOCK: BasicL30
i : i = i + 1, i = 0, 
@temp1 : @temp1 = i, 
found : found = false, found = true, 
this.list : this.list = new ArrayList(), 

BLOCK: trueL31
i : i = i + 1, i = 0, 
@temp1 : @temp1 = i, 
found : found = true, 
this.list : this.list = new ArrayList(), 

BLOCK: joinL32
i : i = i + 1, 
@temp1 : @temp1 = i, 
found : found = false, found = true, 
this.list : this.list = new ArrayList(), 

BLOCK: trueL33
i : i = i + 1, i = 0, 
@temp1 : @temp1 = i, 
found : found = false, found = true, 
this.list : this.list = new ArrayList(), 

BLOCK: joinL34
i : i = i + 1, i = 0, 
@temp1 : @temp1 = i, 
found : found = false, found = true, 
this.list : this.list = new ArrayList(), 

BLOCK: StartlookupBindingL35
this.list : this.list = new ArrayList(), 

BLOCK: StartlookupBindingL35
this.list : this.list = new ArrayList(), 

BLOCK: BasicL36
this.list : this.list = new ArrayList(), 

BLOCK: ForInitL38
i : i = 0, 
this.list : this.list = new ArrayList(), 

BLOCK: ForCondL39
@temp2 : @temp2 = i, 
i : i = 0, i = i + 1, 
this.list : this.list = new ArrayList(), 

BLOCK: LoopL40
@temp2 : @temp2 = i, 
i : i = 0, i = i + 1, 
this.list : this.list = new ArrayList(), 

BLOCK: BasicL41
@temp2 : @temp2 = i, 
i : i = 0, i = i + 1, 
this.list : this.list = new ArrayList(), 

BLOCK: trueL42
@temp2 : @temp2 = i, 
i : i = 0, i = i + 1, 
this.list : this.list = new ArrayList(), 

BLOCK: joinL43
@temp2 : @temp2 = i, 
i : i = i + 1, 
this.list : this.list = new ArrayList(), 

BLOCK: Startconstructor1L44
this.right : this.right = null, 
this.left : this.left = null, 

BLOCK: Startconstructor1L44
this.right : this.right = null, 
this.left : this.left = null, 

BLOCK: BasicL45
this.right : this.right = rht, 
this.left : this.left = lft, 

BLOCK: StartevaluateL47
this.left : this.left = null, 
this.right : this.right = null, 

BLOCK: StartevaluateL47
this.left : this.left = null, 
this.right : this.right = null, 

BLOCK: BasicL48
this.left : this.left = null, 
this.right : this.right = null, 

BLOCK: StarttoStringL50
this.right : this.right = null, 
this.left : this.left = null, 

BLOCK: StarttoStringL50
this.right : this.right = null, 
this.left : this.left = null, 

BLOCK: BasicL51
this.right : this.right = null, 
this.left : this.left = null, 

BLOCK: Startconstructor1L53
this.ID : this.ID = null, 

BLOCK: Startconstructor1L53
this.ID : this.ID = null, 

BLOCK: BasicL54
this.ID : this.ID = id, 

BLOCK: StartevaluateL56
this.ID : this.ID = null, 

BLOCK: StartevaluateL56
this.ID : this.ID = null, 

BLOCK: BasicL57
this.ID : this.ID = null, 

BLOCK: StarttoStringL59
this.ID : this.ID = null, 

BLOCK: StarttoStringL59
this.ID : this.ID = null, 

BLOCK: BasicL60
this.ID : this.ID = null, 

BLOCK: Startconstructor1L62
this.left : this.left = null, 
this.right : this.right = null, 

BLOCK: Startconstructor1L62
this.left : this.left = null, 
this.right : this.right = null, 

BLOCK: BasicL63
this.left : this.left = lft, 
this.right : this.right = rht, 

BLOCK: StartevaluateL65
this.right : this.right = null, 
this.left : this.left = null, 

BLOCK: StartevaluateL65
this.right : this.right = null, 
this.left : this.left = null, 

BLOCK: BasicL66
this.right : this.right = null, 
this.left : this.left = null, 

BLOCK: StarttoStringL68
this.right : this.right = null, 
this.left : this.left = null, 

BLOCK: StarttoStringL68
this.right : this.right = null, 
this.left : this.left = null, 

BLOCK: BasicL69
this.right : this.right = null, 
this.left : this.left = null, 

BLOCK: Startconstructor1L71
this.expr : this.expr = null, 
this.ID : this.ID = null, 

BLOCK: Startconstructor1L71
this.expr : this.expr = null, 
this.ID : this.ID = null, 

BLOCK: BasicL72
this.expr : this.expr = e, 
this.ID : this.ID = id, 

BLOCK: StartevaluateL74
this.expr : this.expr = null, 
this.ID : this.ID = null, 

BLOCK: StartevaluateL74
this.expr : this.expr = null, 
this.ID : this.ID = null, 

BLOCK: BasicL75
this.expr : this.expr = null, 
this.ID : this.ID = null, 

BLOCK: StarttoStringL77
this.expr : this.expr = null, 
this.ID : this.ID = null, 

BLOCK: StarttoStringL77
this.expr : this.expr = null, 
this.ID : this.ID = null, 

BLOCK: BasicL78
this.expr : this.expr = null, 
this.ID : this.ID = null, 

BLOCK: Startconstructor1L80
this.expression : this.expression = null, 

BLOCK: Startconstructor1L80
this.expression : this.expression = null, 

BLOCK: BasicL81
this.expression : this.expression = e, 

BLOCK: StartevaluateL83
this.expression : this.expression = null, 

BLOCK: StartevaluateL83
this.expression : this.expression = null, 

BLOCK: BasicL84
this.expression : this.expression = null, 

BLOCK: StarttoStringL86
this.expression : this.expression = null, 

BLOCK: StarttoStringL86
this.expression : this.expression = null, 

BLOCK: BasicL87
this.expression : this.expression = null, 

BLOCK: Startconstructor1L89
this.value : this.value = 0.0, 
this.ID : this.ID = null, 

BLOCK: Startconstructor1L89
this.value : this.value = 0.0, 
this.ID : this.ID = null, 

BLOCK: BasicL90
this.value : this.value = value, 
this.ID : this.ID = id, 

BLOCK: StartgetVariableL92
this.ID : this.ID = null, 
this.value : this.value = 0.0, 

BLOCK: StartgetVariableL92
this.ID : this.ID = null, 
this.value : this.value = 0.0, 

BLOCK: BasicL93
this.ID : this.ID = null, 
this.value : this.value = 0.0, 

BLOCK: StartgetValueL95
this.ID : this.ID = null, 
this.value : this.value = 0.0, 

BLOCK: StartgetValueL95
this.ID : this.ID = null, 
this.value : this.value = 0.0, 

BLOCK: BasicL96
this.ID : this.ID = null, 
this.value : this.value = 0.0, 

BLOCK: Startconstructor1L98
this.v : this.v = 0.0, 

BLOCK: Startconstructor1L98
this.v : this.v = 0.0, 

BLOCK: BasicL99
this.v : this.v = value, 

BLOCK: StartevaluateL101
this.v : this.v = 0.0, 

BLOCK: StartevaluateL101
this.v : this.v = 0.0, 

BLOCK: BasicL102
this.v : this.v = 0.0, 

BLOCK: StarttoStringL104
this.v : this.v = 0.0, 

BLOCK: StarttoStringL104
this.v : this.v = 0.0, 

BLOCK: BasicL105
this.v : this.v = 0.0, 

Unfiltered: 0
Filtered: 0


[INFO] ------------------------------------------------------------------------
[INFO] BUILD SUCCESS
[INFO] ------------------------------------------------------------------------
[INFO] Total time: 3.006 s
[INFO] Finished at: 2019-05-01T17:16:43-07:00
[INFO] Final Memory: 11M/696M
[INFO] ------------------------------------------------------------------------
