[INFO] Scanning for projects...
[WARNING] 
[WARNING] Some problems were encountered while building the effective model for thesis:thesis:jar:1.0-SNAPSHOT
[WARNING] 'dependencies.dependency.version' for org.junit.jupiter:junit-jupiter-api:jar is either LATEST or RELEASE (both of them are being deprecated) @ line 25, column 22
[WARNING] 
[WARNING] It is highly recommended to fix these problems because they threaten the stability of your build.
[WARNING] 
[WARNING] For this reason, future Maven versions might no longer support building such malformed projects.
[WARNING] 
[INFO] 
[INFO] ------------------------------------------------------------------------
[INFO] Building thesis 1.0-SNAPSHOT
[INFO] ------------------------------------------------------------------------
[INFO] 
[INFO] >>> exec-maven-plugin:1.2.1:java (default-cli) > validate @ thesis >>>
[INFO] 
[INFO] <<< exec-maven-plugin:1.2.1:java (default-cli) < validate @ thesis <<<
[INFO] 
[INFO] 
[INFO] --- exec-maven-plugin:1.2.1:java (default-cli) @ thesis ---
BLOCK: Startconstructor1L0
this.lft : this.lft = null, 
this.rht : this.rht = null, 

BLOCK: BasicL1
this.lft : this.lft = lft, 
this.rht : this.rht = rht, 

BLOCK: StartevaluateL3
this.rht : this.rht = null, 
this.lft : this.lft = null, 

BLOCK: BasicL4
this.rht : this.rht = null, 
this.lft : this.lft = null, 

BLOCK: StarttoStringL6
this.rht : this.rht = null, 
this.lft : this.lft = null, 

BLOCK: BasicL7
this.rht : this.rht = null, 
this.lft : this.lft = null, 

BLOCK: StartmainL9

BLOCK: BasicL10

BLOCK: StartBindingTestL12

BLOCK: BasicL13
Test2 : Test2 = new VariableBindings(), 
TestC : TestC = new Binding("c", 3, ), 
Test1 : Test1 = new VariableBindings(), 
TestA : TestA = new Binding("a", 1, ), 
TestB : TestB = new Binding("b", 2, ), 
Test3 : Test3 = new VariableBindings(), 

BLOCK: Startconstructor1L15
this.lft : this.lft = null, 
this.rht : this.rht = null, 

BLOCK: BasicL16
this.lft : this.lft = lft, 
this.rht : this.rht = rht, 

BLOCK: StartevaluateL18
this.rht : this.rht = null, 
this.lft : this.lft = null, 

BLOCK: BasicL19
this.rht : this.rht = null, 
this.lft : this.lft = null, 

BLOCK: StarttoStringL21
this.rht : this.rht = null, 
this.lft : this.lft = null, 

BLOCK: BasicL22
this.rht : this.rht = null, 
this.lft : this.lft = null, 

BLOCK: Startconstructor1L24
this.bindingList : this.bindingList = null, 

BLOCK: BasicL25
this.bindingList : this.bindingList = new ArrayList(), 

BLOCK: StartaddBindingL27
this.bindingList : this.bindingList = null, 

BLOCK: BasicL28
binding : binding = new Binding(id, value, ), 
this.bindingList : this.bindingList = null, 

BLOCK: StartlookupBindingL30
this.bindingList : this.bindingList = null, 

BLOCK: BasicL31
this.bindingList : this.bindingList = null, 

BLOCK: ForInitL33
i : i = 0, 
this.bindingList : this.bindingList = null, 

BLOCK: ForCondL34
i : i = i + 1, i = 0, 
@temp1 : @temp1 = i, 
this.bindingList : this.bindingList = null, 
tmp : tmp = this.bindingList.get(i, ), 

BLOCK: LoopL35
i : i = i + 1, i = 0, 
@temp1 : @temp1 = i, 
this.bindingList : this.bindingList = null, 
tmp : tmp = this.bindingList.get(i, ), 

BLOCK: BasicL36
i : i = i + 1, i = 0, 
@temp1 : @temp1 = i, 
this.bindingList : this.bindingList = null, 
tmp : tmp = this.bindingList.get(i, ), 

BLOCK: trueL37
i : i = i + 1, i = 0, 
@temp1 : @temp1 = i, 
this.bindingList : this.bindingList = null, 
tmp : tmp = this.bindingList.get(i, ), 

BLOCK: joinL38
i : i = i + 1, 
@temp1 : @temp1 = i, 
this.bindingList : this.bindingList = null, 
tmp : tmp = this.bindingList.get(i, ), 

BLOCK: Startconstructor1L39
this.lft : this.lft = null, 
this.rht : this.rht = null, 

BLOCK: BasicL40
this.lft : this.lft = lft, 
this.rht : this.rht = rht, 

BLOCK: StartevaluateL42
this.rht : this.rht = null, 
this.lft : this.lft = null, 

BLOCK: BasicL43
this.rht : this.rht = null, 
this.lft : this.lft = null, 

BLOCK: StarttoStringL45
this.lft : this.lft = null, 
this.rht : this.rht = null, 

BLOCK: BasicL46
this.lft : this.lft = null, 
this.rht : this.rht = null, 

BLOCK: Startconstructor1L48
this.value : this.value = 0.0, 
this.id : this.id = null, 

BLOCK: BasicL49
this.value : this.value = this.value, 
this.id : this.id = id, 

BLOCK: StartevaluateL51
this.id : this.id = null, 
this.value : this.value = 0.0, 

BLOCK: BasicL52
this.id : this.id = null, 
this.value : this.value = 0.0, 

BLOCK: StarttoStringL54
this.id : this.id = null, 
this.value : this.value = 0.0, 

BLOCK: BasicL55
this.id : this.id = null, 
this.value : this.value = 0.0, 

BLOCK: Startconstructor1L57
this.rht : this.rht = null, 
this.lft : this.lft = null, 

BLOCK: BasicL58
this.rht : this.rht = rht, 
this.lft : this.lft = lft, 

BLOCK: StartevaluateL60
this.lft : this.lft = null, 
this.rht : this.rht = null, 

BLOCK: BasicL61
this.lft : this.lft = null, 
this.rht : this.rht = null, 

BLOCK: StarttoStringL63
this.lft : this.lft = null, 
this.rht : this.rht = null, 

BLOCK: BasicL64
this.lft : this.lft = null, 
this.rht : this.rht = null, 

BLOCK: Startconstructor1L66
this.e : this.e = null, 
this.id : this.id = null, 

BLOCK: BasicL67
this.e : this.e = e, 
this.id : this.id = id, 

BLOCK: StartevaluateL69
this.e : this.e = null, 
this.id : this.id = null, 

BLOCK: BasicL70
this.e : this.e = null, 
value : value = this.e.evaluate(binding, ), 
this.id : this.id = null, 

BLOCK: StarttoStringL72
this.e : this.e = null, 
this.id : this.id = null, 

BLOCK: BasicL73
this.e : this.e = null, 
this.id : this.id = null, 

BLOCK: Startconstructor1L75
this.original : this.original = null, 

BLOCK: BasicL76
this.original : this.original = e, 

BLOCK: StartevaluateL78
this.original : this.original = null, 

BLOCK: BasicL79
this.original : this.original = null, 

BLOCK: StarttoStringL81
this.original : this.original = null, 

BLOCK: BasicL82
this.original : this.original = null, 

BLOCK: Startconstructor1L84
this.id : this.id = null, 
this.value : this.value = 0.0, 

BLOCK: BasicL85
this.id : this.id = id, 
this.value : this.value = value, 

BLOCK: StartgetIDL87
this.id : this.id = null, 
this.value : this.value = 0.0, 

BLOCK: BasicL88
this.id : this.id = null, 
this.value : this.value = 0.0, 

BLOCK: StartgetValueL90
this.value : this.value = 0.0, 
this.id : this.id = null, 

BLOCK: BasicL91
this.value : this.value = 0.0, 
this.id : this.id = null, 

BLOCK: Startconstructor1L93
this.Value : this.Value = 0.0, 

BLOCK: BasicL94
this.Value : this.Value = value, 

BLOCK: StartevaluateL96
this.Value : this.Value = 0.0, 

BLOCK: BasicL97
this.Value : this.Value = 0.0, 

BLOCK: StarttoStringL99
this.Value : this.Value = 0.0, 

BLOCK: BasicL100
this.Value : this.Value = 0.0, 

BLOCK: Startconstructor1L0
this.lft : this.lft = null, 
this.rht : this.rht = null, 

BLOCK: Startconstructor1L0
this.lft : this.lft = null, 
this.rht : this.rht = null, 

BLOCK: BasicL1
this.lft : this.lft = lft, 
this.rht : this.rht = rht, 

BLOCK: StartevaluateL3
this.rht : this.rht = null, 
this.lft : this.lft = null, 

BLOCK: StartevaluateL3
this.rht : this.rht = null, 
this.lft : this.lft = null, 

BLOCK: BasicL4
this.rht : this.rht = null, 
this.lft : this.lft = null, 

BLOCK: StarttoStringL6
this.rht : this.rht = null, 
this.lft : this.lft = null, 

BLOCK: StarttoStringL6
this.rht : this.rht = null, 
this.lft : this.lft = null, 

BLOCK: BasicL7
this.rht : this.rht = null, 
this.lft : this.lft = null, 

BLOCK: StartmainL9

BLOCK: StartmainL9

BLOCK: BasicL10

BLOCK: StartBindingTestL12

BLOCK: StartBindingTestL12

BLOCK: BasicL13
Test2 : Test2 = new VariableBindings(), 
TestC : TestC = new Binding("c", 3, ), 
Test1 : Test1 = new VariableBindings(), 
TestA : TestA = new Binding("a", 1, ), 
TestB : TestB = new Binding("b", 2, ), 
Test3 : Test3 = new VariableBindings(), 

BLOCK: Startconstructor1L15
this.lft : this.lft = null, 
this.rht : this.rht = null, 

BLOCK: Startconstructor1L15
this.lft : this.lft = null, 
this.rht : this.rht = null, 

BLOCK: BasicL16
this.lft : this.lft = lft, 
this.rht : this.rht = rht, 

BLOCK: StartevaluateL18
this.rht : this.rht = null, 
this.lft : this.lft = null, 

BLOCK: StartevaluateL18
this.rht : this.rht = null, 
this.lft : this.lft = null, 

BLOCK: BasicL19
this.rht : this.rht = null, 
this.lft : this.lft = null, 

BLOCK: StarttoStringL21
this.rht : this.rht = null, 
this.lft : this.lft = null, 

BLOCK: StarttoStringL21
this.rht : this.rht = null, 
this.lft : this.lft = null, 

BLOCK: BasicL22
this.rht : this.rht = null, 
this.lft : this.lft = null, 

BLOCK: Startconstructor1L24
this.bindingList : this.bindingList = null, 

BLOCK: Startconstructor1L24
this.bindingList : this.bindingList = null, 

BLOCK: BasicL25
this.bindingList : this.bindingList = new ArrayList(), 

BLOCK: StartaddBindingL27
this.bindingList : this.bindingList = null, 

BLOCK: StartaddBindingL27
this.bindingList : this.bindingList = null, 

BLOCK: BasicL28
binding : binding = new Binding(id, value, ), 
this.bindingList : this.bindingList = null, 

BLOCK: StartlookupBindingL30
this.bindingList : this.bindingList = null, 

BLOCK: StartlookupBindingL30
this.bindingList : this.bindingList = null, 

BLOCK: BasicL31
this.bindingList : this.bindingList = null, 

BLOCK: ForInitL33
i : i = 0, 
this.bindingList : this.bindingList = null, 

BLOCK: ForCondL34
i : i = i + 1, i = 0, 
@temp1 : @temp1 = i, 
this.bindingList : this.bindingList = null, 
tmp : tmp = this.bindingList.get(i, ), 

BLOCK: LoopL35
i : i = i + 1, i = 0, 
@temp1 : @temp1 = i, 
this.bindingList : this.bindingList = null, 
tmp : tmp = this.bindingList.get(i, ), 

BLOCK: BasicL36
i : i = i + 1, i = 0, 
@temp1 : @temp1 = i, 
this.bindingList : this.bindingList = null, 
tmp : tmp = this.bindingList.get(i, ), 

BLOCK: trueL37
i : i = i + 1, i = 0, 
@temp1 : @temp1 = i, 
this.bindingList : this.bindingList = null, 
tmp : tmp = this.bindingList.get(i, ), 

BLOCK: joinL38
i : i = i + 1, 
@temp1 : @temp1 = i, 
this.bindingList : this.bindingList = null, 
tmp : tmp = this.bindingList.get(i, ), 

BLOCK: Startconstructor1L39
this.lft : this.lft = null, 
this.rht : this.rht = null, 

BLOCK: Startconstructor1L39
this.lft : this.lft = null, 
this.rht : this.rht = null, 

BLOCK: BasicL40
this.lft : this.lft = lft, 
this.rht : this.rht = rht, 

BLOCK: StartevaluateL42
this.rht : this.rht = null, 
this.lft : this.lft = null, 

BLOCK: StartevaluateL42
this.rht : this.rht = null, 
this.lft : this.lft = null, 

BLOCK: BasicL43
this.rht : this.rht = null, 
this.lft : this.lft = null, 

BLOCK: StarttoStringL45
this.lft : this.lft = null, 
this.rht : this.rht = null, 

BLOCK: StarttoStringL45
this.lft : this.lft = null, 
this.rht : this.rht = null, 

BLOCK: BasicL46
this.lft : this.lft = null, 
this.rht : this.rht = null, 

BLOCK: Startconstructor1L48
this.value : this.value = 0.0, 
this.id : this.id = null, 

BLOCK: Startconstructor1L48
this.value : this.value = 0.0, 
this.id : this.id = null, 

BLOCK: BasicL49
this.value : this.value = this.value, 
this.id : this.id = id, 

BLOCK: StartevaluateL51
this.id : this.id = null, 
this.value : this.value = 0.0, 

BLOCK: StartevaluateL51
this.id : this.id = null, 
this.value : this.value = 0.0, 

BLOCK: BasicL52
this.id : this.id = null, 
this.value : this.value = 0.0, 

BLOCK: StarttoStringL54
this.id : this.id = null, 
this.value : this.value = 0.0, 

BLOCK: StarttoStringL54
this.id : this.id = null, 
this.value : this.value = 0.0, 

BLOCK: BasicL55
this.id : this.id = null, 
this.value : this.value = 0.0, 

BLOCK: Startconstructor1L57
this.rht : this.rht = null, 
this.lft : this.lft = null, 

BLOCK: Startconstructor1L57
this.rht : this.rht = null, 
this.lft : this.lft = null, 

BLOCK: BasicL58
this.rht : this.rht = rht, 
this.lft : this.lft = lft, 

BLOCK: StartevaluateL60
this.lft : this.lft = null, 
this.rht : this.rht = null, 

BLOCK: StartevaluateL60
this.lft : this.lft = null, 
this.rht : this.rht = null, 

BLOCK: BasicL61
this.lft : this.lft = null, 
this.rht : this.rht = null, 

BLOCK: StarttoStringL63
this.lft : this.lft = null, 
this.rht : this.rht = null, 

BLOCK: StarttoStringL63
this.lft : this.lft = null, 
this.rht : this.rht = null, 

BLOCK: BasicL64
this.lft : this.lft = null, 
this.rht : this.rht = null, 

BLOCK: Startconstructor1L66
this.e : this.e = null, 
this.id : this.id = null, 

BLOCK: Startconstructor1L66
this.e : this.e = null, 
this.id : this.id = null, 

BLOCK: BasicL67
this.e : this.e = e, 
this.id : this.id = id, 

BLOCK: StartevaluateL69
this.e : this.e = null, 
this.id : this.id = null, 

BLOCK: StartevaluateL69
this.e : this.e = null, 
this.id : this.id = null, 

BLOCK: BasicL70
this.e : this.e = null, 
value : value = this.e.evaluate(binding, ), 
this.id : this.id = null, 

BLOCK: StarttoStringL72
this.e : this.e = null, 
this.id : this.id = null, 

BLOCK: StarttoStringL72
this.e : this.e = null, 
this.id : this.id = null, 

BLOCK: BasicL73
this.e : this.e = null, 
this.id : this.id = null, 

BLOCK: Startconstructor1L75
this.original : this.original = null, 

BLOCK: Startconstructor1L75
this.original : this.original = null, 

BLOCK: BasicL76
this.original : this.original = e, 

BLOCK: StartevaluateL78
this.original : this.original = null, 

BLOCK: StartevaluateL78
this.original : this.original = null, 

BLOCK: BasicL79
this.original : this.original = null, 

BLOCK: StarttoStringL81
this.original : this.original = null, 

BLOCK: StarttoStringL81
this.original : this.original = null, 

BLOCK: BasicL82
this.original : this.original = null, 

BLOCK: Startconstructor1L84
this.id : this.id = null, 
this.value : this.value = 0.0, 

BLOCK: Startconstructor1L84
this.id : this.id = null, 
this.value : this.value = 0.0, 

BLOCK: BasicL85
this.id : this.id = id, 
this.value : this.value = value, 

BLOCK: StartgetIDL87
this.id : this.id = null, 
this.value : this.value = 0.0, 

BLOCK: StartgetIDL87
this.id : this.id = null, 
this.value : this.value = 0.0, 

BLOCK: BasicL88
this.id : this.id = null, 
this.value : this.value = 0.0, 

BLOCK: StartgetValueL90
this.value : this.value = 0.0, 
this.id : this.id = null, 

BLOCK: StartgetValueL90
this.value : this.value = 0.0, 
this.id : this.id = null, 

BLOCK: BasicL91
this.value : this.value = 0.0, 
this.id : this.id = null, 

BLOCK: Startconstructor1L93
this.Value : this.Value = 0.0, 

BLOCK: Startconstructor1L93
this.Value : this.Value = 0.0, 

BLOCK: BasicL94
this.Value : this.Value = value, 

BLOCK: StartevaluateL96
this.Value : this.Value = 0.0, 

BLOCK: StartevaluateL96
this.Value : this.Value = 0.0, 

BLOCK: BasicL97
this.Value : this.Value = 0.0, 

BLOCK: StarttoStringL99
this.Value : this.Value = 0.0, 

BLOCK: StarttoStringL99
this.Value : this.Value = 0.0, 

BLOCK: BasicL100
this.Value : this.Value = 0.0, 

Unfiltered: 0
Filtered: 0


[INFO] ------------------------------------------------------------------------
[INFO] BUILD SUCCESS
[INFO] ------------------------------------------------------------------------
[INFO] Total time: 3.156 s
[INFO] Finished at: 2019-05-01T17:15:00-07:00
[INFO] Final Memory: 20M/1009M
[INFO] ------------------------------------------------------------------------
