[INFO] Scanning for projects...
[WARNING] 
[WARNING] Some problems were encountered while building the effective model for thesis:thesis:jar:1.0-SNAPSHOT
[WARNING] 'dependencies.dependency.version' for org.junit.jupiter:junit-jupiter-api:jar is either LATEST or RELEASE (both of them are being deprecated) @ line 25, column 22
[WARNING] 
[WARNING] It is highly recommended to fix these problems because they threaten the stability of your build.
[WARNING] 
[WARNING] For this reason, future Maven versions might no longer support building such malformed projects.
[WARNING] 
[INFO] 
[INFO] ------------------------------------------------------------------------
[INFO] Building thesis 1.0-SNAPSHOT
[INFO] ------------------------------------------------------------------------
[INFO] 
[INFO] >>> exec-maven-plugin:1.2.1:java (default-cli) > validate @ thesis >>>
[INFO] 
[INFO] <<< exec-maven-plugin:1.2.1:java (default-cli) < validate @ thesis <<<
[INFO] 
[INFO] 
[INFO] --- exec-maven-plugin:1.2.1:java (default-cli) @ thesis ---
BLOCK: Startconstructor1L0
this.rht : this.rht = null, 
this.lft : this.lft = null, 

BLOCK: BasicL1
this.rht : this.rht = val2, 
this.lft : this.lft = val1, 

BLOCK: StartevaluateL3
this.rht : this.rht = null, 
this.lft : this.lft = null, 

BLOCK: BasicL4
this.rht : this.rht = null, 
this.lft : this.lft = null, 

BLOCK: StarttoStringL6
this.rht : this.rht = null, 
this.lft : this.lft = null, 

BLOCK: BasicL7
this.rht : this.rht = null, 
this.lft : this.lft = null, 

BLOCK: StartmainL9

BLOCK: BasicL10
a : a = new AddExpression(d, d2, ), 
n : n = new NegationExpression(new DoubleConstantExpression(2.0, ), ), 
di : di = new DivideExpression(d, d2, ), 
s : s = new SubtractExpression(d, d2, ), 
d2 : d2 = new DoubleConstantExpression(3.01, ), 
m : m = new MultiplyExpression(d, d2, ), 
d : d = new DoubleConstantExpression(2.31, ), 
var : var = new VariableBindings(), 

BLOCK: Startconstructor1L12
this.lft : this.lft = null, 
this.rht : this.rht = null, 

BLOCK: BasicL13
this.lft : this.lft = val1, 
this.rht : this.rht = val2, 

BLOCK: StartevaluateL15
this.lft : this.lft = null, 
this.rht : this.rht = null, 

BLOCK: BasicL16
this.lft : this.lft = null, 
this.rht : this.rht = null, 

BLOCK: StarttoStringL18
this.lft : this.lft = null, 
this.rht : this.rht = null, 

BLOCK: BasicL19
this.lft : this.lft = null, 
this.rht : this.rht = null, 

BLOCK: StartaddBindingL21
this.bindings : this.bindings = new ArrayList(), 

BLOCK: BasicL22
this.bindings : this.bindings = new ArrayList(), 

BLOCK: ForInitL24
this.bindings : this.bindings = new ArrayList(), 
i : i = 0, 

BLOCK: ForCondL25
@temp1 : @temp1 = i, 
this.bindings : this.bindings = new ArrayList(), 
i : i = 0, i = i + 1, 

BLOCK: LoopL26
@temp1 : @temp1 = i, 
this.bindings : this.bindings = new ArrayList(), 
i : i = 0, i = i + 1, 

BLOCK: BasicL27
@temp1 : @temp1 = i, 
this.bindings : this.bindings = new ArrayList(), 
i : i = 0, i = i + 1, 

BLOCK: trueL28
@temp1 : @temp1 = i, 
this.bindings : this.bindings = new ArrayList(), 
i : i = 0, i = i + 1, 

BLOCK: joinL29
@temp1 : @temp1 = i, 
this.bindings : this.bindings = new ArrayList(), 
i : i = i + 1, 

BLOCK: StartlookupBindingL30
this.bindings : this.bindings = new ArrayList(), 

BLOCK: BasicL31
this.bindings : this.bindings = new ArrayList(), 

BLOCK: ForInitL33
this.bindings : this.bindings = new ArrayList(), 
i : i = 0, 

BLOCK: ForCondL34
this.bindings : this.bindings = new ArrayList(), 
@temp2 : @temp2 = i, 
i : i = 0, i = i + 1, 

BLOCK: LoopL35
this.bindings : this.bindings = new ArrayList(), 
@temp2 : @temp2 = i, 
i : i = 0, i = i + 1, 

BLOCK: BasicL36
this.bindings : this.bindings = new ArrayList(), 
@temp2 : @temp2 = i, 
i : i = 0, i = i + 1, 

BLOCK: trueL37
this.bindings : this.bindings = new ArrayList(), 
@temp2 : @temp2 = i, 
i : i = 0, i = i + 1, 

BLOCK: joinL38
this.bindings : this.bindings = new ArrayList(), 
@temp2 : @temp2 = i, 
i : i = i + 1, 

BLOCK: Startconstructor1L39
this.lft : this.lft = null, 
this.rht : this.rht = null, 

BLOCK: BasicL40
this.lft : this.lft = val1, 
this.rht : this.rht = val2, 

BLOCK: StartevaluateL42
this.rht : this.rht = null, 
this.lft : this.lft = null, 

BLOCK: BasicL43
this.rht : this.rht = null, 
this.lft : this.lft = null, 

BLOCK: StarttoStringL45
this.lft : this.lft = null, 
this.rht : this.rht = null, 

BLOCK: BasicL46
this.lft : this.lft = null, 
this.rht : this.rht = null, 

BLOCK: Startconstructor1L48
this.id : this.id = null, 

BLOCK: BasicL49
this.id : this.id = id, 

BLOCK: StartevaluateL51
this.id : this.id = null, 

BLOCK: BasicL52
this.id : this.id = null, 

BLOCK: StarttoStringL54
this.id : this.id = null, 

BLOCK: BasicL55
this.id : this.id = null, 

BLOCK: Startconstructor1L57
this.lft : this.lft = null, 
this.rht : this.rht = null, 

BLOCK: BasicL58
this.lft : this.lft = val1, 
this.rht : this.rht = val2, 

BLOCK: StartevaluateL60
this.rht : this.rht = null, 
this.lft : this.lft = null, 

BLOCK: BasicL61
this.rht : this.rht = null, 
this.lft : this.lft = null, 

BLOCK: StarttoStringL63
this.rht : this.rht = null, 
this.lft : this.lft = null, 

BLOCK: BasicL64
this.rht : this.rht = null, 
this.lft : this.lft = null, 

BLOCK: Startconstructor1L66
this.e : this.e = null, 
this.id : this.id = null, 

BLOCK: BasicL67
this.e : this.e = e, 
this.id : this.id = id, 

BLOCK: StartevaluateL69
this.e : this.e = null, 
this.id : this.id = null, 

BLOCK: BasicL70
this.e : this.e = null, 
this.id : this.id = null, 

BLOCK: StarttoStringL72
this.id : this.id = null, 
this.e : this.e = null, 

BLOCK: BasicL73
this.id : this.id = null, 
this.e : this.e = null, 

BLOCK: Startconstructor1L75
this.e : this.e = null, 

BLOCK: BasicL76
this.e : this.e = e, 

BLOCK: StartevaluateL78
this.e : this.e = null, 

BLOCK: BasicL79
this.e : this.e = null, 

BLOCK: StarttoStringL81
this.e : this.e = null, 

BLOCK: BasicL82
this.e : this.e = null, 

BLOCK: Startconstructor1L84
this.value : this.value = 0.0, 
this.id : this.id = null, 

BLOCK: BasicL85
this.value : this.value = value, 
this.id : this.id = id, 

BLOCK: StartgetIdL87
this.value : this.value = 0.0, 
this.id : this.id = null, 

BLOCK: BasicL88
this.value : this.value = 0.0, 
this.id : this.id = null, 

BLOCK: StartgetValueL90
this.value : this.value = 0.0, 
this.id : this.id = null, 

BLOCK: BasicL91
this.value : this.value = 0.0, 
this.id : this.id = null, 

BLOCK: Startconstructor1L93
this.value : this.value = 0.0, 

BLOCK: BasicL94
this.value : this.value = value, 

BLOCK: StartevaluateL96
this.value : this.value = 0.0, 

BLOCK: BasicL97
this.value : this.value = 0.0, 

BLOCK: StarttoStringL99
this.value : this.value = 0.0, 

BLOCK: BasicL100
this.value : this.value = 0.0, 

BLOCK: Startconstructor1L0
this.rht : this.rht = null, 
this.lft : this.lft = null, 

BLOCK: Startconstructor1L0
this.rht : this.rht = null, 
this.lft : this.lft = null, 

BLOCK: BasicL1
this.rht : this.rht = val2, 
this.lft : this.lft = val1, 

BLOCK: StartevaluateL3
this.rht : this.rht = null, 
this.lft : this.lft = null, 

BLOCK: StartevaluateL3
this.rht : this.rht = null, 
this.lft : this.lft = null, 

BLOCK: BasicL4
this.rht : this.rht = null, 
this.lft : this.lft = null, 

BLOCK: StarttoStringL6
this.rht : this.rht = null, 
this.lft : this.lft = null, 

BLOCK: StarttoStringL6
this.rht : this.rht = null, 
this.lft : this.lft = null, 

BLOCK: BasicL7
this.rht : this.rht = null, 
this.lft : this.lft = null, 

BLOCK: StartmainL9

BLOCK: StartmainL9

BLOCK: BasicL10
a : a = new AddExpression(d, d2, ), 
n : n = new NegationExpression(new DoubleConstantExpression(2.0, ), ), 
di : di = new DivideExpression(d, d2, ), 
s : s = new SubtractExpression(d, d2, ), 
d2 : d2 = new DoubleConstantExpression(3.01, ), 
m : m = new MultiplyExpression(d, d2, ), 
d : d = new DoubleConstantExpression(2.31, ), 
var : var = new VariableBindings(), 

BLOCK: Startconstructor1L12
this.lft : this.lft = null, 
this.rht : this.rht = null, 

BLOCK: Startconstructor1L12
this.lft : this.lft = null, 
this.rht : this.rht = null, 

BLOCK: BasicL13
this.lft : this.lft = val1, 
this.rht : this.rht = val2, 

BLOCK: StartevaluateL15
this.lft : this.lft = null, 
this.rht : this.rht = null, 

BLOCK: StartevaluateL15
this.lft : this.lft = null, 
this.rht : this.rht = null, 

BLOCK: BasicL16
this.lft : this.lft = null, 
this.rht : this.rht = null, 

BLOCK: StarttoStringL18
this.lft : this.lft = null, 
this.rht : this.rht = null, 

BLOCK: StarttoStringL18
this.lft : this.lft = null, 
this.rht : this.rht = null, 

BLOCK: BasicL19
this.lft : this.lft = null, 
this.rht : this.rht = null, 

BLOCK: StartaddBindingL21
this.bindings : this.bindings = new ArrayList(), 

BLOCK: StartaddBindingL21
this.bindings : this.bindings = new ArrayList(), 

BLOCK: BasicL22
this.bindings : this.bindings = new ArrayList(), 

BLOCK: ForInitL24
this.bindings : this.bindings = new ArrayList(), 
i : i = 0, 

BLOCK: ForCondL25
@temp1 : @temp1 = i, 
this.bindings : this.bindings = new ArrayList(), 
i : i = 0, i = i + 1, 

BLOCK: LoopL26
@temp1 : @temp1 = i, 
this.bindings : this.bindings = new ArrayList(), 
i : i = 0, i = i + 1, 

BLOCK: BasicL27
@temp1 : @temp1 = i, 
this.bindings : this.bindings = new ArrayList(), 
i : i = 0, i = i + 1, 

BLOCK: trueL28
@temp1 : @temp1 = i, 
this.bindings : this.bindings = new ArrayList(), 
i : i = 0, i = i + 1, 

BLOCK: joinL29
@temp1 : @temp1 = i, 
this.bindings : this.bindings = new ArrayList(), 
i : i = i + 1, 

BLOCK: StartlookupBindingL30
this.bindings : this.bindings = new ArrayList(), 

BLOCK: StartlookupBindingL30
this.bindings : this.bindings = new ArrayList(), 

BLOCK: BasicL31
this.bindings : this.bindings = new ArrayList(), 

BLOCK: ForInitL33
this.bindings : this.bindings = new ArrayList(), 
i : i = 0, 

BLOCK: ForCondL34
this.bindings : this.bindings = new ArrayList(), 
@temp2 : @temp2 = i, 
i : i = 0, i = i + 1, 

BLOCK: LoopL35
this.bindings : this.bindings = new ArrayList(), 
@temp2 : @temp2 = i, 
i : i = 0, i = i + 1, 

BLOCK: BasicL36
this.bindings : this.bindings = new ArrayList(), 
@temp2 : @temp2 = i, 
i : i = 0, i = i + 1, 

BLOCK: trueL37
this.bindings : this.bindings = new ArrayList(), 
@temp2 : @temp2 = i, 
i : i = 0, i = i + 1, 

BLOCK: joinL38
this.bindings : this.bindings = new ArrayList(), 
@temp2 : @temp2 = i, 
i : i = i + 1, 

BLOCK: Startconstructor1L39
this.lft : this.lft = null, 
this.rht : this.rht = null, 

BLOCK: Startconstructor1L39
this.lft : this.lft = null, 
this.rht : this.rht = null, 

BLOCK: BasicL40
this.lft : this.lft = val1, 
this.rht : this.rht = val2, 

BLOCK: StartevaluateL42
this.rht : this.rht = null, 
this.lft : this.lft = null, 

BLOCK: StartevaluateL42
this.rht : this.rht = null, 
this.lft : this.lft = null, 

BLOCK: BasicL43
this.rht : this.rht = null, 
this.lft : this.lft = null, 

BLOCK: StarttoStringL45
this.lft : this.lft = null, 
this.rht : this.rht = null, 

BLOCK: StarttoStringL45
this.lft : this.lft = null, 
this.rht : this.rht = null, 

BLOCK: BasicL46
this.lft : this.lft = null, 
this.rht : this.rht = null, 

BLOCK: Startconstructor1L48
this.id : this.id = null, 

BLOCK: Startconstructor1L48
this.id : this.id = null, 

BLOCK: BasicL49
this.id : this.id = id, 

BLOCK: StartevaluateL51
this.id : this.id = null, 

BLOCK: StartevaluateL51
this.id : this.id = null, 

BLOCK: BasicL52
this.id : this.id = null, 

BLOCK: StarttoStringL54
this.id : this.id = null, 

BLOCK: StarttoStringL54
this.id : this.id = null, 

BLOCK: BasicL55
this.id : this.id = null, 

BLOCK: Startconstructor1L57
this.lft : this.lft = null, 
this.rht : this.rht = null, 

BLOCK: Startconstructor1L57
this.lft : this.lft = null, 
this.rht : this.rht = null, 

BLOCK: BasicL58
this.lft : this.lft = val1, 
this.rht : this.rht = val2, 

BLOCK: StartevaluateL60
this.rht : this.rht = null, 
this.lft : this.lft = null, 

BLOCK: StartevaluateL60
this.rht : this.rht = null, 
this.lft : this.lft = null, 

BLOCK: BasicL61
this.rht : this.rht = null, 
this.lft : this.lft = null, 

BLOCK: StarttoStringL63
this.rht : this.rht = null, 
this.lft : this.lft = null, 

BLOCK: StarttoStringL63
this.rht : this.rht = null, 
this.lft : this.lft = null, 

BLOCK: BasicL64
this.rht : this.rht = null, 
this.lft : this.lft = null, 

BLOCK: Startconstructor1L66
this.e : this.e = null, 
this.id : this.id = null, 

BLOCK: Startconstructor1L66
this.e : this.e = null, 
this.id : this.id = null, 

BLOCK: BasicL67
this.e : this.e = e, 
this.id : this.id = id, 

BLOCK: StartevaluateL69
this.e : this.e = null, 
this.id : this.id = null, 

BLOCK: StartevaluateL69
this.e : this.e = null, 
this.id : this.id = null, 

BLOCK: BasicL70
this.e : this.e = null, 
this.id : this.id = null, 

BLOCK: StarttoStringL72
this.id : this.id = null, 
this.e : this.e = null, 

BLOCK: StarttoStringL72
this.id : this.id = null, 
this.e : this.e = null, 

BLOCK: BasicL73
this.id : this.id = null, 
this.e : this.e = null, 

BLOCK: Startconstructor1L75
this.e : this.e = null, 

BLOCK: Startconstructor1L75
this.e : this.e = null, 

BLOCK: BasicL76
this.e : this.e = e, 

BLOCK: StartevaluateL78
this.e : this.e = null, 

BLOCK: StartevaluateL78
this.e : this.e = null, 

BLOCK: BasicL79
this.e : this.e = null, 

BLOCK: StarttoStringL81
this.e : this.e = null, 

BLOCK: StarttoStringL81
this.e : this.e = null, 

BLOCK: BasicL82
this.e : this.e = null, 

BLOCK: Startconstructor1L84
this.value : this.value = 0.0, 
this.id : this.id = null, 

BLOCK: Startconstructor1L84
this.value : this.value = 0.0, 
this.id : this.id = null, 

BLOCK: BasicL85
this.value : this.value = value, 
this.id : this.id = id, 

BLOCK: StartgetIdL87
this.value : this.value = 0.0, 
this.id : this.id = null, 

BLOCK: StartgetIdL87
this.value : this.value = 0.0, 
this.id : this.id = null, 

BLOCK: BasicL88
this.value : this.value = 0.0, 
this.id : this.id = null, 

BLOCK: StartgetValueL90
this.value : this.value = 0.0, 
this.id : this.id = null, 

BLOCK: StartgetValueL90
this.value : this.value = 0.0, 
this.id : this.id = null, 

BLOCK: BasicL91
this.value : this.value = 0.0, 
this.id : this.id = null, 

BLOCK: Startconstructor1L93
this.value : this.value = 0.0, 

BLOCK: Startconstructor1L93
this.value : this.value = 0.0, 

BLOCK: BasicL94
this.value : this.value = value, 

BLOCK: StartevaluateL96
this.value : this.value = 0.0, 

BLOCK: StartevaluateL96
this.value : this.value = 0.0, 

BLOCK: BasicL97
this.value : this.value = 0.0, 

BLOCK: StarttoStringL99
this.value : this.value = 0.0, 

BLOCK: StarttoStringL99
this.value : this.value = 0.0, 

BLOCK: BasicL100
this.value : this.value = 0.0, 

Unfiltered: 54
Filtered: 1


Duplicate found: 102_Code/102_hw2/dir11/TestCases.java lines [6, 12] and 102_Code/102_hw2/dir11/TestCases.java lines [6, 12]
102_Code/102_hw2/dir11/TestCases.java ----------
6 :	d = new DoubleConstantExpression(2.31, )
7 :	d2 = new DoubleConstantExpression(3.01, )
9 :	a = new AddExpression(d, d2, )
10 :	s = new SubtractExpression(d, d2, )
11 :	m = new MultiplyExpression(d, d2, )
12 :	di = new DivideExpression(d, d2, )
102_Code/102_hw2/dir11/TestCases.java ----------
7 :	d2 = new DoubleConstantExpression(3.01, )
6 :	d = new DoubleConstantExpression(2.31, )
10 :	s = new SubtractExpression(d, d2, )
9 :	a = new AddExpression(d, d2, )
12 :	di = new DivideExpression(d, d2, )
11 :	m = new MultiplyExpression(d, d2, )
===========================



[INFO] ------------------------------------------------------------------------
[INFO] BUILD SUCCESS
[INFO] ------------------------------------------------------------------------
[INFO] Total time: 2.838 s
[INFO] Finished at: 2019-05-06T19:57:17-07:00
[INFO] Final Memory: 11M/708M
[INFO] ------------------------------------------------------------------------
