[INFO] Scanning for projects...
[WARNING] 
[WARNING] Some problems were encountered while building the effective model for thesis:thesis:jar:1.0-SNAPSHOT
[WARNING] 'dependencies.dependency.version' for org.junit.jupiter:junit-jupiter-api:jar is either LATEST or RELEASE (both of them are being deprecated) @ line 25, column 22
[WARNING] 
[WARNING] It is highly recommended to fix these problems because they threaten the stability of your build.
[WARNING] 
[WARNING] For this reason, future Maven versions might no longer support building such malformed projects.
[WARNING] 
[INFO] 
[INFO] ------------------------------------------------------------------------
[INFO] Building thesis 1.0-SNAPSHOT
[INFO] ------------------------------------------------------------------------
[INFO] 
[INFO] >>> exec-maven-plugin:1.2.1:java (default-cli) > validate @ thesis >>>
[INFO] 
[INFO] <<< exec-maven-plugin:1.2.1:java (default-cli) < validate @ thesis <<<
[INFO] 
[INFO] 
[INFO] --- exec-maven-plugin:1.2.1:java (default-cli) @ thesis ---
BLOCK: Startconstructor1L0
this.lft : this.lft = null, 
this.rht : this.rht = null, 

BLOCK: BasicL1
this.lft : this.lft = lft, 
this.rht : this.rht = rht, 

BLOCK: StartevaluateL3
this.rht : this.rht = null, 
this.lft : this.lft = null, 

BLOCK: BasicL4
this.rht : this.rht = null, 
this.lft : this.lft = null, 

BLOCK: StarttoStringL6
this.lft : this.lft = null, 
this.rht : this.rht = null, 

BLOCK: BasicL7
this.lft : this.lft = null, 
this.rht : this.rht = null, 

BLOCK: StartmainL9

BLOCK: BasicL10
y_id : y_id = new IdentifierExpression("y", ), 
x : x = new Assignment("x", c1, ), 
s2 : s2 = new SubtractExpression(c1, c4, ), 
b : b = new VariableBindings(), 
a1 : a1 = new AddExpression(c1, c2, ), 
s1 : s1 = new SubtractExpression(c4, c1, ), 
n1 : n1 = new NegationExpression(c1, ), 
d1 : d1 = new DivideExpression(c1, c2, ), 
c3 : c3 = new DoubleConstantExpression(0.0, ), 
c1 : c1 = new DoubleConstantExpression(1.0, ), 
a2 : a2 = new AddExpression(c1, c1, ), 
y : y = new Assignment("y", a1, ), 
c4 : c4 = new DoubleConstantExpression(4.0, ), 
x_id : x_id = new IdentifierExpression("x", ), 
d2 : d2 = new DivideExpression(s4, s2, ), 
n2 : n2 = new NegationExpression(c2, ), 
c2 : c2 = new DoubleConstantExpression(-1.0, ), 
m1 : m1 = new MultiplyExpression(c1, c2, ), 
a3 : a3 = new AddExpression(a2, c1, ), 
m2 : m2 = new MultiplyExpression(s1, s2, ), 
a4 : a4 = new AddExpression(a2, a3, ), 
s4 : s4 = new SubtractExpression(a1, c3, ), 
s3 : s3 = new SubtractExpression(s1, c4, ), 

BLOCK: Startconstructor1L12
this.lft : this.lft = null, 
this.rht : this.rht = null, 

BLOCK: BasicL13
this.lft : this.lft = lft, 
this.rht : this.rht = rht, 

BLOCK: StartevaluateL15
this.lft : this.lft = null, 
this.rht : this.rht = null, 

BLOCK: BasicL16
this.lft : this.lft = null, 
this.rht : this.rht = null, 

BLOCK: StarttoStringL18
this.rht : this.rht = null, 
this.lft : this.lft = null, 

BLOCK: BasicL19
this.rht : this.rht = null, 
this.lft : this.lft = null, 

BLOCK: StartaddBindingL21
this.list : this.list = new ArrayList(), 

BLOCK: BasicL22
this.list : this.list = new ArrayList(), 
exists : exists = false, 

BLOCK: LoopL24
b : b = this.list, 
this.list : this.list = new ArrayList(), 
exists : exists = true, exists = false, 

BLOCK: BasicL25
b : b = this.list, 
this.list : this.list = new ArrayList(), 
exists : exists = true, exists = false, 

BLOCK: trueL26
b : b = this.list, 
this.list : this.list = new ArrayList(), 
exists : exists = true, 

BLOCK: joinL27
b : b = this.list, 
this.list : this.list = new ArrayList(), 
exists : exists = true, exists = false, 

BLOCK: trueL28
b : b = this.list, 
this.list : this.list = new ArrayList(), 
newBinding : newBinding = new Binding(id, value, ), 
exists : exists = true, exists = false, 

BLOCK: joinL29
b : b = this.list, 
this.list : this.list = new ArrayList(), 
newBinding : newBinding = new Binding(id, value, ), 
exists : exists = true, exists = false, 

BLOCK: StartlookupBindingL30
this.list : this.list = new ArrayList(), 

BLOCK: BasicL31
this.list : this.list = new ArrayList(), 

BLOCK: LoopL33
this.list : this.list = new ArrayList(), 
b : b = this.list, 

BLOCK: BasicL34
this.list : this.list = new ArrayList(), 
b : b = this.list, 

BLOCK: trueL35
this.list : this.list = new ArrayList(), 
b : b = this.list, 

BLOCK: joinL36
this.list : this.list = new ArrayList(), 
b : b = this.list, 

BLOCK: Startconstructor1L37
this.lft : this.lft = null, 
this.rht : this.rht = null, 

BLOCK: BasicL38
this.lft : this.lft = lft, 
this.rht : this.rht = rht, 

BLOCK: StartevaluateL40
this.rht : this.rht = null, 
this.lft : this.lft = null, 

BLOCK: BasicL41
this.rht : this.rht = null, 
this.lft : this.lft = null, 

BLOCK: StarttoStringL43
this.rht : this.rht = null, 
this.lft : this.lft = null, 

BLOCK: BasicL44
this.rht : this.rht = null, 
this.lft : this.lft = null, 

BLOCK: Startconstructor1L46
this.id : this.id = null, 

BLOCK: BasicL47
this.id : this.id = id, 

BLOCK: StartevaluateL49
this.id : this.id = null, 

BLOCK: BasicL50
this.id : this.id = null, 

BLOCK: StarttoStringL52
this.id : this.id = null, 

BLOCK: BasicL53
this.id : this.id = null, 

BLOCK: Startconstructor1L55
this.rht : this.rht = null, 
this.lft : this.lft = null, 

BLOCK: BasicL56
this.rht : this.rht = rht, 
this.lft : this.lft = lft, 

BLOCK: StartevaluateL58
this.lft : this.lft = null, 
this.rht : this.rht = null, 

BLOCK: BasicL59
this.lft : this.lft = null, 
this.rht : this.rht = null, 

BLOCK: StarttoStringL61
this.lft : this.lft = null, 
this.rht : this.rht = null, 

BLOCK: BasicL62
this.lft : this.lft = null, 
this.rht : this.rht = null, 

BLOCK: Startconstructor1L64
this.id : this.id = null, 
this.e : this.e = null, 

BLOCK: BasicL65
this.id : this.id = id, 
this.e : this.e = e, 

BLOCK: StartevaluateL67
this.e : this.e = null, 
this.id : this.id = null, 

BLOCK: BasicL68
this.e : this.e = null, 
this.id : this.id = null, 
value : value = this.e.evaluate(bindings, ), 

BLOCK: StarttoStringL70
this.e : this.e = null, 
this.id : this.id = null, 

BLOCK: BasicL71
this.e : this.e = null, 
this.id : this.id = null, 

BLOCK: Startconstructor1L73
this.e : this.e = null, 

BLOCK: BasicL74
this.e : this.e = e, 

BLOCK: StartevaluateL76
this.e : this.e = null, 

BLOCK: BasicL77
this.e : this.e = null, 

BLOCK: StarttoStringL79
this.e : this.e = null, 

BLOCK: BasicL80
this.e : this.e = null, 

BLOCK: Startconstructor1L82
this.value : this.value = 0.0, 
this.id : this.id = null, 

BLOCK: BasicL83
this.value : this.value = value, 
this.id : this.id = id, 

BLOCK: StartgetIdL85
this.id : this.id = null, 
this.value : this.value = 0.0, 

BLOCK: BasicL86
this.id : this.id = null, 
this.value : this.value = 0.0, 

BLOCK: StartsetIdL88
this.value : this.value = 0.0, 
this.id : this.id = null, 

BLOCK: BasicL89
this.value : this.value = 0.0, 
this.id : this.id = id, 

BLOCK: StartgetValueL91
this.value : this.value = 0.0, 
this.id : this.id = null, 

BLOCK: BasicL92
this.value : this.value = 0.0, 
this.id : this.id = null, 

BLOCK: StartsetValueL94
this.value : this.value = 0.0, 
this.id : this.id = null, 

BLOCK: BasicL95
this.value : this.value = value, 
this.id : this.id = null, 

BLOCK: Startconstructor1L97
this.value : this.value = 0.0, 

BLOCK: BasicL98
this.value : this.value = value, 

BLOCK: StartevaluateL100
this.value : this.value = 0.0, 

BLOCK: BasicL101
this.value : this.value = 0.0, 

BLOCK: StarttoStringL103
this.value : this.value = 0.0, 

BLOCK: BasicL104
this.value : this.value = 0.0, 

BLOCK: Startconstructor1L0
this.lft : this.lft = null, 
this.rht : this.rht = null, 

BLOCK: Startconstructor1L0
this.lft : this.lft = null, 
this.rht : this.rht = null, 

BLOCK: BasicL1
this.lft : this.lft = lft, 
this.rht : this.rht = rht, 

BLOCK: StartevaluateL3
this.rht : this.rht = null, 
this.lft : this.lft = null, 

BLOCK: StartevaluateL3
this.rht : this.rht = null, 
this.lft : this.lft = null, 

BLOCK: BasicL4
this.rht : this.rht = null, 
this.lft : this.lft = null, 

BLOCK: StarttoStringL6
this.lft : this.lft = null, 
this.rht : this.rht = null, 

BLOCK: StarttoStringL6
this.lft : this.lft = null, 
this.rht : this.rht = null, 

BLOCK: BasicL7
this.lft : this.lft = null, 
this.rht : this.rht = null, 

BLOCK: StartmainL9

BLOCK: StartmainL9

BLOCK: BasicL10
y_id : y_id = new IdentifierExpression("y", ), 
x : x = new Assignment("x", c1, ), 
s2 : s2 = new SubtractExpression(c1, c4, ), 
b : b = new VariableBindings(), 
a1 : a1 = new AddExpression(c1, c2, ), 
s1 : s1 = new SubtractExpression(c4, c1, ), 
n1 : n1 = new NegationExpression(c1, ), 
d1 : d1 = new DivideExpression(c1, c2, ), 
c3 : c3 = new DoubleConstantExpression(0.0, ), 
c1 : c1 = new DoubleConstantExpression(1.0, ), 
a2 : a2 = new AddExpression(c1, c1, ), 
y : y = new Assignment("y", a1, ), 
c4 : c4 = new DoubleConstantExpression(4.0, ), 
x_id : x_id = new IdentifierExpression("x", ), 
d2 : d2 = new DivideExpression(s4, s2, ), 
n2 : n2 = new NegationExpression(c2, ), 
c2 : c2 = new DoubleConstantExpression(-1.0, ), 
m1 : m1 = new MultiplyExpression(c1, c2, ), 
a3 : a3 = new AddExpression(a2, c1, ), 
m2 : m2 = new MultiplyExpression(s1, s2, ), 
a4 : a4 = new AddExpression(a2, a3, ), 
s4 : s4 = new SubtractExpression(a1, c3, ), 
s3 : s3 = new SubtractExpression(s1, c4, ), 

BLOCK: Startconstructor1L12
this.lft : this.lft = null, 
this.rht : this.rht = null, 

BLOCK: Startconstructor1L12
this.lft : this.lft = null, 
this.rht : this.rht = null, 

BLOCK: BasicL13
this.lft : this.lft = lft, 
this.rht : this.rht = rht, 

BLOCK: StartevaluateL15
this.lft : this.lft = null, 
this.rht : this.rht = null, 

BLOCK: StartevaluateL15
this.lft : this.lft = null, 
this.rht : this.rht = null, 

BLOCK: BasicL16
this.lft : this.lft = null, 
this.rht : this.rht = null, 

BLOCK: StarttoStringL18
this.rht : this.rht = null, 
this.lft : this.lft = null, 

BLOCK: StarttoStringL18
this.rht : this.rht = null, 
this.lft : this.lft = null, 

BLOCK: BasicL19
this.rht : this.rht = null, 
this.lft : this.lft = null, 

BLOCK: StartaddBindingL21
this.list : this.list = new ArrayList(), 

BLOCK: StartaddBindingL21
this.list : this.list = new ArrayList(), 

BLOCK: BasicL22
this.list : this.list = new ArrayList(), 
exists : exists = false, 

BLOCK: LoopL24
b : b = this.list, 
this.list : this.list = new ArrayList(), 
exists : exists = true, exists = false, 

BLOCK: BasicL25
b : b = this.list, 
this.list : this.list = new ArrayList(), 
exists : exists = true, exists = false, 

BLOCK: trueL26
b : b = this.list, 
this.list : this.list = new ArrayList(), 
exists : exists = true, 

BLOCK: joinL27
b : b = this.list, 
this.list : this.list = new ArrayList(), 
exists : exists = true, exists = false, 

BLOCK: trueL28
b : b = this.list, 
this.list : this.list = new ArrayList(), 
newBinding : newBinding = new Binding(id, value, ), 
exists : exists = true, exists = false, 

BLOCK: joinL29
b : b = this.list, 
this.list : this.list = new ArrayList(), 
newBinding : newBinding = new Binding(id, value, ), 
exists : exists = true, exists = false, 

BLOCK: StartlookupBindingL30
this.list : this.list = new ArrayList(), 

BLOCK: StartlookupBindingL30
this.list : this.list = new ArrayList(), 

BLOCK: BasicL31
this.list : this.list = new ArrayList(), 

BLOCK: LoopL33
this.list : this.list = new ArrayList(), 
b : b = this.list, 

BLOCK: BasicL34
this.list : this.list = new ArrayList(), 
b : b = this.list, 

BLOCK: trueL35
this.list : this.list = new ArrayList(), 
b : b = this.list, 

BLOCK: joinL36
this.list : this.list = new ArrayList(), 
b : b = this.list, 

BLOCK: Startconstructor1L37
this.lft : this.lft = null, 
this.rht : this.rht = null, 

BLOCK: Startconstructor1L37
this.lft : this.lft = null, 
this.rht : this.rht = null, 

BLOCK: BasicL38
this.lft : this.lft = lft, 
this.rht : this.rht = rht, 

BLOCK: StartevaluateL40
this.rht : this.rht = null, 
this.lft : this.lft = null, 

BLOCK: StartevaluateL40
this.rht : this.rht = null, 
this.lft : this.lft = null, 

BLOCK: BasicL41
this.rht : this.rht = null, 
this.lft : this.lft = null, 

BLOCK: StarttoStringL43
this.rht : this.rht = null, 
this.lft : this.lft = null, 

BLOCK: StarttoStringL43
this.rht : this.rht = null, 
this.lft : this.lft = null, 

BLOCK: BasicL44
this.rht : this.rht = null, 
this.lft : this.lft = null, 

BLOCK: Startconstructor1L46
this.id : this.id = null, 

BLOCK: Startconstructor1L46
this.id : this.id = null, 

BLOCK: BasicL47
this.id : this.id = id, 

BLOCK: StartevaluateL49
this.id : this.id = null, 

BLOCK: StartevaluateL49
this.id : this.id = null, 

BLOCK: BasicL50
this.id : this.id = null, 

BLOCK: StarttoStringL52
this.id : this.id = null, 

BLOCK: StarttoStringL52
this.id : this.id = null, 

BLOCK: BasicL53
this.id : this.id = null, 

BLOCK: Startconstructor1L55
this.rht : this.rht = null, 
this.lft : this.lft = null, 

BLOCK: Startconstructor1L55
this.rht : this.rht = null, 
this.lft : this.lft = null, 

BLOCK: BasicL56
this.rht : this.rht = rht, 
this.lft : this.lft = lft, 

BLOCK: StartevaluateL58
this.lft : this.lft = null, 
this.rht : this.rht = null, 

BLOCK: StartevaluateL58
this.lft : this.lft = null, 
this.rht : this.rht = null, 

BLOCK: BasicL59
this.lft : this.lft = null, 
this.rht : this.rht = null, 

BLOCK: StarttoStringL61
this.lft : this.lft = null, 
this.rht : this.rht = null, 

BLOCK: StarttoStringL61
this.lft : this.lft = null, 
this.rht : this.rht = null, 

BLOCK: BasicL62
this.lft : this.lft = null, 
this.rht : this.rht = null, 

BLOCK: Startconstructor1L64
this.id : this.id = null, 
this.e : this.e = null, 

BLOCK: Startconstructor1L64
this.id : this.id = null, 
this.e : this.e = null, 

BLOCK: BasicL65
this.id : this.id = id, 
this.e : this.e = e, 

BLOCK: StartevaluateL67
this.e : this.e = null, 
this.id : this.id = null, 

BLOCK: StartevaluateL67
this.e : this.e = null, 
this.id : this.id = null, 

BLOCK: BasicL68
this.e : this.e = null, 
this.id : this.id = null, 
value : value = this.e.evaluate(bindings, ), 

BLOCK: StarttoStringL70
this.e : this.e = null, 
this.id : this.id = null, 

BLOCK: StarttoStringL70
this.e : this.e = null, 
this.id : this.id = null, 

BLOCK: BasicL71
this.e : this.e = null, 
this.id : this.id = null, 

BLOCK: Startconstructor1L73
this.e : this.e = null, 

BLOCK: Startconstructor1L73
this.e : this.e = null, 

BLOCK: BasicL74
this.e : this.e = e, 

BLOCK: StartevaluateL76
this.e : this.e = null, 

BLOCK: StartevaluateL76
this.e : this.e = null, 

BLOCK: BasicL77
this.e : this.e = null, 

BLOCK: StarttoStringL79
this.e : this.e = null, 

BLOCK: StarttoStringL79
this.e : this.e = null, 

BLOCK: BasicL80
this.e : this.e = null, 

BLOCK: Startconstructor1L82
this.value : this.value = 0.0, 
this.id : this.id = null, 

BLOCK: Startconstructor1L82
this.value : this.value = 0.0, 
this.id : this.id = null, 

BLOCK: BasicL83
this.value : this.value = value, 
this.id : this.id = id, 

BLOCK: StartgetIdL85
this.id : this.id = null, 
this.value : this.value = 0.0, 

BLOCK: StartgetIdL85
this.id : this.id = null, 
this.value : this.value = 0.0, 

BLOCK: BasicL86
this.id : this.id = null, 
this.value : this.value = 0.0, 

BLOCK: StartsetIdL88
this.value : this.value = 0.0, 
this.id : this.id = null, 

BLOCK: StartsetIdL88
this.value : this.value = 0.0, 
this.id : this.id = null, 

BLOCK: BasicL89
this.value : this.value = 0.0, 
this.id : this.id = id, 

BLOCK: StartgetValueL91
this.value : this.value = 0.0, 
this.id : this.id = null, 

BLOCK: StartgetValueL91
this.value : this.value = 0.0, 
this.id : this.id = null, 

BLOCK: BasicL92
this.value : this.value = 0.0, 
this.id : this.id = null, 

BLOCK: StartsetValueL94
this.value : this.value = 0.0, 
this.id : this.id = null, 

BLOCK: StartsetValueL94
this.value : this.value = 0.0, 
this.id : this.id = null, 

BLOCK: BasicL95
this.value : this.value = value, 
this.id : this.id = null, 

BLOCK: Startconstructor1L97
this.value : this.value = 0.0, 

BLOCK: Startconstructor1L97
this.value : this.value = 0.0, 

BLOCK: BasicL98
this.value : this.value = value, 

BLOCK: StartevaluateL100
this.value : this.value = 0.0, 

BLOCK: StartevaluateL100
this.value : this.value = 0.0, 

BLOCK: BasicL101
this.value : this.value = 0.0, 

BLOCK: StarttoStringL103
this.value : this.value = 0.0, 

BLOCK: StarttoStringL103
this.value : this.value = 0.0, 

BLOCK: BasicL104
this.value : this.value = 0.0, 

Unfiltered: 838
Filtered: 3


Duplicate found: 102_Code/102_hw2/dir29/TestCases.java lines [5, 30] and 102_Code/102_hw2/dir29/TestCases.java lines [6, 29]
102_Code/102_hw2/dir29/TestCases.java ----------
5 :	c1 = new DoubleConstantExpression(1.0, )
7 :	c3 = new DoubleConstantExpression(0.0, )
10 :	n1 = new NegationExpression(c1, )
11 :	n2 = new NegationExpression(c2, )
15 :	a3 = new AddExpression(a2, c1, )
16 :	a4 = new AddExpression(a2, a3, )
18 :	s1 = new SubtractExpression(c4, c1, )
21 :	s4 = new SubtractExpression(a1, c3, )
26 :	d1 = new DivideExpression(c1, c2, )
27 :	d2 = new DivideExpression(s4, s2, )
30 :	y = new Assignment("y", a1, )
102_Code/102_hw2/dir29/TestCases.java ----------
6 :	c2 = new DoubleConstantExpression(-1.0, )
8 :	c4 = new DoubleConstantExpression(4.0, )
11 :	n2 = new NegationExpression(c2, )
10 :	n1 = new NegationExpression(c1, )
13 :	a1 = new AddExpression(c1, c2, )
21 :	s4 = new SubtractExpression(a1, c3, )
26 :	d1 = new DivideExpression(c1, c2, )
18 :	s1 = new SubtractExpression(c4, c1, )
23 :	m1 = new MultiplyExpression(c1, c2, )
24 :	m2 = new MultiplyExpression(s1, s2, )
29 :	x = new Assignment("x", c1, )
===========================



Duplicate found: 102_Code/102_hw2/dir29/TestCases.java lines [5, 27] and 102_Code/102_hw2/dir29/TestCases.java lines [5, 24]
102_Code/102_hw2/dir29/TestCases.java ----------
5 :	c1 = new DoubleConstantExpression(1.0, )
7 :	c3 = new DoubleConstantExpression(0.0, )
8 :	c4 = new DoubleConstantExpression(4.0, )
11 :	n2 = new NegationExpression(c2, )
16 :	a4 = new AddExpression(a2, a3, )
20 :	s3 = new SubtractExpression(s1, c4, )
26 :	d1 = new DivideExpression(c1, c2, )
27 :	d2 = new DivideExpression(s4, s2, )
102_Code/102_hw2/dir29/TestCases.java ----------
8 :	c4 = new DoubleConstantExpression(4.0, )
5 :	c1 = new DoubleConstantExpression(1.0, )
7 :	c3 = new DoubleConstantExpression(0.0, )
6 :	c2 = new DoubleConstantExpression(-1.0, )
24 :	m2 = new MultiplyExpression(s1, s2, )
21 :	s4 = new SubtractExpression(a1, c3, )
20 :	s3 = new SubtractExpression(s1, c4, )
16 :	a4 = new AddExpression(a2, a3, )
===========================



Duplicate found: 102_Code/102_hw2/dir29/TestCases.java lines [5, 27] and 102_Code/102_hw2/dir29/TestCases.java lines [5, 27]
102_Code/102_hw2/dir29/TestCases.java ----------
5 :	c1 = new DoubleConstantExpression(1.0, )
7 :	c3 = new DoubleConstantExpression(0.0, )
11 :	n2 = new NegationExpression(c2, )
16 :	a4 = new AddExpression(a2, a3, )
18 :	s1 = new SubtractExpression(c4, c1, )
20 :	s3 = new SubtractExpression(s1, c4, )
27 :	d2 = new DivideExpression(s4, s2, )
102_Code/102_hw2/dir29/TestCases.java ----------
7 :	c3 = new DoubleConstantExpression(0.0, )
5 :	c1 = new DoubleConstantExpression(1.0, )
6 :	c2 = new DoubleConstantExpression(-1.0, )
20 :	s3 = new SubtractExpression(s1, c4, )
21 :	s4 = new SubtractExpression(a1, c3, )
27 :	d2 = new DivideExpression(s4, s2, )
16 :	a4 = new AddExpression(a2, a3, )
===========================



[INFO] ------------------------------------------------------------------------
[INFO] BUILD SUCCESS
[INFO] ------------------------------------------------------------------------
[INFO] Total time: 7.538 s
[INFO] Finished at: 2019-05-01T17:16:34-07:00
[INFO] Final Memory: 28M/1272M
[INFO] ------------------------------------------------------------------------
