[INFO] Scanning for projects...
[WARNING] 
[WARNING] Some problems were encountered while building the effective model for thesis:thesis:jar:1.0-SNAPSHOT
[WARNING] 'dependencies.dependency.version' for org.junit.jupiter:junit-jupiter-api:jar is either LATEST or RELEASE (both of them are being deprecated) @ line 25, column 22
[WARNING] 
[WARNING] It is highly recommended to fix these problems because they threaten the stability of your build.
[WARNING] 
[WARNING] For this reason, future Maven versions might no longer support building such malformed projects.
[WARNING] 
[INFO] 
[INFO] ------------------------------------------------------------------------
[INFO] Building thesis 1.0-SNAPSHOT
[INFO] ------------------------------------------------------------------------
[INFO] 
[INFO] >>> exec-maven-plugin:1.2.1:java (default-cli) > validate @ thesis >>>
[INFO] 
[INFO] <<< exec-maven-plugin:1.2.1:java (default-cli) < validate @ thesis <<<
[INFO] 
[INFO] 
[INFO] --- exec-maven-plugin:1.2.1:java (default-cli) @ thesis ---
BLOCK: Startconstructor1L0
this.lft : this.lft = null, 
this.rht : this.rht = null, 

BLOCK: BasicL1
this.lft : this.lft = lft, 
this.rht : this.rht = rht, 

BLOCK: StartevaluateL3
this.lft : this.lft = null, 
this.rht : this.rht = null, 

BLOCK: BasicL4
this.lft : this.lft = null, 
this.rht : this.rht = null, 

BLOCK: StarttoStringL6
this.rht : this.rht = null, 
this.lft : this.lft = null, 

BLOCK: BasicL7
this.rht : this.rht = null, 
this.lft : this.lft = null, 

BLOCK: StartmainL9

BLOCK: BasicL10
p : p = new IdentifierExpression("j", ), 
f : f = new SubtractExpression(d, a, ), 
bindvalue : bindvalue = vb.lookupBinding("a", ), 
assign : assign = new Assignment("a", z, ), 
bindvalue2 : bindvalue2 = vb.lookupBinding("b", ), 
a : a = new DoubleConstantExpression(1.0, ), 
e : e = new AddExpression(a, d, ), 
b : b = new NegationExpression(a, ), 
bindvalue3 : bindvalue3 = vb.lookupBinding("c", ), 
g : g = new MultiplyExpression(d, a, ), 
h : h = new DivideExpression(d, a, ), 
z : z = new AddExpression(a, b, ), 
c : c = new AddExpression(a, b, ), 
d : d = new DoubleConstantExpression(2.0, ), 
vb : vb = new VariableBindings(), 

BLOCK: Startconstructor1L12
this.lft : this.lft = null, 
this.rht : this.rht = null, 

BLOCK: BasicL13
this.lft : this.lft = lft, 
this.rht : this.rht = rht, 

BLOCK: StartevaluateL15
this.lft : this.lft = null, 
this.rht : this.rht = null, 

BLOCK: BasicL16
this.lft : this.lft = null, 
this.rht : this.rht = null, 

BLOCK: StarttoStringL18
this.rht : this.rht = null, 
this.lft : this.lft = null, 

BLOCK: BasicL19
this.rht : this.rht = null, 
this.lft : this.lft = null, 

BLOCK: StartaddBindingL21
this.bindings : this.bindings = new ArrayList(), 

BLOCK: BasicL22
done : done = 0, 
this.bindings : this.bindings = new ArrayList(), 

BLOCK: trueL24
done : done = 0, 
this.bindings : this.bindings = new ArrayList(), 

BLOCK: ForInitL26
done : done = 0, 
this.bindings : this.bindings = new ArrayList(), 
i : i = 0, 

BLOCK: ForCondL27
done : done = 1, done = 0, 
@temp1 : @temp1 = i, 
this.bindings : this.bindings = new ArrayList(), 
bind : bind = new Binding(id, value, ), 
i : i = 0, i = i + 1, 

BLOCK: LoopL28
done : done = 1, done = 0, 
@temp1 : @temp1 = i, 
this.bindings : this.bindings = new ArrayList(), 
bind : bind = new Binding(id, value, ), 
i : i = 0, i = i + 1, 

BLOCK: BasicL29
done : done = 1, done = 0, 
@temp1 : @temp1 = i, 
this.bindings : this.bindings = new ArrayList(), 
bind : bind = new Binding(id, value, ), 
i : i = 0, i = i + 1, 

BLOCK: trueL30
done : done = 1, 
@temp1 : @temp1 = i, 
this.bindings : this.bindings = new ArrayList(), 
bind : bind = new Binding(id, value, ), 
i : i = 0, i = i + 1, 

BLOCK: joinL31
done : done = 1, done = 0, 
@temp1 : @temp1 = i, 
this.bindings : this.bindings = new ArrayList(), 
bind : bind = new Binding(id, value, ), 
i : i = i + 1, 

BLOCK: trueL32
done : done = 1, done = 0, 
@temp1 : @temp1 = i, 
this.bindings : this.bindings = new ArrayList(), 
bind : bind = new Binding(id, value, ), 
bind : bind = new Binding(id, value, ), 
i : i = 0, i = i + 1, 

BLOCK: joinL33
done : done = 1, done = 0, 
@temp1 : @temp1 = i, 
this.bindings : this.bindings = new ArrayList(), 
bind : bind = new Binding(id, value, ), 
bind : bind = new Binding(id, value, ), 
i : i = 0, i = i + 1, 

BLOCK: falseL34
done : done = 0, 
bind : bind = new Binding(id, value, ), 
this.bindings : this.bindings = new ArrayList(), 

BLOCK: joinL25
done : done = 1, done = 0, 
@temp1 : @temp1 = i, 
bind : bind = new Binding(id, value, ), 
this.bindings : this.bindings = new ArrayList(), 
bind : bind = new Binding(id, value, ), 
bind : bind = new Binding(id, value, ), 
i : i = 0, i = i + 1, 

BLOCK: StartlookupBindingL35
this.bindings : this.bindings = new ArrayList(), 

BLOCK: BasicL36
this.bindings : this.bindings = new ArrayList(), 

BLOCK: ForInitL38
i : i = 0, 
this.bindings : this.bindings = new ArrayList(), 

BLOCK: ForCondL39
i : i = 0, i = i + 1, 
this.bindings : this.bindings = new ArrayList(), 
@temp2 : @temp2 = i, 

BLOCK: LoopL40
i : i = 0, i = i + 1, 
this.bindings : this.bindings = new ArrayList(), 
@temp2 : @temp2 = i, 

BLOCK: BasicL41
i : i = 0, i = i + 1, 
this.bindings : this.bindings = new ArrayList(), 
@temp2 : @temp2 = i, 

BLOCK: trueL42
i : i = 0, i = i + 1, 
this.bindings : this.bindings = new ArrayList(), 
@temp2 : @temp2 = i, 

BLOCK: joinL43
i : i = i + 1, 
this.bindings : this.bindings = new ArrayList(), 
@temp2 : @temp2 = i, 

BLOCK: Startconstructor1L44
this.rht : this.rht = null, 
this.lft : this.lft = null, 

BLOCK: BasicL45
this.rht : this.rht = rht, 
this.lft : this.lft = lft, 

BLOCK: StartevaluateL47
this.lft : this.lft = null, 
this.rht : this.rht = null, 

BLOCK: BasicL48
this.lft : this.lft = null, 
this.rht : this.rht = null, 

BLOCK: StarttoStringL50
this.rht : this.rht = null, 
this.lft : this.lft = null, 

BLOCK: BasicL51
this.rht : this.rht = null, 
this.lft : this.lft = null, 

BLOCK: Startconstructor1L53
this.id : this.id = null, 

BLOCK: BasicL54
this.id : this.id = id, 

BLOCK: StartevaluateL56
this.id : this.id = null, 

BLOCK: BasicL57
this.id : this.id = null, 

BLOCK: StarttoStringL59
this.id : this.id = null, 

BLOCK: BasicL60
this.id : this.id = null, 

BLOCK: Startconstructor1L62
this.rht : this.rht = null, 
this.lft : this.lft = null, 

BLOCK: BasicL63
this.rht : this.rht = rht, 
this.lft : this.lft = lft, 

BLOCK: StartevaluateL65
this.rht : this.rht = null, 
this.lft : this.lft = null, 

BLOCK: BasicL66
this.rht : this.rht = null, 
this.lft : this.lft = null, 

BLOCK: StarttoStringL68
this.lft : this.lft = null, 
this.rht : this.rht = null, 

BLOCK: BasicL69
this.lft : this.lft = null, 
this.rht : this.rht = null, 

BLOCK: Startconstructor1L71
this.id : this.id = null, 
this.e : this.e = null, 

BLOCK: BasicL72
this.id : this.id = id, 
this.e : this.e = e, 

BLOCK: StartevaluateL74
this.id : this.id = null, 
this.e : this.e = null, 

BLOCK: BasicL75
this.id : this.id = null, 
this.e : this.e = null, 

BLOCK: StarttoStringL77
this.e : this.e = null, 
this.id : this.id = null, 

BLOCK: BasicL78
this.e : this.e = null, 
this.id : this.id = null, 

BLOCK: Startconstructor1L80
this.value : this.value = null, 

BLOCK: BasicL81
this.value : this.value = e, 

BLOCK: StartevaluateL83
this.value : this.value = null, 

BLOCK: BasicL84
this.value : this.value = null, 

BLOCK: StarttoStringL86
this.value : this.value = null, 

BLOCK: BasicL87
this.value : this.value = null, 

BLOCK: Startconstructor1L89
this.value : this.value = 0.0, 
this.id : this.id = null, 

BLOCK: BasicL90
this.value : this.value = value, 
this.id : this.id = id, 

BLOCK: StartgetStringL92
this.id : this.id = null, 
this.value : this.value = 0.0, 

BLOCK: BasicL93
this.id : this.id = null, 
this.value : this.value = 0.0, 

BLOCK: StartgetValueL95
this.value : this.value = 0.0, 
this.id : this.id = null, 

BLOCK: BasicL96
this.value : this.value = 0.0, 
this.id : this.id = null, 

BLOCK: Startconstructor1L98
this.value : this.value = 0.0, 

BLOCK: BasicL99
this.value : this.value = value, 

BLOCK: StartevaluateL101
this.value : this.value = 0.0, 

BLOCK: BasicL102
this.value : this.value = 0.0, 

BLOCK: StarttoStringL104
this.value : this.value = 0.0, 

BLOCK: BasicL105
this.value : this.value = 0.0, 

BLOCK: Startconstructor1L0
this.lft : this.lft = null, 
this.rht : this.rht = null, 

BLOCK: Startconstructor1L0
this.lft : this.lft = null, 
this.rht : this.rht = null, 

BLOCK: BasicL1
this.lft : this.lft = lft, 
this.rht : this.rht = rht, 

BLOCK: StartevaluateL3
this.lft : this.lft = null, 
this.rht : this.rht = null, 

BLOCK: StartevaluateL3
this.lft : this.lft = null, 
this.rht : this.rht = null, 

BLOCK: BasicL4
this.lft : this.lft = null, 
this.rht : this.rht = null, 

BLOCK: StarttoStringL6
this.rht : this.rht = null, 
this.lft : this.lft = null, 

BLOCK: StarttoStringL6
this.rht : this.rht = null, 
this.lft : this.lft = null, 

BLOCK: BasicL7
this.rht : this.rht = null, 
this.lft : this.lft = null, 

BLOCK: StartmainL9

BLOCK: StartmainL9

BLOCK: BasicL10
p : p = new IdentifierExpression("j", ), 
f : f = new SubtractExpression(d, a, ), 
bindvalue : bindvalue = vb.lookupBinding("a", ), 
assign : assign = new Assignment("a", z, ), 
bindvalue2 : bindvalue2 = vb.lookupBinding("b", ), 
a : a = new DoubleConstantExpression(1.0, ), 
e : e = new AddExpression(a, d, ), 
b : b = new NegationExpression(a, ), 
bindvalue3 : bindvalue3 = vb.lookupBinding("c", ), 
g : g = new MultiplyExpression(d, a, ), 
h : h = new DivideExpression(d, a, ), 
z : z = new AddExpression(a, b, ), 
c : c = new AddExpression(a, b, ), 
d : d = new DoubleConstantExpression(2.0, ), 
vb : vb = new VariableBindings(), 

BLOCK: Startconstructor1L12
this.lft : this.lft = null, 
this.rht : this.rht = null, 

BLOCK: Startconstructor1L12
this.lft : this.lft = null, 
this.rht : this.rht = null, 

BLOCK: BasicL13
this.lft : this.lft = lft, 
this.rht : this.rht = rht, 

BLOCK: StartevaluateL15
this.lft : this.lft = null, 
this.rht : this.rht = null, 

BLOCK: StartevaluateL15
this.lft : this.lft = null, 
this.rht : this.rht = null, 

BLOCK: BasicL16
this.lft : this.lft = null, 
this.rht : this.rht = null, 

BLOCK: StarttoStringL18
this.rht : this.rht = null, 
this.lft : this.lft = null, 

BLOCK: StarttoStringL18
this.rht : this.rht = null, 
this.lft : this.lft = null, 

BLOCK: BasicL19
this.rht : this.rht = null, 
this.lft : this.lft = null, 

BLOCK: StartaddBindingL21
this.bindings : this.bindings = new ArrayList(), 

BLOCK: StartaddBindingL21
this.bindings : this.bindings = new ArrayList(), 

BLOCK: BasicL22
done : done = 0, 
this.bindings : this.bindings = new ArrayList(), 

BLOCK: trueL24
done : done = 0, 
this.bindings : this.bindings = new ArrayList(), 

BLOCK: ForInitL26
done : done = 0, 
this.bindings : this.bindings = new ArrayList(), 
i : i = 0, 

BLOCK: ForCondL27
done : done = 1, done = 0, 
@temp1 : @temp1 = i, 
this.bindings : this.bindings = new ArrayList(), 
bind : bind = new Binding(id, value, ), 
i : i = 0, i = i + 1, 

BLOCK: LoopL28
done : done = 1, done = 0, 
@temp1 : @temp1 = i, 
this.bindings : this.bindings = new ArrayList(), 
bind : bind = new Binding(id, value, ), 
i : i = 0, i = i + 1, 

BLOCK: BasicL29
done : done = 1, done = 0, 
@temp1 : @temp1 = i, 
this.bindings : this.bindings = new ArrayList(), 
bind : bind = new Binding(id, value, ), 
i : i = 0, i = i + 1, 

BLOCK: trueL30
done : done = 1, 
@temp1 : @temp1 = i, 
this.bindings : this.bindings = new ArrayList(), 
bind : bind = new Binding(id, value, ), 
i : i = 0, i = i + 1, 

BLOCK: joinL31
done : done = 1, done = 0, 
@temp1 : @temp1 = i, 
this.bindings : this.bindings = new ArrayList(), 
bind : bind = new Binding(id, value, ), 
i : i = i + 1, 

BLOCK: trueL32
done : done = 1, done = 0, 
@temp1 : @temp1 = i, 
this.bindings : this.bindings = new ArrayList(), 
bind : bind = new Binding(id, value, ), 
bind : bind = new Binding(id, value, ), 
i : i = 0, i = i + 1, 

BLOCK: joinL33
done : done = 1, done = 0, 
@temp1 : @temp1 = i, 
this.bindings : this.bindings = new ArrayList(), 
bind : bind = new Binding(id, value, ), 
bind : bind = new Binding(id, value, ), 
i : i = 0, i = i + 1, 

BLOCK: falseL34
done : done = 0, 
bind : bind = new Binding(id, value, ), 
this.bindings : this.bindings = new ArrayList(), 

BLOCK: joinL25
done : done = 1, done = 0, 
@temp1 : @temp1 = i, 
bind : bind = new Binding(id, value, ), 
this.bindings : this.bindings = new ArrayList(), 
bind : bind = new Binding(id, value, ), 
bind : bind = new Binding(id, value, ), 
i : i = 0, i = i + 1, 

BLOCK: StartlookupBindingL35
this.bindings : this.bindings = new ArrayList(), 

BLOCK: StartlookupBindingL35
this.bindings : this.bindings = new ArrayList(), 

BLOCK: BasicL36
this.bindings : this.bindings = new ArrayList(), 

BLOCK: ForInitL38
i : i = 0, 
this.bindings : this.bindings = new ArrayList(), 

BLOCK: ForCondL39
i : i = 0, i = i + 1, 
this.bindings : this.bindings = new ArrayList(), 
@temp2 : @temp2 = i, 

BLOCK: LoopL40
i : i = 0, i = i + 1, 
this.bindings : this.bindings = new ArrayList(), 
@temp2 : @temp2 = i, 

BLOCK: BasicL41
i : i = 0, i = i + 1, 
this.bindings : this.bindings = new ArrayList(), 
@temp2 : @temp2 = i, 

BLOCK: trueL42
i : i = 0, i = i + 1, 
this.bindings : this.bindings = new ArrayList(), 
@temp2 : @temp2 = i, 

BLOCK: joinL43
i : i = i + 1, 
this.bindings : this.bindings = new ArrayList(), 
@temp2 : @temp2 = i, 

BLOCK: Startconstructor1L44
this.rht : this.rht = null, 
this.lft : this.lft = null, 

BLOCK: Startconstructor1L44
this.rht : this.rht = null, 
this.lft : this.lft = null, 

BLOCK: BasicL45
this.rht : this.rht = rht, 
this.lft : this.lft = lft, 

BLOCK: StartevaluateL47
this.lft : this.lft = null, 
this.rht : this.rht = null, 

BLOCK: StartevaluateL47
this.lft : this.lft = null, 
this.rht : this.rht = null, 

BLOCK: BasicL48
this.lft : this.lft = null, 
this.rht : this.rht = null, 

BLOCK: StarttoStringL50
this.rht : this.rht = null, 
this.lft : this.lft = null, 

BLOCK: StarttoStringL50
this.rht : this.rht = null, 
this.lft : this.lft = null, 

BLOCK: BasicL51
this.rht : this.rht = null, 
this.lft : this.lft = null, 

BLOCK: Startconstructor1L53
this.id : this.id = null, 

BLOCK: Startconstructor1L53
this.id : this.id = null, 

BLOCK: BasicL54
this.id : this.id = id, 

BLOCK: StartevaluateL56
this.id : this.id = null, 

BLOCK: StartevaluateL56
this.id : this.id = null, 

BLOCK: BasicL57
this.id : this.id = null, 

BLOCK: StarttoStringL59
this.id : this.id = null, 

BLOCK: StarttoStringL59
this.id : this.id = null, 

BLOCK: BasicL60
this.id : this.id = null, 

BLOCK: Startconstructor1L62
this.rht : this.rht = null, 
this.lft : this.lft = null, 

BLOCK: Startconstructor1L62
this.rht : this.rht = null, 
this.lft : this.lft = null, 

BLOCK: BasicL63
this.rht : this.rht = rht, 
this.lft : this.lft = lft, 

BLOCK: StartevaluateL65
this.rht : this.rht = null, 
this.lft : this.lft = null, 

BLOCK: StartevaluateL65
this.rht : this.rht = null, 
this.lft : this.lft = null, 

BLOCK: BasicL66
this.rht : this.rht = null, 
this.lft : this.lft = null, 

BLOCK: StarttoStringL68
this.lft : this.lft = null, 
this.rht : this.rht = null, 

BLOCK: StarttoStringL68
this.lft : this.lft = null, 
this.rht : this.rht = null, 

BLOCK: BasicL69
this.lft : this.lft = null, 
this.rht : this.rht = null, 

BLOCK: Startconstructor1L71
this.id : this.id = null, 
this.e : this.e = null, 

BLOCK: Startconstructor1L71
this.id : this.id = null, 
this.e : this.e = null, 

BLOCK: BasicL72
this.id : this.id = id, 
this.e : this.e = e, 

BLOCK: StartevaluateL74
this.id : this.id = null, 
this.e : this.e = null, 

BLOCK: StartevaluateL74
this.id : this.id = null, 
this.e : this.e = null, 

BLOCK: BasicL75
this.id : this.id = null, 
this.e : this.e = null, 

BLOCK: StarttoStringL77
this.e : this.e = null, 
this.id : this.id = null, 

BLOCK: StarttoStringL77
this.e : this.e = null, 
this.id : this.id = null, 

BLOCK: BasicL78
this.e : this.e = null, 
this.id : this.id = null, 

BLOCK: Startconstructor1L80
this.value : this.value = null, 

BLOCK: Startconstructor1L80
this.value : this.value = null, 

BLOCK: BasicL81
this.value : this.value = e, 

BLOCK: StartevaluateL83
this.value : this.value = null, 

BLOCK: StartevaluateL83
this.value : this.value = null, 

BLOCK: BasicL84
this.value : this.value = null, 

BLOCK: StarttoStringL86
this.value : this.value = null, 

BLOCK: StarttoStringL86
this.value : this.value = null, 

BLOCK: BasicL87
this.value : this.value = null, 

BLOCK: Startconstructor1L89
this.value : this.value = 0.0, 
this.id : this.id = null, 

BLOCK: Startconstructor1L89
this.value : this.value = 0.0, 
this.id : this.id = null, 

BLOCK: BasicL90
this.value : this.value = value, 
this.id : this.id = id, 

BLOCK: StartgetStringL92
this.id : this.id = null, 
this.value : this.value = 0.0, 

BLOCK: StartgetStringL92
this.id : this.id = null, 
this.value : this.value = 0.0, 

BLOCK: BasicL93
this.id : this.id = null, 
this.value : this.value = 0.0, 

BLOCK: StartgetValueL95
this.value : this.value = 0.0, 
this.id : this.id = null, 

BLOCK: StartgetValueL95
this.value : this.value = 0.0, 
this.id : this.id = null, 

BLOCK: BasicL96
this.value : this.value = 0.0, 
this.id : this.id = null, 

BLOCK: Startconstructor1L98
this.value : this.value = 0.0, 

BLOCK: Startconstructor1L98
this.value : this.value = 0.0, 

BLOCK: BasicL99
this.value : this.value = value, 

BLOCK: StartevaluateL101
this.value : this.value = 0.0, 

BLOCK: StartevaluateL101
this.value : this.value = 0.0, 

BLOCK: BasicL102
this.value : this.value = 0.0, 

BLOCK: StarttoStringL104
this.value : this.value = 0.0, 

BLOCK: StarttoStringL104
this.value : this.value = 0.0, 

BLOCK: BasicL105
this.value : this.value = 0.0, 

Unfiltered: 9
Filtered: 1


Duplicate found: 102_Code/102_hw2/dir25/TestCases.java lines [11, 44] and 102_Code/102_hw2/dir25/TestCases.java lines [11, 44]
102_Code/102_hw2/dir25/TestCases.java ----------
11 :	a = new DoubleConstantExpression(1.0, )
15 :	d = new DoubleConstantExpression(2.0, )
29 :	e = new AddExpression(a, d, )
34 :	f = new SubtractExpression(d, a, )
39 :	g = new MultiplyExpression(d, a, )
44 :	h = new DivideExpression(d, a, )
102_Code/102_hw2/dir25/TestCases.java ----------
15 :	d = new DoubleConstantExpression(2.0, )
11 :	a = new DoubleConstantExpression(1.0, )
39 :	g = new MultiplyExpression(d, a, )
44 :	h = new DivideExpression(d, a, )
34 :	f = new SubtractExpression(d, a, )
29 :	e = new AddExpression(a, d, )
===========================



[INFO] ------------------------------------------------------------------------
[INFO] BUILD SUCCESS
[INFO] ------------------------------------------------------------------------
[INFO] Total time: 3.296 s
[INFO] Finished at: 2019-05-06T19:55:49-07:00
[INFO] Final Memory: 23M/1219M
[INFO] ------------------------------------------------------------------------
