[INFO] Scanning for projects...
[WARNING] 
[WARNING] Some problems were encountered while building the effective model for thesis:thesis:jar:1.0-SNAPSHOT
[WARNING] 'dependencies.dependency.version' for org.junit.jupiter:junit-jupiter-api:jar is either LATEST or RELEASE (both of them are being deprecated) @ line 25, column 22
[WARNING] 
[WARNING] It is highly recommended to fix these problems because they threaten the stability of your build.
[WARNING] 
[WARNING] For this reason, future Maven versions might no longer support building such malformed projects.
[WARNING] 
[INFO] 
[INFO] ------------------------------------------------------------------------
[INFO] Building thesis 1.0-SNAPSHOT
[INFO] ------------------------------------------------------------------------
[INFO] 
[INFO] >>> exec-maven-plugin:1.2.1:java (default-cli) > validate @ thesis >>>
[INFO] 
[INFO] <<< exec-maven-plugin:1.2.1:java (default-cli) < validate @ thesis <<<
[INFO] 
[INFO] 
[INFO] --- exec-maven-plugin:1.2.1:java (default-cli) @ thesis ---
BLOCK: Startconstructor1L0
this.lft : this.lft = null, 
this.rht : this.rht = null, 

BLOCK: BasicL1
this.lft : this.lft = lft, 
this.rht : this.rht = rht, 

BLOCK: StartevaluateL3
this.rht : this.rht = null, 
this.lft : this.lft = null, 

BLOCK: BasicL4
this.rht : this.rht = null, 
this.lft : this.lft = null, 

BLOCK: StarttoStringL6
this.lft : this.lft = null, 
this.rht : this.rht = null, 

BLOCK: BasicL7
this.lft : this.lft = null, 
this.rht : this.rht = null, 

BLOCK: StartmainL9

BLOCK: BasicL10
a2 : a2 = new DoubleConstantExpression(2.0, ), 
negative : negative = new NegationExpression(divide, ), 
varTest : varTest = new AddExpression(a1, id, ), 
binder : binder = new VariableBindings(), 
divide : divide = new DivideExpression(a4, a1, ), 
add : add = new AddExpression(a1, a2, ), 
a4 : a4 = new DoubleConstantExpression(3.0, ), 
assign : assign = new Assignment("x", add, ), 
all : all = new NegationExpression(new AddExpression(a1, new SubtractExpression(a4, new DivideExpression(a2, multiply, ), ), ), ), 
a3 : a3 = new DoubleConstantExpression(2.5, ), 
subtract : subtract = new SubtractExpression(a4, a1, ), 
id : id = new IdentifierExpression("x", ), 
a1 : a1 = new DoubleConstantExpression(1.5, ), 
multiply : multiply = new MultiplyExpression(a2, a3, ), 

BLOCK: Startconstructor1L12
this.lft : this.lft = null, 
this.rht : this.rht = null, 

BLOCK: BasicL13
this.lft : this.lft = lft, 
this.rht : this.rht = rht, 

BLOCK: StartevaluateL15
this.lft : this.lft = null, 
this.rht : this.rht = null, 

BLOCK: BasicL16
this.lft : this.lft = null, 
this.rht : this.rht = null, 

BLOCK: StarttoStringL18
this.lft : this.lft = null, 
this.rht : this.rht = null, 

BLOCK: BasicL19
this.lft : this.lft = null, 
this.rht : this.rht = null, 

BLOCK: StartaddBindingL21
this.variables : this.variables = new ArrayList(), 

BLOCK: BasicL22
this.variables : this.variables = new ArrayList(), 

BLOCK: trueL24
this.variables : this.variables = new ArrayList(), 

BLOCK: ForInitL26
i : i = 0, 
this.variables : this.variables = new ArrayList(), 

BLOCK: ForCondL27
@temp1 : @temp1 = i, 
i : i = i + 1, i = 0, 
this.variables : this.variables = new ArrayList(), 

BLOCK: LoopL28
@temp1 : @temp1 = i, 
i : i = i + 1, i = 0, 
this.variables : this.variables = new ArrayList(), 

BLOCK: BasicL29
@temp1 : @temp1 = i, 
i : i = i + 1, i = 0, 
this.variables : this.variables = new ArrayList(), 

BLOCK: trueL30
@temp1 : @temp1 = i, 
i : i = i + 1, i = 0, 
this.variables : this.variables = new ArrayList(), 

BLOCK: joinL31
@temp1 : @temp1 = i, 
i : i = i + 1, 
this.variables : this.variables = new ArrayList(), 

BLOCK: joinL25
@temp1 : @temp1 = i, 
i : i = i + 1, i = 0, 
this.variables : this.variables = new ArrayList(), 

BLOCK: StartlookupBindingL32
this.variables : this.variables = new ArrayList(), 

BLOCK: BasicL33
this.variables : this.variables = new ArrayList(), 

BLOCK: trueL35
this.variables : this.variables = new ArrayList(), 

BLOCK: ForInitL37
this.variables : this.variables = new ArrayList(), 
i : i = 0, 

BLOCK: ForCondL38
this.variables : this.variables = new ArrayList(), 
i : i = i + 1, i = 0, 
@temp2 : @temp2 = i, 

BLOCK: LoopL39
this.variables : this.variables = new ArrayList(), 
i : i = i + 1, i = 0, 
@temp2 : @temp2 = i, 

BLOCK: BasicL40
this.variables : this.variables = new ArrayList(), 
i : i = i + 1, i = 0, 
@temp2 : @temp2 = i, 

BLOCK: trueL41
this.variables : this.variables = new ArrayList(), 
i : i = i + 1, i = 0, 
@temp2 : @temp2 = i, 

BLOCK: joinL42
this.variables : this.variables = new ArrayList(), 
i : i = i + 1, 
@temp2 : @temp2 = i, 

BLOCK: joinL36
this.variables : this.variables = new ArrayList(), 
i : i = i + 1, i = 0, 
@temp2 : @temp2 = i, 

BLOCK: Startconstructor1L43
this.rht : this.rht = null, 
this.lft : this.lft = null, 

BLOCK: BasicL44
this.rht : this.rht = rht, 
this.lft : this.lft = lft, 

BLOCK: StartevaluateL46
this.rht : this.rht = null, 
this.lft : this.lft = null, 

BLOCK: BasicL47
this.rht : this.rht = null, 
this.lft : this.lft = null, 

BLOCK: StarttoStringL49
this.lft : this.lft = null, 
this.rht : this.rht = null, 

BLOCK: BasicL50
this.lft : this.lft = null, 
this.rht : this.rht = null, 

BLOCK: Startconstructor1L52
this.id : this.id = null, 

BLOCK: BasicL53
this.id : this.id = id, 

BLOCK: StartevaluateL55
this.id : this.id = null, 

BLOCK: BasicL56
this.id : this.id = null, 

BLOCK: StarttoStringL58
this.id : this.id = null, 

BLOCK: BasicL59
this.id : this.id = null, 

BLOCK: Startconstructor1L61
this.lft : this.lft = null, 
this.rht : this.rht = null, 

BLOCK: BasicL62
this.lft : this.lft = lft, 
this.rht : this.rht = rht, 

BLOCK: StartevaluateL64
this.lft : this.lft = null, 
this.rht : this.rht = null, 

BLOCK: BasicL65
this.lft : this.lft = null, 
this.rht : this.rht = null, 

BLOCK: StarttoStringL67
this.lft : this.lft = null, 
this.rht : this.rht = null, 

BLOCK: BasicL68
this.lft : this.lft = null, 
this.rht : this.rht = null, 

BLOCK: Startconstructor1L70
this.id : this.id = null, 
this.e : this.e = null, 

BLOCK: BasicL71
this.id : this.id = id, 
this.e : this.e = e, 

BLOCK: StartevaluateL73
this.id : this.id = null, 
this.e : this.e = null, 

BLOCK: BasicL74
this.id : this.id = null, 
this.e : this.e = null, 

BLOCK: StarttoStringL76
this.id : this.id = null, 
this.e : this.e = null, 

BLOCK: BasicL77
this.id : this.id = null, 
this.e : this.e = null, 

BLOCK: Startconstructor1L79
this.value : this.value = null, 

BLOCK: BasicL80
this.value : this.value = e, 

BLOCK: StartevaluateL82
this.value : this.value = null, 

BLOCK: BasicL83
this.value : this.value = null, 

BLOCK: StarttoStringL85
this.value : this.value = null, 

BLOCK: BasicL86
this.value : this.value = null, 

BLOCK: Startconstructor1L88
this.id : this.id = null, 
this.value : this.value = 0.0, 

BLOCK: BasicL89
this.id : this.id = id, 
this.value : this.value = value, 

BLOCK: StartgetIdL91
this.value : this.value = 0.0, 
this.id : this.id = null, 

BLOCK: BasicL92
this.value : this.value = 0.0, 
this.id : this.id = null, 

BLOCK: StartgetValueL94
this.id : this.id = null, 
this.value : this.value = 0.0, 

BLOCK: BasicL95
this.id : this.id = null, 
this.value : this.value = 0.0, 

BLOCK: Startconstructor1L97
this.value : this.value = 0.0, 

BLOCK: BasicL98
this.value : this.value = value, 

BLOCK: StartevaluateL100
this.value : this.value = 0.0, 

BLOCK: BasicL101
this.value : this.value = 0.0, 

BLOCK: StarttoStringL103
this.value : this.value = 0.0, 

BLOCK: BasicL104
this.value : this.value = 0.0, 

BLOCK: Startconstructor1L0
this.lft : this.lft = null, 
this.rht : this.rht = null, 

BLOCK: Startconstructor1L0
this.lft : this.lft = null, 
this.rht : this.rht = null, 

BLOCK: BasicL1
this.lft : this.lft = lft, 
this.rht : this.rht = rht, 

BLOCK: StartevaluateL3
this.rht : this.rht = null, 
this.lft : this.lft = null, 

BLOCK: StartevaluateL3
this.rht : this.rht = null, 
this.lft : this.lft = null, 

BLOCK: BasicL4
this.rht : this.rht = null, 
this.lft : this.lft = null, 

BLOCK: StarttoStringL6
this.lft : this.lft = null, 
this.rht : this.rht = null, 

BLOCK: StarttoStringL6
this.lft : this.lft = null, 
this.rht : this.rht = null, 

BLOCK: BasicL7
this.lft : this.lft = null, 
this.rht : this.rht = null, 

BLOCK: StartmainL9

BLOCK: StartmainL9

BLOCK: BasicL10
a2 : a2 = new DoubleConstantExpression(2.0, ), 
negative : negative = new NegationExpression(divide, ), 
varTest : varTest = new AddExpression(a1, id, ), 
binder : binder = new VariableBindings(), 
divide : divide = new DivideExpression(a4, a1, ), 
add : add = new AddExpression(a1, a2, ), 
a4 : a4 = new DoubleConstantExpression(3.0, ), 
assign : assign = new Assignment("x", add, ), 
all : all = new NegationExpression(new AddExpression(a1, new SubtractExpression(a4, new DivideExpression(a2, multiply, ), ), ), ), 
a3 : a3 = new DoubleConstantExpression(2.5, ), 
subtract : subtract = new SubtractExpression(a4, a1, ), 
id : id = new IdentifierExpression("x", ), 
a1 : a1 = new DoubleConstantExpression(1.5, ), 
multiply : multiply = new MultiplyExpression(a2, a3, ), 

BLOCK: Startconstructor1L12
this.lft : this.lft = null, 
this.rht : this.rht = null, 

BLOCK: Startconstructor1L12
this.lft : this.lft = null, 
this.rht : this.rht = null, 

BLOCK: BasicL13
this.lft : this.lft = lft, 
this.rht : this.rht = rht, 

BLOCK: StartevaluateL15
this.lft : this.lft = null, 
this.rht : this.rht = null, 

BLOCK: StartevaluateL15
this.lft : this.lft = null, 
this.rht : this.rht = null, 

BLOCK: BasicL16
this.lft : this.lft = null, 
this.rht : this.rht = null, 

BLOCK: StarttoStringL18
this.lft : this.lft = null, 
this.rht : this.rht = null, 

BLOCK: StarttoStringL18
this.lft : this.lft = null, 
this.rht : this.rht = null, 

BLOCK: BasicL19
this.lft : this.lft = null, 
this.rht : this.rht = null, 

BLOCK: StartaddBindingL21
this.variables : this.variables = new ArrayList(), 

BLOCK: StartaddBindingL21
this.variables : this.variables = new ArrayList(), 

BLOCK: BasicL22
this.variables : this.variables = new ArrayList(), 

BLOCK: trueL24
this.variables : this.variables = new ArrayList(), 

BLOCK: ForInitL26
i : i = 0, 
this.variables : this.variables = new ArrayList(), 

BLOCK: ForCondL27
@temp1 : @temp1 = i, 
i : i = i + 1, i = 0, 
this.variables : this.variables = new ArrayList(), 

BLOCK: LoopL28
@temp1 : @temp1 = i, 
i : i = i + 1, i = 0, 
this.variables : this.variables = new ArrayList(), 

BLOCK: BasicL29
@temp1 : @temp1 = i, 
i : i = i + 1, i = 0, 
this.variables : this.variables = new ArrayList(), 

BLOCK: trueL30
@temp1 : @temp1 = i, 
i : i = i + 1, i = 0, 
this.variables : this.variables = new ArrayList(), 

BLOCK: joinL31
@temp1 : @temp1 = i, 
i : i = i + 1, 
this.variables : this.variables = new ArrayList(), 

BLOCK: joinL25
@temp1 : @temp1 = i, 
i : i = i + 1, i = 0, 
this.variables : this.variables = new ArrayList(), 

BLOCK: StartlookupBindingL32
this.variables : this.variables = new ArrayList(), 

BLOCK: StartlookupBindingL32
this.variables : this.variables = new ArrayList(), 

BLOCK: BasicL33
this.variables : this.variables = new ArrayList(), 

BLOCK: trueL35
this.variables : this.variables = new ArrayList(), 

BLOCK: ForInitL37
this.variables : this.variables = new ArrayList(), 
i : i = 0, 

BLOCK: ForCondL38
this.variables : this.variables = new ArrayList(), 
i : i = i + 1, i = 0, 
@temp2 : @temp2 = i, 

BLOCK: LoopL39
this.variables : this.variables = new ArrayList(), 
i : i = i + 1, i = 0, 
@temp2 : @temp2 = i, 

BLOCK: BasicL40
this.variables : this.variables = new ArrayList(), 
i : i = i + 1, i = 0, 
@temp2 : @temp2 = i, 

BLOCK: trueL41
this.variables : this.variables = new ArrayList(), 
i : i = i + 1, i = 0, 
@temp2 : @temp2 = i, 

BLOCK: joinL42
this.variables : this.variables = new ArrayList(), 
i : i = i + 1, 
@temp2 : @temp2 = i, 

BLOCK: joinL36
this.variables : this.variables = new ArrayList(), 
i : i = i + 1, i = 0, 
@temp2 : @temp2 = i, 

BLOCK: Startconstructor1L43
this.rht : this.rht = null, 
this.lft : this.lft = null, 

BLOCK: Startconstructor1L43
this.rht : this.rht = null, 
this.lft : this.lft = null, 

BLOCK: BasicL44
this.rht : this.rht = rht, 
this.lft : this.lft = lft, 

BLOCK: StartevaluateL46
this.rht : this.rht = null, 
this.lft : this.lft = null, 

BLOCK: StartevaluateL46
this.rht : this.rht = null, 
this.lft : this.lft = null, 

BLOCK: BasicL47
this.rht : this.rht = null, 
this.lft : this.lft = null, 

BLOCK: StarttoStringL49
this.lft : this.lft = null, 
this.rht : this.rht = null, 

BLOCK: StarttoStringL49
this.lft : this.lft = null, 
this.rht : this.rht = null, 

BLOCK: BasicL50
this.lft : this.lft = null, 
this.rht : this.rht = null, 

BLOCK: Startconstructor1L52
this.id : this.id = null, 

BLOCK: Startconstructor1L52
this.id : this.id = null, 

BLOCK: BasicL53
this.id : this.id = id, 

BLOCK: StartevaluateL55
this.id : this.id = null, 

BLOCK: StartevaluateL55
this.id : this.id = null, 

BLOCK: BasicL56
this.id : this.id = null, 

BLOCK: StarttoStringL58
this.id : this.id = null, 

BLOCK: StarttoStringL58
this.id : this.id = null, 

BLOCK: BasicL59
this.id : this.id = null, 

BLOCK: Startconstructor1L61
this.lft : this.lft = null, 
this.rht : this.rht = null, 

BLOCK: Startconstructor1L61
this.lft : this.lft = null, 
this.rht : this.rht = null, 

BLOCK: BasicL62
this.lft : this.lft = lft, 
this.rht : this.rht = rht, 

BLOCK: StartevaluateL64
this.lft : this.lft = null, 
this.rht : this.rht = null, 

BLOCK: StartevaluateL64
this.lft : this.lft = null, 
this.rht : this.rht = null, 

BLOCK: BasicL65
this.lft : this.lft = null, 
this.rht : this.rht = null, 

BLOCK: StarttoStringL67
this.lft : this.lft = null, 
this.rht : this.rht = null, 

BLOCK: StarttoStringL67
this.lft : this.lft = null, 
this.rht : this.rht = null, 

BLOCK: BasicL68
this.lft : this.lft = null, 
this.rht : this.rht = null, 

BLOCK: Startconstructor1L70
this.id : this.id = null, 
this.e : this.e = null, 

BLOCK: Startconstructor1L70
this.id : this.id = null, 
this.e : this.e = null, 

BLOCK: BasicL71
this.id : this.id = id, 
this.e : this.e = e, 

BLOCK: StartevaluateL73
this.id : this.id = null, 
this.e : this.e = null, 

BLOCK: StartevaluateL73
this.id : this.id = null, 
this.e : this.e = null, 

BLOCK: BasicL74
this.id : this.id = null, 
this.e : this.e = null, 

BLOCK: StarttoStringL76
this.id : this.id = null, 
this.e : this.e = null, 

BLOCK: StarttoStringL76
this.id : this.id = null, 
this.e : this.e = null, 

BLOCK: BasicL77
this.id : this.id = null, 
this.e : this.e = null, 

BLOCK: Startconstructor1L79
this.value : this.value = null, 

BLOCK: Startconstructor1L79
this.value : this.value = null, 

BLOCK: BasicL80
this.value : this.value = e, 

BLOCK: StartevaluateL82
this.value : this.value = null, 

BLOCK: StartevaluateL82
this.value : this.value = null, 

BLOCK: BasicL83
this.value : this.value = null, 

BLOCK: StarttoStringL85
this.value : this.value = null, 

BLOCK: StarttoStringL85
this.value : this.value = null, 

BLOCK: BasicL86
this.value : this.value = null, 

BLOCK: Startconstructor1L88
this.id : this.id = null, 
this.value : this.value = 0.0, 

BLOCK: Startconstructor1L88
this.id : this.id = null, 
this.value : this.value = 0.0, 

BLOCK: BasicL89
this.id : this.id = id, 
this.value : this.value = value, 

BLOCK: StartgetIdL91
this.value : this.value = 0.0, 
this.id : this.id = null, 

BLOCK: StartgetIdL91
this.value : this.value = 0.0, 
this.id : this.id = null, 

BLOCK: BasicL92
this.value : this.value = 0.0, 
this.id : this.id = null, 

BLOCK: StartgetValueL94
this.id : this.id = null, 
this.value : this.value = 0.0, 

BLOCK: StartgetValueL94
this.id : this.id = null, 
this.value : this.value = 0.0, 

BLOCK: BasicL95
this.id : this.id = null, 
this.value : this.value = 0.0, 

BLOCK: Startconstructor1L97
this.value : this.value = 0.0, 

BLOCK: Startconstructor1L97
this.value : this.value = 0.0, 

BLOCK: BasicL98
this.value : this.value = value, 

BLOCK: StartevaluateL100
this.value : this.value = 0.0, 

BLOCK: StartevaluateL100
this.value : this.value = 0.0, 

BLOCK: BasicL101
this.value : this.value = 0.0, 

BLOCK: StarttoStringL103
this.value : this.value = 0.0, 

BLOCK: StarttoStringL103
this.value : this.value = 0.0, 

BLOCK: BasicL104
this.value : this.value = 0.0, 

Unfiltered: 0
Filtered: 0


[INFO] ------------------------------------------------------------------------
[INFO] BUILD SUCCESS
[INFO] ------------------------------------------------------------------------
[INFO] Total time: 3.017 s
[INFO] Finished at: 2019-05-06T19:57:48-07:00
[INFO] Final Memory: 28M/1195M
[INFO] ------------------------------------------------------------------------
