[INFO] Scanning for projects...
[WARNING] 
[WARNING] Some problems were encountered while building the effective model for thesis:thesis:jar:1.0-SNAPSHOT
[WARNING] 'dependencies.dependency.version' for org.junit.jupiter:junit-jupiter-api:jar is either LATEST or RELEASE (both of them are being deprecated) @ line 25, column 22
[WARNING] 
[WARNING] It is highly recommended to fix these problems because they threaten the stability of your build.
[WARNING] 
[WARNING] For this reason, future Maven versions might no longer support building such malformed projects.
[WARNING] 
[INFO] 
[INFO] ------------------------------------------------------------------------
[INFO] Building thesis 1.0-SNAPSHOT
[INFO] ------------------------------------------------------------------------
[INFO] 
[INFO] >>> exec-maven-plugin:1.2.1:java (default-cli) > validate @ thesis >>>
[INFO] 
[INFO] <<< exec-maven-plugin:1.2.1:java (default-cli) < validate @ thesis <<<
[INFO] 
[INFO] 
[INFO] --- exec-maven-plugin:1.2.1:java (default-cli) @ thesis ---
BLOCK: Startconstructor1L0
this.rht : this.rht = null, 
this.lft : this.lft = null, 

BLOCK: BasicL1
this.rht : this.rht = rht, 
this.lft : this.lft = lft, 

BLOCK: StartevaluateL3
this.rht : this.rht = null, 
this.lft : this.lft = null, 

BLOCK: BasicL4
this.rht : this.rht = null, 
this.lft : this.lft = null, 

BLOCK: StarttoStringL6
this.lft : this.lft = null, 
this.rht : this.rht = null, 

BLOCK: BasicL7
this.lft : this.lft = null, 
this.rht : this.rht = null, 

BLOCK: StartmainL9

BLOCK: BasicL10
e21 : e21 = new IdentifierExpression("b", ), 
e23 : e23 = new DivideExpression(e16, e19, ), 
e20 : e20 = new IdentifierExpression("a", ), 
e13 : e13 = new MultiplyExpression(e1, e2, ), 
e25 : e25 = new AddExpression(e13, e21, ), 
e15 : e15 = new MultiplyExpression(e2, e2, ), 
e11 : e11 = new SubtractExpression(e2, e3, ), 
e24 : e24 = new MultiplyExpression(e18, e20, ), 
e17 : e17 = new DivideExpression(e3, e2, ), 
e3 : e3 = new DoubleConstantExpression(0.0, ), 
e6 : e6 = new NegationExpression(e3, ), 
e16 : e16 = new DivideExpression(e1, e2, ), 
e26 : e26 = new DivideExpression(e17, e19, ), 
e10 : e10 = new SubtractExpression(e1, e2, ), 
e9 : e9 = new AddExpression(e3, e3, ), 
e18 : e18 = new DivideExpression(e2, e2, ), 
e27 : e27 = new SubtractExpression(e20, e19, ), 
e5 : e5 = new NegationExpression(e2, ), 
e12 : e12 = new SubtractExpression(e3, e3, ), 
e7 : e7 = new AddExpression(e1, e2, ), 
bindings : bindings = new VariableBindings(), 
e22 : e22 = new IdentifierExpression("c", ), 
e2 : e2 = new DoubleConstantExpression(-1.7, ), 
e19 : e19 = new IdentifierExpression("pi", ), 
e1 : e1 = new DoubleConstantExpression(2.5, ), 
e4 : e4 = new NegationExpression(e1, ), 
e14 : e14 = new MultiplyExpression(e2, e3, ), 
e8 : e8 = new AddExpression(e2, e3, ), 

BLOCK: Startconstructor1L12
this.rht : this.rht = null, 
this.lft : this.lft = null, 

BLOCK: BasicL13
this.rht : this.rht = rht, 
this.lft : this.lft = lft, 

BLOCK: StartevaluateL15
this.rht : this.rht = null, 
this.lft : this.lft = null, 

BLOCK: BasicL16
this.rht : this.rht = null, 
this.lft : this.lft = null, 

BLOCK: StarttoStringL18
this.rht : this.rht = null, 
this.lft : this.lft = null, 

BLOCK: BasicL19
this.rht : this.rht = null, 
this.lft : this.lft = null, 

BLOCK: StartaddBindingL21
this.bindings : this.bindings = new ArrayList(), 

BLOCK: BasicL22
newID : newID = true, 
this.bindings : this.bindings = new ArrayList(), 

BLOCK: ForInitL24
newID : newID = true, 
this.bindings : this.bindings = new ArrayList(), 
i : i = 0, 

BLOCK: ForCondL25
newID : newID = true, newID = false, 
this.bindings : this.bindings = new ArrayList(), 
i : i = i + 1, i = 0, 
@temp1 : @temp1 = i, 

BLOCK: LoopL26
newID : newID = true, newID = false, 
this.bindings : this.bindings = new ArrayList(), 
i : i = i + 1, i = 0, 
@temp1 : @temp1 = i, 

BLOCK: BasicL27
newID : newID = true, newID = false, 
this.bindings : this.bindings = new ArrayList(), 
i : i = i + 1, i = 0, 
@temp1 : @temp1 = i, 

BLOCK: trueL28
newID : newID = false, 
this.bindings : this.bindings = new ArrayList(), 
i : i = i + 1, i = 0, 
@temp1 : @temp1 = i, 

BLOCK: joinL29
newID : newID = true, newID = false, 
this.bindings : this.bindings = new ArrayList(), 
i : i = i + 1, 
@temp1 : @temp1 = i, 

BLOCK: trueL30
newID : newID = true, newID = false, 
this.bindings : this.bindings = new ArrayList(), 
i : i = i + 1, i = 0, 
@temp1 : @temp1 = i, 

BLOCK: joinL31
newID : newID = true, newID = false, 
this.bindings : this.bindings = new ArrayList(), 
i : i = i + 1, i = 0, 
@temp1 : @temp1 = i, 

BLOCK: StartlookupBindingL32
this.bindings : this.bindings = new ArrayList(), 

BLOCK: BasicL33
this.bindings : this.bindings = new ArrayList(), 

BLOCK: ForInitL35
i : i = 0, 
this.bindings : this.bindings = new ArrayList(), 

BLOCK: ForCondL36
i : i = 0, i = i + 1, 
@temp2 : @temp2 = i, 
this.bindings : this.bindings = new ArrayList(), 

BLOCK: LoopL37
i : i = 0, i = i + 1, 
@temp2 : @temp2 = i, 
this.bindings : this.bindings = new ArrayList(), 

BLOCK: BasicL38
i : i = 0, i = i + 1, 
@temp2 : @temp2 = i, 
this.bindings : this.bindings = new ArrayList(), 

BLOCK: trueL39
i : i = 0, i = i + 1, 
@temp2 : @temp2 = i, 
this.bindings : this.bindings = new ArrayList(), 

BLOCK: joinL40
i : i = i + 1, 
@temp2 : @temp2 = i, 
this.bindings : this.bindings = new ArrayList(), 

BLOCK: Startconstructor1L41
this.rht : this.rht = null, 
this.lft : this.lft = null, 

BLOCK: BasicL42
this.rht : this.rht = rht, 
this.lft : this.lft = lft, 

BLOCK: StartevaluateL44
this.lft : this.lft = null, 
this.rht : this.rht = null, 

BLOCK: BasicL45
this.lft : this.lft = null, 
this.rht : this.rht = null, 

BLOCK: StarttoStringL47
this.lft : this.lft = null, 
this.rht : this.rht = null, 

BLOCK: BasicL48
this.lft : this.lft = null, 
this.rht : this.rht = null, 

BLOCK: Startconstructor1L50
this.identifier : this.identifier = null, 

BLOCK: BasicL51
this.identifier : this.identifier = identifier, 

BLOCK: StartevaluateL53
this.identifier : this.identifier = null, 

BLOCK: BasicL54
this.identifier : this.identifier = null, 

BLOCK: StarttoStringL56
this.identifier : this.identifier = null, 

BLOCK: BasicL57
this.identifier : this.identifier = null, 

BLOCK: Startconstructor1L59
this.lft : this.lft = null, 
this.rht : this.rht = null, 

BLOCK: BasicL60
this.lft : this.lft = lft, 
this.rht : this.rht = rht, 

BLOCK: StartevaluateL62
this.rht : this.rht = null, 
this.lft : this.lft = null, 

BLOCK: BasicL63
this.rht : this.rht = null, 
this.lft : this.lft = null, 

BLOCK: StarttoStringL65
this.rht : this.rht = null, 
this.lft : this.lft = null, 

BLOCK: BasicL66
this.rht : this.rht = null, 
this.lft : this.lft = null, 

BLOCK: Startconstructor1L68
this.id : this.id = null, 
this.e : this.e = null, 

BLOCK: BasicL69
this.id : this.id = id, 
this.e : this.e = e, 

BLOCK: StartevaluateL71
this.e : this.e = null, 
this.id : this.id = null, 

BLOCK: BasicL72
value : value = evaluate(binding, ), 
this.e : this.e = null, 
this.id : this.id = null, 

BLOCK: StarttoStringL74
this.id : this.id = null, 
this.e : this.e = null, 

BLOCK: BasicL75
this.id : this.id = null, 
this.e : this.e = null, 

BLOCK: Startconstructor1L77
this.e : this.e = null, 

BLOCK: BasicL78
this.e : this.e = e, 

BLOCK: StartevaluateL80
this.e : this.e = null, 

BLOCK: BasicL81
this.e : this.e = null, 

BLOCK: StarttoStringL83
this.e : this.e = null, 

BLOCK: BasicL84
this.e : this.e = null, 

BLOCK: Startconstructor1L86
this.id : this.id = null, 
this.value : this.value = 0.0, 

BLOCK: BasicL87
this.id : this.id = id, 
this.value : this.value = value, 

BLOCK: StartgetValueL89
this.value : this.value = 0.0, 
this.id : this.id = null, 

BLOCK: BasicL90
this.value : this.value = 0.0, 
this.id : this.id = null, 

BLOCK: StartgetIDL92
this.id : this.id = null, 
this.value : this.value = 0.0, 

BLOCK: BasicL93
this.id : this.id = null, 
this.value : this.value = 0.0, 

BLOCK: StartchangeValueL95
this.value : this.value = 0.0, 
this.id : this.id = null, 

BLOCK: BasicL96
this.value : this.value = value, 
this.id : this.id = null, 

BLOCK: Startconstructor1L98
this.value : this.value = 0.0, 

BLOCK: BasicL99
this.value : this.value = value, 

BLOCK: StartevaluateL101
this.value : this.value = 0.0, 

BLOCK: BasicL102
this.value : this.value = 0.0, 

BLOCK: StarttoStringL104
this.value : this.value = 0.0, 

BLOCK: BasicL105
this.value : this.value = 0.0, 

BLOCK: Startconstructor1L0
this.rht : this.rht = null, 
this.lft : this.lft = null, 

BLOCK: Startconstructor1L0
this.rht : this.rht = null, 
this.lft : this.lft = null, 

BLOCK: BasicL1
this.rht : this.rht = rht, 
this.lft : this.lft = lft, 

BLOCK: StartevaluateL3
this.rht : this.rht = null, 
this.lft : this.lft = null, 

BLOCK: StartevaluateL3
this.rht : this.rht = null, 
this.lft : this.lft = null, 

BLOCK: BasicL4
this.rht : this.rht = null, 
this.lft : this.lft = null, 

BLOCK: StarttoStringL6
this.lft : this.lft = null, 
this.rht : this.rht = null, 

BLOCK: StarttoStringL6
this.lft : this.lft = null, 
this.rht : this.rht = null, 

BLOCK: BasicL7
this.lft : this.lft = null, 
this.rht : this.rht = null, 

BLOCK: StartmainL9

BLOCK: StartmainL9

BLOCK: BasicL10
e21 : e21 = new IdentifierExpression("b", ), 
e23 : e23 = new DivideExpression(e16, e19, ), 
e20 : e20 = new IdentifierExpression("a", ), 
e13 : e13 = new MultiplyExpression(e1, e2, ), 
e25 : e25 = new AddExpression(e13, e21, ), 
e15 : e15 = new MultiplyExpression(e2, e2, ), 
e11 : e11 = new SubtractExpression(e2, e3, ), 
e24 : e24 = new MultiplyExpression(e18, e20, ), 
e17 : e17 = new DivideExpression(e3, e2, ), 
e3 : e3 = new DoubleConstantExpression(0.0, ), 
e6 : e6 = new NegationExpression(e3, ), 
e16 : e16 = new DivideExpression(e1, e2, ), 
e26 : e26 = new DivideExpression(e17, e19, ), 
e10 : e10 = new SubtractExpression(e1, e2, ), 
e9 : e9 = new AddExpression(e3, e3, ), 
e18 : e18 = new DivideExpression(e2, e2, ), 
e27 : e27 = new SubtractExpression(e20, e19, ), 
e5 : e5 = new NegationExpression(e2, ), 
e12 : e12 = new SubtractExpression(e3, e3, ), 
e7 : e7 = new AddExpression(e1, e2, ), 
bindings : bindings = new VariableBindings(), 
e22 : e22 = new IdentifierExpression("c", ), 
e2 : e2 = new DoubleConstantExpression(-1.7, ), 
e19 : e19 = new IdentifierExpression("pi", ), 
e1 : e1 = new DoubleConstantExpression(2.5, ), 
e4 : e4 = new NegationExpression(e1, ), 
e14 : e14 = new MultiplyExpression(e2, e3, ), 
e8 : e8 = new AddExpression(e2, e3, ), 

BLOCK: Startconstructor1L12
this.rht : this.rht = null, 
this.lft : this.lft = null, 

BLOCK: Startconstructor1L12
this.rht : this.rht = null, 
this.lft : this.lft = null, 

BLOCK: BasicL13
this.rht : this.rht = rht, 
this.lft : this.lft = lft, 

BLOCK: StartevaluateL15
this.rht : this.rht = null, 
this.lft : this.lft = null, 

BLOCK: StartevaluateL15
this.rht : this.rht = null, 
this.lft : this.lft = null, 

BLOCK: BasicL16
this.rht : this.rht = null, 
this.lft : this.lft = null, 

BLOCK: StarttoStringL18
this.rht : this.rht = null, 
this.lft : this.lft = null, 

BLOCK: StarttoStringL18
this.rht : this.rht = null, 
this.lft : this.lft = null, 

BLOCK: BasicL19
this.rht : this.rht = null, 
this.lft : this.lft = null, 

BLOCK: StartaddBindingL21
this.bindings : this.bindings = new ArrayList(), 

BLOCK: StartaddBindingL21
this.bindings : this.bindings = new ArrayList(), 

BLOCK: BasicL22
newID : newID = true, 
this.bindings : this.bindings = new ArrayList(), 

BLOCK: ForInitL24
newID : newID = true, 
this.bindings : this.bindings = new ArrayList(), 
i : i = 0, 

BLOCK: ForCondL25
newID : newID = true, newID = false, 
this.bindings : this.bindings = new ArrayList(), 
i : i = i + 1, i = 0, 
@temp1 : @temp1 = i, 

BLOCK: LoopL26
newID : newID = true, newID = false, 
this.bindings : this.bindings = new ArrayList(), 
i : i = i + 1, i = 0, 
@temp1 : @temp1 = i, 

BLOCK: BasicL27
newID : newID = true, newID = false, 
this.bindings : this.bindings = new ArrayList(), 
i : i = i + 1, i = 0, 
@temp1 : @temp1 = i, 

BLOCK: trueL28
newID : newID = false, 
this.bindings : this.bindings = new ArrayList(), 
i : i = i + 1, i = 0, 
@temp1 : @temp1 = i, 

BLOCK: joinL29
newID : newID = true, newID = false, 
this.bindings : this.bindings = new ArrayList(), 
i : i = i + 1, 
@temp1 : @temp1 = i, 

BLOCK: trueL30
newID : newID = true, newID = false, 
this.bindings : this.bindings = new ArrayList(), 
i : i = i + 1, i = 0, 
@temp1 : @temp1 = i, 

BLOCK: joinL31
newID : newID = true, newID = false, 
this.bindings : this.bindings = new ArrayList(), 
i : i = i + 1, i = 0, 
@temp1 : @temp1 = i, 

BLOCK: StartlookupBindingL32
this.bindings : this.bindings = new ArrayList(), 

BLOCK: StartlookupBindingL32
this.bindings : this.bindings = new ArrayList(), 

BLOCK: BasicL33
this.bindings : this.bindings = new ArrayList(), 

BLOCK: ForInitL35
i : i = 0, 
this.bindings : this.bindings = new ArrayList(), 

BLOCK: ForCondL36
i : i = 0, i = i + 1, 
@temp2 : @temp2 = i, 
this.bindings : this.bindings = new ArrayList(), 

BLOCK: LoopL37
i : i = 0, i = i + 1, 
@temp2 : @temp2 = i, 
this.bindings : this.bindings = new ArrayList(), 

BLOCK: BasicL38
i : i = 0, i = i + 1, 
@temp2 : @temp2 = i, 
this.bindings : this.bindings = new ArrayList(), 

BLOCK: trueL39
i : i = 0, i = i + 1, 
@temp2 : @temp2 = i, 
this.bindings : this.bindings = new ArrayList(), 

BLOCK: joinL40
i : i = i + 1, 
@temp2 : @temp2 = i, 
this.bindings : this.bindings = new ArrayList(), 

BLOCK: Startconstructor1L41
this.rht : this.rht = null, 
this.lft : this.lft = null, 

BLOCK: Startconstructor1L41
this.rht : this.rht = null, 
this.lft : this.lft = null, 

BLOCK: BasicL42
this.rht : this.rht = rht, 
this.lft : this.lft = lft, 

BLOCK: StartevaluateL44
this.lft : this.lft = null, 
this.rht : this.rht = null, 

BLOCK: StartevaluateL44
this.lft : this.lft = null, 
this.rht : this.rht = null, 

BLOCK: BasicL45
this.lft : this.lft = null, 
this.rht : this.rht = null, 

BLOCK: StarttoStringL47
this.lft : this.lft = null, 
this.rht : this.rht = null, 

BLOCK: StarttoStringL47
this.lft : this.lft = null, 
this.rht : this.rht = null, 

BLOCK: BasicL48
this.lft : this.lft = null, 
this.rht : this.rht = null, 

BLOCK: Startconstructor1L50
this.identifier : this.identifier = null, 

BLOCK: Startconstructor1L50
this.identifier : this.identifier = null, 

BLOCK: BasicL51
this.identifier : this.identifier = identifier, 

BLOCK: StartevaluateL53
this.identifier : this.identifier = null, 

BLOCK: StartevaluateL53
this.identifier : this.identifier = null, 

BLOCK: BasicL54
this.identifier : this.identifier = null, 

BLOCK: StarttoStringL56
this.identifier : this.identifier = null, 

BLOCK: StarttoStringL56
this.identifier : this.identifier = null, 

BLOCK: BasicL57
this.identifier : this.identifier = null, 

BLOCK: Startconstructor1L59
this.lft : this.lft = null, 
this.rht : this.rht = null, 

BLOCK: Startconstructor1L59
this.lft : this.lft = null, 
this.rht : this.rht = null, 

BLOCK: BasicL60
this.lft : this.lft = lft, 
this.rht : this.rht = rht, 

BLOCK: StartevaluateL62
this.rht : this.rht = null, 
this.lft : this.lft = null, 

BLOCK: StartevaluateL62
this.rht : this.rht = null, 
this.lft : this.lft = null, 

BLOCK: BasicL63
this.rht : this.rht = null, 
this.lft : this.lft = null, 

BLOCK: StarttoStringL65
this.rht : this.rht = null, 
this.lft : this.lft = null, 

BLOCK: StarttoStringL65
this.rht : this.rht = null, 
this.lft : this.lft = null, 

BLOCK: BasicL66
this.rht : this.rht = null, 
this.lft : this.lft = null, 

BLOCK: Startconstructor1L68
this.id : this.id = null, 
this.e : this.e = null, 

BLOCK: Startconstructor1L68
this.id : this.id = null, 
this.e : this.e = null, 

BLOCK: BasicL69
this.id : this.id = id, 
this.e : this.e = e, 

BLOCK: StartevaluateL71
this.e : this.e = null, 
this.id : this.id = null, 

BLOCK: StartevaluateL71
this.e : this.e = null, 
this.id : this.id = null, 

BLOCK: BasicL72
value : value = evaluate(binding, ), 
this.e : this.e = null, 
this.id : this.id = null, 

BLOCK: StarttoStringL74
this.id : this.id = null, 
this.e : this.e = null, 

BLOCK: StarttoStringL74
this.id : this.id = null, 
this.e : this.e = null, 

BLOCK: BasicL75
this.id : this.id = null, 
this.e : this.e = null, 

BLOCK: Startconstructor1L77
this.e : this.e = null, 

BLOCK: Startconstructor1L77
this.e : this.e = null, 

BLOCK: BasicL78
this.e : this.e = e, 

BLOCK: StartevaluateL80
this.e : this.e = null, 

BLOCK: StartevaluateL80
this.e : this.e = null, 

BLOCK: BasicL81
this.e : this.e = null, 

BLOCK: StarttoStringL83
this.e : this.e = null, 

BLOCK: StarttoStringL83
this.e : this.e = null, 

BLOCK: BasicL84
this.e : this.e = null, 

BLOCK: Startconstructor1L86
this.id : this.id = null, 
this.value : this.value = 0.0, 

BLOCK: Startconstructor1L86
this.id : this.id = null, 
this.value : this.value = 0.0, 

BLOCK: BasicL87
this.id : this.id = id, 
this.value : this.value = value, 

BLOCK: StartgetValueL89
this.value : this.value = 0.0, 
this.id : this.id = null, 

BLOCK: StartgetValueL89
this.value : this.value = 0.0, 
this.id : this.id = null, 

BLOCK: BasicL90
this.value : this.value = 0.0, 
this.id : this.id = null, 

BLOCK: StartgetIDL92
this.id : this.id = null, 
this.value : this.value = 0.0, 

BLOCK: StartgetIDL92
this.id : this.id = null, 
this.value : this.value = 0.0, 

BLOCK: BasicL93
this.id : this.id = null, 
this.value : this.value = 0.0, 

BLOCK: StartchangeValueL95
this.value : this.value = 0.0, 
this.id : this.id = null, 

BLOCK: StartchangeValueL95
this.value : this.value = 0.0, 
this.id : this.id = null, 

BLOCK: BasicL96
this.value : this.value = value, 
this.id : this.id = null, 

BLOCK: Startconstructor1L98
this.value : this.value = 0.0, 

BLOCK: Startconstructor1L98
this.value : this.value = 0.0, 

BLOCK: BasicL99
this.value : this.value = value, 

BLOCK: StartevaluateL101
this.value : this.value = 0.0, 

BLOCK: StartevaluateL101
this.value : this.value = 0.0, 

BLOCK: BasicL102
this.value : this.value = 0.0, 

BLOCK: StarttoStringL104
this.value : this.value = 0.0, 

BLOCK: StarttoStringL104
this.value : this.value = 0.0, 

BLOCK: BasicL105
this.value : this.value = 0.0, 

Unfiltered: 1011548
Filtered: 3


Duplicate found: 102_Code/102_hw2/dir34/TestCases.java lines [5, 65] and 102_Code/102_hw2/dir34/TestCases.java lines [6, 64]
102_Code/102_hw2/dir34/TestCases.java ----------
5 :	e1 = new DoubleConstantExpression(2.5, )
7 :	e3 = new DoubleConstantExpression(0.0, )
11 :	e6 = new NegationExpression(e3, )
17 :	e7 = new AddExpression(e1, e2, )
19 :	e9 = new AddExpression(e3, e3, )
25 :	e10 = new SubtractExpression(e1, e2, )
26 :	e11 = new SubtractExpression(e2, e3, )
27 :	e12 = new SubtractExpression(e3, e3, )
34 :	e14 = new MultiplyExpression(e2, e3, )
52 :	e20 = new IdentifierExpression("a", )
53 :	e21 = new IdentifierExpression("b", )
61 :	e23 = new DivideExpression(e16, e19, )
62 :	e24 = new MultiplyExpression(e18, e20, )
65 :	e27 = new SubtractExpression(e20, e19, )
102_Code/102_hw2/dir34/TestCases.java ----------
7 :	e3 = new DoubleConstantExpression(0.0, )
6 :	e2 = new DoubleConstantExpression(-1.7, )
10 :	e5 = new NegationExpression(e2, )
19 :	e9 = new AddExpression(e3, e3, )
25 :	e10 = new SubtractExpression(e1, e2, )
27 :	e12 = new SubtractExpression(e3, e3, )
17 :	e7 = new AddExpression(e1, e2, )
35 :	e15 = new MultiplyExpression(e2, e2, )
43 :	e18 = new DivideExpression(e2, e2, )
51 :	e19 = new IdentifierExpression("pi", )
52 :	e20 = new IdentifierExpression("a", )
63 :	e25 = new AddExpression(e13, e21, )
61 :	e23 = new DivideExpression(e16, e19, )
64 :	e26 = new DivideExpression(e17, e19, )
===========================



Duplicate found: 102_Code/102_hw2/dir34/TestCases.java lines [5, 65] and 102_Code/102_hw2/dir34/TestCases.java lines [5, 64]
102_Code/102_hw2/dir34/TestCases.java ----------
5 :	e1 = new DoubleConstantExpression(2.5, )
7 :	e3 = new DoubleConstantExpression(0.0, )
11 :	e6 = new NegationExpression(e3, )
17 :	e7 = new AddExpression(e1, e2, )
19 :	e9 = new AddExpression(e3, e3, )
25 :	e10 = new SubtractExpression(e1, e2, )
27 :	e12 = new SubtractExpression(e3, e3, )
42 :	e17 = new DivideExpression(e3, e2, )
52 :	e20 = new IdentifierExpression("a", )
53 :	e21 = new IdentifierExpression("b", )
61 :	e23 = new DivideExpression(e16, e19, )
62 :	e24 = new MultiplyExpression(e18, e20, )
65 :	e27 = new SubtractExpression(e20, e19, )
102_Code/102_hw2/dir34/TestCases.java ----------
7 :	e3 = new DoubleConstantExpression(0.0, )
5 :	e1 = new DoubleConstantExpression(2.5, )
9 :	e4 = new NegationExpression(e1, )
19 :	e9 = new AddExpression(e3, e3, )
17 :	e7 = new AddExpression(e1, e2, )
27 :	e12 = new SubtractExpression(e3, e3, )
25 :	e10 = new SubtractExpression(e1, e2, )
33 :	e13 = new MultiplyExpression(e1, e2, )
51 :	e19 = new IdentifierExpression("pi", )
52 :	e20 = new IdentifierExpression("a", )
35 :	e15 = new MultiplyExpression(e2, e2, )
61 :	e23 = new DivideExpression(e16, e19, )
64 :	e26 = new DivideExpression(e17, e19, )
===========================



Duplicate found: 102_Code/102_hw2/dir34/TestCases.java lines [5, 65] and 102_Code/102_hw2/dir34/TestCases.java lines [6, 65]
102_Code/102_hw2/dir34/TestCases.java ----------
5 :	e1 = new DoubleConstantExpression(2.5, )
9 :	e4 = new NegationExpression(e1, )
19 :	e9 = new AddExpression(e3, e3, )
25 :	e10 = new SubtractExpression(e1, e2, )
27 :	e12 = new SubtractExpression(e3, e3, )
33 :	e13 = new MultiplyExpression(e1, e2, )
52 :	e20 = new IdentifierExpression("a", )
61 :	e23 = new DivideExpression(e16, e19, )
62 :	e24 = new MultiplyExpression(e18, e20, )
63 :	e25 = new AddExpression(e13, e21, )
65 :	e27 = new SubtractExpression(e20, e19, )
102_Code/102_hw2/dir34/TestCases.java ----------
6 :	e2 = new DoubleConstantExpression(-1.7, )
10 :	e5 = new NegationExpression(e2, )
27 :	e12 = new SubtractExpression(e3, e3, )
34 :	e14 = new MultiplyExpression(e2, e3, )
63 :	e25 = new AddExpression(e13, e21, )
43 :	e18 = new DivideExpression(e2, e2, )
51 :	e19 = new IdentifierExpression("pi", )
19 :	e9 = new AddExpression(e3, e3, )
65 :	e27 = new SubtractExpression(e20, e19, )
62 :	e24 = new MultiplyExpression(e18, e20, )
61 :	e23 = new DivideExpression(e16, e19, )
===========================



[INFO] ------------------------------------------------------------------------
[INFO] BUILD SUCCESS
[INFO] ------------------------------------------------------------------------
[INFO] Total time: 20:50 min
[INFO] Finished at: 2019-05-01T17:37:42-07:00
[INFO] Final Memory: 25M/1885M
[INFO] ------------------------------------------------------------------------
