[INFO] Scanning for projects...
[WARNING] 
[WARNING] Some problems were encountered while building the effective model for thesis:thesis:jar:1.0-SNAPSHOT
[WARNING] 'dependencies.dependency.version' for org.junit.jupiter:junit-jupiter-api:jar is either LATEST or RELEASE (both of them are being deprecated) @ line 25, column 22
[WARNING] 
[WARNING] It is highly recommended to fix these problems because they threaten the stability of your build.
[WARNING] 
[WARNING] For this reason, future Maven versions might no longer support building such malformed projects.
[WARNING] 
[INFO] 
[INFO] ------------------------------------------------------------------------
[INFO] Building thesis 1.0-SNAPSHOT
[INFO] ------------------------------------------------------------------------
[INFO] 
[INFO] >>> exec-maven-plugin:1.2.1:java (default-cli) > validate @ thesis >>>
[INFO] 
[INFO] <<< exec-maven-plugin:1.2.1:java (default-cli) < validate @ thesis <<<
[INFO] 
[INFO] 
[INFO] --- exec-maven-plugin:1.2.1:java (default-cli) @ thesis ---
BLOCK: Startconstructor1L0
this.radius : this.radius = 0.0, 
this.angle : this.angle = 0.0, 

BLOCK: BasicL1
this.radius : this.radius = 0.0, 
this.angle : this.angle = 0.0, 

BLOCK: LoopL3
this.radius : this.radius = 0.0, 
this.angle : this.angle = 0.0, 
a : a = a + 2 * Math.PI, 

BLOCK: BasicL4
this.radius : this.radius = 0.0, 
this.angle : this.angle = 0.0, 
a : a = a + 2 * Math.PI, 

BLOCK: trueL5
this.radius : this.radius = r, 
this.angle : this.angle = a + Math.PI, 
a : a = a + 2 * Math.PI, 

BLOCK: falseL7
this.radius : this.radius = r, 
this.angle : this.angle = a, 
a : a = a + 2 * Math.PI, 

BLOCK: joinL6
this.radius : this.radius = r, this.radius = r, 
this.angle : this.angle = a, this.angle = a + Math.PI, 
a : a = a + 2 * Math.PI, 

BLOCK: StartxCoordinateL8
this.radius : this.radius = 0.0, 
this.angle : this.angle = 0.0, 

BLOCK: BasicL9
this.radius : this.radius = 0.0, 
this.angle : this.angle = 0.0, 

BLOCK: StartyCoordinateL11
this.angle : this.angle = 0.0, 
this.radius : this.radius = 0.0, 

BLOCK: BasicL12
this.angle : this.angle = 0.0, 
this.radius : this.radius = 0.0, 

BLOCK: StartradiusL14
this.angle : this.angle = 0.0, 
this.radius : this.radius = 0.0, 

BLOCK: BasicL15
this.angle : this.angle = 0.0, 
this.radius : this.radius = 0.0, 

BLOCK: StartangleL17
this.angle : this.angle = 0.0, 
this.radius : this.radius = 0.0, 

BLOCK: BasicL18
this.angle : this.angle = 0.0, 
this.radius : this.radius = 0.0, 

BLOCK: Startrotate90L20
this.angle : this.angle = 0.0, 
this.radius : this.radius = 0.0, 

BLOCK: BasicL21
p90 : p90 = new PolarPoint(this.radius, this.angle + Math.PI / 2, ), 
this.angle : this.angle = 0.0, 
this.radius : this.radius = 0.0, 

BLOCK: StartmainL23

BLOCK: BasicL24
tempDeg : tempDeg = 0, 
distance : distance = 0.0, 
Scan : Scan = new Scanner(System.in, ), 
boo : boo = false, 
tempX : tempX = 0, 
p1 : p1 = new CartesianPoint(tempX, tempY, ), 
p2 : p2 = new CartesianPoint(tempX, tempY, ), 
tempR : tempR = 0, 
readP : readP = 0, 
tempA : tempA = 0, 
tempY : tempY = 0, 

BLOCK: ForInitL26
tempDeg : tempDeg = 0, 
distance : distance = 0.0, 
Scan : Scan = new Scanner(System.in, ), 
boo : boo = false, 
tempX : tempX = 0, 
p1 : p1 = new CartesianPoint(tempX, tempY, ), 
p2 : p2 = new CartesianPoint(tempX, tempY, ), 
tempR : tempR = 0, 
readP : readP = 0, 
i : i = 1, 
tempA : tempA = 0, 
tempY : tempY = 0, 

BLOCK: ForCondL27
distance : distance = 0.0, 
boo : boo = false, 
p1 : p1 = new CartesianPoint(tempX, tempY, ), p1 = new CartesianPoint(tempX, tempY, ), p1 = new PolarPoint(tempR, tempA, ), 
p2 : p2 = new CartesianPoint(tempX, tempY, ), p2 = new CartesianPoint(tempX, tempY, ), p2 = new PolarPoint(tempR, tempA, ), 
tempR : tempR = 0, tempR = Scan.nextDouble(), tempR = Scan.nextDouble(), 
readP : readP = 0, readP = Scan.nextInt(), 
i : i = i + 1, i = 1, 
tempY : tempY = Scan.nextDouble(), tempY = Scan.nextDouble(), tempY = 0, 
tempDeg : tempDeg = Scan.nextDouble(), tempDeg = 0, tempDeg = Scan.nextDouble(), 
Scan : Scan = new Scanner(System.in, ), 
tempX : tempX = Scan.nextDouble(), tempX = Scan.nextDouble(), tempX = 0, 
@temp1 : @temp1 = i, 
tempA : tempA = tempDeg * Math.PI / 180, tempA = 0, tempA = tempDeg * Math.PI / 180, 

BLOCK: LoopL28
distance : distance = 0.0, 
boo : boo = false, 
p1 : p1 = new CartesianPoint(tempX, tempY, ), p1 = new CartesianPoint(tempX, tempY, ), p1 = new PolarPoint(tempR, tempA, ), 
p2 : p2 = new CartesianPoint(tempX, tempY, ), p2 = new CartesianPoint(tempX, tempY, ), p2 = new PolarPoint(tempR, tempA, ), 
tempR : tempR = 0, tempR = Scan.nextDouble(), tempR = Scan.nextDouble(), 
readP : readP = Scan.nextInt(), 
i : i = i + 1, i = 1, 
tempY : tempY = Scan.nextDouble(), tempY = Scan.nextDouble(), tempY = 0, 
tempDeg : tempDeg = Scan.nextDouble(), tempDeg = 0, tempDeg = Scan.nextDouble(), 
Scan : Scan = new Scanner(System.in, ), 
tempX : tempX = Scan.nextDouble(), tempX = Scan.nextDouble(), tempX = 0, 
@temp1 : @temp1 = i, 
tempA : tempA = tempDeg * Math.PI / 180, tempA = 0, tempA = tempDeg * Math.PI / 180, 

BLOCK: BasicL29
distance : distance = distancePoints(p1, p2, ), 
boo : boo = sameQuad(p1, p2, ), 
p1 : p1 = new CartesianPoint(tempX, tempY, ), p1 = new CartesianPoint(tempX, tempY, ), p1 = new PolarPoint(tempR, tempA, ), 
p2 : p2 = new CartesianPoint(tempX, tempY, ), p2 = new CartesianPoint(tempX, tempY, ), p2 = new PolarPoint(tempR, tempA, ), 
tempR : tempR = 0, tempR = Scan.nextDouble(), tempR = Scan.nextDouble(), 
readP : readP = 0, readP = Scan.nextInt(), 
i : i = i + 1, i = 1, 
tempY : tempY = Scan.nextDouble(), tempY = Scan.nextDouble(), tempY = 0, 
tempDeg : tempDeg = Scan.nextDouble(), tempDeg = 0, tempDeg = Scan.nextDouble(), 
Scan : Scan = new Scanner(System.in, ), 
tempX : tempX = Scan.nextDouble(), tempX = Scan.nextDouble(), tempX = 0, 
@temp1 : @temp1 = i, 
tempA : tempA = tempDeg * Math.PI / 180, tempA = 0, tempA = tempDeg * Math.PI / 180, 

BLOCK: trueL30
distance : distance = 0.0, 
boo : boo = false, 
p1 : p1 = new CartesianPoint(tempX, tempY, ), p1 = new CartesianPoint(tempX, tempY, ), p1 = new PolarPoint(tempR, tempA, ), 
p2 : p2 = new CartesianPoint(tempX, tempY, ), p2 = new CartesianPoint(tempX, tempY, ), p2 = new PolarPoint(tempR, tempA, ), 
tempR : tempR = 0, tempR = Scan.nextDouble(), tempR = Scan.nextDouble(), 
readP : readP = Scan.nextInt(), 
i : i = i + 1, i = 1, 
tempY : tempY = Scan.nextDouble(), tempY = Scan.nextDouble(), tempY = 0, 
tempDeg : tempDeg = Scan.nextDouble(), tempDeg = 0, tempDeg = Scan.nextDouble(), 
Scan : Scan = new Scanner(System.in, ), 
tempX : tempX = Scan.nextDouble(), tempX = Scan.nextDouble(), tempX = 0, 
@temp1 : @temp1 = i, 
tempA : tempA = tempDeg * Math.PI / 180, tempA = 0, tempA = tempDeg * Math.PI / 180, 

BLOCK: trueL32
distance : distance = 0.0, 
boo : boo = false, 
p1 : p1 = new CartesianPoint(tempX, tempY, ), 
p2 : p2 = new CartesianPoint(tempX, tempY, ), p2 = new CartesianPoint(tempX, tempY, ), p2 = new PolarPoint(tempR, tempA, ), 
tempR : tempR = 0, tempR = Scan.nextDouble(), tempR = Scan.nextDouble(), 
readP : readP = Scan.nextInt(), 
tempY : tempY = Scan.nextDouble(), 
i : i = i + 1, i = 1, 
tempDeg : tempDeg = Scan.nextDouble(), tempDeg = 0, tempDeg = Scan.nextDouble(), 
Scan : Scan = new Scanner(System.in, ), 
tempX : tempX = Scan.nextDouble(), 
@temp1 : @temp1 = i, 
tempA : tempA = tempDeg * Math.PI / 180, tempA = 0, tempA = tempDeg * Math.PI / 180, 

BLOCK: joinL33
distance : distance = 0.0, 
boo : boo = false, 
p1 : p1 = new CartesianPoint(tempX, tempY, ), p1 = new CartesianPoint(tempX, tempY, ), p1 = new PolarPoint(tempR, tempA, ), 
p2 : p2 = new CartesianPoint(tempX, tempY, ), p2 = new CartesianPoint(tempX, tempY, ), p2 = new PolarPoint(tempR, tempA, ), 
tempR : tempR = 0, tempR = Scan.nextDouble(), tempR = Scan.nextDouble(), 
readP : readP = Scan.nextInt(), 
tempY : tempY = Scan.nextDouble(), tempY = Scan.nextDouble(), tempY = 0, 
i : i = i + 1, i = 1, 
tempDeg : tempDeg = Scan.nextDouble(), tempDeg = 0, tempDeg = Scan.nextDouble(), 
Scan : Scan = new Scanner(System.in, ), 
tempX : tempX = Scan.nextDouble(), tempX = Scan.nextDouble(), tempX = 0, 
@temp1 : @temp1 = i, 
tempA : tempA = tempDeg * Math.PI / 180, tempA = 0, tempA = tempDeg * Math.PI / 180, 

BLOCK: trueL34
distance : distance = 0.0, 
boo : boo = false, 
p1 : p1 = new CartesianPoint(tempX, tempY, ), p1 = new CartesianPoint(tempX, tempY, ), p1 = new PolarPoint(tempR, tempA, ), 
p2 : p2 = new CartesianPoint(tempX, tempY, ), 
tempR : tempR = 0, tempR = Scan.nextDouble(), tempR = Scan.nextDouble(), 
readP : readP = Scan.nextInt(), 
tempY : tempY = Scan.nextDouble(), 
i : i = i + 1, i = 1, 
tempDeg : tempDeg = Scan.nextDouble(), tempDeg = 0, tempDeg = Scan.nextDouble(), 
Scan : Scan = new Scanner(System.in, ), 
tempX : tempX = Scan.nextDouble(), 
@temp1 : @temp1 = i, 
tempA : tempA = tempDeg * Math.PI / 180, tempA = 0, tempA = tempDeg * Math.PI / 180, 

BLOCK: joinL35
distance : distance = 0.0, 
boo : boo = false, 
p1 : p1 = new CartesianPoint(tempX, tempY, ), p1 = new CartesianPoint(tempX, tempY, ), p1 = new PolarPoint(tempR, tempA, ), 
p2 : p2 = new CartesianPoint(tempX, tempY, ), p2 = new CartesianPoint(tempX, tempY, ), p2 = new PolarPoint(tempR, tempA, ), 
tempR : tempR = 0, tempR = Scan.nextDouble(), tempR = Scan.nextDouble(), 
readP : readP = Scan.nextInt(), 
tempY : tempY = Scan.nextDouble(), tempY = Scan.nextDouble(), tempY = 0, 
i : i = i + 1, i = 1, 
tempDeg : tempDeg = Scan.nextDouble(), tempDeg = 0, tempDeg = Scan.nextDouble(), 
Scan : Scan = new Scanner(System.in, ), 
tempX : tempX = Scan.nextDouble(), tempX = Scan.nextDouble(), tempX = 0, 
@temp1 : @temp1 = i, 
tempA : tempA = tempDeg * Math.PI / 180, tempA = 0, tempA = tempDeg * Math.PI / 180, 

BLOCK: falseL36
distance : distance = 0.0, 
boo : boo = false, 
p1 : p1 = new CartesianPoint(tempX, tempY, ), p1 = new CartesianPoint(tempX, tempY, ), p1 = new PolarPoint(tempR, tempA, ), 
p2 : p2 = new CartesianPoint(tempX, tempY, ), p2 = new CartesianPoint(tempX, tempY, ), p2 = new PolarPoint(tempR, tempA, ), 
tempR : tempR = 0, tempR = Scan.nextDouble(), tempR = Scan.nextDouble(), 
readP : readP = Scan.nextInt(), 
i : i = i + 1, i = 1, 
tempY : tempY = Scan.nextDouble(), tempY = Scan.nextDouble(), tempY = 0, 
tempDeg : tempDeg = Scan.nextDouble(), tempDeg = 0, tempDeg = Scan.nextDouble(), 
Scan : Scan = new Scanner(System.in, ), 
tempX : tempX = Scan.nextDouble(), tempX = Scan.nextDouble(), tempX = 0, 
@temp1 : @temp1 = i, 
tempA : tempA = tempDeg * Math.PI / 180, tempA = 0, tempA = tempDeg * Math.PI / 180, 

BLOCK: trueL37
distance : distance = 0.0, 
boo : boo = false, 
p1 : p1 = new CartesianPoint(tempX, tempY, ), p1 = new CartesianPoint(tempX, tempY, ), p1 = new PolarPoint(tempR, tempA, ), 
p2 : p2 = new CartesianPoint(tempX, tempY, ), p2 = new CartesianPoint(tempX, tempY, ), p2 = new PolarPoint(tempR, tempA, ), 
tempR : tempR = 0, tempR = Scan.nextDouble(), tempR = Scan.nextDouble(), 
readP : readP = Scan.nextInt(), 
i : i = i + 1, i = 1, 
tempY : tempY = Scan.nextDouble(), tempY = Scan.nextDouble(), tempY = 0, 
tempDeg : tempDeg = Scan.nextDouble(), tempDeg = 0, tempDeg = Scan.nextDouble(), 
Scan : Scan = new Scanner(System.in, ), 
tempX : tempX = Scan.nextDouble(), tempX = Scan.nextDouble(), tempX = 0, 
@temp1 : @temp1 = i, 
tempA : tempA = tempDeg * Math.PI / 180, tempA = 0, tempA = tempDeg * Math.PI / 180, 

BLOCK: trueL39
distance : distance = 0.0, 
boo : boo = false, 
p1 : p1 = new PolarPoint(tempR, tempA, ), 
tempR : tempR = Scan.nextDouble(), 
p2 : p2 = new CartesianPoint(tempX, tempY, ), p2 = new CartesianPoint(tempX, tempY, ), p2 = new PolarPoint(tempR, tempA, ), 
readP : readP = Scan.nextInt(), 
i : i = i + 1, i = 1, 
tempY : tempY = Scan.nextDouble(), tempY = Scan.nextDouble(), tempY = 0, 
tempDeg : tempDeg = Scan.nextDouble(), 
Scan : Scan = new Scanner(System.in, ), 
tempX : tempX = Scan.nextDouble(), tempX = Scan.nextDouble(), tempX = 0, 
@temp1 : @temp1 = i, 
tempA : tempA = tempDeg * Math.PI / 180, 

BLOCK: joinL40
distance : distance = 0.0, 
boo : boo = false, 
p1 : p1 = new CartesianPoint(tempX, tempY, ), p1 = new PolarPoint(tempR, tempA, ), p1 = new CartesianPoint(tempX, tempY, ), 
tempR : tempR = 0, tempR = Scan.nextDouble(), tempR = Scan.nextDouble(), 
p2 : p2 = new CartesianPoint(tempX, tempY, ), p2 = new CartesianPoint(tempX, tempY, ), p2 = new PolarPoint(tempR, tempA, ), 
readP : readP = Scan.nextInt(), 
i : i = i + 1, i = 1, 
tempY : tempY = Scan.nextDouble(), tempY = Scan.nextDouble(), tempY = 0, 
tempDeg : tempDeg = Scan.nextDouble(), tempDeg = 0, tempDeg = Scan.nextDouble(), 
Scan : Scan = new Scanner(System.in, ), 
tempX : tempX = Scan.nextDouble(), tempX = Scan.nextDouble(), tempX = 0, 
@temp1 : @temp1 = i, 
tempA : tempA = tempDeg * Math.PI / 180, tempA = 0, tempA = tempDeg * Math.PI / 180, 

BLOCK: trueL41
distance : distance = 0.0, 
boo : boo = false, 
p1 : p1 = new CartesianPoint(tempX, tempY, ), p1 = new PolarPoint(tempR, tempA, ), p1 = new CartesianPoint(tempX, tempY, ), 
p2 : p2 = new PolarPoint(tempR, tempA, ), 
tempR : tempR = Scan.nextDouble(), 
readP : readP = Scan.nextInt(), 
i : i = i + 1, i = 1, 
tempY : tempY = Scan.nextDouble(), tempY = Scan.nextDouble(), tempY = 0, 
tempDeg : tempDeg = Scan.nextDouble(), 
Scan : Scan = new Scanner(System.in, ), 
tempX : tempX = Scan.nextDouble(), tempX = Scan.nextDouble(), tempX = 0, 
@temp1 : @temp1 = i, 
tempA : tempA = tempDeg * Math.PI / 180, 

BLOCK: joinL42
distance : distance = 0.0, 
boo : boo = false, 
p1 : p1 = new CartesianPoint(tempX, tempY, ), p1 = new PolarPoint(tempR, tempA, ), p1 = new CartesianPoint(tempX, tempY, ), 
p2 : p2 = new CartesianPoint(tempX, tempY, ), p2 = new CartesianPoint(tempX, tempY, ), p2 = new PolarPoint(tempR, tempA, ), 
tempR : tempR = 0, tempR = Scan.nextDouble(), tempR = Scan.nextDouble(), 
readP : readP = Scan.nextInt(), 
i : i = i + 1, i = 1, 
tempY : tempY = Scan.nextDouble(), tempY = Scan.nextDouble(), tempY = 0, 
tempDeg : tempDeg = Scan.nextDouble(), tempDeg = Scan.nextDouble(), tempDeg = 0, 
Scan : Scan = new Scanner(System.in, ), 
tempX : tempX = Scan.nextDouble(), tempX = Scan.nextDouble(), tempX = 0, 
@temp1 : @temp1 = i, 
tempA : tempA = tempDeg * Math.PI / 180, tempA = 0, tempA = tempDeg * Math.PI / 180, 

BLOCK: falseL43
distance : distance = 0.0, 
boo : boo = false, 
p1 : p1 = new CartesianPoint(tempX, tempY, ), p1 = new CartesianPoint(tempX, tempY, ), p1 = new PolarPoint(tempR, tempA, ), 
p2 : p2 = new CartesianPoint(tempX, tempY, ), p2 = new CartesianPoint(tempX, tempY, ), p2 = new PolarPoint(tempR, tempA, ), 
tempR : tempR = 0, tempR = Scan.nextDouble(), tempR = Scan.nextDouble(), 
readP : readP = Scan.nextInt(), 
i : i = i + 1, i = 1, 
tempY : tempY = Scan.nextDouble(), tempY = Scan.nextDouble(), tempY = 0, 
tempDeg : tempDeg = Scan.nextDouble(), tempDeg = 0, tempDeg = Scan.nextDouble(), 
Scan : Scan = new Scanner(System.in, ), 
tempX : tempX = Scan.nextDouble(), tempX = Scan.nextDouble(), tempX = 0, 
@temp1 : @temp1 = i, 
tempA : tempA = tempDeg * Math.PI / 180, tempA = 0, tempA = tempDeg * Math.PI / 180, 

BLOCK: joinL38
distance : distance = 0.0, 
boo : boo = false, 
p1 : p1 = new CartesianPoint(tempX, tempY, ), p1 = new PolarPoint(tempR, tempA, ), p1 = new CartesianPoint(tempX, tempY, ), 
p2 : p2 = new CartesianPoint(tempX, tempY, ), p2 = new CartesianPoint(tempX, tempY, ), p2 = new PolarPoint(tempR, tempA, ), 
tempR : tempR = 0, tempR = Scan.nextDouble(), tempR = Scan.nextDouble(), 
readP : readP = Scan.nextInt(), 
i : i = i + 1, i = 1, 
tempY : tempY = Scan.nextDouble(), tempY = Scan.nextDouble(), tempY = 0, 
tempDeg : tempDeg = Scan.nextDouble(), tempDeg = Scan.nextDouble(), tempDeg = 0, 
Scan : Scan = new Scanner(System.in, ), 
tempX : tempX = Scan.nextDouble(), tempX = Scan.nextDouble(), tempX = 0, 
@temp1 : @temp1 = i, 
tempA : tempA = tempDeg * Math.PI / 180, tempA = 0, tempA = tempDeg * Math.PI / 180, 

BLOCK: joinL31
distance : distance = 0.0, 
boo : boo = false, 
p1 : p1 = new CartesianPoint(tempX, tempY, ), p1 = new CartesianPoint(tempX, tempY, ), p1 = new PolarPoint(tempR, tempA, ), 
p2 : p2 = new CartesianPoint(tempX, tempY, ), p2 = new CartesianPoint(tempX, tempY, ), p2 = new PolarPoint(tempR, tempA, ), 
tempR : tempR = 0, tempR = Scan.nextDouble(), tempR = Scan.nextDouble(), 
readP : readP = Scan.nextInt(), 
i : i = i + 1, 
tempY : tempY = Scan.nextDouble(), tempY = Scan.nextDouble(), tempY = 0, 
tempDeg : tempDeg = Scan.nextDouble(), tempDeg = 0, tempDeg = Scan.nextDouble(), 
Scan : Scan = new Scanner(System.in, ), 
tempX : tempX = Scan.nextDouble(), tempX = Scan.nextDouble(), tempX = 0, 
@temp1 : @temp1 = i, 
tempA : tempA = tempDeg * Math.PI / 180, tempA = 0, tempA = tempDeg * Math.PI / 180, 

BLOCK: trueL44
distance : distance = distancePoints(p1, p2, ), 
boo : boo = sameQuad(p1, p2, ), 
p1 : p1 = new CartesianPoint(tempX, tempY, ), p1 = new CartesianPoint(tempX, tempY, ), p1 = new PolarPoint(tempR, tempA, ), 
p2 : p2 = new CartesianPoint(tempX, tempY, ), p2 = new CartesianPoint(tempX, tempY, ), p2 = new PolarPoint(tempR, tempA, ), 
tempR : tempR = 0, tempR = Scan.nextDouble(), tempR = Scan.nextDouble(), 
readP : readP = 0, readP = Scan.nextInt(), 
i : i = i + 1, i = 1, 
tempY : tempY = Scan.nextDouble(), tempY = Scan.nextDouble(), tempY = 0, 
tempDeg : tempDeg = Scan.nextDouble(), tempDeg = 0, tempDeg = Scan.nextDouble(), 
Scan : Scan = new Scanner(System.in, ), 
tempX : tempX = Scan.nextDouble(), tempX = Scan.nextDouble(), tempX = 0, 
@temp1 : @temp1 = i, 
tempA : tempA = tempDeg * Math.PI / 180, tempA = 0, tempA = tempDeg * Math.PI / 180, 

BLOCK: joinL45
distance : distance = distancePoints(p1, p2, ), 
boo : boo = sameQuad(p1, p2, ), 
p1 : p1 = new CartesianPoint(tempX, tempY, ), p1 = new CartesianPoint(tempX, tempY, ), p1 = new PolarPoint(tempR, tempA, ), 
p2 : p2 = new CartesianPoint(tempX, tempY, ), p2 = new CartesianPoint(tempX, tempY, ), p2 = new PolarPoint(tempR, tempA, ), 
tempR : tempR = 0, tempR = Scan.nextDouble(), tempR = Scan.nextDouble(), 
readP : readP = 0, readP = Scan.nextInt(), 
i : i = i + 1, i = 1, 
tempY : tempY = Scan.nextDouble(), tempY = Scan.nextDouble(), tempY = 0, 
tempDeg : tempDeg = Scan.nextDouble(), tempDeg = 0, tempDeg = Scan.nextDouble(), 
Scan : Scan = new Scanner(System.in, ), 
tempX : tempX = Scan.nextDouble(), tempX = Scan.nextDouble(), tempX = 0, 
@temp1 : @temp1 = i, 
tempA : tempA = tempDeg * Math.PI / 180, tempA = 0, tempA = tempDeg * Math.PI / 180, 

BLOCK: trueL46
distance : distance = distancePoints(p1, p2, ), 
boo : boo = sameQuad(p1, p2, ), 
p1 : p1 = new CartesianPoint(tempX, tempY, ), p1 = new CartesianPoint(tempX, tempY, ), p1 = new PolarPoint(tempR, tempA, ), 
p2 : p2 = new CartesianPoint(tempX, tempY, ), p2 = new CartesianPoint(tempX, tempY, ), p2 = new PolarPoint(tempR, tempA, ), 
tempR : tempR = 0, tempR = Scan.nextDouble(), tempR = Scan.nextDouble(), 
readP : readP = 0, readP = Scan.nextInt(), 
i : i = i + 1, i = 1, 
tempY : tempY = Scan.nextDouble(), tempY = Scan.nextDouble(), tempY = 0, 
tempDeg : tempDeg = Scan.nextDouble(), tempDeg = 0, tempDeg = Scan.nextDouble(), 
Scan : Scan = new Scanner(System.in, ), 
tempX : tempX = Scan.nextDouble(), tempX = Scan.nextDouble(), tempX = 0, 
@temp1 : @temp1 = i, 
tempA : tempA = tempDeg * Math.PI / 180, tempA = 0, tempA = tempDeg * Math.PI / 180, 

BLOCK: joinL47
distance : distance = distancePoints(p1, p2, ), 
boo : boo = sameQuad(p1, p2, ), 
p1 : p1 = new CartesianPoint(tempX, tempY, ), p1 = new CartesianPoint(tempX, tempY, ), p1 = new PolarPoint(tempR, tempA, ), 
p2 : p2 = new CartesianPoint(tempX, tempY, ), p2 = new CartesianPoint(tempX, tempY, ), p2 = new PolarPoint(tempR, tempA, ), 
tempR : tempR = 0, tempR = Scan.nextDouble(), tempR = Scan.nextDouble(), 
readP : readP = 0, readP = Scan.nextInt(), 
i : i = i + 1, i = 1, 
tempY : tempY = Scan.nextDouble(), tempY = Scan.nextDouble(), tempY = 0, 
tempDeg : tempDeg = Scan.nextDouble(), tempDeg = 0, tempDeg = Scan.nextDouble(), 
Scan : Scan = new Scanner(System.in, ), 
tempX : tempX = Scan.nextDouble(), tempX = Scan.nextDouble(), tempX = 0, 
@temp1 : @temp1 = i, 
tempA : tempA = tempDeg * Math.PI / 180, tempA = 0, tempA = tempDeg * Math.PI / 180, 

BLOCK: StartdistancePointsL48

BLOCK: BasicL49

BLOCK: StartsameQuadL51

BLOCK: BasicL52

BLOCK: trueL54

BLOCK: joinL55

BLOCK: trueL56

BLOCK: joinL57

BLOCK: trueL58

BLOCK: joinL59

BLOCK: trueL60

BLOCK: falseL62

BLOCK: joinL61

BLOCK: StartmainL63

BLOCK: BasicL64
p3 : p3 = new PolarPoint(1, Math.PI / 2, ), 
p6 : p6 = p5.rotate90(), 
p4 : p4 = p3.rotate90(), 
p5 : p5 = new PolarPoint(5, Math.PI, ), 
p2 : p2 = p1.rotate90(), 
p1 : p1 = new PolarPoint(3, Math.PI / 4, ), 

BLOCK: Startconstructor1L66
this.x : this.x = 0.0, 
this.y : this.y = 0.0, 

BLOCK: BasicL67
this.x : this.x = xCoord, 
this.y : this.y = yCoord, 

BLOCK: StartxCoordinateL69
this.y : this.y = 0.0, 
this.x : this.x = 0.0, 

BLOCK: BasicL70
this.y : this.y = 0.0, 
this.x : this.x = 0.0, 

BLOCK: StartyCoordinateL72
this.y : this.y = 0.0, 
this.x : this.x = 0.0, 

BLOCK: BasicL73
this.y : this.y = 0.0, 
this.x : this.x = 0.0, 

BLOCK: StartradiusL75
this.y : this.y = 0.0, 
this.x : this.x = 0.0, 

BLOCK: BasicL76
this.y : this.y = 0.0, 
this.x : this.x = 0.0, 

BLOCK: StartangleL78
this.x : this.x = 0.0, 
this.y : this.y = 0.0, 

BLOCK: BasicL79
this.x : this.x = 0.0, 
this.y : this.y = 0.0, 

BLOCK: Startrotate90L81
this.y : this.y = 0.0, 
this.x : this.x = 0.0, 

BLOCK: BasicL82
p90 : p90 = new CartesianPoint(-this.y, this.x, ), 
this.y : this.y = 0.0, 
this.x : this.x = 0.0, 

BLOCK: StartmainL84

BLOCK: BasicL85
p1 : p1 = new CartesianPoint(3, 5, ), 
p6 : p6 = p5.rotate90(), 
p4 : p4 = p3.rotate90(), 
p5 : p5 = new CartesianPoint(-2, -4, ), 
p3 : p3 = new CartesianPoint(5, 7, ), 
p2 : p2 = p1.rotate90(), 

BLOCK: Startconstructor1L0
this.radius : this.radius = 0.0, 
this.angle : this.angle = 0.0, 

BLOCK: Startconstructor1L0
this.radius : this.radius = 0.0, 
this.angle : this.angle = 0.0, 

BLOCK: BasicL1
this.radius : this.radius = 0.0, 
this.angle : this.angle = 0.0, 

BLOCK: LoopL3
this.radius : this.radius = 0.0, 
this.angle : this.angle = 0.0, 
a : a = a + 2 * Math.PI, 

BLOCK: BasicL4
this.radius : this.radius = 0.0, 
this.angle : this.angle = 0.0, 
a : a = a + 2 * Math.PI, 

BLOCK: trueL5
this.radius : this.radius = r, 
this.angle : this.angle = a + Math.PI, 
a : a = a + 2 * Math.PI, 

BLOCK: falseL7
this.radius : this.radius = r, 
this.angle : this.angle = a, 
a : a = a + 2 * Math.PI, 

BLOCK: joinL6
this.radius : this.radius = r, this.radius = r, 
this.angle : this.angle = a, this.angle = a + Math.PI, 
a : a = a + 2 * Math.PI, 

BLOCK: StartxCoordinateL8
this.radius : this.radius = 0.0, 
this.angle : this.angle = 0.0, 

BLOCK: StartxCoordinateL8
this.radius : this.radius = 0.0, 
this.angle : this.angle = 0.0, 

BLOCK: BasicL9
this.radius : this.radius = 0.0, 
this.angle : this.angle = 0.0, 

BLOCK: StartyCoordinateL11
this.angle : this.angle = 0.0, 
this.radius : this.radius = 0.0, 

BLOCK: StartyCoordinateL11
this.angle : this.angle = 0.0, 
this.radius : this.radius = 0.0, 

BLOCK: BasicL12
this.angle : this.angle = 0.0, 
this.radius : this.radius = 0.0, 

BLOCK: StartradiusL14
this.angle : this.angle = 0.0, 
this.radius : this.radius = 0.0, 

BLOCK: StartradiusL14
this.angle : this.angle = 0.0, 
this.radius : this.radius = 0.0, 

BLOCK: BasicL15
this.angle : this.angle = 0.0, 
this.radius : this.radius = 0.0, 

BLOCK: StartangleL17
this.angle : this.angle = 0.0, 
this.radius : this.radius = 0.0, 

BLOCK: StartangleL17
this.angle : this.angle = 0.0, 
this.radius : this.radius = 0.0, 

BLOCK: BasicL18
this.angle : this.angle = 0.0, 
this.radius : this.radius = 0.0, 

BLOCK: Startrotate90L20
this.angle : this.angle = 0.0, 
this.radius : this.radius = 0.0, 

BLOCK: Startrotate90L20
this.angle : this.angle = 0.0, 
this.radius : this.radius = 0.0, 

BLOCK: BasicL21
p90 : p90 = new PolarPoint(this.radius, this.angle + Math.PI / 2, ), 
this.angle : this.angle = 0.0, 
this.radius : this.radius = 0.0, 

BLOCK: StartmainL23

BLOCK: StartmainL23

BLOCK: BasicL24
tempDeg : tempDeg = 0, 
distance : distance = 0.0, 
Scan : Scan = new Scanner(System.in, ), 
boo : boo = false, 
tempX : tempX = 0, 
p1 : p1 = new CartesianPoint(tempX, tempY, ), 
p2 : p2 = new CartesianPoint(tempX, tempY, ), 
tempR : tempR = 0, 
readP : readP = 0, 
tempA : tempA = 0, 
tempY : tempY = 0, 

BLOCK: ForInitL26
tempDeg : tempDeg = 0, 
distance : distance = 0.0, 
Scan : Scan = new Scanner(System.in, ), 
boo : boo = false, 
tempX : tempX = 0, 
p1 : p1 = new CartesianPoint(tempX, tempY, ), 
p2 : p2 = new CartesianPoint(tempX, tempY, ), 
tempR : tempR = 0, 
readP : readP = 0, 
i : i = 1, 
tempA : tempA = 0, 
tempY : tempY = 0, 

BLOCK: ForCondL27
distance : distance = 0.0, 
boo : boo = false, 
p1 : p1 = new CartesianPoint(tempX, tempY, ), p1 = new CartesianPoint(tempX, tempY, ), p1 = new PolarPoint(tempR, tempA, ), 
p2 : p2 = new CartesianPoint(tempX, tempY, ), p2 = new CartesianPoint(tempX, tempY, ), p2 = new PolarPoint(tempR, tempA, ), 
tempR : tempR = 0, tempR = Scan.nextDouble(), tempR = Scan.nextDouble(), 
readP : readP = 0, readP = Scan.nextInt(), 
i : i = i + 1, i = 1, 
tempY : tempY = Scan.nextDouble(), tempY = Scan.nextDouble(), tempY = 0, 
tempDeg : tempDeg = Scan.nextDouble(), tempDeg = 0, tempDeg = Scan.nextDouble(), 
Scan : Scan = new Scanner(System.in, ), 
tempX : tempX = Scan.nextDouble(), tempX = Scan.nextDouble(), tempX = 0, 
@temp1 : @temp1 = i, 
tempA : tempA = tempDeg * Math.PI / 180, tempA = 0, tempA = tempDeg * Math.PI / 180, 

BLOCK: LoopL28
distance : distance = 0.0, 
boo : boo = false, 
p1 : p1 = new CartesianPoint(tempX, tempY, ), p1 = new CartesianPoint(tempX, tempY, ), p1 = new PolarPoint(tempR, tempA, ), 
p2 : p2 = new CartesianPoint(tempX, tempY, ), p2 = new CartesianPoint(tempX, tempY, ), p2 = new PolarPoint(tempR, tempA, ), 
tempR : tempR = 0, tempR = Scan.nextDouble(), tempR = Scan.nextDouble(), 
readP : readP = Scan.nextInt(), 
i : i = i + 1, i = 1, 
tempY : tempY = Scan.nextDouble(), tempY = Scan.nextDouble(), tempY = 0, 
tempDeg : tempDeg = Scan.nextDouble(), tempDeg = 0, tempDeg = Scan.nextDouble(), 
Scan : Scan = new Scanner(System.in, ), 
tempX : tempX = Scan.nextDouble(), tempX = Scan.nextDouble(), tempX = 0, 
@temp1 : @temp1 = i, 
tempA : tempA = tempDeg * Math.PI / 180, tempA = 0, tempA = tempDeg * Math.PI / 180, 

BLOCK: BasicL29
distance : distance = distancePoints(p1, p2, ), 
boo : boo = sameQuad(p1, p2, ), 
p1 : p1 = new CartesianPoint(tempX, tempY, ), p1 = new CartesianPoint(tempX, tempY, ), p1 = new PolarPoint(tempR, tempA, ), 
p2 : p2 = new CartesianPoint(tempX, tempY, ), p2 = new CartesianPoint(tempX, tempY, ), p2 = new PolarPoint(tempR, tempA, ), 
tempR : tempR = 0, tempR = Scan.nextDouble(), tempR = Scan.nextDouble(), 
readP : readP = 0, readP = Scan.nextInt(), 
i : i = i + 1, i = 1, 
tempY : tempY = Scan.nextDouble(), tempY = Scan.nextDouble(), tempY = 0, 
tempDeg : tempDeg = Scan.nextDouble(), tempDeg = 0, tempDeg = Scan.nextDouble(), 
Scan : Scan = new Scanner(System.in, ), 
tempX : tempX = Scan.nextDouble(), tempX = Scan.nextDouble(), tempX = 0, 
@temp1 : @temp1 = i, 
tempA : tempA = tempDeg * Math.PI / 180, tempA = 0, tempA = tempDeg * Math.PI / 180, 

BLOCK: trueL30
distance : distance = 0.0, 
boo : boo = false, 
p1 : p1 = new CartesianPoint(tempX, tempY, ), p1 = new CartesianPoint(tempX, tempY, ), p1 = new PolarPoint(tempR, tempA, ), 
p2 : p2 = new CartesianPoint(tempX, tempY, ), p2 = new CartesianPoint(tempX, tempY, ), p2 = new PolarPoint(tempR, tempA, ), 
tempR : tempR = 0, tempR = Scan.nextDouble(), tempR = Scan.nextDouble(), 
readP : readP = Scan.nextInt(), 
i : i = i + 1, i = 1, 
tempY : tempY = Scan.nextDouble(), tempY = Scan.nextDouble(), tempY = 0, 
tempDeg : tempDeg = Scan.nextDouble(), tempDeg = 0, tempDeg = Scan.nextDouble(), 
Scan : Scan = new Scanner(System.in, ), 
tempX : tempX = Scan.nextDouble(), tempX = Scan.nextDouble(), tempX = 0, 
@temp1 : @temp1 = i, 
tempA : tempA = tempDeg * Math.PI / 180, tempA = 0, tempA = tempDeg * Math.PI / 180, 

BLOCK: trueL32
distance : distance = 0.0, 
boo : boo = false, 
p1 : p1 = new CartesianPoint(tempX, tempY, ), 
p2 : p2 = new CartesianPoint(tempX, tempY, ), p2 = new CartesianPoint(tempX, tempY, ), p2 = new PolarPoint(tempR, tempA, ), 
tempR : tempR = 0, tempR = Scan.nextDouble(), tempR = Scan.nextDouble(), 
readP : readP = Scan.nextInt(), 
tempY : tempY = Scan.nextDouble(), 
i : i = i + 1, i = 1, 
tempDeg : tempDeg = Scan.nextDouble(), tempDeg = 0, tempDeg = Scan.nextDouble(), 
Scan : Scan = new Scanner(System.in, ), 
tempX : tempX = Scan.nextDouble(), 
@temp1 : @temp1 = i, 
tempA : tempA = tempDeg * Math.PI / 180, tempA = 0, tempA = tempDeg * Math.PI / 180, 

BLOCK: joinL33
distance : distance = 0.0, 
boo : boo = false, 
p1 : p1 = new CartesianPoint(tempX, tempY, ), p1 = new CartesianPoint(tempX, tempY, ), p1 = new PolarPoint(tempR, tempA, ), 
p2 : p2 = new CartesianPoint(tempX, tempY, ), p2 = new CartesianPoint(tempX, tempY, ), p2 = new PolarPoint(tempR, tempA, ), 
tempR : tempR = 0, tempR = Scan.nextDouble(), tempR = Scan.nextDouble(), 
readP : readP = Scan.nextInt(), 
tempY : tempY = Scan.nextDouble(), tempY = Scan.nextDouble(), tempY = 0, 
i : i = i + 1, i = 1, 
tempDeg : tempDeg = Scan.nextDouble(), tempDeg = 0, tempDeg = Scan.nextDouble(), 
Scan : Scan = new Scanner(System.in, ), 
tempX : tempX = Scan.nextDouble(), tempX = Scan.nextDouble(), tempX = 0, 
@temp1 : @temp1 = i, 
tempA : tempA = tempDeg * Math.PI / 180, tempA = 0, tempA = tempDeg * Math.PI / 180, 

BLOCK: trueL34
distance : distance = 0.0, 
boo : boo = false, 
p1 : p1 = new CartesianPoint(tempX, tempY, ), p1 = new CartesianPoint(tempX, tempY, ), p1 = new PolarPoint(tempR, tempA, ), 
p2 : p2 = new CartesianPoint(tempX, tempY, ), 
tempR : tempR = 0, tempR = Scan.nextDouble(), tempR = Scan.nextDouble(), 
readP : readP = Scan.nextInt(), 
tempY : tempY = Scan.nextDouble(), 
i : i = i + 1, i = 1, 
tempDeg : tempDeg = Scan.nextDouble(), tempDeg = 0, tempDeg = Scan.nextDouble(), 
Scan : Scan = new Scanner(System.in, ), 
tempX : tempX = Scan.nextDouble(), 
@temp1 : @temp1 = i, 
tempA : tempA = tempDeg * Math.PI / 180, tempA = 0, tempA = tempDeg * Math.PI / 180, 

BLOCK: joinL35
distance : distance = 0.0, 
boo : boo = false, 
p1 : p1 = new CartesianPoint(tempX, tempY, ), p1 = new CartesianPoint(tempX, tempY, ), p1 = new PolarPoint(tempR, tempA, ), 
p2 : p2 = new CartesianPoint(tempX, tempY, ), p2 = new CartesianPoint(tempX, tempY, ), p2 = new PolarPoint(tempR, tempA, ), 
tempR : tempR = 0, tempR = Scan.nextDouble(), tempR = Scan.nextDouble(), 
readP : readP = Scan.nextInt(), 
tempY : tempY = Scan.nextDouble(), tempY = Scan.nextDouble(), tempY = 0, 
i : i = i + 1, i = 1, 
tempDeg : tempDeg = Scan.nextDouble(), tempDeg = 0, tempDeg = Scan.nextDouble(), 
Scan : Scan = new Scanner(System.in, ), 
tempX : tempX = Scan.nextDouble(), tempX = Scan.nextDouble(), tempX = 0, 
@temp1 : @temp1 = i, 
tempA : tempA = tempDeg * Math.PI / 180, tempA = 0, tempA = tempDeg * Math.PI / 180, 

BLOCK: falseL36
distance : distance = 0.0, 
boo : boo = false, 
p1 : p1 = new CartesianPoint(tempX, tempY, ), p1 = new CartesianPoint(tempX, tempY, ), p1 = new PolarPoint(tempR, tempA, ), 
p2 : p2 = new CartesianPoint(tempX, tempY, ), p2 = new CartesianPoint(tempX, tempY, ), p2 = new PolarPoint(tempR, tempA, ), 
tempR : tempR = 0, tempR = Scan.nextDouble(), tempR = Scan.nextDouble(), 
readP : readP = Scan.nextInt(), 
i : i = i + 1, i = 1, 
tempY : tempY = Scan.nextDouble(), tempY = Scan.nextDouble(), tempY = 0, 
tempDeg : tempDeg = Scan.nextDouble(), tempDeg = 0, tempDeg = Scan.nextDouble(), 
Scan : Scan = new Scanner(System.in, ), 
tempX : tempX = Scan.nextDouble(), tempX = Scan.nextDouble(), tempX = 0, 
@temp1 : @temp1 = i, 
tempA : tempA = tempDeg * Math.PI / 180, tempA = 0, tempA = tempDeg * Math.PI / 180, 

BLOCK: trueL37
distance : distance = 0.0, 
boo : boo = false, 
p1 : p1 = new CartesianPoint(tempX, tempY, ), p1 = new CartesianPoint(tempX, tempY, ), p1 = new PolarPoint(tempR, tempA, ), 
p2 : p2 = new CartesianPoint(tempX, tempY, ), p2 = new CartesianPoint(tempX, tempY, ), p2 = new PolarPoint(tempR, tempA, ), 
tempR : tempR = 0, tempR = Scan.nextDouble(), tempR = Scan.nextDouble(), 
readP : readP = Scan.nextInt(), 
i : i = i + 1, i = 1, 
tempY : tempY = Scan.nextDouble(), tempY = Scan.nextDouble(), tempY = 0, 
tempDeg : tempDeg = Scan.nextDouble(), tempDeg = 0, tempDeg = Scan.nextDouble(), 
Scan : Scan = new Scanner(System.in, ), 
tempX : tempX = Scan.nextDouble(), tempX = Scan.nextDouble(), tempX = 0, 
@temp1 : @temp1 = i, 
tempA : tempA = tempDeg * Math.PI / 180, tempA = 0, tempA = tempDeg * Math.PI / 180, 

BLOCK: trueL39
distance : distance = 0.0, 
boo : boo = false, 
p1 : p1 = new PolarPoint(tempR, tempA, ), 
tempR : tempR = Scan.nextDouble(), 
p2 : p2 = new CartesianPoint(tempX, tempY, ), p2 = new CartesianPoint(tempX, tempY, ), p2 = new PolarPoint(tempR, tempA, ), 
readP : readP = Scan.nextInt(), 
i : i = i + 1, i = 1, 
tempY : tempY = Scan.nextDouble(), tempY = Scan.nextDouble(), tempY = 0, 
tempDeg : tempDeg = Scan.nextDouble(), 
Scan : Scan = new Scanner(System.in, ), 
tempX : tempX = Scan.nextDouble(), tempX = Scan.nextDouble(), tempX = 0, 
@temp1 : @temp1 = i, 
tempA : tempA = tempDeg * Math.PI / 180, 

BLOCK: joinL40
distance : distance = 0.0, 
boo : boo = false, 
p1 : p1 = new CartesianPoint(tempX, tempY, ), p1 = new PolarPoint(tempR, tempA, ), p1 = new CartesianPoint(tempX, tempY, ), 
tempR : tempR = 0, tempR = Scan.nextDouble(), tempR = Scan.nextDouble(), 
p2 : p2 = new CartesianPoint(tempX, tempY, ), p2 = new CartesianPoint(tempX, tempY, ), p2 = new PolarPoint(tempR, tempA, ), 
readP : readP = Scan.nextInt(), 
i : i = i + 1, i = 1, 
tempY : tempY = Scan.nextDouble(), tempY = Scan.nextDouble(), tempY = 0, 
tempDeg : tempDeg = Scan.nextDouble(), tempDeg = 0, tempDeg = Scan.nextDouble(), 
Scan : Scan = new Scanner(System.in, ), 
tempX : tempX = Scan.nextDouble(), tempX = Scan.nextDouble(), tempX = 0, 
@temp1 : @temp1 = i, 
tempA : tempA = tempDeg * Math.PI / 180, tempA = 0, tempA = tempDeg * Math.PI / 180, 

BLOCK: trueL41
distance : distance = 0.0, 
boo : boo = false, 
p1 : p1 = new CartesianPoint(tempX, tempY, ), p1 = new PolarPoint(tempR, tempA, ), p1 = new CartesianPoint(tempX, tempY, ), 
p2 : p2 = new PolarPoint(tempR, tempA, ), 
tempR : tempR = Scan.nextDouble(), 
readP : readP = Scan.nextInt(), 
i : i = i + 1, i = 1, 
tempY : tempY = Scan.nextDouble(), tempY = Scan.nextDouble(), tempY = 0, 
tempDeg : tempDeg = Scan.nextDouble(), 
Scan : Scan = new Scanner(System.in, ), 
tempX : tempX = Scan.nextDouble(), tempX = Scan.nextDouble(), tempX = 0, 
@temp1 : @temp1 = i, 
tempA : tempA = tempDeg * Math.PI / 180, 

BLOCK: joinL42
distance : distance = 0.0, 
boo : boo = false, 
p1 : p1 = new CartesianPoint(tempX, tempY, ), p1 = new PolarPoint(tempR, tempA, ), p1 = new CartesianPoint(tempX, tempY, ), 
p2 : p2 = new CartesianPoint(tempX, tempY, ), p2 = new CartesianPoint(tempX, tempY, ), p2 = new PolarPoint(tempR, tempA, ), 
tempR : tempR = 0, tempR = Scan.nextDouble(), tempR = Scan.nextDouble(), 
readP : readP = Scan.nextInt(), 
i : i = i + 1, i = 1, 
tempY : tempY = Scan.nextDouble(), tempY = Scan.nextDouble(), tempY = 0, 
tempDeg : tempDeg = Scan.nextDouble(), tempDeg = Scan.nextDouble(), tempDeg = 0, 
Scan : Scan = new Scanner(System.in, ), 
tempX : tempX = Scan.nextDouble(), tempX = Scan.nextDouble(), tempX = 0, 
@temp1 : @temp1 = i, 
tempA : tempA = tempDeg * Math.PI / 180, tempA = 0, tempA = tempDeg * Math.PI / 180, 

BLOCK: falseL43
distance : distance = 0.0, 
boo : boo = false, 
p1 : p1 = new CartesianPoint(tempX, tempY, ), p1 = new CartesianPoint(tempX, tempY, ), p1 = new PolarPoint(tempR, tempA, ), 
p2 : p2 = new CartesianPoint(tempX, tempY, ), p2 = new CartesianPoint(tempX, tempY, ), p2 = new PolarPoint(tempR, tempA, ), 
tempR : tempR = 0, tempR = Scan.nextDouble(), tempR = Scan.nextDouble(), 
readP : readP = Scan.nextInt(), 
i : i = i + 1, i = 1, 
tempY : tempY = Scan.nextDouble(), tempY = Scan.nextDouble(), tempY = 0, 
tempDeg : tempDeg = Scan.nextDouble(), tempDeg = 0, tempDeg = Scan.nextDouble(), 
Scan : Scan = new Scanner(System.in, ), 
tempX : tempX = Scan.nextDouble(), tempX = Scan.nextDouble(), tempX = 0, 
@temp1 : @temp1 = i, 
tempA : tempA = tempDeg * Math.PI / 180, tempA = 0, tempA = tempDeg * Math.PI / 180, 

BLOCK: joinL38
distance : distance = 0.0, 
boo : boo = false, 
p1 : p1 = new CartesianPoint(tempX, tempY, ), p1 = new PolarPoint(tempR, tempA, ), p1 = new CartesianPoint(tempX, tempY, ), 
p2 : p2 = new CartesianPoint(tempX, tempY, ), p2 = new CartesianPoint(tempX, tempY, ), p2 = new PolarPoint(tempR, tempA, ), 
tempR : tempR = 0, tempR = Scan.nextDouble(), tempR = Scan.nextDouble(), 
readP : readP = Scan.nextInt(), 
i : i = i + 1, i = 1, 
tempY : tempY = Scan.nextDouble(), tempY = Scan.nextDouble(), tempY = 0, 
tempDeg : tempDeg = Scan.nextDouble(), tempDeg = Scan.nextDouble(), tempDeg = 0, 
Scan : Scan = new Scanner(System.in, ), 
tempX : tempX = Scan.nextDouble(), tempX = Scan.nextDouble(), tempX = 0, 
@temp1 : @temp1 = i, 
tempA : tempA = tempDeg * Math.PI / 180, tempA = 0, tempA = tempDeg * Math.PI / 180, 

BLOCK: joinL31
distance : distance = 0.0, 
boo : boo = false, 
p1 : p1 = new CartesianPoint(tempX, tempY, ), p1 = new CartesianPoint(tempX, tempY, ), p1 = new PolarPoint(tempR, tempA, ), 
p2 : p2 = new CartesianPoint(tempX, tempY, ), p2 = new CartesianPoint(tempX, tempY, ), p2 = new PolarPoint(tempR, tempA, ), 
tempR : tempR = 0, tempR = Scan.nextDouble(), tempR = Scan.nextDouble(), 
readP : readP = Scan.nextInt(), 
i : i = i + 1, 
tempY : tempY = Scan.nextDouble(), tempY = Scan.nextDouble(), tempY = 0, 
tempDeg : tempDeg = Scan.nextDouble(), tempDeg = 0, tempDeg = Scan.nextDouble(), 
Scan : Scan = new Scanner(System.in, ), 
tempX : tempX = Scan.nextDouble(), tempX = Scan.nextDouble(), tempX = 0, 
@temp1 : @temp1 = i, 
tempA : tempA = tempDeg * Math.PI / 180, tempA = 0, tempA = tempDeg * Math.PI / 180, 

BLOCK: trueL44
distance : distance = distancePoints(p1, p2, ), 
boo : boo = sameQuad(p1, p2, ), 
p1 : p1 = new CartesianPoint(tempX, tempY, ), p1 = new CartesianPoint(tempX, tempY, ), p1 = new PolarPoint(tempR, tempA, ), 
p2 : p2 = new CartesianPoint(tempX, tempY, ), p2 = new CartesianPoint(tempX, tempY, ), p2 = new PolarPoint(tempR, tempA, ), 
tempR : tempR = 0, tempR = Scan.nextDouble(), tempR = Scan.nextDouble(), 
readP : readP = 0, readP = Scan.nextInt(), 
i : i = i + 1, i = 1, 
tempY : tempY = Scan.nextDouble(), tempY = Scan.nextDouble(), tempY = 0, 
tempDeg : tempDeg = Scan.nextDouble(), tempDeg = 0, tempDeg = Scan.nextDouble(), 
Scan : Scan = new Scanner(System.in, ), 
tempX : tempX = Scan.nextDouble(), tempX = Scan.nextDouble(), tempX = 0, 
@temp1 : @temp1 = i, 
tempA : tempA = tempDeg * Math.PI / 180, tempA = 0, tempA = tempDeg * Math.PI / 180, 

BLOCK: joinL45
distance : distance = distancePoints(p1, p2, ), 
boo : boo = sameQuad(p1, p2, ), 
p1 : p1 = new CartesianPoint(tempX, tempY, ), p1 = new CartesianPoint(tempX, tempY, ), p1 = new PolarPoint(tempR, tempA, ), 
p2 : p2 = new CartesianPoint(tempX, tempY, ), p2 = new CartesianPoint(tempX, tempY, ), p2 = new PolarPoint(tempR, tempA, ), 
tempR : tempR = 0, tempR = Scan.nextDouble(), tempR = Scan.nextDouble(), 
readP : readP = 0, readP = Scan.nextInt(), 
i : i = i + 1, i = 1, 
tempY : tempY = Scan.nextDouble(), tempY = Scan.nextDouble(), tempY = 0, 
tempDeg : tempDeg = Scan.nextDouble(), tempDeg = 0, tempDeg = Scan.nextDouble(), 
Scan : Scan = new Scanner(System.in, ), 
tempX : tempX = Scan.nextDouble(), tempX = Scan.nextDouble(), tempX = 0, 
@temp1 : @temp1 = i, 
tempA : tempA = tempDeg * Math.PI / 180, tempA = 0, tempA = tempDeg * Math.PI / 180, 

BLOCK: trueL46
distance : distance = distancePoints(p1, p2, ), 
boo : boo = sameQuad(p1, p2, ), 
p1 : p1 = new CartesianPoint(tempX, tempY, ), p1 = new CartesianPoint(tempX, tempY, ), p1 = new PolarPoint(tempR, tempA, ), 
p2 : p2 = new CartesianPoint(tempX, tempY, ), p2 = new CartesianPoint(tempX, tempY, ), p2 = new PolarPoint(tempR, tempA, ), 
tempR : tempR = 0, tempR = Scan.nextDouble(), tempR = Scan.nextDouble(), 
readP : readP = 0, readP = Scan.nextInt(), 
i : i = i + 1, i = 1, 
tempY : tempY = Scan.nextDouble(), tempY = Scan.nextDouble(), tempY = 0, 
tempDeg : tempDeg = Scan.nextDouble(), tempDeg = 0, tempDeg = Scan.nextDouble(), 
Scan : Scan = new Scanner(System.in, ), 
tempX : tempX = Scan.nextDouble(), tempX = Scan.nextDouble(), tempX = 0, 
@temp1 : @temp1 = i, 
tempA : tempA = tempDeg * Math.PI / 180, tempA = 0, tempA = tempDeg * Math.PI / 180, 

BLOCK: joinL47
distance : distance = distancePoints(p1, p2, ), 
boo : boo = sameQuad(p1, p2, ), 
p1 : p1 = new CartesianPoint(tempX, tempY, ), p1 = new CartesianPoint(tempX, tempY, ), p1 = new PolarPoint(tempR, tempA, ), 
p2 : p2 = new CartesianPoint(tempX, tempY, ), p2 = new CartesianPoint(tempX, tempY, ), p2 = new PolarPoint(tempR, tempA, ), 
tempR : tempR = 0, tempR = Scan.nextDouble(), tempR = Scan.nextDouble(), 
readP : readP = 0, readP = Scan.nextInt(), 
i : i = i + 1, i = 1, 
tempY : tempY = Scan.nextDouble(), tempY = Scan.nextDouble(), tempY = 0, 
tempDeg : tempDeg = Scan.nextDouble(), tempDeg = 0, tempDeg = Scan.nextDouble(), 
Scan : Scan = new Scanner(System.in, ), 
tempX : tempX = Scan.nextDouble(), tempX = Scan.nextDouble(), tempX = 0, 
@temp1 : @temp1 = i, 
tempA : tempA = tempDeg * Math.PI / 180, tempA = 0, tempA = tempDeg * Math.PI / 180, 

BLOCK: StartdistancePointsL48

BLOCK: StartdistancePointsL48

BLOCK: BasicL49

BLOCK: StartsameQuadL51

BLOCK: StartsameQuadL51

BLOCK: BasicL52

BLOCK: trueL54

BLOCK: joinL55

BLOCK: trueL56

BLOCK: joinL57

BLOCK: trueL58

BLOCK: joinL59

BLOCK: trueL60

BLOCK: falseL62

BLOCK: joinL61

BLOCK: StartmainL63

BLOCK: StartmainL63

BLOCK: BasicL64
p3 : p3 = new PolarPoint(1, Math.PI / 2, ), 
p6 : p6 = p5.rotate90(), 
p4 : p4 = p3.rotate90(), 
p5 : p5 = new PolarPoint(5, Math.PI, ), 
p2 : p2 = p1.rotate90(), 
p1 : p1 = new PolarPoint(3, Math.PI / 4, ), 

BLOCK: Startconstructor1L66
this.x : this.x = 0.0, 
this.y : this.y = 0.0, 

BLOCK: Startconstructor1L66
this.x : this.x = 0.0, 
this.y : this.y = 0.0, 

BLOCK: BasicL67
this.x : this.x = xCoord, 
this.y : this.y = yCoord, 

BLOCK: StartxCoordinateL69
this.y : this.y = 0.0, 
this.x : this.x = 0.0, 

BLOCK: StartxCoordinateL69
this.y : this.y = 0.0, 
this.x : this.x = 0.0, 

BLOCK: BasicL70
this.y : this.y = 0.0, 
this.x : this.x = 0.0, 

BLOCK: StartyCoordinateL72
this.y : this.y = 0.0, 
this.x : this.x = 0.0, 

BLOCK: StartyCoordinateL72
this.y : this.y = 0.0, 
this.x : this.x = 0.0, 

BLOCK: BasicL73
this.y : this.y = 0.0, 
this.x : this.x = 0.0, 

BLOCK: StartradiusL75
this.y : this.y = 0.0, 
this.x : this.x = 0.0, 

BLOCK: StartradiusL75
this.y : this.y = 0.0, 
this.x : this.x = 0.0, 

BLOCK: BasicL76
this.y : this.y = 0.0, 
this.x : this.x = 0.0, 

BLOCK: StartangleL78
this.x : this.x = 0.0, 
this.y : this.y = 0.0, 

BLOCK: StartangleL78
this.x : this.x = 0.0, 
this.y : this.y = 0.0, 

BLOCK: BasicL79
this.x : this.x = 0.0, 
this.y : this.y = 0.0, 

BLOCK: Startrotate90L81
this.y : this.y = 0.0, 
this.x : this.x = 0.0, 

BLOCK: Startrotate90L81
this.y : this.y = 0.0, 
this.x : this.x = 0.0, 

BLOCK: BasicL82
p90 : p90 = new CartesianPoint(-this.y, this.x, ), 
this.y : this.y = 0.0, 
this.x : this.x = 0.0, 

BLOCK: StartmainL84

BLOCK: StartmainL84

BLOCK: BasicL85
p1 : p1 = new CartesianPoint(3, 5, ), 
p6 : p6 = p5.rotate90(), 
p4 : p4 = p3.rotate90(), 
p5 : p5 = new CartesianPoint(-2, -4, ), 
p3 : p3 = new CartesianPoint(5, 7, ), 
p2 : p2 = p1.rotate90(), 

Unfiltered: 1121
Filtered: 2


Duplicate found: 102_Code/102_hw1/dir08/PointRelation.java lines [9, 76] and 102_Code/102_hw1/dir08/PointRelation.java lines [9, 73]
102_Code/102_hw1/dir08/PointRelation.java ----------
9 :	tempX = 0
10 :	p1 = new CartesianPoint(tempX, tempY, )
24 :	tempX = Scan.nextDouble()
27 :	tempY = Scan.nextDouble()
39 :	p2 = new CartesianPoint(tempX, tempY, )
47 :	tempR = Scan.nextDouble()
50 :	tempDeg = Scan.nextDouble()
51 :	tempA = tempDeg * Math.PI / 180
58 :	tempR = Scan.nextDouble()
64 :	p2 = new PolarPoint(tempR, tempA, )
76 :	boo = sameQuad(p1, p2, )
102_Code/102_hw1/dir08/PointRelation.java ----------
9 :	tempY = 0
11 :	p2 = new CartesianPoint(tempX, tempY, )
37 :	tempY = Scan.nextDouble()
34 :	tempX = Scan.nextDouble()
29 :	p1 = new CartesianPoint(tempX, tempY, )
58 :	tempR = Scan.nextDouble()
61 :	tempDeg = Scan.nextDouble()
62 :	tempA = tempDeg * Math.PI / 180
47 :	tempR = Scan.nextDouble()
53 :	p1 = new PolarPoint(tempR, tempA, )
73 :	distance = distancePoints(p1, p2, )
===========================



Duplicate found: 102_Code/102_hw1/dir08/PointRelation.java lines [9, 76] and 102_Code/102_hw1/dir08/PointRelation.java lines [9, 76]
102_Code/102_hw1/dir08/PointRelation.java ----------
9 :	tempR = 0
10 :	p1 = new CartesianPoint(tempX, tempY, )
24 :	tempX = Scan.nextDouble()
27 :	tempY = Scan.nextDouble()
47 :	tempR = Scan.nextDouble()
50 :	tempDeg = Scan.nextDouble()
51 :	tempA = tempDeg * Math.PI / 180
58 :	tempR = Scan.nextDouble()
64 :	p2 = new PolarPoint(tempR, tempA, )
73 :	distance = distancePoints(p1, p2, )
76 :	boo = sameQuad(p1, p2, )
102_Code/102_hw1/dir08/PointRelation.java ----------
9 :	tempX = 0
53 :	p1 = new PolarPoint(tempR, tempA, )
27 :	tempY = Scan.nextDouble()
58 :	tempR = Scan.nextDouble()
24 :	tempX = Scan.nextDouble()
61 :	tempDeg = Scan.nextDouble()
62 :	tempA = tempDeg * Math.PI / 180
34 :	tempX = Scan.nextDouble()
39 :	p2 = new CartesianPoint(tempX, tempY, )
76 :	boo = sameQuad(p1, p2, )
73 :	distance = distancePoints(p1, p2, )
===========================



[INFO] ------------------------------------------------------------------------
[INFO] BUILD SUCCESS
[INFO] ------------------------------------------------------------------------
[INFO] Total time: 9.807 s
[INFO] Finished at: 2019-05-06T19:51:54-07:00
[INFO] Final Memory: 26M/1452M
[INFO] ------------------------------------------------------------------------
