[INFO] Scanning for projects...
[WARNING] 
[WARNING] Some problems were encountered while building the effective model for thesis:thesis:jar:1.0-SNAPSHOT
[WARNING] 'dependencies.dependency.version' for org.junit.jupiter:junit-jupiter-api:jar is either LATEST or RELEASE (both of them are being deprecated) @ line 25, column 22
[WARNING] 
[WARNING] It is highly recommended to fix these problems because they threaten the stability of your build.
[WARNING] 
[WARNING] For this reason, future Maven versions might no longer support building such malformed projects.
[WARNING] 
[INFO] 
[INFO] ------------------------------------------------------------------------
[INFO] Building thesis 1.0-SNAPSHOT
[INFO] ------------------------------------------------------------------------
[INFO] 
[INFO] >>> exec-maven-plugin:1.2.1:java (default-cli) > validate @ thesis >>>
[INFO] 
[INFO] <<< exec-maven-plugin:1.2.1:java (default-cli) < validate @ thesis <<<
[INFO] 
[INFO] 
[INFO] --- exec-maven-plugin:1.2.1:java (default-cli) @ thesis ---
BLOCK: Startconstructor1L0
this.angle : this.angle = 0.0, 
this.radius : this.radius = 0.0, 

BLOCK: BasicL1
this.angle : this.angle = 0.0, 
this.radius : this.radius = radius, 

BLOCK: trueL3
this.angle : this.angle = angle + Math.PI, 
this.radius : this.radius = radius, 

BLOCK: joinL4
this.angle : this.angle = angle, 
this.radius : this.radius = radius, this.radius = radius, 

BLOCK: trueL5
this.angle : this.angle = angle + 2 * Math.PI, 
this.radius : this.radius = radius, this.radius = radius, 

BLOCK: joinL6
this.angle : this.angle = angle + 2 * Math.PI, this.angle = angle, 
this.radius : this.radius = radius, this.radius = radius, 

BLOCK: StartxCoordinateL7
this.radius : this.radius = 0.0, 
this.angle : this.angle = 0.0, 

BLOCK: BasicL8
this.radius : this.radius = 0.0, 
this.angle : this.angle = 0.0, 

BLOCK: StartyCoordinateL10
this.angle : this.angle = 0.0, 
this.radius : this.radius = 0.0, 

BLOCK: BasicL11
this.angle : this.angle = 0.0, 
this.radius : this.radius = 0.0, 

BLOCK: StartradiusL13
this.radius : this.radius = 0.0, 
this.angle : this.angle = 0.0, 

BLOCK: BasicL14
this.radius : this.radius = 0.0, 
this.angle : this.angle = 0.0, 

BLOCK: StartangleL16
this.angle : this.angle = 0.0, 
this.radius : this.radius = 0.0, 

BLOCK: BasicL17
this.angle : this.angle = 0.0, 
this.radius : this.radius = 0.0, 

BLOCK: Startrotate90L19
this.angle : this.angle = 0.0, 
this.radius : this.radius = 0.0, 

BLOCK: BasicL20
r : r = this.radius, 
this.angle : this.angle = 0.0, 
this.radius : this.radius = 0.0, 
p : p = new PolarPoint(r, a, ), 
a : a = this.angle + 1.0 / 2.0 * Math.PI, 

BLOCK: StartdistanceL22

BLOCK: BasicL23
d : d = Math.sqrt(Math.pow(a.xCoordinate() - b.xCoordinate(), 2, ) + Math.pow(a.yCoordinate() - b.yCoordinate(), 2, ), ), 

BLOCK: StartsameQuadL25

BLOCK: BasicL26
j : j = ', 
l : l = ', 
i : i = ', 
k : k = ', 

BLOCK: trueL28
j : j = ', 
l : l = ', 
i : i = ', 
k : k = ', 

BLOCK: joinL29
j : j = ', 
l : l = ', 
i : i = ', i = ', 
k : k = ', 

BLOCK: trueL30
j : j = ', 
l : l = ', 
i : i = ', i = ', 
k : k = ', 

BLOCK: joinL31
j : j = ', j = ', 
l : l = ', 
i : i = ', i = ', 
k : k = ', 

BLOCK: trueL32
j : j = ', j = ', 
l : l = ', 
i : i = ', i = ', 
k : k = ', 

BLOCK: joinL33
j : j = ', j = ', 
l : l = ', 
i : i = ', i = ', 
k : k = ', k = ', 

BLOCK: trueL34
j : j = ', j = ', 
l : l = ', 
i : i = ', i = ', 
k : k = ', k = ', 

BLOCK: joinL35
j : j = ', j = ', 
l : l = ', l = ', 
i : i = ', i = ', 
k : k = ', k = ', 

BLOCK: trueL36
j : j = ', j = ', 
l : l = ', l = ', 
i : i = ', 
k : k = ', 

BLOCK: falseL38
j : j = ', j = ', 
l : l = ', l = ', 
i : i = ', i = ', 
k : k = ', k = ', 

BLOCK: trueL39
j : j = ', j = ', 
l : l = ', l = ', 
i : i = ', 
k : k = ', 

BLOCK: joinL40
j : j = ', j = ', 
l : l = ', l = ', 
i : i = ', i = ', i = ', 
k : k = ', k = ', k = ', 

BLOCK: joinL37
j : j = ', j = ', 
l : l = ', l = ', 
i : i = ', i = ', i = ', i = ', 
k : k = ', k = ', k = ', k = ', 

BLOCK: trueL41
j : j = ', 
l : l = ', 
i : i = ', i = ', i = ', i = ', 
k : k = ', k = ', k = ', k = ', 

BLOCK: falseL43
j : j = ', j = ', 
l : l = ', l = ', 
i : i = ', i = ', i = ', i = ', 
k : k = ', k = ', k = ', k = ', 

BLOCK: trueL44
j : j = ', j = ', 
l : l = ', l = ', 
i : i = ', 
k : k = ', 

BLOCK: joinL45
j : j = ', j = ', 
l : l = ', l = ', 
i : i = ', i = ', i = ', i = ', i = ', 
k : k = ', k = ', k = ', k = ', k = ', 

BLOCK: joinL42
j : j = ', j = ', j = ', 
l : l = ', l = ', l = ', 
i : i = ', i = ', i = ', i = ', i = ', 
k : k = ', k = ', k = ', k = ', k = ', 

BLOCK: trueL46
j : j = ', j = ', j = ', 
l : l = ', l = ', l = ', 
i : i = ', 
k : k = ', 

BLOCK: falseL48
j : j = ', j = ', j = ', 
l : l = ', l = ', l = ', 
i : i = ', i = ', i = ', i = ', i = ', 
k : k = ', k = ', k = ', k = ', k = ', 

BLOCK: trueL49
j : j = ', j = ', j = ', 
l : l = ', l = ', l = ', 
i : i = ', 
k : k = ', 

BLOCK: joinL50
j : j = ', j = ', j = ', 
l : l = ', l = ', l = ', 
i : i = ', i = ', i = ', i = ', i = ', i = ', 
k : k = ', k = ', k = ', k = ', k = ', k = ', 

BLOCK: joinL47
j : j = ', j = ', j = ', 
l : l = ', l = ', l = ', 
i : i = ', i = ', i = ', i = ', i = ', i = ', i = ', 
k : k = ', k = ', k = ', k = ', k = ', k = ', k = ', 

BLOCK: trueL51
j : j = ', j = ', j = ', 
l : l = ', l = ', l = ', 
i : i = ', 
k : k = ', 

BLOCK: falseL53
j : j = ', j = ', j = ', 
l : l = ', l = ', l = ', 
i : i = ', i = ', i = ', i = ', i = ', i = ', i = ', 
k : k = ', k = ', k = ', k = ', k = ', k = ', k = ', 

BLOCK: trueL54
j : j = ', j = ', j = ', 
l : l = ', l = ', l = ', 
i : i = ', 
k : k = ', 

BLOCK: joinL55
j : j = ', j = ', j = ', 
l : l = ', l = ', l = ', 
i : i = ', i = ', i = ', i = ', i = ', i = ', i = ', i = ', 
k : k = ', k = ', k = ', k = ', k = ', k = ', k = ', k = ', 

BLOCK: joinL52
j : j = ', j = ', j = ', 
l : l = ', l = ', l = ', 
i : i = ', i = ', i = ', i = ', i = ', i = ', i = ', i = ', i = ', 
k : k = ', k = ', k = ', k = ', k = ', k = ', k = ', k = ', k = ', 

BLOCK: trueL56
j : j = ', j = ', j = ', 
l : l = ', l = ', l = ', 
i : i = ', i = ', i = ', i = ', i = ', i = ', i = ', i = ', i = ', 
k : k = ', k = ', k = ', k = ', k = ', k = ', k = ', k = ', k = ', 

BLOCK: falseL58
j : j = ', j = ', j = ', 
l : l = ', l = ', l = ', 
i : i = ', i = ', i = ', i = ', i = ', i = ', i = ', i = ', i = ', 
k : k = ', k = ', k = ', k = ', k = ', k = ', k = ', k = ', k = ', 

BLOCK: joinL57
j : j = ', j = ', j = ', 
l : l = ', l = ', l = ', 
i : i = ', i = ', i = ', i = ', i = ', i = ', i = ', i = ', i = ', 
k : k = ', k = ', k = ', k = ', k = ', k = ', k = ', k = ', k = ', 

BLOCK: StartmainL59

BLOCK: BasicL60
y2 : y2 = 0.0, 
r2 : r2 = 0.0, 
r1 : r1 = 0.0, 
pt1 : pt1 = new CartesianPoint(0.0, 0.0, ), 
d1 : d1 = 0.0, 
a1 : a1 = 0.0, 
y1 : y1 = 0.0, 
scan : scan = new Scanner(System.in, ), 
a2 : a2 = 0.0, 
choice1 : choice1 = scan.nextInt(), 
x1 : x1 = 0.0, 
x2 : x2 = 0.0, 
pt2 : pt2 = new CartesianPoint(0.0, 0.0, ), 

BLOCK: trueL62
y2 : y2 = 0.0, 
r2 : r2 = 0.0, 
r1 : r1 = 0.0, 
pt1 : pt1 = new CartesianPoint(x1, y1, ), 
d1 : d1 = 0.0, 
a1 : a1 = 0.0, 
y1 : y1 = scan.nextDouble(), 
scan : scan = new Scanner(System.in, ), 
a2 : a2 = 0.0, 
x1 : x1 = scan.nextDouble(), 
choice1 : choice1 = scan.nextInt(), 
x2 : x2 = 0.0, 
pt2 : pt2 = new CartesianPoint(0.0, 0.0, ), 

BLOCK: falseL64
y2 : y2 = 0.0, 
r1 : r1 = scan.nextDouble(), 
r2 : r2 = 0.0, 
pt1 : pt1 = new PolarPoint(r1, a1, ), 
a1 : a1 = a1 * Math.PI / 180.0, 
d1 : d1 = 0.0, 
y1 : y1 = 0.0, 
scan : scan = new Scanner(System.in, ), 
a2 : a2 = 0.0, 
choice1 : choice1 = scan.nextInt(), 
x1 : x1 = 0.0, 
x2 : x2 = 0.0, 
pt2 : pt2 = new CartesianPoint(0.0, 0.0, ), 

BLOCK: joinL63
y2 : y2 = 0.0, 
r2 : r2 = 0.0, 
r1 : r1 = 0.0, r1 = scan.nextDouble(), 
pt1 : pt1 = new CartesianPoint(x1, y1, ), pt1 = new PolarPoint(r1, a1, ), 
d1 : d1 = 0.0, 
a1 : a1 = a1 * Math.PI / 180.0, a1 = 0.0, 
y1 : y1 = 0.0, y1 = scan.nextDouble(), 
scan : scan = new Scanner(System.in, ), 
a2 : a2 = 0.0, 
choice2 : choice2 = scan.nextInt(), 
x1 : x1 = scan.nextDouble(), x1 = 0.0, 
choice1 : choice1 = scan.nextInt(), 
x2 : x2 = 0.0, 
pt2 : pt2 = new CartesianPoint(0.0, 0.0, ), 

BLOCK: trueL65
y2 : y2 = scan.nextDouble(), 
r2 : r2 = 0.0, 
r1 : r1 = 0.0, r1 = scan.nextDouble(), 
pt1 : pt1 = new CartesianPoint(x1, y1, ), pt1 = new PolarPoint(r1, a1, ), 
d1 : d1 = 0.0, 
a1 : a1 = a1 * Math.PI / 180.0, a1 = 0.0, 
y1 : y1 = 0.0, y1 = scan.nextDouble(), 
scan : scan = new Scanner(System.in, ), 
a2 : a2 = 0.0, 
choice2 : choice2 = scan.nextInt(), 
x1 : x1 = scan.nextDouble(), x1 = 0.0, 
choice1 : choice1 = scan.nextInt(), 
x2 : x2 = scan.nextDouble(), 
pt2 : pt2 = new CartesianPoint(x2, y2, ), 

BLOCK: falseL67
y2 : y2 = 0.0, 
r2 : r2 = scan.nextDouble(), 
r1 : r1 = 0.0, r1 = scan.nextDouble(), 
pt1 : pt1 = new CartesianPoint(x1, y1, ), pt1 = new PolarPoint(r1, a1, ), 
d1 : d1 = 0.0, 
a1 : a1 = a1 * Math.PI / 180.0, a1 = 0.0, 
y1 : y1 = 0.0, y1 = scan.nextDouble(), 
scan : scan = new Scanner(System.in, ), 
a2 : a2 = a2 * Math.PI / 180.0, 
choice2 : choice2 = scan.nextInt(), 
x1 : x1 = scan.nextDouble(), x1 = 0.0, 
choice1 : choice1 = scan.nextInt(), 
x2 : x2 = 0.0, 
pt2 : pt2 = new PolarPoint(r2, a2, ), 

BLOCK: joinL66
y2 : y2 = 0.0, y2 = scan.nextDouble(), 
r2 : r2 = scan.nextDouble(), r2 = 0.0, 
r1 : r1 = 0.0, r1 = scan.nextDouble(), 
same : same = sameQuad(pt1, pt2, ), 
pt1 : pt1 = new CartesianPoint(x1, y1, ), pt1 = new PolarPoint(r1, a1, ), 
d1 : d1 = distance(pt1, pt2, ), 
a1 : a1 = a1 * Math.PI / 180.0, a1 = 0.0, 
y1 : y1 = 0.0, y1 = scan.nextDouble(), 
scan : scan = new Scanner(System.in, ), 
a2 : a2 = a2 * Math.PI / 180.0, a2 = 0.0, 
choice2 : choice2 = scan.nextInt(), 
x1 : x1 = scan.nextDouble(), x1 = 0.0, 
choice1 : choice1 = scan.nextInt(), 
x2 : x2 = 0.0, x2 = scan.nextDouble(), 
pt2 : pt2 = new CartesianPoint(x2, y2, ), pt2 = new PolarPoint(r2, a2, ), 

BLOCK: trueL68
y2 : y2 = 0.0, y2 = scan.nextDouble(), 
r2 : r2 = scan.nextDouble(), r2 = 0.0, 
r1 : r1 = 0.0, r1 = scan.nextDouble(), 
same : same = sameQuad(pt1, pt2, ), 
pt1 : pt1 = new CartesianPoint(x1, y1, ), pt1 = new PolarPoint(r1, a1, ), 
d1 : d1 = distance(pt1, pt2, ), 
a1 : a1 = a1 * Math.PI / 180.0, a1 = 0.0, 
y1 : y1 = 0.0, y1 = scan.nextDouble(), 
scan : scan = new Scanner(System.in, ), 
a2 : a2 = a2 * Math.PI / 180.0, a2 = 0.0, 
choice2 : choice2 = scan.nextInt(), 
x1 : x1 = scan.nextDouble(), x1 = 0.0, 
choice1 : choice1 = scan.nextInt(), 
x2 : x2 = 0.0, x2 = scan.nextDouble(), 
pt2 : pt2 = new CartesianPoint(x2, y2, ), pt2 = new PolarPoint(r2, a2, ), 

BLOCK: falseL70
y2 : y2 = 0.0, y2 = scan.nextDouble(), 
r2 : r2 = scan.nextDouble(), r2 = 0.0, 
r1 : r1 = 0.0, r1 = scan.nextDouble(), 
same : same = sameQuad(pt1, pt2, ), 
pt1 : pt1 = new CartesianPoint(x1, y1, ), pt1 = new PolarPoint(r1, a1, ), 
d1 : d1 = distance(pt1, pt2, ), 
a1 : a1 = a1 * Math.PI / 180.0, a1 = 0.0, 
y1 : y1 = 0.0, y1 = scan.nextDouble(), 
scan : scan = new Scanner(System.in, ), 
a2 : a2 = a2 * Math.PI / 180.0, a2 = 0.0, 
choice2 : choice2 = scan.nextInt(), 
x1 : x1 = scan.nextDouble(), x1 = 0.0, 
choice1 : choice1 = scan.nextInt(), 
x2 : x2 = 0.0, x2 = scan.nextDouble(), 
pt2 : pt2 = new CartesianPoint(x2, y2, ), pt2 = new PolarPoint(r2, a2, ), 

BLOCK: joinL69
y2 : y2 = 0.0, y2 = scan.nextDouble(), 
r2 : r2 = scan.nextDouble(), r2 = 0.0, 
r1 : r1 = 0.0, r1 = scan.nextDouble(), 
same : same = sameQuad(pt1, pt2, ), 
pt1 : pt1 = new CartesianPoint(x1, y1, ), pt1 = new PolarPoint(r1, a1, ), 
d1 : d1 = distance(pt1, pt2, ), 
a1 : a1 = a1 * Math.PI / 180.0, a1 = 0.0, 
y1 : y1 = 0.0, y1 = scan.nextDouble(), 
scan : scan = new Scanner(System.in, ), 
a2 : a2 = a2 * Math.PI / 180.0, a2 = 0.0, 
choice2 : choice2 = scan.nextInt(), 
x1 : x1 = scan.nextDouble(), x1 = 0.0, 
choice1 : choice1 = scan.nextInt(), 
x2 : x2 = 0.0, x2 = scan.nextDouble(), 
pt2 : pt2 = new CartesianPoint(x2, y2, ), pt2 = new PolarPoint(r2, a2, ), 

BLOCK: StarttestRadiusL71
this.pt : this.pt = new PolarPoint(1.0, 2.0 * Math.PI, ), 
this.pt2 : this.pt2 = new PolarPoint(0.0, Math.PI, ), 
this.pt1 : this.pt1 = new PolarPoint(4.0, -45 * Math.PI / 180.0, ), 

BLOCK: BasicL72
this.pt : this.pt = new PolarPoint(1.0, 2.0 * Math.PI, ), 
this.pt2 : this.pt2 = new PolarPoint(0.0, Math.PI, ), 
this.pt1 : this.pt1 = new PolarPoint(4.0, -45 * Math.PI / 180.0, ), 

BLOCK: StarttestAngleL74
this.pt1 : this.pt1 = new PolarPoint(4.0, -45 * Math.PI / 180.0, ), 
this.pt : this.pt = new PolarPoint(1.0, 2.0 * Math.PI, ), 
this.pt2 : this.pt2 = new PolarPoint(0.0, Math.PI, ), 

BLOCK: BasicL75
this.pt1 : this.pt1 = new PolarPoint(4.0, -45 * Math.PI / 180.0, ), 
this.pt : this.pt = new PolarPoint(1.0, 2.0 * Math.PI, ), 
this.pt2 : this.pt2 = new PolarPoint(0.0, Math.PI, ), 

BLOCK: StarttestXCoordL77
this.pt2 : this.pt2 = new PolarPoint(0.0, Math.PI, ), 
this.pt1 : this.pt1 = new PolarPoint(4.0, -45 * Math.PI / 180.0, ), 
this.pt : this.pt = new PolarPoint(1.0, 2.0 * Math.PI, ), 

BLOCK: BasicL78
this.pt2 : this.pt2 = new PolarPoint(0.0, Math.PI, ), 
this.pt1 : this.pt1 = new PolarPoint(4.0, -45 * Math.PI / 180.0, ), 
this.pt : this.pt = new PolarPoint(1.0, 2.0 * Math.PI, ), 

BLOCK: StarttestYCoordL80
this.pt1 : this.pt1 = new PolarPoint(4.0, -45 * Math.PI / 180.0, ), 
this.pt : this.pt = new PolarPoint(1.0, 2.0 * Math.PI, ), 
this.pt2 : this.pt2 = new PolarPoint(0.0, Math.PI, ), 

BLOCK: BasicL81
this.pt1 : this.pt1 = new PolarPoint(4.0, -45 * Math.PI / 180.0, ), 
this.pt : this.pt = new PolarPoint(1.0, 2.0 * Math.PI, ), 
this.pt2 : this.pt2 = new PolarPoint(0.0, Math.PI, ), 

BLOCK: StarttestRotate90L83
this.pt2 : this.pt2 = new PolarPoint(0.0, Math.PI, ), 
this.pt : this.pt = new PolarPoint(1.0, 2.0 * Math.PI, ), 
this.pt1 : this.pt1 = new PolarPoint(4.0, -45 * Math.PI / 180.0, ), 

BLOCK: BasicL84
this.pt2 : this.pt2 = new PolarPoint(0.0, Math.PI, ), 
this.pt : this.pt = new PolarPoint(1.0, 2.0 * Math.PI, ), 
this.pt1 : this.pt1 = new PolarPoint(4.0, -45 * Math.PI / 180.0, ), 

BLOCK: StartmainL86
this.pt : this.pt = new PolarPoint(1.0, 2.0 * Math.PI, ), 
this.pt1 : this.pt1 = new PolarPoint(4.0, -45 * Math.PI / 180.0, ), 
this.pt2 : this.pt2 = new PolarPoint(0.0, Math.PI, ), 

BLOCK: BasicL87
this.pt : this.pt = new PolarPoint(1.0, 2.0 * Math.PI, ), 
this.pt1 : this.pt1 = new PolarPoint(4.0, -45 * Math.PI / 180.0, ), 
this.pt2 : this.pt2 = new PolarPoint(0.0, Math.PI, ), 

BLOCK: Startconstructor1L89
this.x_coord : this.x_coord = 0.0, 
this.y_coord : this.y_coord = 0.0, 

BLOCK: BasicL90
this.x_coord : this.x_coord = x_coord, 
this.y_coord : this.y_coord = y_coord, 

BLOCK: StartxCoordinateL92
this.x_coord : this.x_coord = 0.0, 
this.y_coord : this.y_coord = 0.0, 

BLOCK: BasicL93
this.x_coord : this.x_coord = 0.0, 
this.y_coord : this.y_coord = 0.0, 

BLOCK: StartyCoordinateL95
this.x_coord : this.x_coord = 0.0, 
this.y_coord : this.y_coord = 0.0, 

BLOCK: BasicL96
this.x_coord : this.x_coord = 0.0, 
this.y_coord : this.y_coord = 0.0, 

BLOCK: StartradiusL98
this.y_coord : this.y_coord = 0.0, 
this.x_coord : this.x_coord = 0.0, 

BLOCK: BasicL99
this.y_coord : this.y_coord = 0.0, 
this.x_coord : this.x_coord = 0.0, 

BLOCK: StartangleL101
this.y_coord : this.y_coord = 0.0, 
this.x_coord : this.x_coord = 0.0, 

BLOCK: BasicL102
this.y_coord : this.y_coord = 0.0, 
this.x_coord : this.x_coord = 0.0, 

BLOCK: Startrotate90L104
this.y_coord : this.y_coord = 0.0, 
this.x_coord : this.x_coord = 0.0, 

BLOCK: BasicL105
x : x = this.y_coord, 
pt : pt = new CartesianPoint(x, y, ), 
y : y = this.x_coord, 
this.y_coord : this.y_coord = 0.0, 
this.x_coord : this.x_coord = 0.0, 

BLOCK: StarttestXCoordinateL107
this.pt : this.pt = new CartesianPoint(3.0, 4.0, ), 
this.pt2 : this.pt2 = new CartesianPoint(1.0, 5.0, ), 
this.pt1 : this.pt1 = new CartesianPoint(1.0, 2.0, ), 

BLOCK: BasicL108
this.pt : this.pt = new CartesianPoint(3.0, 4.0, ), 
this.pt2 : this.pt2 = new CartesianPoint(1.0, 5.0, ), 
this.pt1 : this.pt1 = new CartesianPoint(1.0, 2.0, ), 

BLOCK: StarttestYCoordinateL110
this.pt2 : this.pt2 = new CartesianPoint(1.0, 5.0, ), 
this.pt1 : this.pt1 = new CartesianPoint(1.0, 2.0, ), 
this.pt : this.pt = new CartesianPoint(3.0, 4.0, ), 

BLOCK: BasicL111
this.pt2 : this.pt2 = new CartesianPoint(1.0, 5.0, ), 
this.pt1 : this.pt1 = new CartesianPoint(1.0, 2.0, ), 
this.pt : this.pt = new CartesianPoint(3.0, 4.0, ), 

BLOCK: StarttestRadiusL113
this.pt1 : this.pt1 = new CartesianPoint(1.0, 2.0, ), 
this.pt : this.pt = new CartesianPoint(3.0, 4.0, ), 
this.pt2 : this.pt2 = new CartesianPoint(1.0, 5.0, ), 

BLOCK: BasicL114
this.pt1 : this.pt1 = new CartesianPoint(1.0, 2.0, ), 
this.pt : this.pt = new CartesianPoint(3.0, 4.0, ), 
this.pt2 : this.pt2 = new CartesianPoint(1.0, 5.0, ), 

BLOCK: StarttestAngleL116
this.pt : this.pt = new CartesianPoint(3.0, 4.0, ), 
this.pt1 : this.pt1 = new CartesianPoint(1.0, 2.0, ), 
this.pt2 : this.pt2 = new CartesianPoint(1.0, 5.0, ), 

BLOCK: BasicL117
this.pt : this.pt = new CartesianPoint(3.0, 4.0, ), 
this.pt1 : this.pt1 = new CartesianPoint(1.0, 2.0, ), 
this.pt2 : this.pt2 = new CartesianPoint(1.0, 5.0, ), 

BLOCK: StarttestRotate90L119
this.pt1 : this.pt1 = new CartesianPoint(1.0, 2.0, ), 
this.pt2 : this.pt2 = new CartesianPoint(1.0, 5.0, ), 
this.pt : this.pt = new CartesianPoint(3.0, 4.0, ), 

BLOCK: BasicL120
this.pt1 : this.pt1 = new CartesianPoint(1.0, 2.0, ), 
this.pt2 : this.pt2 = new CartesianPoint(1.0, 5.0, ), 
this.pt : this.pt = new CartesianPoint(3.0, 4.0, ), 

BLOCK: StartmainL122
this.pt : this.pt = new CartesianPoint(3.0, 4.0, ), 
this.pt2 : this.pt2 = new CartesianPoint(1.0, 5.0, ), 
this.pt1 : this.pt1 = new CartesianPoint(1.0, 2.0, ), 

BLOCK: BasicL123
this.pt : this.pt = new CartesianPoint(3.0, 4.0, ), 
this.pt2 : this.pt2 = new CartesianPoint(1.0, 5.0, ), 
this.pt1 : this.pt1 = new CartesianPoint(1.0, 2.0, ), 

BLOCK: Startconstructor1L0
this.angle : this.angle = 0.0, 
this.radius : this.radius = 0.0, 

BLOCK: Startconstructor1L0
this.angle : this.angle = 0.0, 
this.radius : this.radius = 0.0, 

BLOCK: BasicL1
this.angle : this.angle = 0.0, 
this.radius : this.radius = radius, 

BLOCK: trueL3
this.angle : this.angle = angle + Math.PI, 
this.radius : this.radius = radius, 

BLOCK: joinL4
this.angle : this.angle = angle, 
this.radius : this.radius = radius, this.radius = radius, 

BLOCK: trueL5
this.angle : this.angle = angle + 2 * Math.PI, 
this.radius : this.radius = radius, this.radius = radius, 

BLOCK: joinL6
this.angle : this.angle = angle + 2 * Math.PI, this.angle = angle, 
this.radius : this.radius = radius, this.radius = radius, 

BLOCK: StartxCoordinateL7
this.radius : this.radius = 0.0, 
this.angle : this.angle = 0.0, 

BLOCK: StartxCoordinateL7
this.radius : this.radius = 0.0, 
this.angle : this.angle = 0.0, 

BLOCK: BasicL8
this.radius : this.radius = 0.0, 
this.angle : this.angle = 0.0, 

BLOCK: StartyCoordinateL10
this.angle : this.angle = 0.0, 
this.radius : this.radius = 0.0, 

BLOCK: StartyCoordinateL10
this.angle : this.angle = 0.0, 
this.radius : this.radius = 0.0, 

BLOCK: BasicL11
this.angle : this.angle = 0.0, 
this.radius : this.radius = 0.0, 

BLOCK: StartradiusL13
this.radius : this.radius = 0.0, 
this.angle : this.angle = 0.0, 

BLOCK: StartradiusL13
this.radius : this.radius = 0.0, 
this.angle : this.angle = 0.0, 

BLOCK: BasicL14
this.radius : this.radius = 0.0, 
this.angle : this.angle = 0.0, 

BLOCK: StartangleL16
this.angle : this.angle = 0.0, 
this.radius : this.radius = 0.0, 

BLOCK: StartangleL16
this.angle : this.angle = 0.0, 
this.radius : this.radius = 0.0, 

BLOCK: BasicL17
this.angle : this.angle = 0.0, 
this.radius : this.radius = 0.0, 

BLOCK: Startrotate90L19
this.angle : this.angle = 0.0, 
this.radius : this.radius = 0.0, 

BLOCK: Startrotate90L19
this.angle : this.angle = 0.0, 
this.radius : this.radius = 0.0, 

BLOCK: BasicL20
r : r = this.radius, 
this.angle : this.angle = 0.0, 
this.radius : this.radius = 0.0, 
p : p = new PolarPoint(r, a, ), 
a : a = this.angle + 1.0 / 2.0 * Math.PI, 

BLOCK: StartdistanceL22

BLOCK: StartdistanceL22

BLOCK: BasicL23
d : d = Math.sqrt(Math.pow(a.xCoordinate() - b.xCoordinate(), 2, ) + Math.pow(a.yCoordinate() - b.yCoordinate(), 2, ), ), 

BLOCK: StartsameQuadL25

BLOCK: StartsameQuadL25

BLOCK: BasicL26
j : j = ', 
l : l = ', 
i : i = ', 
k : k = ', 

BLOCK: trueL28
j : j = ', 
l : l = ', 
i : i = ', 
k : k = ', 

BLOCK: joinL29
j : j = ', 
l : l = ', 
i : i = ', i = ', 
k : k = ', 

BLOCK: trueL30
j : j = ', 
l : l = ', 
i : i = ', i = ', 
k : k = ', 

BLOCK: joinL31
j : j = ', j = ', 
l : l = ', 
i : i = ', i = ', 
k : k = ', 

BLOCK: trueL32
j : j = ', j = ', 
l : l = ', 
i : i = ', i = ', 
k : k = ', 

BLOCK: joinL33
j : j = ', j = ', 
l : l = ', 
i : i = ', i = ', 
k : k = ', k = ', 

BLOCK: trueL34
j : j = ', j = ', 
l : l = ', 
i : i = ', i = ', 
k : k = ', k = ', 

BLOCK: joinL35
j : j = ', j = ', 
l : l = ', l = ', 
i : i = ', i = ', 
k : k = ', k = ', 

BLOCK: trueL36
j : j = ', j = ', 
l : l = ', l = ', 
i : i = ', 
k : k = ', 

BLOCK: falseL38
j : j = ', j = ', 
l : l = ', l = ', 
i : i = ', i = ', 
k : k = ', k = ', 

BLOCK: trueL39
j : j = ', j = ', 
l : l = ', l = ', 
i : i = ', 
k : k = ', 

BLOCK: joinL40
j : j = ', j = ', 
l : l = ', l = ', 
i : i = ', i = ', i = ', 
k : k = ', k = ', k = ', 

BLOCK: joinL37
j : j = ', j = ', 
l : l = ', l = ', 
i : i = ', i = ', i = ', i = ', 
k : k = ', k = ', k = ', k = ', 

BLOCK: trueL41
j : j = ', 
l : l = ', 
i : i = ', i = ', i = ', i = ', 
k : k = ', k = ', k = ', k = ', 

BLOCK: falseL43
j : j = ', j = ', 
l : l = ', l = ', 
i : i = ', i = ', i = ', i = ', 
k : k = ', k = ', k = ', k = ', 

BLOCK: trueL44
j : j = ', j = ', 
l : l = ', l = ', 
i : i = ', 
k : k = ', 

BLOCK: joinL45
j : j = ', j = ', 
l : l = ', l = ', 
i : i = ', i = ', i = ', i = ', i = ', 
k : k = ', k = ', k = ', k = ', k = ', 

BLOCK: joinL42
j : j = ', j = ', j = ', 
l : l = ', l = ', l = ', 
i : i = ', i = ', i = ', i = ', i = ', 
k : k = ', k = ', k = ', k = ', k = ', 

BLOCK: trueL46
j : j = ', j = ', j = ', 
l : l = ', l = ', l = ', 
i : i = ', 
k : k = ', 

BLOCK: falseL48
j : j = ', j = ', j = ', 
l : l = ', l = ', l = ', 
i : i = ', i = ', i = ', i = ', i = ', 
k : k = ', k = ', k = ', k = ', k = ', 

BLOCK: trueL49
j : j = ', j = ', j = ', 
l : l = ', l = ', l = ', 
i : i = ', 
k : k = ', 

BLOCK: joinL50
j : j = ', j = ', j = ', 
l : l = ', l = ', l = ', 
i : i = ', i = ', i = ', i = ', i = ', i = ', 
k : k = ', k = ', k = ', k = ', k = ', k = ', 

BLOCK: joinL47
j : j = ', j = ', j = ', 
l : l = ', l = ', l = ', 
i : i = ', i = ', i = ', i = ', i = ', i = ', i = ', 
k : k = ', k = ', k = ', k = ', k = ', k = ', k = ', 

BLOCK: trueL51
j : j = ', j = ', j = ', 
l : l = ', l = ', l = ', 
i : i = ', 
k : k = ', 

BLOCK: falseL53
j : j = ', j = ', j = ', 
l : l = ', l = ', l = ', 
i : i = ', i = ', i = ', i = ', i = ', i = ', i = ', 
k : k = ', k = ', k = ', k = ', k = ', k = ', k = ', 

BLOCK: trueL54
j : j = ', j = ', j = ', 
l : l = ', l = ', l = ', 
i : i = ', 
k : k = ', 

BLOCK: joinL55
j : j = ', j = ', j = ', 
l : l = ', l = ', l = ', 
i : i = ', i = ', i = ', i = ', i = ', i = ', i = ', i = ', 
k : k = ', k = ', k = ', k = ', k = ', k = ', k = ', k = ', 

BLOCK: joinL52
j : j = ', j = ', j = ', 
l : l = ', l = ', l = ', 
i : i = ', i = ', i = ', i = ', i = ', i = ', i = ', i = ', i = ', 
k : k = ', k = ', k = ', k = ', k = ', k = ', k = ', k = ', k = ', 

BLOCK: trueL56
j : j = ', j = ', j = ', 
l : l = ', l = ', l = ', 
i : i = ', i = ', i = ', i = ', i = ', i = ', i = ', i = ', i = ', 
k : k = ', k = ', k = ', k = ', k = ', k = ', k = ', k = ', k = ', 

BLOCK: falseL58
j : j = ', j = ', j = ', 
l : l = ', l = ', l = ', 
i : i = ', i = ', i = ', i = ', i = ', i = ', i = ', i = ', i = ', 
k : k = ', k = ', k = ', k = ', k = ', k = ', k = ', k = ', k = ', 

BLOCK: joinL57
j : j = ', j = ', j = ', 
l : l = ', l = ', l = ', 
i : i = ', i = ', i = ', i = ', i = ', i = ', i = ', i = ', i = ', 
k : k = ', k = ', k = ', k = ', k = ', k = ', k = ', k = ', k = ', 

BLOCK: StartmainL59

BLOCK: StartmainL59

BLOCK: BasicL60
y2 : y2 = 0.0, 
r2 : r2 = 0.0, 
r1 : r1 = 0.0, 
pt1 : pt1 = new CartesianPoint(0.0, 0.0, ), 
d1 : d1 = 0.0, 
a1 : a1 = 0.0, 
y1 : y1 = 0.0, 
scan : scan = new Scanner(System.in, ), 
a2 : a2 = 0.0, 
choice1 : choice1 = scan.nextInt(), 
x1 : x1 = 0.0, 
x2 : x2 = 0.0, 
pt2 : pt2 = new CartesianPoint(0.0, 0.0, ), 

BLOCK: trueL62
y2 : y2 = 0.0, 
r2 : r2 = 0.0, 
r1 : r1 = 0.0, 
pt1 : pt1 = new CartesianPoint(x1, y1, ), 
d1 : d1 = 0.0, 
a1 : a1 = 0.0, 
y1 : y1 = scan.nextDouble(), 
scan : scan = new Scanner(System.in, ), 
a2 : a2 = 0.0, 
x1 : x1 = scan.nextDouble(), 
choice1 : choice1 = scan.nextInt(), 
x2 : x2 = 0.0, 
pt2 : pt2 = new CartesianPoint(0.0, 0.0, ), 

BLOCK: falseL64
y2 : y2 = 0.0, 
r1 : r1 = scan.nextDouble(), 
r2 : r2 = 0.0, 
pt1 : pt1 = new PolarPoint(r1, a1, ), 
a1 : a1 = a1 * Math.PI / 180.0, 
d1 : d1 = 0.0, 
y1 : y1 = 0.0, 
scan : scan = new Scanner(System.in, ), 
a2 : a2 = 0.0, 
choice1 : choice1 = scan.nextInt(), 
x1 : x1 = 0.0, 
x2 : x2 = 0.0, 
pt2 : pt2 = new CartesianPoint(0.0, 0.0, ), 

BLOCK: joinL63
y2 : y2 = 0.0, 
r2 : r2 = 0.0, 
r1 : r1 = 0.0, r1 = scan.nextDouble(), 
pt1 : pt1 = new CartesianPoint(x1, y1, ), pt1 = new PolarPoint(r1, a1, ), 
d1 : d1 = 0.0, 
a1 : a1 = a1 * Math.PI / 180.0, a1 = 0.0, 
y1 : y1 = 0.0, y1 = scan.nextDouble(), 
scan : scan = new Scanner(System.in, ), 
a2 : a2 = 0.0, 
choice2 : choice2 = scan.nextInt(), 
x1 : x1 = scan.nextDouble(), x1 = 0.0, 
choice1 : choice1 = scan.nextInt(), 
x2 : x2 = 0.0, 
pt2 : pt2 = new CartesianPoint(0.0, 0.0, ), 

BLOCK: trueL65
y2 : y2 = scan.nextDouble(), 
r2 : r2 = 0.0, 
r1 : r1 = 0.0, r1 = scan.nextDouble(), 
pt1 : pt1 = new CartesianPoint(x1, y1, ), pt1 = new PolarPoint(r1, a1, ), 
d1 : d1 = 0.0, 
a1 : a1 = a1 * Math.PI / 180.0, a1 = 0.0, 
y1 : y1 = 0.0, y1 = scan.nextDouble(), 
scan : scan = new Scanner(System.in, ), 
a2 : a2 = 0.0, 
choice2 : choice2 = scan.nextInt(), 
x1 : x1 = scan.nextDouble(), x1 = 0.0, 
choice1 : choice1 = scan.nextInt(), 
x2 : x2 = scan.nextDouble(), 
pt2 : pt2 = new CartesianPoint(x2, y2, ), 

BLOCK: falseL67
y2 : y2 = 0.0, 
r2 : r2 = scan.nextDouble(), 
r1 : r1 = 0.0, r1 = scan.nextDouble(), 
pt1 : pt1 = new CartesianPoint(x1, y1, ), pt1 = new PolarPoint(r1, a1, ), 
d1 : d1 = 0.0, 
a1 : a1 = a1 * Math.PI / 180.0, a1 = 0.0, 
y1 : y1 = 0.0, y1 = scan.nextDouble(), 
scan : scan = new Scanner(System.in, ), 
a2 : a2 = a2 * Math.PI / 180.0, 
choice2 : choice2 = scan.nextInt(), 
x1 : x1 = scan.nextDouble(), x1 = 0.0, 
choice1 : choice1 = scan.nextInt(), 
x2 : x2 = 0.0, 
pt2 : pt2 = new PolarPoint(r2, a2, ), 

BLOCK: joinL66
y2 : y2 = 0.0, y2 = scan.nextDouble(), 
r2 : r2 = scan.nextDouble(), r2 = 0.0, 
r1 : r1 = 0.0, r1 = scan.nextDouble(), 
same : same = sameQuad(pt1, pt2, ), 
pt1 : pt1 = new CartesianPoint(x1, y1, ), pt1 = new PolarPoint(r1, a1, ), 
d1 : d1 = distance(pt1, pt2, ), 
a1 : a1 = a1 * Math.PI / 180.0, a1 = 0.0, 
y1 : y1 = 0.0, y1 = scan.nextDouble(), 
scan : scan = new Scanner(System.in, ), 
a2 : a2 = a2 * Math.PI / 180.0, a2 = 0.0, 
choice2 : choice2 = scan.nextInt(), 
x1 : x1 = scan.nextDouble(), x1 = 0.0, 
choice1 : choice1 = scan.nextInt(), 
x2 : x2 = 0.0, x2 = scan.nextDouble(), 
pt2 : pt2 = new CartesianPoint(x2, y2, ), pt2 = new PolarPoint(r2, a2, ), 

BLOCK: trueL68
y2 : y2 = 0.0, y2 = scan.nextDouble(), 
r2 : r2 = scan.nextDouble(), r2 = 0.0, 
r1 : r1 = 0.0, r1 = scan.nextDouble(), 
same : same = sameQuad(pt1, pt2, ), 
pt1 : pt1 = new CartesianPoint(x1, y1, ), pt1 = new PolarPoint(r1, a1, ), 
d1 : d1 = distance(pt1, pt2, ), 
a1 : a1 = a1 * Math.PI / 180.0, a1 = 0.0, 
y1 : y1 = 0.0, y1 = scan.nextDouble(), 
scan : scan = new Scanner(System.in, ), 
a2 : a2 = a2 * Math.PI / 180.0, a2 = 0.0, 
choice2 : choice2 = scan.nextInt(), 
x1 : x1 = scan.nextDouble(), x1 = 0.0, 
choice1 : choice1 = scan.nextInt(), 
x2 : x2 = 0.0, x2 = scan.nextDouble(), 
pt2 : pt2 = new CartesianPoint(x2, y2, ), pt2 = new PolarPoint(r2, a2, ), 

BLOCK: falseL70
y2 : y2 = 0.0, y2 = scan.nextDouble(), 
r2 : r2 = scan.nextDouble(), r2 = 0.0, 
r1 : r1 = 0.0, r1 = scan.nextDouble(), 
same : same = sameQuad(pt1, pt2, ), 
pt1 : pt1 = new CartesianPoint(x1, y1, ), pt1 = new PolarPoint(r1, a1, ), 
d1 : d1 = distance(pt1, pt2, ), 
a1 : a1 = a1 * Math.PI / 180.0, a1 = 0.0, 
y1 : y1 = 0.0, y1 = scan.nextDouble(), 
scan : scan = new Scanner(System.in, ), 
a2 : a2 = a2 * Math.PI / 180.0, a2 = 0.0, 
choice2 : choice2 = scan.nextInt(), 
x1 : x1 = scan.nextDouble(), x1 = 0.0, 
choice1 : choice1 = scan.nextInt(), 
x2 : x2 = 0.0, x2 = scan.nextDouble(), 
pt2 : pt2 = new CartesianPoint(x2, y2, ), pt2 = new PolarPoint(r2, a2, ), 

BLOCK: joinL69
y2 : y2 = 0.0, y2 = scan.nextDouble(), 
r2 : r2 = scan.nextDouble(), r2 = 0.0, 
r1 : r1 = 0.0, r1 = scan.nextDouble(), 
same : same = sameQuad(pt1, pt2, ), 
pt1 : pt1 = new CartesianPoint(x1, y1, ), pt1 = new PolarPoint(r1, a1, ), 
d1 : d1 = distance(pt1, pt2, ), 
a1 : a1 = a1 * Math.PI / 180.0, a1 = 0.0, 
y1 : y1 = 0.0, y1 = scan.nextDouble(), 
scan : scan = new Scanner(System.in, ), 
a2 : a2 = a2 * Math.PI / 180.0, a2 = 0.0, 
choice2 : choice2 = scan.nextInt(), 
x1 : x1 = scan.nextDouble(), x1 = 0.0, 
choice1 : choice1 = scan.nextInt(), 
x2 : x2 = 0.0, x2 = scan.nextDouble(), 
pt2 : pt2 = new CartesianPoint(x2, y2, ), pt2 = new PolarPoint(r2, a2, ), 

BLOCK: StarttestRadiusL71
this.pt : this.pt = new PolarPoint(1.0, 2.0 * Math.PI, ), 
this.pt2 : this.pt2 = new PolarPoint(0.0, Math.PI, ), 
this.pt1 : this.pt1 = new PolarPoint(4.0, -45 * Math.PI / 180.0, ), 

BLOCK: StarttestRadiusL71
this.pt : this.pt = new PolarPoint(1.0, 2.0 * Math.PI, ), 
this.pt2 : this.pt2 = new PolarPoint(0.0, Math.PI, ), 
this.pt1 : this.pt1 = new PolarPoint(4.0, -45 * Math.PI / 180.0, ), 

BLOCK: BasicL72
this.pt : this.pt = new PolarPoint(1.0, 2.0 * Math.PI, ), 
this.pt2 : this.pt2 = new PolarPoint(0.0, Math.PI, ), 
this.pt1 : this.pt1 = new PolarPoint(4.0, -45 * Math.PI / 180.0, ), 

BLOCK: StarttestAngleL74
this.pt1 : this.pt1 = new PolarPoint(4.0, -45 * Math.PI / 180.0, ), 
this.pt : this.pt = new PolarPoint(1.0, 2.0 * Math.PI, ), 
this.pt2 : this.pt2 = new PolarPoint(0.0, Math.PI, ), 

BLOCK: StarttestAngleL74
this.pt1 : this.pt1 = new PolarPoint(4.0, -45 * Math.PI / 180.0, ), 
this.pt : this.pt = new PolarPoint(1.0, 2.0 * Math.PI, ), 
this.pt2 : this.pt2 = new PolarPoint(0.0, Math.PI, ), 

BLOCK: BasicL75
this.pt1 : this.pt1 = new PolarPoint(4.0, -45 * Math.PI / 180.0, ), 
this.pt : this.pt = new PolarPoint(1.0, 2.0 * Math.PI, ), 
this.pt2 : this.pt2 = new PolarPoint(0.0, Math.PI, ), 

BLOCK: StarttestXCoordL77
this.pt2 : this.pt2 = new PolarPoint(0.0, Math.PI, ), 
this.pt1 : this.pt1 = new PolarPoint(4.0, -45 * Math.PI / 180.0, ), 
this.pt : this.pt = new PolarPoint(1.0, 2.0 * Math.PI, ), 

BLOCK: StarttestXCoordL77
this.pt2 : this.pt2 = new PolarPoint(0.0, Math.PI, ), 
this.pt1 : this.pt1 = new PolarPoint(4.0, -45 * Math.PI / 180.0, ), 
this.pt : this.pt = new PolarPoint(1.0, 2.0 * Math.PI, ), 

BLOCK: BasicL78
this.pt2 : this.pt2 = new PolarPoint(0.0, Math.PI, ), 
this.pt1 : this.pt1 = new PolarPoint(4.0, -45 * Math.PI / 180.0, ), 
this.pt : this.pt = new PolarPoint(1.0, 2.0 * Math.PI, ), 

BLOCK: StarttestYCoordL80
this.pt1 : this.pt1 = new PolarPoint(4.0, -45 * Math.PI / 180.0, ), 
this.pt : this.pt = new PolarPoint(1.0, 2.0 * Math.PI, ), 
this.pt2 : this.pt2 = new PolarPoint(0.0, Math.PI, ), 

BLOCK: StarttestYCoordL80
this.pt1 : this.pt1 = new PolarPoint(4.0, -45 * Math.PI / 180.0, ), 
this.pt : this.pt = new PolarPoint(1.0, 2.0 * Math.PI, ), 
this.pt2 : this.pt2 = new PolarPoint(0.0, Math.PI, ), 

BLOCK: BasicL81
this.pt1 : this.pt1 = new PolarPoint(4.0, -45 * Math.PI / 180.0, ), 
this.pt : this.pt = new PolarPoint(1.0, 2.0 * Math.PI, ), 
this.pt2 : this.pt2 = new PolarPoint(0.0, Math.PI, ), 

BLOCK: StarttestRotate90L83
this.pt2 : this.pt2 = new PolarPoint(0.0, Math.PI, ), 
this.pt : this.pt = new PolarPoint(1.0, 2.0 * Math.PI, ), 
this.pt1 : this.pt1 = new PolarPoint(4.0, -45 * Math.PI / 180.0, ), 

BLOCK: StarttestRotate90L83
this.pt2 : this.pt2 = new PolarPoint(0.0, Math.PI, ), 
this.pt : this.pt = new PolarPoint(1.0, 2.0 * Math.PI, ), 
this.pt1 : this.pt1 = new PolarPoint(4.0, -45 * Math.PI / 180.0, ), 

BLOCK: BasicL84
this.pt2 : this.pt2 = new PolarPoint(0.0, Math.PI, ), 
this.pt : this.pt = new PolarPoint(1.0, 2.0 * Math.PI, ), 
this.pt1 : this.pt1 = new PolarPoint(4.0, -45 * Math.PI / 180.0, ), 

BLOCK: StartmainL86
this.pt : this.pt = new PolarPoint(1.0, 2.0 * Math.PI, ), 
this.pt1 : this.pt1 = new PolarPoint(4.0, -45 * Math.PI / 180.0, ), 
this.pt2 : this.pt2 = new PolarPoint(0.0, Math.PI, ), 

BLOCK: StartmainL86
this.pt : this.pt = new PolarPoint(1.0, 2.0 * Math.PI, ), 
this.pt1 : this.pt1 = new PolarPoint(4.0, -45 * Math.PI / 180.0, ), 
this.pt2 : this.pt2 = new PolarPoint(0.0, Math.PI, ), 

BLOCK: BasicL87
this.pt : this.pt = new PolarPoint(1.0, 2.0 * Math.PI, ), 
this.pt1 : this.pt1 = new PolarPoint(4.0, -45 * Math.PI / 180.0, ), 
this.pt2 : this.pt2 = new PolarPoint(0.0, Math.PI, ), 

BLOCK: Startconstructor1L89
this.x_coord : this.x_coord = 0.0, 
this.y_coord : this.y_coord = 0.0, 

BLOCK: Startconstructor1L89
this.x_coord : this.x_coord = 0.0, 
this.y_coord : this.y_coord = 0.0, 

BLOCK: BasicL90
this.x_coord : this.x_coord = x_coord, 
this.y_coord : this.y_coord = y_coord, 

BLOCK: StartxCoordinateL92
this.x_coord : this.x_coord = 0.0, 
this.y_coord : this.y_coord = 0.0, 

BLOCK: StartxCoordinateL92
this.x_coord : this.x_coord = 0.0, 
this.y_coord : this.y_coord = 0.0, 

BLOCK: BasicL93
this.x_coord : this.x_coord = 0.0, 
this.y_coord : this.y_coord = 0.0, 

BLOCK: StartyCoordinateL95
this.x_coord : this.x_coord = 0.0, 
this.y_coord : this.y_coord = 0.0, 

BLOCK: StartyCoordinateL95
this.x_coord : this.x_coord = 0.0, 
this.y_coord : this.y_coord = 0.0, 

BLOCK: BasicL96
this.x_coord : this.x_coord = 0.0, 
this.y_coord : this.y_coord = 0.0, 

BLOCK: StartradiusL98
this.y_coord : this.y_coord = 0.0, 
this.x_coord : this.x_coord = 0.0, 

BLOCK: StartradiusL98
this.y_coord : this.y_coord = 0.0, 
this.x_coord : this.x_coord = 0.0, 

BLOCK: BasicL99
this.y_coord : this.y_coord = 0.0, 
this.x_coord : this.x_coord = 0.0, 

BLOCK: StartangleL101
this.y_coord : this.y_coord = 0.0, 
this.x_coord : this.x_coord = 0.0, 

BLOCK: StartangleL101
this.y_coord : this.y_coord = 0.0, 
this.x_coord : this.x_coord = 0.0, 

BLOCK: BasicL102
this.y_coord : this.y_coord = 0.0, 
this.x_coord : this.x_coord = 0.0, 

BLOCK: Startrotate90L104
this.y_coord : this.y_coord = 0.0, 
this.x_coord : this.x_coord = 0.0, 

BLOCK: Startrotate90L104
this.y_coord : this.y_coord = 0.0, 
this.x_coord : this.x_coord = 0.0, 

BLOCK: BasicL105
x : x = this.y_coord, 
pt : pt = new CartesianPoint(x, y, ), 
y : y = this.x_coord, 
this.y_coord : this.y_coord = 0.0, 
this.x_coord : this.x_coord = 0.0, 

BLOCK: StarttestXCoordinateL107
this.pt : this.pt = new CartesianPoint(3.0, 4.0, ), 
this.pt2 : this.pt2 = new CartesianPoint(1.0, 5.0, ), 
this.pt1 : this.pt1 = new CartesianPoint(1.0, 2.0, ), 

BLOCK: StarttestXCoordinateL107
this.pt : this.pt = new CartesianPoint(3.0, 4.0, ), 
this.pt2 : this.pt2 = new CartesianPoint(1.0, 5.0, ), 
this.pt1 : this.pt1 = new CartesianPoint(1.0, 2.0, ), 

BLOCK: BasicL108
this.pt : this.pt = new CartesianPoint(3.0, 4.0, ), 
this.pt2 : this.pt2 = new CartesianPoint(1.0, 5.0, ), 
this.pt1 : this.pt1 = new CartesianPoint(1.0, 2.0, ), 

BLOCK: StarttestYCoordinateL110
this.pt2 : this.pt2 = new CartesianPoint(1.0, 5.0, ), 
this.pt1 : this.pt1 = new CartesianPoint(1.0, 2.0, ), 
this.pt : this.pt = new CartesianPoint(3.0, 4.0, ), 

BLOCK: StarttestYCoordinateL110
this.pt2 : this.pt2 = new CartesianPoint(1.0, 5.0, ), 
this.pt1 : this.pt1 = new CartesianPoint(1.0, 2.0, ), 
this.pt : this.pt = new CartesianPoint(3.0, 4.0, ), 

BLOCK: BasicL111
this.pt2 : this.pt2 = new CartesianPoint(1.0, 5.0, ), 
this.pt1 : this.pt1 = new CartesianPoint(1.0, 2.0, ), 
this.pt : this.pt = new CartesianPoint(3.0, 4.0, ), 

BLOCK: StarttestRadiusL113
this.pt1 : this.pt1 = new CartesianPoint(1.0, 2.0, ), 
this.pt : this.pt = new CartesianPoint(3.0, 4.0, ), 
this.pt2 : this.pt2 = new CartesianPoint(1.0, 5.0, ), 

BLOCK: StarttestRadiusL113
this.pt1 : this.pt1 = new CartesianPoint(1.0, 2.0, ), 
this.pt : this.pt = new CartesianPoint(3.0, 4.0, ), 
this.pt2 : this.pt2 = new CartesianPoint(1.0, 5.0, ), 

BLOCK: BasicL114
this.pt1 : this.pt1 = new CartesianPoint(1.0, 2.0, ), 
this.pt : this.pt = new CartesianPoint(3.0, 4.0, ), 
this.pt2 : this.pt2 = new CartesianPoint(1.0, 5.0, ), 

BLOCK: StarttestAngleL116
this.pt : this.pt = new CartesianPoint(3.0, 4.0, ), 
this.pt1 : this.pt1 = new CartesianPoint(1.0, 2.0, ), 
this.pt2 : this.pt2 = new CartesianPoint(1.0, 5.0, ), 

BLOCK: StarttestAngleL116
this.pt : this.pt = new CartesianPoint(3.0, 4.0, ), 
this.pt1 : this.pt1 = new CartesianPoint(1.0, 2.0, ), 
this.pt2 : this.pt2 = new CartesianPoint(1.0, 5.0, ), 

BLOCK: BasicL117
this.pt : this.pt = new CartesianPoint(3.0, 4.0, ), 
this.pt1 : this.pt1 = new CartesianPoint(1.0, 2.0, ), 
this.pt2 : this.pt2 = new CartesianPoint(1.0, 5.0, ), 

BLOCK: StarttestRotate90L119
this.pt1 : this.pt1 = new CartesianPoint(1.0, 2.0, ), 
this.pt2 : this.pt2 = new CartesianPoint(1.0, 5.0, ), 
this.pt : this.pt = new CartesianPoint(3.0, 4.0, ), 

BLOCK: StarttestRotate90L119
this.pt1 : this.pt1 = new CartesianPoint(1.0, 2.0, ), 
this.pt2 : this.pt2 = new CartesianPoint(1.0, 5.0, ), 
this.pt : this.pt = new CartesianPoint(3.0, 4.0, ), 

BLOCK: BasicL120
this.pt1 : this.pt1 = new CartesianPoint(1.0, 2.0, ), 
this.pt2 : this.pt2 = new CartesianPoint(1.0, 5.0, ), 
this.pt : this.pt = new CartesianPoint(3.0, 4.0, ), 

BLOCK: StartmainL122
this.pt : this.pt = new CartesianPoint(3.0, 4.0, ), 
this.pt2 : this.pt2 = new CartesianPoint(1.0, 5.0, ), 
this.pt1 : this.pt1 = new CartesianPoint(1.0, 2.0, ), 

BLOCK: StartmainL122
this.pt : this.pt = new CartesianPoint(3.0, 4.0, ), 
this.pt2 : this.pt2 = new CartesianPoint(1.0, 5.0, ), 
this.pt1 : this.pt1 = new CartesianPoint(1.0, 2.0, ), 

BLOCK: BasicL123
this.pt : this.pt = new CartesianPoint(3.0, 4.0, ), 
this.pt2 : this.pt2 = new CartesianPoint(1.0, 5.0, ), 
this.pt1 : this.pt1 = new CartesianPoint(1.0, 2.0, ), 

Unfiltered: 809367
Filtered: 2


Duplicate found: 102_Code/102_hw1/dir05/PointRelation.java lines [14, 69] and 102_Code/102_hw1/dir05/PointRelation.java lines [14, 68]
102_Code/102_hw1/dir05/PointRelation.java ----------
14 :	k = '
25 :	k = '
29 :	l = '
34 :	k = '
39 :	k = '
49 :	k = '
54 :	k = '
59 :	k = '
64 :	k = '
69 :	k = '
102_Code/102_hw1/dir05/PointRelation.java ----------
21 :	j = '
17 :	i = '
44 :	l = '
33 :	i = '
38 :	i = '
48 :	i = '
58 :	i = '
53 :	i = '
68 :	i = '
63 :	i = '
===========================



Duplicate found: 102_Code/102_hw1/dir05/PointRelation.java lines [14, 69] and 102_Code/102_hw1/dir05/PointRelation.java lines [14, 69]
102_Code/102_hw1/dir05/PointRelation.java ----------
14 :	k = '
25 :	k = '
29 :	l = '
34 :	k = '
39 :	k = '
49 :	k = '
54 :	k = '
59 :	k = '
64 :	k = '
69 :	k = '
102_Code/102_hw1/dir05/PointRelation.java ----------
21 :	j = '
17 :	i = '
69 :	k = '
33 :	i = '
38 :	i = '
48 :	i = '
58 :	i = '
53 :	i = '
68 :	i = '
63 :	i = '
===========================



[INFO] ------------------------------------------------------------------------
[INFO] BUILD SUCCESS
[INFO] ------------------------------------------------------------------------
[INFO] Total time: 22.945 s
[INFO] Finished at: 2019-05-06T19:54:35-07:00
[INFO] Final Memory: 19M/1755M
[INFO] ------------------------------------------------------------------------
