[INFO] Scanning for projects...
[WARNING] 
[WARNING] Some problems were encountered while building the effective model for thesis:thesis:jar:1.0-SNAPSHOT
[WARNING] 'dependencies.dependency.version' for org.junit.jupiter:junit-jupiter-api:jar is either LATEST or RELEASE (both of them are being deprecated) @ line 25, column 22
[WARNING] 
[WARNING] It is highly recommended to fix these problems because they threaten the stability of your build.
[WARNING] 
[WARNING] For this reason, future Maven versions might no longer support building such malformed projects.
[WARNING] 
[INFO] 
[INFO] ------------------------------------------------------------------------
[INFO] Building thesis 1.0-SNAPSHOT
[INFO] ------------------------------------------------------------------------
[INFO] 
[INFO] >>> exec-maven-plugin:1.2.1:java (default-cli) > validate @ thesis >>>
[INFO] 
[INFO] <<< exec-maven-plugin:1.2.1:java (default-cli) < validate @ thesis <<<
[INFO] 
[INFO] 
[INFO] --- exec-maven-plugin:1.2.1:java (default-cli) @ thesis ---
BLOCK: Startconstructor1L0
this.rad : this.rad = 0.0, 
this.nang : this.nang = 0.0, 
this.ang : this.ang = 0.0, 
this.y : this.y = 0.0, 
this.x : this.x = 0.0, 

BLOCK: BasicL1
this.rad : this.rad = radius, 
this.nang : this.nang = 0.0, 
this.ang : this.ang = angle, 
this.y : this.y = 0.0, 
this.x : this.x = 0.0, 

BLOCK: trueL3
this.rad : this.rad = Math.abs(this.rad, ), 
this.nang : this.nang = 0.0, 
this.ang : this.ang = this.ang + Math.PI, 
this.y : this.y = 0.0, 
this.x : this.x = 0.0, 

BLOCK: joinL4
this.rad : this.rad = Math.abs(this.rad, ), this.rad = radius, 
this.nang : this.nang = 0.0, 
this.ang : this.ang = this.ang + Math.PI, this.ang = angle, 
this.y : this.y = 0.0, 
this.x : this.x = 0.0, 

BLOCK: trueL5
this.rad : this.rad = Math.abs(this.rad, ), this.rad = radius, 
this.nang : this.nang = 0.0, 
this.ang : this.ang = this.ang + Math.PI * 2, 
this.y : this.y = 0.0, 
this.x : this.x = 0.0, 

BLOCK: joinL6
this.rad : this.rad = Math.abs(this.rad, ), this.rad = radius, 
this.nang : this.nang = 0.0, 
this.ang : this.ang = this.ang + Math.PI * 2, this.ang = this.ang + Math.PI, this.ang = angle, 
this.y : this.y = 0.0, 
this.x : this.x = 0.0, 

BLOCK: trueL7
this.rad : this.rad = Math.abs(this.rad, ), this.rad = radius, 
this.nang : this.nang = 0.0, 
this.ang : this.ang = this.ang - Math.PI * 2, 
this.y : this.y = 0.0, 
this.x : this.x = 0.0, 

BLOCK: joinL8
this.rad : this.rad = Math.abs(this.rad, ), this.rad = radius, 
this.nang : this.nang = 0.0, 
this.ang : this.ang = this.ang + Math.PI * 2, this.ang = this.ang - Math.PI * 2, this.ang = this.ang + Math.PI, this.ang = angle, 
this.y : this.y = 0.0, 
this.x : this.x = 0.0, 

BLOCK: StartxCoordinateL9
this.nang : this.nang = 0.0, 
this.ang : this.ang = 0.0, 
this.x : this.x = 0.0, 
this.y : this.y = 0.0, 
this.rad : this.rad = 0.0, 

BLOCK: BasicL10
this.nang : this.nang = 0.0, 
this.ang : this.ang = 0.0, 
this.x : this.x = this.rad * Math.cos(this.ang, ), 
this.y : this.y = 0.0, 
this.rad : this.rad = 0.0, 

BLOCK: StartyCoordinateL12
this.rad : this.rad = 0.0, 
this.nang : this.nang = 0.0, 
this.ang : this.ang = 0.0, 
this.y : this.y = 0.0, 
this.x : this.x = 0.0, 

BLOCK: BasicL13
this.rad : this.rad = 0.0, 
this.nang : this.nang = 0.0, 
this.ang : this.ang = 0.0, 
this.y : this.y = this.rad * Math.sin(this.ang, ), 
this.x : this.x = 0.0, 

BLOCK: StartradiusL15
this.y : this.y = 0.0, 
this.rad : this.rad = 0.0, 
this.ang : this.ang = 0.0, 
this.x : this.x = 0.0, 
this.nang : this.nang = 0.0, 

BLOCK: BasicL16
this.y : this.y = 0.0, 
this.rad : this.rad = 0.0, 
this.ang : this.ang = 0.0, 
this.x : this.x = 0.0, 
this.nang : this.nang = 0.0, 

BLOCK: StartangleL18
this.x : this.x = 0.0, 
this.y : this.y = 0.0, 
this.ang : this.ang = 0.0, 
this.rad : this.rad = 0.0, 
this.nang : this.nang = 0.0, 

BLOCK: BasicL19
this.x : this.x = 0.0, 
this.y : this.y = 0.0, 
this.ang : this.ang = 0.0, 
this.rad : this.rad = 0.0, 
this.nang : this.nang = 0.0, 

BLOCK: Startrotate90L21
this.ang : this.ang = 0.0, 
this.rad : this.rad = 0.0, 
this.y : this.y = 0.0, 
this.nang : this.nang = 0.0, 
this.x : this.x = 0.0, 

BLOCK: BasicL22
newp : newp = new PolarPoint(this.rad, this.nang, ), 
this.ang : this.ang = 0.0, 
this.rad : this.rad = 0.0, 
this.y : this.y = 0.0, 
this.nang : this.nang = this.ang + Math.PI / 2, 
this.x : this.x = 0.0, 

BLOCK: StartdistanceL24

BLOCK: BasicL25
distance : distance = Math.sqrt(pd1.xCoordinate() - pd2.xCoordinate() * pd1.xCoordinate() - pd2.xCoordinate() + pd1.yCoordinate() - pd2.yCoordinate() * pd1.yCoordinate() - pd2.yCoordinate(), ), 

BLOCK: StartsamequadL27

BLOCK: BasicL28

BLOCK: trueL30

BLOCK: trueL32

BLOCK: falseL34

BLOCK: joinL33

BLOCK: falseL35

BLOCK: joinL31

BLOCK: StartmainL36

BLOCK: BasicL37
p2 : p2 = new CartesianPoint(0, 0, ), 
radius : radius = 0.0, 
x : x = 0.0, 
choice : choice = scan.nextDouble(), 
y : y = 0.0, 
p1 : p1 = new CartesianPoint(0, 0, ), 
angle : angle = 0.0, 
scan : scan = new Scanner(System.in, ), 

BLOCK: trueL39
p2 : p2 = new CartesianPoint(0, 0, ), 
radius : radius = 0.0, 
x : x = scan.nextDouble(), 
choice : choice = scan.nextDouble(), 
y : y = scan.nextDouble(), 
p1 : p1 = new CartesianPoint(x, y, ), 
angle : angle = 0.0, 
scan : scan = new Scanner(System.in, ), 

BLOCK: falseL41
p2 : p2 = new CartesianPoint(0, 0, ), 
radius : radius = 0.0, 
x : x = 0.0, 
choice : choice = scan.nextDouble(), 
y : y = 0.0, 
p1 : p1 = new CartesianPoint(0, 0, ), 
angle : angle = 0.0, 
scan : scan = new Scanner(System.in, ), 

BLOCK: trueL42
radius : radius = scan.nextDouble(), 
p2 : p2 = new CartesianPoint(0, 0, ), 
x : x = radius * Math.cos(angle, ), 
choice : choice = scan.nextDouble(), 
y : y = radius * Math.sin(angle, ), 
p1 : p1 = new CartesianPoint(x, y, ), 
angle : angle = angle * Math.PI / 180, 
scan : scan = new Scanner(System.in, ), 

BLOCK: falseL44
p2 : p2 = new CartesianPoint(0, 0, ), 
radius : radius = 0.0, 
x : x = 0.0, 
choice : choice = scan.nextDouble(), 
y : y = 0.0, 
p1 : p1 = new CartesianPoint(0, 0, ), 
angle : angle = 0.0, 
scan : scan = new Scanner(System.in, ), 

BLOCK: joinL43
radius : radius = 0.0, radius = scan.nextDouble(), 
p2 : p2 = new CartesianPoint(0, 0, ), 
x : x = radius * Math.cos(angle, ), x = 0.0, 
choice : choice = scan.nextDouble(), 
y : y = radius * Math.sin(angle, ), y = 0.0, 
p1 : p1 = new CartesianPoint(x, y, ), p1 = new CartesianPoint(0, 0, ), 
angle : angle = angle * Math.PI / 180, angle = 0.0, 
scan : scan = new Scanner(System.in, ), 

BLOCK: joinL40
p2 : p2 = new CartesianPoint(0, 0, ), 
radius : radius = 0.0, radius = scan.nextDouble(), 
x : x = scan.nextDouble(), x = radius * Math.cos(angle, ), x = 0.0, 
choice : choice = scan.nextDouble(), 
y : y = radius * Math.sin(angle, ), y = 0.0, y = scan.nextDouble(), 
p1 : p1 = new CartesianPoint(x, y, ), p1 = new CartesianPoint(x, y, ), p1 = new CartesianPoint(0, 0, ), 
angle : angle = angle * Math.PI / 180, angle = 0.0, 
scan : scan = new Scanner(System.in, ), 

BLOCK: trueL45
p2 : p2 = new CartesianPoint(x, y, ), 
radius : radius = 0.0, radius = scan.nextDouble(), 
x : x = scan.nextDouble(), 
choice : choice = scan.nextDouble(), 
y : y = scan.nextDouble(), 
p1 : p1 = new CartesianPoint(x, y, ), p1 = new CartesianPoint(x, y, ), p1 = new CartesianPoint(0, 0, ), 
angle : angle = angle * Math.PI / 180, angle = 0.0, 
scan : scan = new Scanner(System.in, ), 

BLOCK: falseL47
p2 : p2 = new CartesianPoint(0, 0, ), 
radius : radius = 0.0, radius = scan.nextDouble(), 
x : x = scan.nextDouble(), x = radius * Math.cos(angle, ), x = 0.0, 
choice : choice = scan.nextDouble(), 
y : y = radius * Math.sin(angle, ), y = 0.0, y = scan.nextDouble(), 
p1 : p1 = new CartesianPoint(x, y, ), p1 = new CartesianPoint(x, y, ), p1 = new CartesianPoint(0, 0, ), 
angle : angle = angle * Math.PI / 180, angle = 0.0, 
scan : scan = new Scanner(System.in, ), 

BLOCK: trueL48
p2 : p2 = new CartesianPoint(x, y, ), 
radius : radius = scan.nextDouble(), 
x : x = radius * Math.cos(angle, ), 
choice : choice = scan.nextDouble(), 
y : y = radius * Math.sin(angle, ), 
p1 : p1 = new CartesianPoint(x, y, ), p1 = new CartesianPoint(x, y, ), p1 = new CartesianPoint(0, 0, ), 
angle : angle = angle * Math.PI / 180, 
scan : scan = new Scanner(System.in, ), 

BLOCK: falseL50
p2 : p2 = new CartesianPoint(0, 0, ), 
radius : radius = 0.0, radius = scan.nextDouble(), 
x : x = scan.nextDouble(), x = radius * Math.cos(angle, ), x = 0.0, 
choice : choice = scan.nextDouble(), 
y : y = radius * Math.sin(angle, ), y = 0.0, y = scan.nextDouble(), 
p1 : p1 = new CartesianPoint(x, y, ), p1 = new CartesianPoint(x, y, ), p1 = new CartesianPoint(0, 0, ), 
angle : angle = angle * Math.PI / 180, angle = 0.0, 
scan : scan = new Scanner(System.in, ), 

BLOCK: joinL49
p2 : p2 = new CartesianPoint(0, 0, ), p2 = new CartesianPoint(x, y, ), 
radius : radius = scan.nextDouble(), radius = 0.0, radius = scan.nextDouble(), 
x : x = radius * Math.cos(angle, ), x = scan.nextDouble(), x = radius * Math.cos(angle, ), x = 0.0, 
choice : choice = scan.nextDouble(), 
y : y = radius * Math.sin(angle, ), y = 0.0, y = scan.nextDouble(), y = radius * Math.sin(angle, ), 
p1 : p1 = new CartesianPoint(x, y, ), p1 = new CartesianPoint(x, y, ), p1 = new CartesianPoint(0, 0, ), 
angle : angle = angle * Math.PI / 180, angle = angle * Math.PI / 180, angle = 0.0, 
scan : scan = new Scanner(System.in, ), 

BLOCK: joinL46
p2 : p2 = new CartesianPoint(0, 0, ), p2 = new CartesianPoint(x, y, ), p2 = new CartesianPoint(x, y, ), 
radius : radius = scan.nextDouble(), radius = 0.0, radius = scan.nextDouble(), 
x : x = radius * Math.cos(angle, ), x = scan.nextDouble(), x = radius * Math.cos(angle, ), x = 0.0, x = scan.nextDouble(), 
choice : choice = scan.nextDouble(), 
y : y = scan.nextDouble(), y = radius * Math.sin(angle, ), y = 0.0, y = scan.nextDouble(), y = radius * Math.sin(angle, ), 
p1 : p1 = new CartesianPoint(x, y, ), p1 = new CartesianPoint(x, y, ), p1 = new CartesianPoint(0, 0, ), 
angle : angle = angle * Math.PI / 180, angle = angle * Math.PI / 180, angle = 0.0, 
scan : scan = new Scanner(System.in, ), 

BLOCK: StartmainL51

BLOCK: BasicL52
p4 : p4 = p3.rotate90(), 
p3 : p3 = new PolarPoint(1, Math.PI / 2, ), 
p1 : p1 = new PolarPoint(1, 0, ), 
p2 : p2 = p1.rotate90(), 

BLOCK: Startconstructor1L54
this.y : this.y = 0.0, 
this.temp : this.temp = 0.0, 
this.b : this.b = 0.0, 
this.a : this.a = 0.0, 
this.h : this.h = 0.0, 
this.x : this.x = 0.0, 
this.theta : this.theta = 0.0, 
this.nx : this.nx = 0.0, 
this.ny : this.ny = 0.0, 

BLOCK: BasicL55
this.y : this.y = y_coord, 
this.temp : this.temp = 0.0, 
this.b : this.b = 0.0, 
this.a : this.a = 0.0, 
this.h : this.h = 0.0, 
this.x : this.x = x_coord, 
this.theta : this.theta = 0.0, 
this.nx : this.nx = 0.0, 
this.ny : this.ny = 0.0, 

BLOCK: StartxCoordinateL57
this.temp : this.temp = 0.0, 
this.ny : this.ny = 0.0, 
this.a : this.a = 0.0, 
this.y : this.y = 0.0, 
this.theta : this.theta = 0.0, 
this.b : this.b = 0.0, 
this.x : this.x = 0.0, 
this.nx : this.nx = 0.0, 
this.h : this.h = 0.0, 

BLOCK: BasicL58
this.temp : this.temp = 0.0, 
this.ny : this.ny = 0.0, 
this.a : this.a = 0.0, 
this.y : this.y = 0.0, 
this.theta : this.theta = 0.0, 
this.b : this.b = 0.0, 
this.x : this.x = 0.0, 
this.nx : this.nx = 0.0, 
this.h : this.h = 0.0, 

BLOCK: StartyCoordinateL60
this.h : this.h = 0.0, 
this.x : this.x = 0.0, 
this.y : this.y = 0.0, 
this.b : this.b = 0.0, 
this.temp : this.temp = 0.0, 
this.theta : this.theta = 0.0, 
this.nx : this.nx = 0.0, 
this.ny : this.ny = 0.0, 
this.a : this.a = 0.0, 

BLOCK: BasicL61
this.h : this.h = 0.0, 
this.x : this.x = 0.0, 
this.y : this.y = 0.0, 
this.b : this.b = 0.0, 
this.temp : this.temp = 0.0, 
this.theta : this.theta = 0.0, 
this.nx : this.nx = 0.0, 
this.ny : this.ny = 0.0, 
this.a : this.a = 0.0, 

BLOCK: StartradiusL63
this.theta : this.theta = 0.0, 
this.nx : this.nx = 0.0, 
this.b : this.b = 0.0, 
this.a : this.a = 0.0, 
this.temp : this.temp = 0.0, 
this.ny : this.ny = 0.0, 
this.y : this.y = 0.0, 
this.h : this.h = 0.0, 
this.x : this.x = 0.0, 

BLOCK: BasicL64
this.theta : this.theta = 0.0, 
this.nx : this.nx = 0.0, 
this.b : this.b = this.y * this.y, 
this.a : this.a = this.x * this.x, 
this.temp : this.temp = this.a + this.b, 
this.ny : this.ny = 0.0, 
this.y : this.y = 0.0, 
this.h : this.h = Math.sqrt(this.temp, ), 
this.x : this.x = 0.0, 

BLOCK: StartangleL66
this.h : this.h = 0.0, 
this.a : this.a = 0.0, 
this.y : this.y = 0.0, 
this.b : this.b = 0.0, 
this.ny : this.ny = 0.0, 
this.theta : this.theta = 0.0, 
this.temp : this.temp = 0.0, 
this.x : this.x = 0.0, 
this.nx : this.nx = 0.0, 

BLOCK: BasicL67
this.h : this.h = 0.0, 
this.a : this.a = 0.0, 
this.y : this.y = 0.0, 
this.b : this.b = 0.0, 
this.ny : this.ny = 0.0, 
this.theta : this.theta = 0.0, 
this.temp : this.temp = 0.0, 
this.x : this.x = 0.0, 
this.nx : this.nx = 0.0, 

BLOCK: trueL69
this.h : this.h = 0.0, 
this.a : this.a = 0.0, 
this.y : this.y = 0.0, 
this.b : this.b = 0.0, 
this.ny : this.ny = 0.0, 
this.theta : this.theta = 0.0, 
this.temp : this.temp = 0.0, 
this.x : this.x = 0.0, 
this.nx : this.nx = 0.0, 

BLOCK: joinL70
this.h : this.h = 0.0, 
this.a : this.a = 0.0, 
this.y : this.y = 0.0, 
this.b : this.b = 0.0, 
this.ny : this.ny = 0.0, 
this.theta : this.theta = Math.atan(this.y / this.x, ), this.theta = 0.0, 
this.temp : this.temp = 0.0, 
this.x : this.x = 0.0, 
this.nx : this.nx = 0.0, 

BLOCK: trueL71
this.h : this.h = 0.0, 
this.a : this.a = 0.0, 
this.y : this.y = 0.0, 
this.b : this.b = 0.0, 
this.ny : this.ny = 0.0, 
this.theta : this.theta = Math.atan(this.y / this.x, ), this.theta = 0.0, 
this.temp : this.temp = 0.0, 
this.x : this.x = 0.0, 
this.nx : this.nx = 0.0, 

BLOCK: joinL72
this.h : this.h = 0.0, 
this.a : this.a = 0.0, 
this.y : this.y = 0.0, 
this.b : this.b = 0.0, 
this.ny : this.ny = 0.0, 
this.theta : this.theta = Math.atan(this.y / this.x, ), 
this.temp : this.temp = 0.0, 
this.x : this.x = 0.0, 
this.nx : this.nx = 0.0, 

BLOCK: Startrotate90L73
this.nx : this.nx = 0.0, 
this.b : this.b = 0.0, 
this.x : this.x = 0.0, 
this.h : this.h = 0.0, 
this.ny : this.ny = 0.0, 
this.a : this.a = 0.0, 
this.y : this.y = 0.0, 
this.temp : this.temp = 0.0, 
this.theta : this.theta = 0.0, 

BLOCK: BasicL74
this.nx : this.nx = Math.sqrt(this.h * this.h + this.ny * this.ny, ), 
this.b : this.b = 0.0, 
this.x : this.x = 0.0, 
this.h : this.h = 0.0, 
newp : newp = new CartesianPoint(-this.y, this.x, ), 
this.ny : this.ny = this.h * Math.sin(this.theta + Math.PI / 2, ), 
this.a : this.a = 0.0, 
this.y : this.y = 0.0, 
this.temp : this.temp = 0.0, 
this.theta : this.theta = 0.0, 

BLOCK: StartmainL76

BLOCK: BasicL77
p1 : p1 = new CartesianPoint(3, 4, ), 
p2 : p2 = p1.rotate90(), 
p4 : p4 = p3.rotate90(), 
p6 : p6 = p5.rotate90(), 
p5 : p5 = new CartesianPoint(0, 1, ), 
p3 : p3 = new CartesianPoint(1, 0, ), 

BLOCK: Startconstructor1L0
this.rad : this.rad = 0.0, 
this.nang : this.nang = 0.0, 
this.ang : this.ang = 0.0, 
this.y : this.y = 0.0, 
this.x : this.x = 0.0, 

BLOCK: Startconstructor1L0
this.rad : this.rad = 0.0, 
this.nang : this.nang = 0.0, 
this.ang : this.ang = 0.0, 
this.y : this.y = 0.0, 
this.x : this.x = 0.0, 

BLOCK: BasicL1
this.rad : this.rad = radius, 
this.nang : this.nang = 0.0, 
this.ang : this.ang = angle, 
this.y : this.y = 0.0, 
this.x : this.x = 0.0, 

BLOCK: trueL3
this.rad : this.rad = Math.abs(this.rad, ), 
this.nang : this.nang = 0.0, 
this.ang : this.ang = this.ang + Math.PI, 
this.y : this.y = 0.0, 
this.x : this.x = 0.0, 

BLOCK: joinL4
this.rad : this.rad = Math.abs(this.rad, ), this.rad = radius, 
this.nang : this.nang = 0.0, 
this.ang : this.ang = this.ang + Math.PI, this.ang = angle, 
this.y : this.y = 0.0, 
this.x : this.x = 0.0, 

BLOCK: trueL5
this.rad : this.rad = Math.abs(this.rad, ), this.rad = radius, 
this.nang : this.nang = 0.0, 
this.ang : this.ang = this.ang + Math.PI * 2, 
this.y : this.y = 0.0, 
this.x : this.x = 0.0, 

BLOCK: joinL6
this.rad : this.rad = Math.abs(this.rad, ), this.rad = radius, 
this.nang : this.nang = 0.0, 
this.ang : this.ang = this.ang + Math.PI * 2, this.ang = this.ang + Math.PI, this.ang = angle, 
this.y : this.y = 0.0, 
this.x : this.x = 0.0, 

BLOCK: trueL7
this.rad : this.rad = Math.abs(this.rad, ), this.rad = radius, 
this.nang : this.nang = 0.0, 
this.ang : this.ang = this.ang - Math.PI * 2, 
this.y : this.y = 0.0, 
this.x : this.x = 0.0, 

BLOCK: joinL8
this.rad : this.rad = Math.abs(this.rad, ), this.rad = radius, 
this.nang : this.nang = 0.0, 
this.ang : this.ang = this.ang + Math.PI * 2, this.ang = this.ang - Math.PI * 2, this.ang = this.ang + Math.PI, this.ang = angle, 
this.y : this.y = 0.0, 
this.x : this.x = 0.0, 

BLOCK: StartxCoordinateL9
this.nang : this.nang = 0.0, 
this.ang : this.ang = 0.0, 
this.x : this.x = 0.0, 
this.y : this.y = 0.0, 
this.rad : this.rad = 0.0, 

BLOCK: StartxCoordinateL9
this.nang : this.nang = 0.0, 
this.ang : this.ang = 0.0, 
this.x : this.x = 0.0, 
this.y : this.y = 0.0, 
this.rad : this.rad = 0.0, 

BLOCK: BasicL10
this.nang : this.nang = 0.0, 
this.ang : this.ang = 0.0, 
this.x : this.x = this.rad * Math.cos(this.ang, ), 
this.y : this.y = 0.0, 
this.rad : this.rad = 0.0, 

BLOCK: StartyCoordinateL12
this.rad : this.rad = 0.0, 
this.nang : this.nang = 0.0, 
this.ang : this.ang = 0.0, 
this.y : this.y = 0.0, 
this.x : this.x = 0.0, 

BLOCK: StartyCoordinateL12
this.rad : this.rad = 0.0, 
this.nang : this.nang = 0.0, 
this.ang : this.ang = 0.0, 
this.y : this.y = 0.0, 
this.x : this.x = 0.0, 

BLOCK: BasicL13
this.rad : this.rad = 0.0, 
this.nang : this.nang = 0.0, 
this.ang : this.ang = 0.0, 
this.y : this.y = this.rad * Math.sin(this.ang, ), 
this.x : this.x = 0.0, 

BLOCK: StartradiusL15
this.y : this.y = 0.0, 
this.rad : this.rad = 0.0, 
this.ang : this.ang = 0.0, 
this.x : this.x = 0.0, 
this.nang : this.nang = 0.0, 

BLOCK: StartradiusL15
this.y : this.y = 0.0, 
this.rad : this.rad = 0.0, 
this.ang : this.ang = 0.0, 
this.x : this.x = 0.0, 
this.nang : this.nang = 0.0, 

BLOCK: BasicL16
this.y : this.y = 0.0, 
this.rad : this.rad = 0.0, 
this.ang : this.ang = 0.0, 
this.x : this.x = 0.0, 
this.nang : this.nang = 0.0, 

BLOCK: StartangleL18
this.x : this.x = 0.0, 
this.y : this.y = 0.0, 
this.ang : this.ang = 0.0, 
this.rad : this.rad = 0.0, 
this.nang : this.nang = 0.0, 

BLOCK: StartangleL18
this.x : this.x = 0.0, 
this.y : this.y = 0.0, 
this.ang : this.ang = 0.0, 
this.rad : this.rad = 0.0, 
this.nang : this.nang = 0.0, 

BLOCK: BasicL19
this.x : this.x = 0.0, 
this.y : this.y = 0.0, 
this.ang : this.ang = 0.0, 
this.rad : this.rad = 0.0, 
this.nang : this.nang = 0.0, 

BLOCK: Startrotate90L21
this.ang : this.ang = 0.0, 
this.rad : this.rad = 0.0, 
this.y : this.y = 0.0, 
this.nang : this.nang = 0.0, 
this.x : this.x = 0.0, 

BLOCK: Startrotate90L21
this.ang : this.ang = 0.0, 
this.rad : this.rad = 0.0, 
this.y : this.y = 0.0, 
this.nang : this.nang = 0.0, 
this.x : this.x = 0.0, 

BLOCK: BasicL22
newp : newp = new PolarPoint(this.rad, this.nang, ), 
this.ang : this.ang = 0.0, 
this.rad : this.rad = 0.0, 
this.y : this.y = 0.0, 
this.nang : this.nang = this.ang + Math.PI / 2, 
this.x : this.x = 0.0, 

BLOCK: StartdistanceL24

BLOCK: StartdistanceL24

BLOCK: BasicL25
distance : distance = Math.sqrt(pd1.xCoordinate() - pd2.xCoordinate() * pd1.xCoordinate() - pd2.xCoordinate() + pd1.yCoordinate() - pd2.yCoordinate() * pd1.yCoordinate() - pd2.yCoordinate(), ), 

BLOCK: StartsamequadL27

BLOCK: StartsamequadL27

BLOCK: BasicL28

BLOCK: trueL30

BLOCK: trueL32

BLOCK: falseL34

BLOCK: joinL33

BLOCK: falseL35

BLOCK: joinL31

BLOCK: StartmainL36

BLOCK: StartmainL36

BLOCK: BasicL37
p2 : p2 = new CartesianPoint(0, 0, ), 
radius : radius = 0.0, 
x : x = 0.0, 
choice : choice = scan.nextDouble(), 
y : y = 0.0, 
p1 : p1 = new CartesianPoint(0, 0, ), 
angle : angle = 0.0, 
scan : scan = new Scanner(System.in, ), 

BLOCK: trueL39
p2 : p2 = new CartesianPoint(0, 0, ), 
radius : radius = 0.0, 
x : x = scan.nextDouble(), 
choice : choice = scan.nextDouble(), 
y : y = scan.nextDouble(), 
p1 : p1 = new CartesianPoint(x, y, ), 
angle : angle = 0.0, 
scan : scan = new Scanner(System.in, ), 

BLOCK: falseL41
p2 : p2 = new CartesianPoint(0, 0, ), 
radius : radius = 0.0, 
x : x = 0.0, 
choice : choice = scan.nextDouble(), 
y : y = 0.0, 
p1 : p1 = new CartesianPoint(0, 0, ), 
angle : angle = 0.0, 
scan : scan = new Scanner(System.in, ), 

BLOCK: trueL42
radius : radius = scan.nextDouble(), 
p2 : p2 = new CartesianPoint(0, 0, ), 
x : x = radius * Math.cos(angle, ), 
choice : choice = scan.nextDouble(), 
y : y = radius * Math.sin(angle, ), 
p1 : p1 = new CartesianPoint(x, y, ), 
angle : angle = angle * Math.PI / 180, 
scan : scan = new Scanner(System.in, ), 

BLOCK: falseL44
p2 : p2 = new CartesianPoint(0, 0, ), 
radius : radius = 0.0, 
x : x = 0.0, 
choice : choice = scan.nextDouble(), 
y : y = 0.0, 
p1 : p1 = new CartesianPoint(0, 0, ), 
angle : angle = 0.0, 
scan : scan = new Scanner(System.in, ), 

BLOCK: joinL43
radius : radius = 0.0, radius = scan.nextDouble(), 
p2 : p2 = new CartesianPoint(0, 0, ), 
x : x = radius * Math.cos(angle, ), x = 0.0, 
choice : choice = scan.nextDouble(), 
y : y = radius * Math.sin(angle, ), y = 0.0, 
p1 : p1 = new CartesianPoint(x, y, ), p1 = new CartesianPoint(0, 0, ), 
angle : angle = angle * Math.PI / 180, angle = 0.0, 
scan : scan = new Scanner(System.in, ), 

BLOCK: joinL40
p2 : p2 = new CartesianPoint(0, 0, ), 
radius : radius = 0.0, radius = scan.nextDouble(), 
x : x = scan.nextDouble(), x = radius * Math.cos(angle, ), x = 0.0, 
choice : choice = scan.nextDouble(), 
y : y = radius * Math.sin(angle, ), y = 0.0, y = scan.nextDouble(), 
p1 : p1 = new CartesianPoint(x, y, ), p1 = new CartesianPoint(x, y, ), p1 = new CartesianPoint(0, 0, ), 
angle : angle = angle * Math.PI / 180, angle = 0.0, 
scan : scan = new Scanner(System.in, ), 

BLOCK: trueL45
p2 : p2 = new CartesianPoint(x, y, ), 
radius : radius = 0.0, radius = scan.nextDouble(), 
x : x = scan.nextDouble(), 
choice : choice = scan.nextDouble(), 
y : y = scan.nextDouble(), 
p1 : p1 = new CartesianPoint(x, y, ), p1 = new CartesianPoint(x, y, ), p1 = new CartesianPoint(0, 0, ), 
angle : angle = angle * Math.PI / 180, angle = 0.0, 
scan : scan = new Scanner(System.in, ), 

BLOCK: falseL47
p2 : p2 = new CartesianPoint(0, 0, ), 
radius : radius = 0.0, radius = scan.nextDouble(), 
x : x = scan.nextDouble(), x = radius * Math.cos(angle, ), x = 0.0, 
choice : choice = scan.nextDouble(), 
y : y = radius * Math.sin(angle, ), y = 0.0, y = scan.nextDouble(), 
p1 : p1 = new CartesianPoint(x, y, ), p1 = new CartesianPoint(x, y, ), p1 = new CartesianPoint(0, 0, ), 
angle : angle = angle * Math.PI / 180, angle = 0.0, 
scan : scan = new Scanner(System.in, ), 

BLOCK: trueL48
p2 : p2 = new CartesianPoint(x, y, ), 
radius : radius = scan.nextDouble(), 
x : x = radius * Math.cos(angle, ), 
choice : choice = scan.nextDouble(), 
y : y = radius * Math.sin(angle, ), 
p1 : p1 = new CartesianPoint(x, y, ), p1 = new CartesianPoint(x, y, ), p1 = new CartesianPoint(0, 0, ), 
angle : angle = angle * Math.PI / 180, 
scan : scan = new Scanner(System.in, ), 

BLOCK: falseL50
p2 : p2 = new CartesianPoint(0, 0, ), 
radius : radius = 0.0, radius = scan.nextDouble(), 
x : x = scan.nextDouble(), x = radius * Math.cos(angle, ), x = 0.0, 
choice : choice = scan.nextDouble(), 
y : y = radius * Math.sin(angle, ), y = 0.0, y = scan.nextDouble(), 
p1 : p1 = new CartesianPoint(x, y, ), p1 = new CartesianPoint(x, y, ), p1 = new CartesianPoint(0, 0, ), 
angle : angle = angle * Math.PI / 180, angle = 0.0, 
scan : scan = new Scanner(System.in, ), 

BLOCK: joinL49
p2 : p2 = new CartesianPoint(0, 0, ), p2 = new CartesianPoint(x, y, ), 
radius : radius = scan.nextDouble(), radius = 0.0, radius = scan.nextDouble(), 
x : x = radius * Math.cos(angle, ), x = scan.nextDouble(), x = radius * Math.cos(angle, ), x = 0.0, 
choice : choice = scan.nextDouble(), 
y : y = radius * Math.sin(angle, ), y = 0.0, y = scan.nextDouble(), y = radius * Math.sin(angle, ), 
p1 : p1 = new CartesianPoint(x, y, ), p1 = new CartesianPoint(x, y, ), p1 = new CartesianPoint(0, 0, ), 
angle : angle = angle * Math.PI / 180, angle = angle * Math.PI / 180, angle = 0.0, 
scan : scan = new Scanner(System.in, ), 

BLOCK: joinL46
p2 : p2 = new CartesianPoint(0, 0, ), p2 = new CartesianPoint(x, y, ), p2 = new CartesianPoint(x, y, ), 
radius : radius = scan.nextDouble(), radius = 0.0, radius = scan.nextDouble(), 
x : x = radius * Math.cos(angle, ), x = scan.nextDouble(), x = radius * Math.cos(angle, ), x = 0.0, x = scan.nextDouble(), 
choice : choice = scan.nextDouble(), 
y : y = scan.nextDouble(), y = radius * Math.sin(angle, ), y = 0.0, y = scan.nextDouble(), y = radius * Math.sin(angle, ), 
p1 : p1 = new CartesianPoint(x, y, ), p1 = new CartesianPoint(x, y, ), p1 = new CartesianPoint(0, 0, ), 
angle : angle = angle * Math.PI / 180, angle = angle * Math.PI / 180, angle = 0.0, 
scan : scan = new Scanner(System.in, ), 

BLOCK: StartmainL51

BLOCK: StartmainL51

BLOCK: BasicL52
p4 : p4 = p3.rotate90(), 
p3 : p3 = new PolarPoint(1, Math.PI / 2, ), 
p1 : p1 = new PolarPoint(1, 0, ), 
p2 : p2 = p1.rotate90(), 

BLOCK: Startconstructor1L54
this.y : this.y = 0.0, 
this.temp : this.temp = 0.0, 
this.b : this.b = 0.0, 
this.a : this.a = 0.0, 
this.h : this.h = 0.0, 
this.x : this.x = 0.0, 
this.theta : this.theta = 0.0, 
this.nx : this.nx = 0.0, 
this.ny : this.ny = 0.0, 

BLOCK: Startconstructor1L54
this.y : this.y = 0.0, 
this.temp : this.temp = 0.0, 
this.b : this.b = 0.0, 
this.a : this.a = 0.0, 
this.h : this.h = 0.0, 
this.x : this.x = 0.0, 
this.theta : this.theta = 0.0, 
this.nx : this.nx = 0.0, 
this.ny : this.ny = 0.0, 

BLOCK: BasicL55
this.y : this.y = y_coord, 
this.temp : this.temp = 0.0, 
this.b : this.b = 0.0, 
this.a : this.a = 0.0, 
this.h : this.h = 0.0, 
this.x : this.x = x_coord, 
this.theta : this.theta = 0.0, 
this.nx : this.nx = 0.0, 
this.ny : this.ny = 0.0, 

BLOCK: StartxCoordinateL57
this.temp : this.temp = 0.0, 
this.ny : this.ny = 0.0, 
this.a : this.a = 0.0, 
this.y : this.y = 0.0, 
this.theta : this.theta = 0.0, 
this.b : this.b = 0.0, 
this.x : this.x = 0.0, 
this.nx : this.nx = 0.0, 
this.h : this.h = 0.0, 

BLOCK: StartxCoordinateL57
this.temp : this.temp = 0.0, 
this.ny : this.ny = 0.0, 
this.a : this.a = 0.0, 
this.y : this.y = 0.0, 
this.theta : this.theta = 0.0, 
this.b : this.b = 0.0, 
this.x : this.x = 0.0, 
this.nx : this.nx = 0.0, 
this.h : this.h = 0.0, 

BLOCK: BasicL58
this.temp : this.temp = 0.0, 
this.ny : this.ny = 0.0, 
this.a : this.a = 0.0, 
this.y : this.y = 0.0, 
this.theta : this.theta = 0.0, 
this.b : this.b = 0.0, 
this.x : this.x = 0.0, 
this.nx : this.nx = 0.0, 
this.h : this.h = 0.0, 

BLOCK: StartyCoordinateL60
this.h : this.h = 0.0, 
this.x : this.x = 0.0, 
this.y : this.y = 0.0, 
this.b : this.b = 0.0, 
this.temp : this.temp = 0.0, 
this.theta : this.theta = 0.0, 
this.nx : this.nx = 0.0, 
this.ny : this.ny = 0.0, 
this.a : this.a = 0.0, 

BLOCK: StartyCoordinateL60
this.h : this.h = 0.0, 
this.x : this.x = 0.0, 
this.y : this.y = 0.0, 
this.b : this.b = 0.0, 
this.temp : this.temp = 0.0, 
this.theta : this.theta = 0.0, 
this.nx : this.nx = 0.0, 
this.ny : this.ny = 0.0, 
this.a : this.a = 0.0, 

BLOCK: BasicL61
this.h : this.h = 0.0, 
this.x : this.x = 0.0, 
this.y : this.y = 0.0, 
this.b : this.b = 0.0, 
this.temp : this.temp = 0.0, 
this.theta : this.theta = 0.0, 
this.nx : this.nx = 0.0, 
this.ny : this.ny = 0.0, 
this.a : this.a = 0.0, 

BLOCK: StartradiusL63
this.theta : this.theta = 0.0, 
this.nx : this.nx = 0.0, 
this.b : this.b = 0.0, 
this.a : this.a = 0.0, 
this.temp : this.temp = 0.0, 
this.ny : this.ny = 0.0, 
this.y : this.y = 0.0, 
this.h : this.h = 0.0, 
this.x : this.x = 0.0, 

BLOCK: StartradiusL63
this.theta : this.theta = 0.0, 
this.nx : this.nx = 0.0, 
this.b : this.b = 0.0, 
this.a : this.a = 0.0, 
this.temp : this.temp = 0.0, 
this.ny : this.ny = 0.0, 
this.y : this.y = 0.0, 
this.h : this.h = 0.0, 
this.x : this.x = 0.0, 

BLOCK: BasicL64
this.theta : this.theta = 0.0, 
this.nx : this.nx = 0.0, 
this.b : this.b = this.y * this.y, 
this.a : this.a = this.x * this.x, 
this.temp : this.temp = this.a + this.b, 
this.ny : this.ny = 0.0, 
this.y : this.y = 0.0, 
this.h : this.h = Math.sqrt(this.temp, ), 
this.x : this.x = 0.0, 

BLOCK: StartangleL66
this.h : this.h = 0.0, 
this.a : this.a = 0.0, 
this.y : this.y = 0.0, 
this.b : this.b = 0.0, 
this.ny : this.ny = 0.0, 
this.theta : this.theta = 0.0, 
this.temp : this.temp = 0.0, 
this.x : this.x = 0.0, 
this.nx : this.nx = 0.0, 

BLOCK: StartangleL66
this.h : this.h = 0.0, 
this.a : this.a = 0.0, 
this.y : this.y = 0.0, 
this.b : this.b = 0.0, 
this.ny : this.ny = 0.0, 
this.theta : this.theta = 0.0, 
this.temp : this.temp = 0.0, 
this.x : this.x = 0.0, 
this.nx : this.nx = 0.0, 

BLOCK: BasicL67
this.h : this.h = 0.0, 
this.a : this.a = 0.0, 
this.y : this.y = 0.0, 
this.b : this.b = 0.0, 
this.ny : this.ny = 0.0, 
this.theta : this.theta = 0.0, 
this.temp : this.temp = 0.0, 
this.x : this.x = 0.0, 
this.nx : this.nx = 0.0, 

BLOCK: trueL69
this.h : this.h = 0.0, 
this.a : this.a = 0.0, 
this.y : this.y = 0.0, 
this.b : this.b = 0.0, 
this.ny : this.ny = 0.0, 
this.theta : this.theta = 0.0, 
this.temp : this.temp = 0.0, 
this.x : this.x = 0.0, 
this.nx : this.nx = 0.0, 

BLOCK: joinL70
this.h : this.h = 0.0, 
this.a : this.a = 0.0, 
this.y : this.y = 0.0, 
this.b : this.b = 0.0, 
this.ny : this.ny = 0.0, 
this.theta : this.theta = Math.atan(this.y / this.x, ), this.theta = 0.0, 
this.temp : this.temp = 0.0, 
this.x : this.x = 0.0, 
this.nx : this.nx = 0.0, 

BLOCK: trueL71
this.h : this.h = 0.0, 
this.a : this.a = 0.0, 
this.y : this.y = 0.0, 
this.b : this.b = 0.0, 
this.ny : this.ny = 0.0, 
this.theta : this.theta = Math.atan(this.y / this.x, ), this.theta = 0.0, 
this.temp : this.temp = 0.0, 
this.x : this.x = 0.0, 
this.nx : this.nx = 0.0, 

BLOCK: joinL72
this.h : this.h = 0.0, 
this.a : this.a = 0.0, 
this.y : this.y = 0.0, 
this.b : this.b = 0.0, 
this.ny : this.ny = 0.0, 
this.theta : this.theta = Math.atan(this.y / this.x, ), 
this.temp : this.temp = 0.0, 
this.x : this.x = 0.0, 
this.nx : this.nx = 0.0, 

BLOCK: Startrotate90L73
this.nx : this.nx = 0.0, 
this.b : this.b = 0.0, 
this.x : this.x = 0.0, 
this.h : this.h = 0.0, 
this.ny : this.ny = 0.0, 
this.a : this.a = 0.0, 
this.y : this.y = 0.0, 
this.temp : this.temp = 0.0, 
this.theta : this.theta = 0.0, 

BLOCK: Startrotate90L73
this.nx : this.nx = 0.0, 
this.b : this.b = 0.0, 
this.x : this.x = 0.0, 
this.h : this.h = 0.0, 
this.ny : this.ny = 0.0, 
this.a : this.a = 0.0, 
this.y : this.y = 0.0, 
this.temp : this.temp = 0.0, 
this.theta : this.theta = 0.0, 

BLOCK: BasicL74
this.nx : this.nx = Math.sqrt(this.h * this.h + this.ny * this.ny, ), 
this.b : this.b = 0.0, 
this.x : this.x = 0.0, 
this.h : this.h = 0.0, 
newp : newp = new CartesianPoint(-this.y, this.x, ), 
this.ny : this.ny = this.h * Math.sin(this.theta + Math.PI / 2, ), 
this.a : this.a = 0.0, 
this.y : this.y = 0.0, 
this.temp : this.temp = 0.0, 
this.theta : this.theta = 0.0, 

BLOCK: StartmainL76

BLOCK: StartmainL76

BLOCK: BasicL77
p1 : p1 = new CartesianPoint(3, 4, ), 
p2 : p2 = p1.rotate90(), 
p4 : p4 = p3.rotate90(), 
p6 : p6 = p5.rotate90(), 
p5 : p5 = new CartesianPoint(0, 1, ), 
p3 : p3 = new CartesianPoint(1, 0, ), 

Unfiltered: 2235
Filtered: 2


Duplicate found: 102_Code/102_hw1/dir03/PointRelation.java lines [38, 97] and 102_Code/102_hw1/dir03/PointRelation.java lines [38, 98]
102_Code/102_hw1/dir03/PointRelation.java ----------
38 :	x = 0.0
42 :	p1 = new CartesianPoint(0, 0, )
43 :	p2 = new CartesianPoint(0, 0, )
47 :	x = scan.nextDouble()
50 :	p1 = new CartesianPoint(x, y, )
56 :	radius = scan.nextDouble()
60 :	x = radius * Math.cos(angle, )
62 :	p1 = new CartesianPoint(x, y, )
77 :	y = scan.nextDouble()
86 :	angle = scan.nextDouble()
87 :	angle = angle * Math.PI / 180
90 :	p2 = new CartesianPoint(x, y, )
97 :	distance(p1, p2, )
102_Code/102_hw1/dir03/PointRelation.java ----------
38 :	x = 0.0
43 :	p2 = new CartesianPoint(0, 0, )
42 :	p1 = new CartesianPoint(0, 0, )
77 :	y = scan.nextDouble()
78 :	p2 = new CartesianPoint(x, y, )
84 :	radius = scan.nextDouble()
89 :	y = radius * Math.sin(angle, )
90 :	p2 = new CartesianPoint(x, y, )
47 :	x = scan.nextDouble()
58 :	angle = scan.nextDouble()
59 :	angle = angle * Math.PI / 180
62 :	p1 = new CartesianPoint(x, y, )
98 :	samequad(p1, p2, )
===========================



Duplicate found: 102_Code/102_hw1/dir03/PointRelation.java lines [38, 98] and 102_Code/102_hw1/dir03/PointRelation.java lines [38, 98]
102_Code/102_hw1/dir03/PointRelation.java ----------
38 :	x = 0.0
42 :	p1 = new CartesianPoint(0, 0, )
43 :	p2 = new CartesianPoint(0, 0, )
50 :	p1 = new CartesianPoint(x, y, )
56 :	radius = scan.nextDouble()
60 :	x = radius * Math.cos(angle, )
62 :	p1 = new CartesianPoint(x, y, )
77 :	y = scan.nextDouble()
86 :	angle = scan.nextDouble()
87 :	angle = angle * Math.PI / 180
90 :	p2 = new CartesianPoint(x, y, )
97 :	distance(p1, p2, )
98 :	samequad(p1, p2, )
102_Code/102_hw1/dir03/PointRelation.java ----------
38 :	x = 0.0
43 :	p2 = new CartesianPoint(0, 0, )
42 :	p1 = new CartesianPoint(0, 0, )
78 :	p2 = new CartesianPoint(x, y, )
84 :	radius = scan.nextDouble()
89 :	y = radius * Math.sin(angle, )
90 :	p2 = new CartesianPoint(x, y, )
47 :	x = scan.nextDouble()
58 :	angle = scan.nextDouble()
59 :	angle = angle * Math.PI / 180
62 :	p1 = new CartesianPoint(x, y, )
98 :	samequad(p1, p2, )
97 :	distance(p1, p2, )
===========================



[INFO] ------------------------------------------------------------------------
[INFO] BUILD SUCCESS
[INFO] ------------------------------------------------------------------------
[INFO] Total time: 8.798 s
[INFO] Finished at: 2019-05-06T19:55:23-07:00
[INFO] Final Memory: 19M/1537M
[INFO] ------------------------------------------------------------------------
