[INFO] Scanning for projects...
[WARNING] 
[WARNING] Some problems were encountered while building the effective model for thesis:thesis:jar:1.0-SNAPSHOT
[WARNING] 'dependencies.dependency.version' for org.junit.jupiter:junit-jupiter-api:jar is either LATEST or RELEASE (both of them are being deprecated) @ line 25, column 22
[WARNING] 
[WARNING] It is highly recommended to fix these problems because they threaten the stability of your build.
[WARNING] 
[WARNING] For this reason, future Maven versions might no longer support building such malformed projects.
[WARNING] 
[INFO] 
[INFO] ------------------------------------------------------------------------
[INFO] Building thesis 1.0-SNAPSHOT
[INFO] ------------------------------------------------------------------------
[INFO] 
[INFO] >>> exec-maven-plugin:1.2.1:java (default-cli) > validate @ thesis >>>
[INFO] 
[INFO] <<< exec-maven-plugin:1.2.1:java (default-cli) < validate @ thesis <<<
[INFO] 
[INFO] 
[INFO] --- exec-maven-plugin:1.2.1:java (default-cli) @ thesis ---
BLOCK: Startconstructor1L0
this.a : this.a = 0.0, 
this.r : this.r = 0.0, 

BLOCK: BasicL1
this.a : this.a = 0.0, 
this.r : this.r = 0.0, 

BLOCK: trueL3
radius : radius = Math.abs(radius, ), 
this.a : this.a = 0.0, 
this.r : this.r = 0.0, 

BLOCK: trueL5
radius : radius = Math.abs(radius, ), 
this.a : this.a = 0.0, 
this.r : this.r = 0.0, 
angle : angle = angle - 180.0, 

BLOCK: falseL7
radius : radius = Math.abs(radius, ), 
this.a : this.a = 0.0, 
this.r : this.r = 0.0, 
angle : angle = angle + 180.0, 

BLOCK: joinL6
radius : radius = Math.abs(radius, ), 
this.a : this.a = 0.0, 
this.r : this.r = 0.0, 
angle : angle = angle + 180.0, angle = angle - 180.0, 

BLOCK: joinL4
radius : radius = Math.abs(radius, ), 
this.a : this.a = 0.0, 
this.r : this.r = 0.0, 
angle : angle = angle + 180.0, angle = angle - 180.0, 

BLOCK: trueL8
radius : radius = Math.abs(radius, ), 
this.a : this.a = 0.0, 
this.r : this.r = 0.0, 
angle : angle = angle + 360.0, 

BLOCK: joinL9
radius : radius = Math.abs(radius, ), 
this.a : this.a = angle, 
this.r : this.r = radius, 
angle : angle = angle + 180.0, angle = angle + 360.0, angle = angle - 180.0, 

BLOCK: StartxCoordinateL10
this.a : this.a = 0.0, 
this.r : this.r = 0.0, 

BLOCK: BasicL11
this.a : this.a = 0.0, 
this.r : this.r = 0.0, 

BLOCK: StartyCoordinateL13
this.a : this.a = 0.0, 
this.r : this.r = 0.0, 

BLOCK: BasicL14
this.a : this.a = 0.0, 
this.r : this.r = 0.0, 

BLOCK: StartradiusL16
this.r : this.r = 0.0, 
this.a : this.a = 0.0, 

BLOCK: BasicL17
this.r : this.r = 0.0, 
this.a : this.a = 0.0, 

BLOCK: StartangleL19
this.a : this.a = 0.0, 
this.r : this.r = 0.0, 

BLOCK: BasicL20
this.a : this.a = 0.0, 
this.r : this.r = 0.0, 

BLOCK: Startrotate90L22
this.r : this.r = 0.0, 
this.a : this.a = 0.0, 

BLOCK: BasicL23
this.r : this.r = 0.0, 
this.a : this.a = 0.0, 
newpoint : newpoint = null, 

BLOCK: trueL25
this.r : this.r = 0.0, 
this.a : this.a = 0.0, 
newpoint : newpoint = new PolarPoint(this.r, this.a + 90.0 - 360.0, ), 

BLOCK: falseL27
this.r : this.r = 0.0, 
this.a : this.a = 0.0, 
newpoint : newpoint = new PolarPoint(this.r, this.a + 90.0, ), 

BLOCK: joinL26
this.r : this.r = 0.0, 
this.a : this.a = 0.0, 
newpoint : newpoint = new PolarPoint(this.r, this.a + 90.0 - 360.0, ), newpoint = new PolarPoint(this.r, this.a + 90.0, ), 

BLOCK: StartexitErrorL28
this.scan : this.scan = new Scanner(System.in, ), 

BLOCK: BasicL29
this.scan : this.scan = new Scanner(System.in, ), 

BLOCK: StartreadCartesianL31
this.scan : this.scan = new Scanner(System.in, ), 

BLOCK: BasicL32
this.scan : this.scan = new Scanner(System.in, ), 

BLOCK: trueL34
this.scan : this.scan = new Scanner(System.in, ), 
x : x = this.scan.nextDouble(), 

BLOCK: trueL36
y : y = this.scan.nextDouble(), 
this.scan : this.scan = new Scanner(System.in, ), 
x : x = this.scan.nextDouble(), 

BLOCK: falseL38
this.scan : this.scan = new Scanner(System.in, ), 
x : x = this.scan.nextDouble(), 

BLOCK: joinL37
y : y = this.scan.nextDouble(), 
this.scan : this.scan = new Scanner(System.in, ), 
x : x = this.scan.nextDouble(), 

BLOCK: falseL39
this.scan : this.scan = new Scanner(System.in, ), 

BLOCK: joinL35
y : y = this.scan.nextDouble(), 
this.scan : this.scan = new Scanner(System.in, ), 
x : x = this.scan.nextDouble(), 

BLOCK: StartreadPolarL40
this.scan : this.scan = new Scanner(System.in, ), 

BLOCK: BasicL41
this.scan : this.scan = new Scanner(System.in, ), 

BLOCK: trueL43
this.scan : this.scan = new Scanner(System.in, ), 
r : r = this.scan.nextDouble(), 

BLOCK: trueL45
this.scan : this.scan = new Scanner(System.in, ), 
a : a = this.scan.nextDouble(), 
r : r = this.scan.nextDouble(), 

BLOCK: falseL47
this.scan : this.scan = new Scanner(System.in, ), 
r : r = this.scan.nextDouble(), 

BLOCK: joinL46
this.scan : this.scan = new Scanner(System.in, ), 
a : a = this.scan.nextDouble(), 
r : r = this.scan.nextDouble(), 

BLOCK: falseL48
this.scan : this.scan = new Scanner(System.in, ), 

BLOCK: joinL44
this.scan : this.scan = new Scanner(System.in, ), 
a : a = this.scan.nextDouble(), 
r : r = this.scan.nextDouble(), 

BLOCK: StartreadPointL49
this.scan : this.scan = new Scanner(System.in, ), 

BLOCK: BasicL50
this.scan : this.scan = new Scanner(System.in, ), 

BLOCK: trueL52
this.scan : this.scan = new Scanner(System.in, ), 
choice : choice = this.scan.nextInt(), 

BLOCK: trueL54
this.scan : this.scan = new Scanner(System.in, ), 
choice : choice = this.scan.nextInt(), 

BLOCK: falseL56
this.scan : this.scan = new Scanner(System.in, ), 
choice : choice = this.scan.nextInt(), 

BLOCK: trueL57
this.scan : this.scan = new Scanner(System.in, ), 
choice : choice = this.scan.nextInt(), 

BLOCK: falseL59
this.scan : this.scan = new Scanner(System.in, ), 
choice : choice = this.scan.nextInt(), 

BLOCK: joinL58
this.scan : this.scan = new Scanner(System.in, ), 
choice : choice = this.scan.nextInt(), 

BLOCK: joinL55
this.scan : this.scan = new Scanner(System.in, ), 
choice : choice = this.scan.nextInt(), 

BLOCK: falseL60
this.scan : this.scan = new Scanner(System.in, ), 

BLOCK: joinL53
this.scan : this.scan = new Scanner(System.in, ), 
choice : choice = this.scan.nextInt(), 

BLOCK: StartcalcDistanceL61
this.scan : this.scan = new Scanner(System.in, ), 

BLOCK: BasicL62
dx : dx = pt2.xCoordinate() - pt1.xCoordinate(), 
dy : dy = pt2.yCoordinate() - pt1.yCoordinate(), 
this.scan : this.scan = new Scanner(System.in, ), 

BLOCK: StartcheckQuadrantL64
this.scan : this.scan = new Scanner(System.in, ), 

BLOCK: BasicL65
this.scan : this.scan = new Scanner(System.in, ), 

BLOCK: trueL67
this.scan : this.scan = new Scanner(System.in, ), 

BLOCK: falseL69
this.scan : this.scan = new Scanner(System.in, ), 

BLOCK: trueL70
this.scan : this.scan = new Scanner(System.in, ), 

BLOCK: falseL72
this.scan : this.scan = new Scanner(System.in, ), 

BLOCK: trueL73
this.scan : this.scan = new Scanner(System.in, ), 

BLOCK: falseL75
this.scan : this.scan = new Scanner(System.in, ), 

BLOCK: trueL76
this.scan : this.scan = new Scanner(System.in, ), 

BLOCK: falseL78
this.scan : this.scan = new Scanner(System.in, ), 

BLOCK: joinL77
this.scan : this.scan = new Scanner(System.in, ), 

BLOCK: joinL74
this.scan : this.scan = new Scanner(System.in, ), 

BLOCK: joinL71
this.scan : this.scan = new Scanner(System.in, ), 

BLOCK: joinL68
this.scan : this.scan = new Scanner(System.in, ), 

BLOCK: StartcheckSameQuadrantL79
this.scan : this.scan = new Scanner(System.in, ), 

BLOCK: BasicL80
quad2 : quad2 = checkQuadrant(pt2, ), 
this.scan : this.scan = new Scanner(System.in, ), 
quad1 : quad1 = checkQuadrant(pt1, ), 

BLOCK: trueL82
quad2 : quad2 = checkQuadrant(pt2, ), 
this.scan : this.scan = new Scanner(System.in, ), 
quad1 : quad1 = checkQuadrant(pt1, ), 

BLOCK: falseL84
quad2 : quad2 = checkQuadrant(pt2, ), 
this.scan : this.scan = new Scanner(System.in, ), 
quad1 : quad1 = checkQuadrant(pt1, ), 

BLOCK: joinL83
quad2 : quad2 = checkQuadrant(pt2, ), 
this.scan : this.scan = new Scanner(System.in, ), 
quad1 : quad1 = checkQuadrant(pt1, ), 

BLOCK: StartmainL85
this.scan : this.scan = new Scanner(System.in, ), 

BLOCK: BasicL86
pt1 : pt1 = readPoint(), 
pt2 : pt2 = readPoint(), 
this.scan : this.scan = new Scanner(System.in, ), 

BLOCK: StartmainL88

BLOCK: BasicL89
rotatept : rotatept = testpt.rotate90(), 
rotatept2 : rotatept2 = testpt2.rotate90(), 
testpt2 : testpt2 = new PolarPoint(2.5, 270.0, ), 
testpt : testpt = new PolarPoint(1.0, 0.0, ), 

BLOCK: Startconstructor1L91
this.x : this.x = 0.0, 
this.y : this.y = 0.0, 

BLOCK: BasicL92
this.x : this.x = x_coord, 
this.y : this.y = y_coord, 

BLOCK: StartxCoordinateL94
this.x : this.x = 0.0, 
this.y : this.y = 0.0, 

BLOCK: BasicL95
this.x : this.x = 0.0, 
this.y : this.y = 0.0, 

BLOCK: StartyCoordinateL97
this.y : this.y = 0.0, 
this.x : this.x = 0.0, 

BLOCK: BasicL98
this.y : this.y = 0.0, 
this.x : this.x = 0.0, 

BLOCK: StartradiusL100
this.y : this.y = 0.0, 
this.x : this.x = 0.0, 

BLOCK: BasicL101
this.y : this.y = 0.0, 
this.x : this.x = 0.0, 

BLOCK: StartangleL103
this.y : this.y = 0.0, 
this.x : this.x = 0.0, 

BLOCK: BasicL104
this.y : this.y = 0.0, 
this.x : this.x = 0.0, 

BLOCK: Startrotate90L106
this.y : this.y = 0.0, 
this.x : this.x = 0.0, 

BLOCK: BasicL107
newpoint : newpoint = new CartesianPoint(-this.y, this.x, ), 
this.y : this.y = 0.0, 
this.x : this.x = 0.0, 

BLOCK: StartmainL109

BLOCK: BasicL110
testpt : testpt = new CartesianPoint(1.0, 0.0, ), 
rotatept2 : rotatept2 = testpt2.rotate90(), 
rotatept : rotatept = testpt.rotate90(), 
testpt2 : testpt2 = new CartesianPoint(3.0, 4.0, ), 

BLOCK: Startconstructor1L0
this.a : this.a = 0.0, 
this.r : this.r = 0.0, 

BLOCK: Startconstructor1L0
this.a : this.a = 0.0, 
this.r : this.r = 0.0, 

BLOCK: BasicL1
this.a : this.a = 0.0, 
this.r : this.r = 0.0, 

BLOCK: trueL3
radius : radius = Math.abs(radius, ), 
this.a : this.a = 0.0, 
this.r : this.r = 0.0, 

BLOCK: trueL5
radius : radius = Math.abs(radius, ), 
this.a : this.a = 0.0, 
this.r : this.r = 0.0, 
angle : angle = angle - 180.0, 

BLOCK: falseL7
radius : radius = Math.abs(radius, ), 
this.a : this.a = 0.0, 
this.r : this.r = 0.0, 
angle : angle = angle + 180.0, 

BLOCK: joinL6
radius : radius = Math.abs(radius, ), 
this.a : this.a = 0.0, 
this.r : this.r = 0.0, 
angle : angle = angle + 180.0, angle = angle - 180.0, 

BLOCK: joinL4
radius : radius = Math.abs(radius, ), 
this.a : this.a = 0.0, 
this.r : this.r = 0.0, 
angle : angle = angle + 180.0, angle = angle - 180.0, 

BLOCK: trueL8
radius : radius = Math.abs(radius, ), 
this.a : this.a = 0.0, 
this.r : this.r = 0.0, 
angle : angle = angle + 360.0, 

BLOCK: joinL9
radius : radius = Math.abs(radius, ), 
this.a : this.a = angle, 
this.r : this.r = radius, 
angle : angle = angle + 180.0, angle = angle + 360.0, angle = angle - 180.0, 

BLOCK: StartxCoordinateL10
this.a : this.a = 0.0, 
this.r : this.r = 0.0, 

BLOCK: StartxCoordinateL10
this.a : this.a = 0.0, 
this.r : this.r = 0.0, 

BLOCK: BasicL11
this.a : this.a = 0.0, 
this.r : this.r = 0.0, 

BLOCK: StartyCoordinateL13
this.a : this.a = 0.0, 
this.r : this.r = 0.0, 

BLOCK: StartyCoordinateL13
this.a : this.a = 0.0, 
this.r : this.r = 0.0, 

BLOCK: BasicL14
this.a : this.a = 0.0, 
this.r : this.r = 0.0, 

BLOCK: StartradiusL16
this.r : this.r = 0.0, 
this.a : this.a = 0.0, 

BLOCK: StartradiusL16
this.r : this.r = 0.0, 
this.a : this.a = 0.0, 

BLOCK: BasicL17
this.r : this.r = 0.0, 
this.a : this.a = 0.0, 

BLOCK: StartangleL19
this.a : this.a = 0.0, 
this.r : this.r = 0.0, 

BLOCK: StartangleL19
this.a : this.a = 0.0, 
this.r : this.r = 0.0, 

BLOCK: BasicL20
this.a : this.a = 0.0, 
this.r : this.r = 0.0, 

BLOCK: Startrotate90L22
this.r : this.r = 0.0, 
this.a : this.a = 0.0, 

BLOCK: Startrotate90L22
this.r : this.r = 0.0, 
this.a : this.a = 0.0, 

BLOCK: BasicL23
this.r : this.r = 0.0, 
this.a : this.a = 0.0, 
newpoint : newpoint = null, 

BLOCK: trueL25
this.r : this.r = 0.0, 
this.a : this.a = 0.0, 
newpoint : newpoint = new PolarPoint(this.r, this.a + 90.0 - 360.0, ), 

BLOCK: falseL27
this.r : this.r = 0.0, 
this.a : this.a = 0.0, 
newpoint : newpoint = new PolarPoint(this.r, this.a + 90.0, ), 

BLOCK: joinL26
this.r : this.r = 0.0, 
this.a : this.a = 0.0, 
newpoint : newpoint = new PolarPoint(this.r, this.a + 90.0 - 360.0, ), newpoint = new PolarPoint(this.r, this.a + 90.0, ), 

BLOCK: StartexitErrorL28
this.scan : this.scan = new Scanner(System.in, ), 

BLOCK: StartexitErrorL28
this.scan : this.scan = new Scanner(System.in, ), 

BLOCK: BasicL29
this.scan : this.scan = new Scanner(System.in, ), 

BLOCK: StartreadCartesianL31
this.scan : this.scan = new Scanner(System.in, ), 

BLOCK: StartreadCartesianL31
this.scan : this.scan = new Scanner(System.in, ), 

BLOCK: BasicL32
this.scan : this.scan = new Scanner(System.in, ), 

BLOCK: trueL34
this.scan : this.scan = new Scanner(System.in, ), 
x : x = this.scan.nextDouble(), 

BLOCK: trueL36
y : y = this.scan.nextDouble(), 
this.scan : this.scan = new Scanner(System.in, ), 
x : x = this.scan.nextDouble(), 

BLOCK: falseL38
this.scan : this.scan = new Scanner(System.in, ), 
x : x = this.scan.nextDouble(), 

BLOCK: joinL37
y : y = this.scan.nextDouble(), 
this.scan : this.scan = new Scanner(System.in, ), 
x : x = this.scan.nextDouble(), 

BLOCK: falseL39
this.scan : this.scan = new Scanner(System.in, ), 

BLOCK: joinL35
y : y = this.scan.nextDouble(), 
this.scan : this.scan = new Scanner(System.in, ), 
x : x = this.scan.nextDouble(), 

BLOCK: StartreadPolarL40
this.scan : this.scan = new Scanner(System.in, ), 

BLOCK: StartreadPolarL40
this.scan : this.scan = new Scanner(System.in, ), 

BLOCK: BasicL41
this.scan : this.scan = new Scanner(System.in, ), 

BLOCK: trueL43
this.scan : this.scan = new Scanner(System.in, ), 
r : r = this.scan.nextDouble(), 

BLOCK: trueL45
this.scan : this.scan = new Scanner(System.in, ), 
a : a = this.scan.nextDouble(), 
r : r = this.scan.nextDouble(), 

BLOCK: falseL47
this.scan : this.scan = new Scanner(System.in, ), 
r : r = this.scan.nextDouble(), 

BLOCK: joinL46
this.scan : this.scan = new Scanner(System.in, ), 
a : a = this.scan.nextDouble(), 
r : r = this.scan.nextDouble(), 

BLOCK: falseL48
this.scan : this.scan = new Scanner(System.in, ), 

BLOCK: joinL44
this.scan : this.scan = new Scanner(System.in, ), 
a : a = this.scan.nextDouble(), 
r : r = this.scan.nextDouble(), 

BLOCK: StartreadPointL49
this.scan : this.scan = new Scanner(System.in, ), 

BLOCK: StartreadPointL49
this.scan : this.scan = new Scanner(System.in, ), 

BLOCK: BasicL50
this.scan : this.scan = new Scanner(System.in, ), 

BLOCK: trueL52
this.scan : this.scan = new Scanner(System.in, ), 
choice : choice = this.scan.nextInt(), 

BLOCK: trueL54
this.scan : this.scan = new Scanner(System.in, ), 
choice : choice = this.scan.nextInt(), 

BLOCK: falseL56
this.scan : this.scan = new Scanner(System.in, ), 
choice : choice = this.scan.nextInt(), 

BLOCK: trueL57
this.scan : this.scan = new Scanner(System.in, ), 
choice : choice = this.scan.nextInt(), 

BLOCK: falseL59
this.scan : this.scan = new Scanner(System.in, ), 
choice : choice = this.scan.nextInt(), 

BLOCK: joinL58
this.scan : this.scan = new Scanner(System.in, ), 
choice : choice = this.scan.nextInt(), 

BLOCK: joinL55
this.scan : this.scan = new Scanner(System.in, ), 
choice : choice = this.scan.nextInt(), 

BLOCK: falseL60
this.scan : this.scan = new Scanner(System.in, ), 

BLOCK: joinL53
this.scan : this.scan = new Scanner(System.in, ), 
choice : choice = this.scan.nextInt(), 

BLOCK: StartcalcDistanceL61
this.scan : this.scan = new Scanner(System.in, ), 

BLOCK: StartcalcDistanceL61
this.scan : this.scan = new Scanner(System.in, ), 

BLOCK: BasicL62
dx : dx = pt2.xCoordinate() - pt1.xCoordinate(), 
dy : dy = pt2.yCoordinate() - pt1.yCoordinate(), 
this.scan : this.scan = new Scanner(System.in, ), 

BLOCK: StartcheckQuadrantL64
this.scan : this.scan = new Scanner(System.in, ), 

BLOCK: StartcheckQuadrantL64
this.scan : this.scan = new Scanner(System.in, ), 

BLOCK: BasicL65
this.scan : this.scan = new Scanner(System.in, ), 

BLOCK: trueL67
this.scan : this.scan = new Scanner(System.in, ), 

BLOCK: falseL69
this.scan : this.scan = new Scanner(System.in, ), 

BLOCK: trueL70
this.scan : this.scan = new Scanner(System.in, ), 

BLOCK: falseL72
this.scan : this.scan = new Scanner(System.in, ), 

BLOCK: trueL73
this.scan : this.scan = new Scanner(System.in, ), 

BLOCK: falseL75
this.scan : this.scan = new Scanner(System.in, ), 

BLOCK: trueL76
this.scan : this.scan = new Scanner(System.in, ), 

BLOCK: falseL78
this.scan : this.scan = new Scanner(System.in, ), 

BLOCK: joinL77
this.scan : this.scan = new Scanner(System.in, ), 

BLOCK: joinL74
this.scan : this.scan = new Scanner(System.in, ), 

BLOCK: joinL71
this.scan : this.scan = new Scanner(System.in, ), 

BLOCK: joinL68
this.scan : this.scan = new Scanner(System.in, ), 

BLOCK: StartcheckSameQuadrantL79
this.scan : this.scan = new Scanner(System.in, ), 

BLOCK: StartcheckSameQuadrantL79
this.scan : this.scan = new Scanner(System.in, ), 

BLOCK: BasicL80
quad2 : quad2 = checkQuadrant(pt2, ), 
this.scan : this.scan = new Scanner(System.in, ), 
quad1 : quad1 = checkQuadrant(pt1, ), 

BLOCK: trueL82
quad2 : quad2 = checkQuadrant(pt2, ), 
this.scan : this.scan = new Scanner(System.in, ), 
quad1 : quad1 = checkQuadrant(pt1, ), 

BLOCK: falseL84
quad2 : quad2 = checkQuadrant(pt2, ), 
this.scan : this.scan = new Scanner(System.in, ), 
quad1 : quad1 = checkQuadrant(pt1, ), 

BLOCK: joinL83
quad2 : quad2 = checkQuadrant(pt2, ), 
this.scan : this.scan = new Scanner(System.in, ), 
quad1 : quad1 = checkQuadrant(pt1, ), 

BLOCK: StartmainL85
this.scan : this.scan = new Scanner(System.in, ), 

BLOCK: StartmainL85
this.scan : this.scan = new Scanner(System.in, ), 

BLOCK: BasicL86
pt1 : pt1 = readPoint(), 
pt2 : pt2 = readPoint(), 
this.scan : this.scan = new Scanner(System.in, ), 

BLOCK: StartmainL88

BLOCK: StartmainL88

BLOCK: BasicL89
rotatept : rotatept = testpt.rotate90(), 
rotatept2 : rotatept2 = testpt2.rotate90(), 
testpt2 : testpt2 = new PolarPoint(2.5, 270.0, ), 
testpt : testpt = new PolarPoint(1.0, 0.0, ), 

BLOCK: Startconstructor1L91
this.x : this.x = 0.0, 
this.y : this.y = 0.0, 

BLOCK: Startconstructor1L91
this.x : this.x = 0.0, 
this.y : this.y = 0.0, 

BLOCK: BasicL92
this.x : this.x = x_coord, 
this.y : this.y = y_coord, 

BLOCK: StartxCoordinateL94
this.x : this.x = 0.0, 
this.y : this.y = 0.0, 

BLOCK: StartxCoordinateL94
this.x : this.x = 0.0, 
this.y : this.y = 0.0, 

BLOCK: BasicL95
this.x : this.x = 0.0, 
this.y : this.y = 0.0, 

BLOCK: StartyCoordinateL97
this.y : this.y = 0.0, 
this.x : this.x = 0.0, 

BLOCK: StartyCoordinateL97
this.y : this.y = 0.0, 
this.x : this.x = 0.0, 

BLOCK: BasicL98
this.y : this.y = 0.0, 
this.x : this.x = 0.0, 

BLOCK: StartradiusL100
this.y : this.y = 0.0, 
this.x : this.x = 0.0, 

BLOCK: StartradiusL100
this.y : this.y = 0.0, 
this.x : this.x = 0.0, 

BLOCK: BasicL101
this.y : this.y = 0.0, 
this.x : this.x = 0.0, 

BLOCK: StartangleL103
this.y : this.y = 0.0, 
this.x : this.x = 0.0, 

BLOCK: StartangleL103
this.y : this.y = 0.0, 
this.x : this.x = 0.0, 

BLOCK: BasicL104
this.y : this.y = 0.0, 
this.x : this.x = 0.0, 

BLOCK: Startrotate90L106
this.y : this.y = 0.0, 
this.x : this.x = 0.0, 

BLOCK: Startrotate90L106
this.y : this.y = 0.0, 
this.x : this.x = 0.0, 

BLOCK: BasicL107
newpoint : newpoint = new CartesianPoint(-this.y, this.x, ), 
this.y : this.y = 0.0, 
this.x : this.x = 0.0, 

BLOCK: StartmainL109

BLOCK: StartmainL109

BLOCK: BasicL110
testpt : testpt = new CartesianPoint(1.0, 0.0, ), 
rotatept2 : rotatept2 = testpt2.rotate90(), 
rotatept : rotatept = testpt.rotate90(), 
testpt2 : testpt2 = new CartesianPoint(3.0, 4.0, ), 

Unfiltered: 0
Filtered: 0


[INFO] ------------------------------------------------------------------------
[INFO] BUILD SUCCESS
[INFO] ------------------------------------------------------------------------
[INFO] Total time: 4.937 s
[INFO] Finished at: 2019-05-06T19:52:00-07:00
[INFO] Final Memory: 20M/1070M
[INFO] ------------------------------------------------------------------------
