[INFO] Scanning for projects...
[WARNING] 
[WARNING] Some problems were encountered while building the effective model for thesis:thesis:jar:1.0-SNAPSHOT
[WARNING] 'dependencies.dependency.version' for org.junit.jupiter:junit-jupiter-api:jar is either LATEST or RELEASE (both of them are being deprecated) @ line 25, column 22
[WARNING] 
[WARNING] It is highly recommended to fix these problems because they threaten the stability of your build.
[WARNING] 
[WARNING] For this reason, future Maven versions might no longer support building such malformed projects.
[WARNING] 
[INFO] 
[INFO] ------------------------------------------------------------------------
[INFO] Building thesis 1.0-SNAPSHOT
[INFO] ------------------------------------------------------------------------
[INFO] 
[INFO] >>> exec-maven-plugin:1.2.1:java (default-cli) > validate @ thesis >>>
[INFO] 
[INFO] <<< exec-maven-plugin:1.2.1:java (default-cli) < validate @ thesis <<<
[INFO] 
[INFO] 
[INFO] --- exec-maven-plugin:1.2.1:java (default-cli) @ thesis ---
BLOCK: Startconstructor1L0
this.angle : this.angle = 0.0, 
this.y : this.y = 0.0, 
this.x : this.x = 0.0, 
this.radius : this.radius = 0.0, 

BLOCK: BasicL1
this.angle : this.angle = angle, 
this.y : this.y = 0.0, 
this.radius : this.radius = radius, 
this.x : this.x = 0.0, 

BLOCK: StartxCoordinateL3
this.angle : this.angle = 0.0, 
this.x : this.x = 0.0, 
this.y : this.y = 0.0, 
this.radius : this.radius = 0.0, 

BLOCK: BasicL4
this.angle : this.angle = 0.0, 
this.x : this.x = this.radius * Math.cos(this.angle, ), 
this.y : this.y = 0.0, 
this.radius : this.radius = 0.0, 

BLOCK: StartyCoordinateL6
this.angle : this.angle = 0.0, 
this.y : this.y = 0.0, 
this.x : this.x = 0.0, 
this.radius : this.radius = 0.0, 

BLOCK: BasicL7
this.angle : this.angle = 0.0, 
this.y : this.y = this.radius * Math.sin(this.angle, ), 
this.x : this.x = 0.0, 
this.radius : this.radius = 0.0, 

BLOCK: StartradiusL9
this.angle : this.angle = 0.0, 
this.radius : this.radius = 0.0, 
this.y : this.y = 0.0, 
this.x : this.x = 0.0, 

BLOCK: BasicL10
this.radius : this.radius = this.radius, 
this.angle : this.angle = 0.0, 
this.y : this.y = 0.0, 
this.x : this.x = 0.0, 

BLOCK: StartangleL12
this.x : this.x = 0.0, 
this.radius : this.radius = 0.0, 
this.y : this.y = 0.0, 
this.angle : this.angle = 0.0, 

BLOCK: BasicL13
this.x : this.x = 0.0, 
this.radius : this.radius = 0.0, 
this.y : this.y = 0.0, 
this.angle : this.angle = this.angle, 

BLOCK: Startrotate90L15
this.y : this.y = 0.0, 
this.x : this.x = 0.0, 
this.angle : this.angle = 0.0, 
this.radius : this.radius = 0.0, 

BLOCK: BasicL16
this.y : this.y = 0.0, 
this.x : this.x = 0.0, 
this.angle : this.angle = this.angle + Math.PI / 2, 
this.radius : this.radius = 0.0, 

BLOCK: StartmainL18

BLOCK: BasicL19
type : type = 0, 
distan : distan = 0.0, 
in : in = new Scanner(System.in, ), 
point1 : point1 = new CartesianPoint(0, 0, ), 
quadrant : quadrant = false, 
point2 : point2 = new CartesianPoint(0, 0, ), 
y : y = 0.0, 
x : x = 0.0, 

BLOCK: ForInitL21
type : type = 0, 
distan : distan = 0.0, 
in : in = new Scanner(System.in, ), 
count : count = 0, 
point1 : point1 = new CartesianPoint(0, 0, ), 
quadrant : quadrant = false, 
point2 : point2 = new CartesianPoint(0, 0, ), 
y : y = 0.0, 
x : x = 0.0, 

BLOCK: ForCondL22
@temp1 : @temp1 = count, 
type : type = in.nextInt(), type = 0, 
distan : distan = 0.0, 
in : in = new Scanner(System.in, ), 
count : count = 0, count = count + 1, 
point1 : point1 = new PolarPoint(x, y, ), point1 = new CartesianPoint(1, 1, ), point1 = new CartesianPoint(x, y, ), point1 = new CartesianPoint(1, 1, ), point1 = new CartesianPoint(0, 0, ), point1 = new CartesianPoint(1, 1, ), 
quadrant : quadrant = false, 
point2 : point2 = new PolarPoint(x, y, ), point2 = new CartesianPoint(1, 1, ), point2 = new CartesianPoint(0, 0, ), point2 = new CartesianPoint(1, 1, ), point2 = new CartesianPoint(1, 1, ), point2 = new CartesianPoint(x, y, ), 
y : y = 0.0, y = in.nextDouble(), y = y * Math.PI / 180, 
x : x = in.nextDouble(), x = 0.0, x = in.nextDouble(), 

BLOCK: LoopL23
@temp1 : @temp1 = count, 
type : type = in.nextInt(), 
distan : distan = 0.0, 
in : in = new Scanner(System.in, ), 
count : count = 0, count = count + 1, 
point1 : point1 = new PolarPoint(x, y, ), point1 = new CartesianPoint(1, 1, ), point1 = new CartesianPoint(x, y, ), point1 = new CartesianPoint(1, 1, ), point1 = new CartesianPoint(0, 0, ), point1 = new CartesianPoint(1, 1, ), 
quadrant : quadrant = false, 
point2 : point2 = new PolarPoint(x, y, ), point2 = new CartesianPoint(1, 1, ), point2 = new CartesianPoint(0, 0, ), point2 = new CartesianPoint(1, 1, ), point2 = new CartesianPoint(1, 1, ), point2 = new CartesianPoint(x, y, ), 
y : y = 0.0, y = in.nextDouble(), y = y * Math.PI / 180, 
x : x = in.nextDouble(), x = 0.0, x = in.nextDouble(), 

BLOCK: BasicL24
@temp1 : @temp1 = count, 
type : type = in.nextInt(), type = 0, 
distan : distan = distance(point1, point2, ), 
in : in = new Scanner(System.in, ), 
count : count = 0, count = count + 1, 
point1 : point1 = new PolarPoint(x, y, ), point1 = new CartesianPoint(1, 1, ), point1 = new CartesianPoint(x, y, ), point1 = new CartesianPoint(1, 1, ), point1 = new CartesianPoint(0, 0, ), point1 = new CartesianPoint(1, 1, ), 
quadrant : quadrant = quadrant(point1.angle(), point2.angle(), ), 
point2 : point2 = new PolarPoint(x, y, ), point2 = new CartesianPoint(1, 1, ), point2 = new CartesianPoint(0, 0, ), point2 = new CartesianPoint(1, 1, ), point2 = new CartesianPoint(1, 1, ), point2 = new CartesianPoint(x, y, ), 
y : y = 0.0, y = in.nextDouble(), y = y * Math.PI / 180, 
x : x = in.nextDouble(), x = 0.0, x = in.nextDouble(), 

BLOCK: trueL25
@temp1 : @temp1 = count, 
type : type = in.nextInt(), 
distan : distan = 0.0, 
in : in = new Scanner(System.in, ), 
count : count = 0, count = count + 1, 
point1 : point1 = new PolarPoint(x, y, ), point1 = new CartesianPoint(1, 1, ), point1 = new CartesianPoint(x, y, ), point1 = new CartesianPoint(1, 1, ), point1 = new CartesianPoint(0, 0, ), point1 = new CartesianPoint(1, 1, ), 
quadrant : quadrant = false, 
point2 : point2 = new PolarPoint(x, y, ), point2 = new CartesianPoint(1, 1, ), point2 = new CartesianPoint(0, 0, ), point2 = new CartesianPoint(1, 1, ), point2 = new CartesianPoint(1, 1, ), point2 = new CartesianPoint(x, y, ), 
y : y = in.nextDouble(), 
x : x = in.nextDouble(), 

BLOCK: trueL27
@temp1 : @temp1 = count, 
type : type = in.nextInt(), 
distan : distan = 0.0, 
in : in = new Scanner(System.in, ), 
count : count = 0, count = count + 1, 
point1 : point1 = new CartesianPoint(x, y, ), 
quadrant : quadrant = false, 
point2 : point2 = new PolarPoint(x, y, ), point2 = new CartesianPoint(1, 1, ), point2 = new CartesianPoint(0, 0, ), point2 = new CartesianPoint(1, 1, ), point2 = new CartesianPoint(1, 1, ), point2 = new CartesianPoint(x, y, ), 
y : y = in.nextDouble(), 
x : x = in.nextDouble(), 

BLOCK: falseL29
@temp1 : @temp1 = count, 
type : type = in.nextInt(), 
distan : distan = 0.0, 
in : in = new Scanner(System.in, ), 
count : count = 0, count = count + 1, 
point1 : point1 = new PolarPoint(x, y, ), point1 = new CartesianPoint(1, 1, ), point1 = new CartesianPoint(x, y, ), point1 = new CartesianPoint(1, 1, ), point1 = new CartesianPoint(0, 0, ), point1 = new CartesianPoint(1, 1, ), 
quadrant : quadrant = false, 
point2 : point2 = new PolarPoint(x, y, ), point2 = new CartesianPoint(1, 1, ), point2 = new CartesianPoint(0, 0, ), point2 = new CartesianPoint(1, 1, ), point2 = new CartesianPoint(1, 1, ), point2 = new CartesianPoint(x, y, ), 
y : y = in.nextDouble(), 
x : x = in.nextDouble(), 

BLOCK: trueL30
@temp1 : @temp1 = count, 
type : type = in.nextInt(), 
distan : distan = 0.0, 
in : in = new Scanner(System.in, ), 
count : count = 0, count = count + 1, 
point1 : point1 = new PolarPoint(x, y, ), point1 = new CartesianPoint(1, 1, ), point1 = new CartesianPoint(x, y, ), point1 = new CartesianPoint(1, 1, ), point1 = new CartesianPoint(0, 0, ), point1 = new CartesianPoint(1, 1, ), 
point2 : point2 = new CartesianPoint(x, y, ), 
quadrant : quadrant = false, 
y : y = in.nextDouble(), 
x : x = in.nextDouble(), 

BLOCK: falseL32
@temp1 : @temp1 = count, 
type : type = in.nextInt(), 
distan : distan = 0.0, 
in : in = new Scanner(System.in, ), 
count : count = 0, count = count + 1, 
point1 : point1 = new CartesianPoint(1, 1, ), 
point2 : point2 = new CartesianPoint(1, 1, ), 
quadrant : quadrant = false, 
y : y = in.nextDouble(), 
x : x = in.nextDouble(), 

BLOCK: joinL31
@temp1 : @temp1 = count, 
type : type = in.nextInt(), 
distan : distan = 0.0, 
in : in = new Scanner(System.in, ), 
count : count = 0, count = count + 1, 
point1 : point1 = new PolarPoint(x, y, ), point1 = new CartesianPoint(1, 1, ), point1 = new CartesianPoint(x, y, ), point1 = new CartesianPoint(1, 1, ), point1 = new CartesianPoint(0, 0, ), point1 = new CartesianPoint(1, 1, ), 
point2 : point2 = new CartesianPoint(1, 1, ), point2 = new CartesianPoint(x, y, ), 
quadrant : quadrant = false, 
y : y = in.nextDouble(), 
x : x = in.nextDouble(), 

BLOCK: joinL28
@temp1 : @temp1 = count, 
type : type = in.nextInt(), 
distan : distan = 0.0, 
in : in = new Scanner(System.in, ), 
count : count = 0, count = count + 1, 
point1 : point1 = new PolarPoint(x, y, ), point1 = new CartesianPoint(1, 1, ), point1 = new CartesianPoint(x, y, ), point1 = new CartesianPoint(1, 1, ), point1 = new CartesianPoint(0, 0, ), point1 = new CartesianPoint(1, 1, ), 
quadrant : quadrant = false, 
point2 : point2 = new PolarPoint(x, y, ), point2 = new CartesianPoint(1, 1, ), point2 = new CartesianPoint(0, 0, ), point2 = new CartesianPoint(1, 1, ), point2 = new CartesianPoint(1, 1, ), point2 = new CartesianPoint(x, y, ), 
y : y = in.nextDouble(), 
x : x = in.nextDouble(), 

BLOCK: falseL33
@temp1 : @temp1 = count, 
type : type = in.nextInt(), 
distan : distan = 0.0, 
in : in = new Scanner(System.in, ), 
count : count = 0, count = count + 1, 
point1 : point1 = new PolarPoint(x, y, ), point1 = new CartesianPoint(1, 1, ), point1 = new CartesianPoint(x, y, ), point1 = new CartesianPoint(1, 1, ), point1 = new CartesianPoint(0, 0, ), point1 = new CartesianPoint(1, 1, ), 
quadrant : quadrant = false, 
point2 : point2 = new PolarPoint(x, y, ), point2 = new CartesianPoint(1, 1, ), point2 = new CartesianPoint(0, 0, ), point2 = new CartesianPoint(1, 1, ), point2 = new CartesianPoint(1, 1, ), point2 = new CartesianPoint(x, y, ), 
y : y = 0.0, y = in.nextDouble(), y = y * Math.PI / 180, 
x : x = in.nextDouble(), x = 0.0, x = in.nextDouble(), 

BLOCK: trueL34
@temp1 : @temp1 = count, 
type : type = in.nextInt(), 
distan : distan = 0.0, 
in : in = new Scanner(System.in, ), 
count : count = 0, count = count + 1, 
point1 : point1 = new PolarPoint(x, y, ), point1 = new CartesianPoint(1, 1, ), point1 = new CartesianPoint(x, y, ), point1 = new CartesianPoint(1, 1, ), point1 = new CartesianPoint(0, 0, ), point1 = new CartesianPoint(1, 1, ), 
quadrant : quadrant = false, 
point2 : point2 = new PolarPoint(x, y, ), point2 = new CartesianPoint(1, 1, ), point2 = new CartesianPoint(0, 0, ), point2 = new CartesianPoint(1, 1, ), point2 = new CartesianPoint(1, 1, ), point2 = new CartesianPoint(x, y, ), 
y : y = y * Math.PI / 180, 
x : x = in.nextDouble(), 

BLOCK: trueL36
@temp1 : @temp1 = count, 
type : type = in.nextInt(), 
distan : distan = 0.0, 
in : in = new Scanner(System.in, ), 
count : count = 0, count = count + 1, 
point1 : point1 = new PolarPoint(x, y, ), 
quadrant : quadrant = false, 
point2 : point2 = new PolarPoint(x, y, ), point2 = new CartesianPoint(1, 1, ), point2 = new CartesianPoint(0, 0, ), point2 = new CartesianPoint(1, 1, ), point2 = new CartesianPoint(1, 1, ), point2 = new CartesianPoint(x, y, ), 
y : y = y * Math.PI / 180, 
x : x = in.nextDouble(), 

BLOCK: falseL38
@temp1 : @temp1 = count, 
type : type = in.nextInt(), 
distan : distan = 0.0, 
in : in = new Scanner(System.in, ), 
count : count = 0, count = count + 1, 
point1 : point1 = new PolarPoint(x, y, ), point1 = new CartesianPoint(1, 1, ), point1 = new CartesianPoint(x, y, ), point1 = new CartesianPoint(1, 1, ), point1 = new CartesianPoint(0, 0, ), point1 = new CartesianPoint(1, 1, ), 
quadrant : quadrant = false, 
point2 : point2 = new PolarPoint(x, y, ), point2 = new CartesianPoint(1, 1, ), point2 = new CartesianPoint(0, 0, ), point2 = new CartesianPoint(1, 1, ), point2 = new CartesianPoint(1, 1, ), point2 = new CartesianPoint(x, y, ), 
y : y = y * Math.PI / 180, 
x : x = in.nextDouble(), 

BLOCK: trueL39
@temp1 : @temp1 = count, 
type : type = in.nextInt(), 
distan : distan = 0.0, 
in : in = new Scanner(System.in, ), 
count : count = 0, count = count + 1, 
point1 : point1 = new PolarPoint(x, y, ), point1 = new CartesianPoint(1, 1, ), point1 = new CartesianPoint(x, y, ), point1 = new CartesianPoint(1, 1, ), point1 = new CartesianPoint(0, 0, ), point1 = new CartesianPoint(1, 1, ), 
point2 : point2 = new PolarPoint(x, y, ), 
quadrant : quadrant = false, 
y : y = y * Math.PI / 180, 
x : x = in.nextDouble(), 

BLOCK: falseL41
@temp1 : @temp1 = count, 
type : type = in.nextInt(), 
distan : distan = 0.0, 
in : in = new Scanner(System.in, ), 
count : count = 0, count = count + 1, 
point1 : point1 = new CartesianPoint(1, 1, ), 
point2 : point2 = new CartesianPoint(1, 1, ), 
quadrant : quadrant = false, 
y : y = y * Math.PI / 180, 
x : x = in.nextDouble(), 

BLOCK: joinL40
@temp1 : @temp1 = count, 
type : type = in.nextInt(), 
distan : distan = 0.0, 
in : in = new Scanner(System.in, ), 
count : count = 0, count = count + 1, 
point1 : point1 = new PolarPoint(x, y, ), point1 = new CartesianPoint(1, 1, ), point1 = new CartesianPoint(x, y, ), point1 = new CartesianPoint(1, 1, ), point1 = new CartesianPoint(0, 0, ), point1 = new CartesianPoint(1, 1, ), 
point2 : point2 = new PolarPoint(x, y, ), point2 = new CartesianPoint(1, 1, ), 
quadrant : quadrant = false, 
y : y = y * Math.PI / 180, 
x : x = in.nextDouble(), 

BLOCK: joinL37
@temp1 : @temp1 = count, 
type : type = in.nextInt(), 
distan : distan = 0.0, 
in : in = new Scanner(System.in, ), 
count : count = 0, count = count + 1, 
point1 : point1 = new PolarPoint(x, y, ), point1 = new CartesianPoint(1, 1, ), point1 = new CartesianPoint(x, y, ), point1 = new CartesianPoint(1, 1, ), point1 = new CartesianPoint(0, 0, ), point1 = new CartesianPoint(1, 1, ), 
quadrant : quadrant = false, 
point2 : point2 = new PolarPoint(x, y, ), point2 = new CartesianPoint(1, 1, ), point2 = new CartesianPoint(0, 0, ), point2 = new CartesianPoint(1, 1, ), point2 = new CartesianPoint(1, 1, ), point2 = new CartesianPoint(x, y, ), 
y : y = y * Math.PI / 180, 
x : x = in.nextDouble(), 

BLOCK: falseL42
@temp1 : @temp1 = count, 
type : type = in.nextInt(), 
distan : distan = 0.0, 
in : in = new Scanner(System.in, ), 
count : count = 0, count = count + 1, 
point1 : point1 = new CartesianPoint(1, 1, ), 
point2 : point2 = new CartesianPoint(1, 1, ), 
quadrant : quadrant = false, 
y : y = 0.0, y = in.nextDouble(), y = y * Math.PI / 180, 
x : x = in.nextDouble(), x = 0.0, x = in.nextDouble(), 

BLOCK: joinL35
@temp1 : @temp1 = count, 
type : type = in.nextInt(), 
distan : distan = 0.0, 
in : in = new Scanner(System.in, ), 
count : count = 0, count = count + 1, 
point1 : point1 = new PolarPoint(x, y, ), point1 = new CartesianPoint(1, 1, ), point1 = new CartesianPoint(x, y, ), point1 = new CartesianPoint(1, 1, ), point1 = new CartesianPoint(0, 0, ), point1 = new CartesianPoint(1, 1, ), 
quadrant : quadrant = false, 
point2 : point2 = new PolarPoint(x, y, ), point2 = new CartesianPoint(1, 1, ), point2 = new CartesianPoint(0, 0, ), point2 = new CartesianPoint(1, 1, ), point2 = new CartesianPoint(1, 1, ), point2 = new CartesianPoint(x, y, ), 
y : y = 0.0, y = y * Math.PI / 180, y = in.nextDouble(), 
x : x = in.nextDouble(), x = 0.0, x = in.nextDouble(), 

BLOCK: joinL26
@temp1 : @temp1 = count, 
type : type = in.nextInt(), 
distan : distan = 0.0, 
in : in = new Scanner(System.in, ), 
count : count = count + 1, 
point1 : point1 = new PolarPoint(x, y, ), point1 = new CartesianPoint(1, 1, ), point1 = new CartesianPoint(x, y, ), point1 = new CartesianPoint(1, 1, ), point1 = new CartesianPoint(0, 0, ), point1 = new CartesianPoint(1, 1, ), 
quadrant : quadrant = false, 
point2 : point2 = new PolarPoint(x, y, ), point2 = new CartesianPoint(1, 1, ), point2 = new CartesianPoint(0, 0, ), point2 = new CartesianPoint(1, 1, ), point2 = new CartesianPoint(1, 1, ), point2 = new CartesianPoint(x, y, ), 
y : y = 0.0, y = in.nextDouble(), y = y * Math.PI / 180, 
x : x = in.nextDouble(), x = 0.0, x = in.nextDouble(), 

BLOCK: trueL43
@temp1 : @temp1 = count, 
type : type = in.nextInt(), type = 0, 
distan : distan = distance(point1, point2, ), 
in : in = new Scanner(System.in, ), 
count : count = 0, count = count + 1, 
point1 : point1 = new PolarPoint(x, y, ), point1 = new CartesianPoint(1, 1, ), point1 = new CartesianPoint(x, y, ), point1 = new CartesianPoint(1, 1, ), point1 = new CartesianPoint(0, 0, ), point1 = new CartesianPoint(1, 1, ), 
quadrant : quadrant = quadrant(point1.angle(), point2.angle(), ), 
point2 : point2 = new PolarPoint(x, y, ), point2 = new CartesianPoint(1, 1, ), point2 = new CartesianPoint(0, 0, ), point2 = new CartesianPoint(1, 1, ), point2 = new CartesianPoint(1, 1, ), point2 = new CartesianPoint(x, y, ), 
y : y = 0.0, y = in.nextDouble(), y = y * Math.PI / 180, 
x : x = in.nextDouble(), x = 0.0, x = in.nextDouble(), 

BLOCK: falseL45
@temp1 : @temp1 = count, 
type : type = in.nextInt(), type = 0, 
distan : distan = distance(point1, point2, ), 
in : in = new Scanner(System.in, ), 
count : count = 0, count = count + 1, 
point1 : point1 = new PolarPoint(x, y, ), point1 = new CartesianPoint(1, 1, ), point1 = new CartesianPoint(x, y, ), point1 = new CartesianPoint(1, 1, ), point1 = new CartesianPoint(0, 0, ), point1 = new CartesianPoint(1, 1, ), 
quadrant : quadrant = quadrant(point1.angle(), point2.angle(), ), 
point2 : point2 = new PolarPoint(x, y, ), point2 = new CartesianPoint(1, 1, ), point2 = new CartesianPoint(0, 0, ), point2 = new CartesianPoint(1, 1, ), point2 = new CartesianPoint(1, 1, ), point2 = new CartesianPoint(x, y, ), 
y : y = 0.0, y = in.nextDouble(), y = y * Math.PI / 180, 
x : x = in.nextDouble(), x = 0.0, x = in.nextDouble(), 

BLOCK: joinL44
@temp1 : @temp1 = count, 
type : type = in.nextInt(), type = 0, 
distan : distan = distance(point1, point2, ), 
in : in = new Scanner(System.in, ), 
count : count = 0, count = count + 1, 
point1 : point1 = new PolarPoint(x, y, ), point1 = new CartesianPoint(1, 1, ), point1 = new CartesianPoint(x, y, ), point1 = new CartesianPoint(1, 1, ), point1 = new CartesianPoint(0, 0, ), point1 = new CartesianPoint(1, 1, ), 
quadrant : quadrant = quadrant(point1.angle(), point2.angle(), ), 
point2 : point2 = new PolarPoint(x, y, ), point2 = new CartesianPoint(1, 1, ), point2 = new CartesianPoint(0, 0, ), point2 = new CartesianPoint(1, 1, ), point2 = new CartesianPoint(1, 1, ), point2 = new CartesianPoint(x, y, ), 
y : y = 0.0, y = in.nextDouble(), y = y * Math.PI / 180, 
x : x = in.nextDouble(), x = 0.0, x = in.nextDouble(), 

BLOCK: StartdistanceL46

BLOCK: BasicL47
y2 : y2 = point2.yCoordinate(), 
x2 : x2 = point2.xCoordinate(), 
x : x = point1.xCoordinate(), 
y : y = point1.yCoordinate(), 

BLOCK: StartquadrantL49

BLOCK: BasicL50

BLOCK: LoopL52
angle1 : angle1 = angle1 + Math.PI * 2, 

BLOCK: BasicL53
angle1 : angle1 = angle1 + Math.PI * 2, 

BLOCK: LoopL54
angle1 : angle1 = angle1 - Math.PI * 2, 

BLOCK: BasicL55
angle1 : angle1 = angle1 - Math.PI * 2, angle1 = angle1 + Math.PI * 2, 

BLOCK: LoopL56
angle1 : angle1 = angle1 - Math.PI * 2, angle1 = angle1 + Math.PI * 2, 
angle2 : angle2 = angle2 + Math.PI * 2, 

BLOCK: BasicL57
angle1 : angle1 = angle1 - Math.PI * 2, angle1 = angle1 + Math.PI * 2, 
angle2 : angle2 = angle2 + Math.PI * 2, 

BLOCK: LoopL58
angle1 : angle1 = angle1 - Math.PI * 2, angle1 = angle1 + Math.PI * 2, 
angle2 : angle2 = angle2 - Math.PI * 2, 

BLOCK: BasicL59
angle1 : angle1 = angle1 - Math.PI * 2, angle1 = angle1 + Math.PI * 2, 
angle2 : angle2 = angle2 + Math.PI * 2, angle2 = angle2 - Math.PI * 2, 

BLOCK: trueL60
angle1 : angle1 = angle1 - Math.PI * 2, angle1 = angle1 + Math.PI * 2, 
angle2 : angle2 = angle2 + Math.PI * 2, angle2 = angle2 - Math.PI * 2, 

BLOCK: falseL62
angle1 : angle1 = angle1 - Math.PI * 2, angle1 = angle1 + Math.PI * 2, 
angle2 : angle2 = angle2 + Math.PI * 2, angle2 = angle2 - Math.PI * 2, 

BLOCK: trueL63
angle1 : angle1 = angle1 - Math.PI * 2, angle1 = angle1 + Math.PI * 2, 
angle2 : angle2 = angle2 + Math.PI * 2, angle2 = angle2 - Math.PI * 2, 

BLOCK: falseL65
angle1 : angle1 = angle1 - Math.PI * 2, angle1 = angle1 + Math.PI * 2, 
angle2 : angle2 = angle2 + Math.PI * 2, angle2 = angle2 - Math.PI * 2, 

BLOCK: trueL66
angle1 : angle1 = angle1 - Math.PI * 2, angle1 = angle1 + Math.PI * 2, 
angle2 : angle2 = angle2 + Math.PI * 2, angle2 = angle2 - Math.PI * 2, 

BLOCK: falseL68
angle1 : angle1 = angle1 - Math.PI * 2, angle1 = angle1 + Math.PI * 2, 
angle2 : angle2 = angle2 + Math.PI * 2, angle2 = angle2 - Math.PI * 2, 

BLOCK: trueL69
angle1 : angle1 = angle1 - Math.PI * 2, angle1 = angle1 + Math.PI * 2, 
angle2 : angle2 = angle2 + Math.PI * 2, angle2 = angle2 - Math.PI * 2, 

BLOCK: falseL71
angle1 : angle1 = angle1 - Math.PI * 2, angle1 = angle1 + Math.PI * 2, 
angle2 : angle2 = angle2 + Math.PI * 2, angle2 = angle2 - Math.PI * 2, 

BLOCK: joinL70
angle1 : angle1 = angle1 - Math.PI * 2, angle1 = angle1 + Math.PI * 2, 
angle2 : angle2 = angle2 + Math.PI * 2, angle2 = angle2 - Math.PI * 2, 

BLOCK: joinL67
angle1 : angle1 = angle1 - Math.PI * 2, angle1 = angle1 + Math.PI * 2, 
angle2 : angle2 = angle2 + Math.PI * 2, angle2 = angle2 - Math.PI * 2, 

BLOCK: joinL64
angle1 : angle1 = angle1 - Math.PI * 2, angle1 = angle1 + Math.PI * 2, 
angle2 : angle2 = angle2 + Math.PI * 2, angle2 = angle2 - Math.PI * 2, 

BLOCK: joinL61
angle1 : angle1 = angle1 - Math.PI * 2, angle1 = angle1 + Math.PI * 2, 
angle2 : angle2 = angle2 + Math.PI * 2, angle2 = angle2 - Math.PI * 2, 

BLOCK: StartPolarTestL72

BLOCK: BasicL73
crazy : crazy = crazy.rotate90(), 
UhnTiss : UhnTiss = new PolarPoint(1, Math.PI / 2, ), 

BLOCK: StartmainL75

BLOCK: BasicL76

BLOCK: Startconstructor1L78
this.x : this.x = 0.0, 
this.y : this.y = 0.0, 
this.y2 : this.y2 = 0.0, 
this.x2 : this.x2 = 0.0, 
this.angle : this.angle = 0.0, 
this.radius : this.radius = 0.0, 

BLOCK: BasicL79
this.x : this.x = x_coord, 
this.y : this.y = y_coord, 
this.y2 : this.y2 = 0.0, 
this.x2 : this.x2 = 0.0, 
this.angle : this.angle = 0.0, 
this.radius : this.radius = 0.0, 

BLOCK: StartxCoordinateL81
this.y2 : this.y2 = 0.0, 
this.radius : this.radius = 0.0, 
this.angle : this.angle = 0.0, 
this.y : this.y = 0.0, 
this.x2 : this.x2 = 0.0, 
this.x : this.x = 0.0, 

BLOCK: BasicL82
this.y2 : this.y2 = 0.0, 
this.radius : this.radius = 0.0, 
this.angle : this.angle = 0.0, 
this.y : this.y = 0.0, 
this.x2 : this.x2 = 0.0, 
this.x : this.x = 0.0, 

BLOCK: StartyCoordinateL84
this.y2 : this.y2 = 0.0, 
this.angle : this.angle = 0.0, 
this.radius : this.radius = 0.0, 
this.x : this.x = 0.0, 
this.y : this.y = 0.0, 
this.x2 : this.x2 = 0.0, 

BLOCK: BasicL85
this.y2 : this.y2 = 0.0, 
this.angle : this.angle = 0.0, 
this.radius : this.radius = 0.0, 
this.x : this.x = 0.0, 
this.y : this.y = 0.0, 
this.x2 : this.x2 = 0.0, 

BLOCK: StartradiusL87
this.radius : this.radius = 0.0, 
this.angle : this.angle = 0.0, 
this.x2 : this.x2 = 0.0, 
this.x : this.x = 0.0, 
this.y : this.y = 0.0, 
this.y2 : this.y2 = 0.0, 

BLOCK: BasicL88
this.radius : this.radius = Math.sqrt(this.x * this.x + this.y * this.y, ), 
this.angle : this.angle = 0.0, 
this.x2 : this.x2 = 0.0, 
this.x : this.x = 0.0, 
this.y : this.y = 0.0, 
this.y2 : this.y2 = 0.0, 

BLOCK: StartangleL90
this.y2 : this.y2 = 0.0, 
this.radius : this.radius = 0.0, 
this.y : this.y = 0.0, 
this.x2 : this.x2 = 0.0, 
this.x : this.x = 0.0, 
this.angle : this.angle = 0.0, 

BLOCK: BasicL91
this.y2 : this.y2 = 0.0, 
this.radius : this.radius = 0.0, 
this.y : this.y = 0.0, 
this.x2 : this.x2 = 0.0, 
this.x : this.x = 0.0, 
this.angle : this.angle = Math.atan2(this.y, this.x, ), 

BLOCK: Startrotate90L93
this.y : this.y = 0.0, 
this.angle : this.angle = 0.0, 
this.radius : this.radius = 0.0, 
this.x : this.x = 0.0, 
this.y2 : this.y2 = 0.0, 
this.x2 : this.x2 = 0.0, 

BLOCK: BasicL94
this.y : this.y = 0.0, 
this.angle : this.angle = 0.0, 
this.radius : this.radius = 0.0, 
this.x : this.x = 0.0, 
this.y2 : this.y2 = this.x, 
this.x2 : this.x2 = 1 * this.y, 

BLOCK: StartCartesianTestL96

BLOCK: BasicL97
UhnTiss : UhnTiss = new CartesianPoint(5, -9, ), 
crazy : crazy = crazy.rotate90(), 

BLOCK: StartmainL99

BLOCK: BasicL100

BLOCK: Startconstructor1L0
this.angle : this.angle = 0.0, 
this.y : this.y = 0.0, 
this.x : this.x = 0.0, 
this.radius : this.radius = 0.0, 

BLOCK: Startconstructor1L0
this.angle : this.angle = 0.0, 
this.y : this.y = 0.0, 
this.x : this.x = 0.0, 
this.radius : this.radius = 0.0, 

BLOCK: BasicL1
this.angle : this.angle = angle, 
this.y : this.y = 0.0, 
this.radius : this.radius = radius, 
this.x : this.x = 0.0, 

BLOCK: StartxCoordinateL3
this.angle : this.angle = 0.0, 
this.x : this.x = 0.0, 
this.y : this.y = 0.0, 
this.radius : this.radius = 0.0, 

BLOCK: StartxCoordinateL3
this.angle : this.angle = 0.0, 
this.x : this.x = 0.0, 
this.y : this.y = 0.0, 
this.radius : this.radius = 0.0, 

BLOCK: BasicL4
this.angle : this.angle = 0.0, 
this.x : this.x = this.radius * Math.cos(this.angle, ), 
this.y : this.y = 0.0, 
this.radius : this.radius = 0.0, 

BLOCK: StartyCoordinateL6
this.angle : this.angle = 0.0, 
this.y : this.y = 0.0, 
this.x : this.x = 0.0, 
this.radius : this.radius = 0.0, 

BLOCK: StartyCoordinateL6
this.angle : this.angle = 0.0, 
this.y : this.y = 0.0, 
this.x : this.x = 0.0, 
this.radius : this.radius = 0.0, 

BLOCK: BasicL7
this.angle : this.angle = 0.0, 
this.y : this.y = this.radius * Math.sin(this.angle, ), 
this.x : this.x = 0.0, 
this.radius : this.radius = 0.0, 

BLOCK: StartradiusL9
this.angle : this.angle = 0.0, 
this.radius : this.radius = 0.0, 
this.y : this.y = 0.0, 
this.x : this.x = 0.0, 

BLOCK: StartradiusL9
this.angle : this.angle = 0.0, 
this.radius : this.radius = 0.0, 
this.y : this.y = 0.0, 
this.x : this.x = 0.0, 

BLOCK: BasicL10
this.radius : this.radius = this.radius, 
this.angle : this.angle = 0.0, 
this.y : this.y = 0.0, 
this.x : this.x = 0.0, 

BLOCK: StartangleL12
this.x : this.x = 0.0, 
this.radius : this.radius = 0.0, 
this.y : this.y = 0.0, 
this.angle : this.angle = 0.0, 

BLOCK: StartangleL12
this.x : this.x = 0.0, 
this.radius : this.radius = 0.0, 
this.y : this.y = 0.0, 
this.angle : this.angle = 0.0, 

BLOCK: BasicL13
this.x : this.x = 0.0, 
this.radius : this.radius = 0.0, 
this.y : this.y = 0.0, 
this.angle : this.angle = this.angle, 

BLOCK: Startrotate90L15
this.y : this.y = 0.0, 
this.x : this.x = 0.0, 
this.angle : this.angle = 0.0, 
this.radius : this.radius = 0.0, 

BLOCK: Startrotate90L15
this.y : this.y = 0.0, 
this.x : this.x = 0.0, 
this.angle : this.angle = 0.0, 
this.radius : this.radius = 0.0, 

BLOCK: BasicL16
this.y : this.y = 0.0, 
this.x : this.x = 0.0, 
this.angle : this.angle = this.angle + Math.PI / 2, 
this.radius : this.radius = 0.0, 

BLOCK: StartmainL18

BLOCK: StartmainL18

BLOCK: BasicL19
type : type = 0, 
distan : distan = 0.0, 
in : in = new Scanner(System.in, ), 
point1 : point1 = new CartesianPoint(0, 0, ), 
quadrant : quadrant = false, 
point2 : point2 = new CartesianPoint(0, 0, ), 
y : y = 0.0, 
x : x = 0.0, 

BLOCK: ForInitL21
type : type = 0, 
distan : distan = 0.0, 
in : in = new Scanner(System.in, ), 
count : count = 0, 
point1 : point1 = new CartesianPoint(0, 0, ), 
quadrant : quadrant = false, 
point2 : point2 = new CartesianPoint(0, 0, ), 
y : y = 0.0, 
x : x = 0.0, 

BLOCK: ForCondL22
@temp1 : @temp1 = count, 
type : type = in.nextInt(), type = 0, 
distan : distan = 0.0, 
in : in = new Scanner(System.in, ), 
count : count = 0, count = count + 1, 
point1 : point1 = new PolarPoint(x, y, ), point1 = new CartesianPoint(1, 1, ), point1 = new CartesianPoint(x, y, ), point1 = new CartesianPoint(1, 1, ), point1 = new CartesianPoint(0, 0, ), point1 = new CartesianPoint(1, 1, ), 
quadrant : quadrant = false, 
point2 : point2 = new PolarPoint(x, y, ), point2 = new CartesianPoint(1, 1, ), point2 = new CartesianPoint(0, 0, ), point2 = new CartesianPoint(1, 1, ), point2 = new CartesianPoint(1, 1, ), point2 = new CartesianPoint(x, y, ), 
y : y = 0.0, y = in.nextDouble(), y = y * Math.PI / 180, 
x : x = in.nextDouble(), x = 0.0, x = in.nextDouble(), 

BLOCK: LoopL23
@temp1 : @temp1 = count, 
type : type = in.nextInt(), 
distan : distan = 0.0, 
in : in = new Scanner(System.in, ), 
count : count = 0, count = count + 1, 
point1 : point1 = new PolarPoint(x, y, ), point1 = new CartesianPoint(1, 1, ), point1 = new CartesianPoint(x, y, ), point1 = new CartesianPoint(1, 1, ), point1 = new CartesianPoint(0, 0, ), point1 = new CartesianPoint(1, 1, ), 
quadrant : quadrant = false, 
point2 : point2 = new PolarPoint(x, y, ), point2 = new CartesianPoint(1, 1, ), point2 = new CartesianPoint(0, 0, ), point2 = new CartesianPoint(1, 1, ), point2 = new CartesianPoint(1, 1, ), point2 = new CartesianPoint(x, y, ), 
y : y = 0.0, y = in.nextDouble(), y = y * Math.PI / 180, 
x : x = in.nextDouble(), x = 0.0, x = in.nextDouble(), 

BLOCK: BasicL24
@temp1 : @temp1 = count, 
type : type = in.nextInt(), type = 0, 
distan : distan = distance(point1, point2, ), 
in : in = new Scanner(System.in, ), 
count : count = 0, count = count + 1, 
point1 : point1 = new PolarPoint(x, y, ), point1 = new CartesianPoint(1, 1, ), point1 = new CartesianPoint(x, y, ), point1 = new CartesianPoint(1, 1, ), point1 = new CartesianPoint(0, 0, ), point1 = new CartesianPoint(1, 1, ), 
quadrant : quadrant = quadrant(point1.angle(), point2.angle(), ), 
point2 : point2 = new PolarPoint(x, y, ), point2 = new CartesianPoint(1, 1, ), point2 = new CartesianPoint(0, 0, ), point2 = new CartesianPoint(1, 1, ), point2 = new CartesianPoint(1, 1, ), point2 = new CartesianPoint(x, y, ), 
y : y = 0.0, y = in.nextDouble(), y = y * Math.PI / 180, 
x : x = in.nextDouble(), x = 0.0, x = in.nextDouble(), 

BLOCK: trueL25
@temp1 : @temp1 = count, 
type : type = in.nextInt(), 
distan : distan = 0.0, 
in : in = new Scanner(System.in, ), 
count : count = 0, count = count + 1, 
point1 : point1 = new PolarPoint(x, y, ), point1 = new CartesianPoint(1, 1, ), point1 = new CartesianPoint(x, y, ), point1 = new CartesianPoint(1, 1, ), point1 = new CartesianPoint(0, 0, ), point1 = new CartesianPoint(1, 1, ), 
quadrant : quadrant = false, 
point2 : point2 = new PolarPoint(x, y, ), point2 = new CartesianPoint(1, 1, ), point2 = new CartesianPoint(0, 0, ), point2 = new CartesianPoint(1, 1, ), point2 = new CartesianPoint(1, 1, ), point2 = new CartesianPoint(x, y, ), 
y : y = in.nextDouble(), 
x : x = in.nextDouble(), 

BLOCK: trueL27
@temp1 : @temp1 = count, 
type : type = in.nextInt(), 
distan : distan = 0.0, 
in : in = new Scanner(System.in, ), 
count : count = 0, count = count + 1, 
point1 : point1 = new CartesianPoint(x, y, ), 
quadrant : quadrant = false, 
point2 : point2 = new PolarPoint(x, y, ), point2 = new CartesianPoint(1, 1, ), point2 = new CartesianPoint(0, 0, ), point2 = new CartesianPoint(1, 1, ), point2 = new CartesianPoint(1, 1, ), point2 = new CartesianPoint(x, y, ), 
y : y = in.nextDouble(), 
x : x = in.nextDouble(), 

BLOCK: falseL29
@temp1 : @temp1 = count, 
type : type = in.nextInt(), 
distan : distan = 0.0, 
in : in = new Scanner(System.in, ), 
count : count = 0, count = count + 1, 
point1 : point1 = new PolarPoint(x, y, ), point1 = new CartesianPoint(1, 1, ), point1 = new CartesianPoint(x, y, ), point1 = new CartesianPoint(1, 1, ), point1 = new CartesianPoint(0, 0, ), point1 = new CartesianPoint(1, 1, ), 
quadrant : quadrant = false, 
point2 : point2 = new PolarPoint(x, y, ), point2 = new CartesianPoint(1, 1, ), point2 = new CartesianPoint(0, 0, ), point2 = new CartesianPoint(1, 1, ), point2 = new CartesianPoint(1, 1, ), point2 = new CartesianPoint(x, y, ), 
y : y = in.nextDouble(), 
x : x = in.nextDouble(), 

BLOCK: trueL30
@temp1 : @temp1 = count, 
type : type = in.nextInt(), 
distan : distan = 0.0, 
in : in = new Scanner(System.in, ), 
count : count = 0, count = count + 1, 
point1 : point1 = new PolarPoint(x, y, ), point1 = new CartesianPoint(1, 1, ), point1 = new CartesianPoint(x, y, ), point1 = new CartesianPoint(1, 1, ), point1 = new CartesianPoint(0, 0, ), point1 = new CartesianPoint(1, 1, ), 
point2 : point2 = new CartesianPoint(x, y, ), 
quadrant : quadrant = false, 
y : y = in.nextDouble(), 
x : x = in.nextDouble(), 

BLOCK: falseL32
@temp1 : @temp1 = count, 
type : type = in.nextInt(), 
distan : distan = 0.0, 
in : in = new Scanner(System.in, ), 
count : count = 0, count = count + 1, 
point1 : point1 = new CartesianPoint(1, 1, ), 
point2 : point2 = new CartesianPoint(1, 1, ), 
quadrant : quadrant = false, 
y : y = in.nextDouble(), 
x : x = in.nextDouble(), 

BLOCK: joinL31
@temp1 : @temp1 = count, 
type : type = in.nextInt(), 
distan : distan = 0.0, 
in : in = new Scanner(System.in, ), 
count : count = 0, count = count + 1, 
point1 : point1 = new PolarPoint(x, y, ), point1 = new CartesianPoint(1, 1, ), point1 = new CartesianPoint(x, y, ), point1 = new CartesianPoint(1, 1, ), point1 = new CartesianPoint(0, 0, ), point1 = new CartesianPoint(1, 1, ), 
point2 : point2 = new CartesianPoint(1, 1, ), point2 = new CartesianPoint(x, y, ), 
quadrant : quadrant = false, 
y : y = in.nextDouble(), 
x : x = in.nextDouble(), 

BLOCK: joinL28
@temp1 : @temp1 = count, 
type : type = in.nextInt(), 
distan : distan = 0.0, 
in : in = new Scanner(System.in, ), 
count : count = 0, count = count + 1, 
point1 : point1 = new PolarPoint(x, y, ), point1 = new CartesianPoint(1, 1, ), point1 = new CartesianPoint(x, y, ), point1 = new CartesianPoint(1, 1, ), point1 = new CartesianPoint(0, 0, ), point1 = new CartesianPoint(1, 1, ), 
quadrant : quadrant = false, 
point2 : point2 = new PolarPoint(x, y, ), point2 = new CartesianPoint(1, 1, ), point2 = new CartesianPoint(0, 0, ), point2 = new CartesianPoint(1, 1, ), point2 = new CartesianPoint(1, 1, ), point2 = new CartesianPoint(x, y, ), 
y : y = in.nextDouble(), 
x : x = in.nextDouble(), 

BLOCK: falseL33
@temp1 : @temp1 = count, 
type : type = in.nextInt(), 
distan : distan = 0.0, 
in : in = new Scanner(System.in, ), 
count : count = 0, count = count + 1, 
point1 : point1 = new PolarPoint(x, y, ), point1 = new CartesianPoint(1, 1, ), point1 = new CartesianPoint(x, y, ), point1 = new CartesianPoint(1, 1, ), point1 = new CartesianPoint(0, 0, ), point1 = new CartesianPoint(1, 1, ), 
quadrant : quadrant = false, 
point2 : point2 = new PolarPoint(x, y, ), point2 = new CartesianPoint(1, 1, ), point2 = new CartesianPoint(0, 0, ), point2 = new CartesianPoint(1, 1, ), point2 = new CartesianPoint(1, 1, ), point2 = new CartesianPoint(x, y, ), 
y : y = 0.0, y = in.nextDouble(), y = y * Math.PI / 180, 
x : x = in.nextDouble(), x = 0.0, x = in.nextDouble(), 

BLOCK: trueL34
@temp1 : @temp1 = count, 
type : type = in.nextInt(), 
distan : distan = 0.0, 
in : in = new Scanner(System.in, ), 
count : count = 0, count = count + 1, 
point1 : point1 = new PolarPoint(x, y, ), point1 = new CartesianPoint(1, 1, ), point1 = new CartesianPoint(x, y, ), point1 = new CartesianPoint(1, 1, ), point1 = new CartesianPoint(0, 0, ), point1 = new CartesianPoint(1, 1, ), 
quadrant : quadrant = false, 
point2 : point2 = new PolarPoint(x, y, ), point2 = new CartesianPoint(1, 1, ), point2 = new CartesianPoint(0, 0, ), point2 = new CartesianPoint(1, 1, ), point2 = new CartesianPoint(1, 1, ), point2 = new CartesianPoint(x, y, ), 
y : y = y * Math.PI / 180, 
x : x = in.nextDouble(), 

BLOCK: trueL36
@temp1 : @temp1 = count, 
type : type = in.nextInt(), 
distan : distan = 0.0, 
in : in = new Scanner(System.in, ), 
count : count = 0, count = count + 1, 
point1 : point1 = new PolarPoint(x, y, ), 
quadrant : quadrant = false, 
point2 : point2 = new PolarPoint(x, y, ), point2 = new CartesianPoint(1, 1, ), point2 = new CartesianPoint(0, 0, ), point2 = new CartesianPoint(1, 1, ), point2 = new CartesianPoint(1, 1, ), point2 = new CartesianPoint(x, y, ), 
y : y = y * Math.PI / 180, 
x : x = in.nextDouble(), 

BLOCK: falseL38
@temp1 : @temp1 = count, 
type : type = in.nextInt(), 
distan : distan = 0.0, 
in : in = new Scanner(System.in, ), 
count : count = 0, count = count + 1, 
point1 : point1 = new PolarPoint(x, y, ), point1 = new CartesianPoint(1, 1, ), point1 = new CartesianPoint(x, y, ), point1 = new CartesianPoint(1, 1, ), point1 = new CartesianPoint(0, 0, ), point1 = new CartesianPoint(1, 1, ), 
quadrant : quadrant = false, 
point2 : point2 = new PolarPoint(x, y, ), point2 = new CartesianPoint(1, 1, ), point2 = new CartesianPoint(0, 0, ), point2 = new CartesianPoint(1, 1, ), point2 = new CartesianPoint(1, 1, ), point2 = new CartesianPoint(x, y, ), 
y : y = y * Math.PI / 180, 
x : x = in.nextDouble(), 

BLOCK: trueL39
@temp1 : @temp1 = count, 
type : type = in.nextInt(), 
distan : distan = 0.0, 
in : in = new Scanner(System.in, ), 
count : count = 0, count = count + 1, 
point1 : point1 = new PolarPoint(x, y, ), point1 = new CartesianPoint(1, 1, ), point1 = new CartesianPoint(x, y, ), point1 = new CartesianPoint(1, 1, ), point1 = new CartesianPoint(0, 0, ), point1 = new CartesianPoint(1, 1, ), 
point2 : point2 = new PolarPoint(x, y, ), 
quadrant : quadrant = false, 
y : y = y * Math.PI / 180, 
x : x = in.nextDouble(), 

BLOCK: falseL41
@temp1 : @temp1 = count, 
type : type = in.nextInt(), 
distan : distan = 0.0, 
in : in = new Scanner(System.in, ), 
count : count = 0, count = count + 1, 
point1 : point1 = new CartesianPoint(1, 1, ), 
point2 : point2 = new CartesianPoint(1, 1, ), 
quadrant : quadrant = false, 
y : y = y * Math.PI / 180, 
x : x = in.nextDouble(), 

BLOCK: joinL40
@temp1 : @temp1 = count, 
type : type = in.nextInt(), 
distan : distan = 0.0, 
in : in = new Scanner(System.in, ), 
count : count = 0, count = count + 1, 
point1 : point1 = new PolarPoint(x, y, ), point1 = new CartesianPoint(1, 1, ), point1 = new CartesianPoint(x, y, ), point1 = new CartesianPoint(1, 1, ), point1 = new CartesianPoint(0, 0, ), point1 = new CartesianPoint(1, 1, ), 
point2 : point2 = new PolarPoint(x, y, ), point2 = new CartesianPoint(1, 1, ), 
quadrant : quadrant = false, 
y : y = y * Math.PI / 180, 
x : x = in.nextDouble(), 

BLOCK: joinL37
@temp1 : @temp1 = count, 
type : type = in.nextInt(), 
distan : distan = 0.0, 
in : in = new Scanner(System.in, ), 
count : count = 0, count = count + 1, 
point1 : point1 = new PolarPoint(x, y, ), point1 = new CartesianPoint(1, 1, ), point1 = new CartesianPoint(x, y, ), point1 = new CartesianPoint(1, 1, ), point1 = new CartesianPoint(0, 0, ), point1 = new CartesianPoint(1, 1, ), 
quadrant : quadrant = false, 
point2 : point2 = new PolarPoint(x, y, ), point2 = new CartesianPoint(1, 1, ), point2 = new CartesianPoint(0, 0, ), point2 = new CartesianPoint(1, 1, ), point2 = new CartesianPoint(1, 1, ), point2 = new CartesianPoint(x, y, ), 
y : y = y * Math.PI / 180, 
x : x = in.nextDouble(), 

BLOCK: falseL42
@temp1 : @temp1 = count, 
type : type = in.nextInt(), 
distan : distan = 0.0, 
in : in = new Scanner(System.in, ), 
count : count = 0, count = count + 1, 
point1 : point1 = new CartesianPoint(1, 1, ), 
point2 : point2 = new CartesianPoint(1, 1, ), 
quadrant : quadrant = false, 
y : y = 0.0, y = in.nextDouble(), y = y * Math.PI / 180, 
x : x = in.nextDouble(), x = 0.0, x = in.nextDouble(), 

BLOCK: joinL35
@temp1 : @temp1 = count, 
type : type = in.nextInt(), 
distan : distan = 0.0, 
in : in = new Scanner(System.in, ), 
count : count = 0, count = count + 1, 
point1 : point1 = new PolarPoint(x, y, ), point1 = new CartesianPoint(1, 1, ), point1 = new CartesianPoint(x, y, ), point1 = new CartesianPoint(1, 1, ), point1 = new CartesianPoint(0, 0, ), point1 = new CartesianPoint(1, 1, ), 
quadrant : quadrant = false, 
point2 : point2 = new PolarPoint(x, y, ), point2 = new CartesianPoint(1, 1, ), point2 = new CartesianPoint(0, 0, ), point2 = new CartesianPoint(1, 1, ), point2 = new CartesianPoint(1, 1, ), point2 = new CartesianPoint(x, y, ), 
y : y = 0.0, y = y * Math.PI / 180, y = in.nextDouble(), 
x : x = in.nextDouble(), x = 0.0, x = in.nextDouble(), 

BLOCK: joinL26
@temp1 : @temp1 = count, 
type : type = in.nextInt(), 
distan : distan = 0.0, 
in : in = new Scanner(System.in, ), 
count : count = count + 1, 
point1 : point1 = new PolarPoint(x, y, ), point1 = new CartesianPoint(1, 1, ), point1 = new CartesianPoint(x, y, ), point1 = new CartesianPoint(1, 1, ), point1 = new CartesianPoint(0, 0, ), point1 = new CartesianPoint(1, 1, ), 
quadrant : quadrant = false, 
point2 : point2 = new PolarPoint(x, y, ), point2 = new CartesianPoint(1, 1, ), point2 = new CartesianPoint(0, 0, ), point2 = new CartesianPoint(1, 1, ), point2 = new CartesianPoint(1, 1, ), point2 = new CartesianPoint(x, y, ), 
y : y = 0.0, y = in.nextDouble(), y = y * Math.PI / 180, 
x : x = in.nextDouble(), x = 0.0, x = in.nextDouble(), 

BLOCK: trueL43
@temp1 : @temp1 = count, 
type : type = in.nextInt(), type = 0, 
distan : distan = distance(point1, point2, ), 
in : in = new Scanner(System.in, ), 
count : count = 0, count = count + 1, 
point1 : point1 = new PolarPoint(x, y, ), point1 = new CartesianPoint(1, 1, ), point1 = new CartesianPoint(x, y, ), point1 = new CartesianPoint(1, 1, ), point1 = new CartesianPoint(0, 0, ), point1 = new CartesianPoint(1, 1, ), 
quadrant : quadrant = quadrant(point1.angle(), point2.angle(), ), 
point2 : point2 = new PolarPoint(x, y, ), point2 = new CartesianPoint(1, 1, ), point2 = new CartesianPoint(0, 0, ), point2 = new CartesianPoint(1, 1, ), point2 = new CartesianPoint(1, 1, ), point2 = new CartesianPoint(x, y, ), 
y : y = 0.0, y = in.nextDouble(), y = y * Math.PI / 180, 
x : x = in.nextDouble(), x = 0.0, x = in.nextDouble(), 

BLOCK: falseL45
@temp1 : @temp1 = count, 
type : type = in.nextInt(), type = 0, 
distan : distan = distance(point1, point2, ), 
in : in = new Scanner(System.in, ), 
count : count = 0, count = count + 1, 
point1 : point1 = new PolarPoint(x, y, ), point1 = new CartesianPoint(1, 1, ), point1 = new CartesianPoint(x, y, ), point1 = new CartesianPoint(1, 1, ), point1 = new CartesianPoint(0, 0, ), point1 = new CartesianPoint(1, 1, ), 
quadrant : quadrant = quadrant(point1.angle(), point2.angle(), ), 
point2 : point2 = new PolarPoint(x, y, ), point2 = new CartesianPoint(1, 1, ), point2 = new CartesianPoint(0, 0, ), point2 = new CartesianPoint(1, 1, ), point2 = new CartesianPoint(1, 1, ), point2 = new CartesianPoint(x, y, ), 
y : y = 0.0, y = in.nextDouble(), y = y * Math.PI / 180, 
x : x = in.nextDouble(), x = 0.0, x = in.nextDouble(), 

BLOCK: joinL44
@temp1 : @temp1 = count, 
type : type = in.nextInt(), type = 0, 
distan : distan = distance(point1, point2, ), 
in : in = new Scanner(System.in, ), 
count : count = 0, count = count + 1, 
point1 : point1 = new PolarPoint(x, y, ), point1 = new CartesianPoint(1, 1, ), point1 = new CartesianPoint(x, y, ), point1 = new CartesianPoint(1, 1, ), point1 = new CartesianPoint(0, 0, ), point1 = new CartesianPoint(1, 1, ), 
quadrant : quadrant = quadrant(point1.angle(), point2.angle(), ), 
point2 : point2 = new PolarPoint(x, y, ), point2 = new CartesianPoint(1, 1, ), point2 = new CartesianPoint(0, 0, ), point2 = new CartesianPoint(1, 1, ), point2 = new CartesianPoint(1, 1, ), point2 = new CartesianPoint(x, y, ), 
y : y = 0.0, y = in.nextDouble(), y = y * Math.PI / 180, 
x : x = in.nextDouble(), x = 0.0, x = in.nextDouble(), 

BLOCK: StartdistanceL46

BLOCK: StartdistanceL46

BLOCK: BasicL47
y2 : y2 = point2.yCoordinate(), 
x2 : x2 = point2.xCoordinate(), 
x : x = point1.xCoordinate(), 
y : y = point1.yCoordinate(), 

BLOCK: StartquadrantL49

BLOCK: StartquadrantL49

BLOCK: BasicL50

BLOCK: LoopL52
angle1 : angle1 = angle1 + Math.PI * 2, 

BLOCK: BasicL53
angle1 : angle1 = angle1 + Math.PI * 2, 

BLOCK: LoopL54
angle1 : angle1 = angle1 - Math.PI * 2, 

BLOCK: BasicL55
angle1 : angle1 = angle1 - Math.PI * 2, angle1 = angle1 + Math.PI * 2, 

BLOCK: LoopL56
angle1 : angle1 = angle1 - Math.PI * 2, angle1 = angle1 + Math.PI * 2, 
angle2 : angle2 = angle2 + Math.PI * 2, 

BLOCK: BasicL57
angle1 : angle1 = angle1 - Math.PI * 2, angle1 = angle1 + Math.PI * 2, 
angle2 : angle2 = angle2 + Math.PI * 2, 

BLOCK: LoopL58
angle1 : angle1 = angle1 - Math.PI * 2, angle1 = angle1 + Math.PI * 2, 
angle2 : angle2 = angle2 - Math.PI * 2, 

BLOCK: BasicL59
angle1 : angle1 = angle1 - Math.PI * 2, angle1 = angle1 + Math.PI * 2, 
angle2 : angle2 = angle2 + Math.PI * 2, angle2 = angle2 - Math.PI * 2, 

BLOCK: trueL60
angle1 : angle1 = angle1 - Math.PI * 2, angle1 = angle1 + Math.PI * 2, 
angle2 : angle2 = angle2 + Math.PI * 2, angle2 = angle2 - Math.PI * 2, 

BLOCK: falseL62
angle1 : angle1 = angle1 - Math.PI * 2, angle1 = angle1 + Math.PI * 2, 
angle2 : angle2 = angle2 + Math.PI * 2, angle2 = angle2 - Math.PI * 2, 

BLOCK: trueL63
angle1 : angle1 = angle1 - Math.PI * 2, angle1 = angle1 + Math.PI * 2, 
angle2 : angle2 = angle2 + Math.PI * 2, angle2 = angle2 - Math.PI * 2, 

BLOCK: falseL65
angle1 : angle1 = angle1 - Math.PI * 2, angle1 = angle1 + Math.PI * 2, 
angle2 : angle2 = angle2 + Math.PI * 2, angle2 = angle2 - Math.PI * 2, 

BLOCK: trueL66
angle1 : angle1 = angle1 - Math.PI * 2, angle1 = angle1 + Math.PI * 2, 
angle2 : angle2 = angle2 + Math.PI * 2, angle2 = angle2 - Math.PI * 2, 

BLOCK: falseL68
angle1 : angle1 = angle1 - Math.PI * 2, angle1 = angle1 + Math.PI * 2, 
angle2 : angle2 = angle2 + Math.PI * 2, angle2 = angle2 - Math.PI * 2, 

BLOCK: trueL69
angle1 : angle1 = angle1 - Math.PI * 2, angle1 = angle1 + Math.PI * 2, 
angle2 : angle2 = angle2 + Math.PI * 2, angle2 = angle2 - Math.PI * 2, 

BLOCK: falseL71
angle1 : angle1 = angle1 - Math.PI * 2, angle1 = angle1 + Math.PI * 2, 
angle2 : angle2 = angle2 + Math.PI * 2, angle2 = angle2 - Math.PI * 2, 

BLOCK: joinL70
angle1 : angle1 = angle1 - Math.PI * 2, angle1 = angle1 + Math.PI * 2, 
angle2 : angle2 = angle2 + Math.PI * 2, angle2 = angle2 - Math.PI * 2, 

BLOCK: joinL67
angle1 : angle1 = angle1 - Math.PI * 2, angle1 = angle1 + Math.PI * 2, 
angle2 : angle2 = angle2 + Math.PI * 2, angle2 = angle2 - Math.PI * 2, 

BLOCK: joinL64
angle1 : angle1 = angle1 - Math.PI * 2, angle1 = angle1 + Math.PI * 2, 
angle2 : angle2 = angle2 + Math.PI * 2, angle2 = angle2 - Math.PI * 2, 

BLOCK: joinL61
angle1 : angle1 = angle1 - Math.PI * 2, angle1 = angle1 + Math.PI * 2, 
angle2 : angle2 = angle2 + Math.PI * 2, angle2 = angle2 - Math.PI * 2, 

BLOCK: StartPolarTestL72

BLOCK: StartPolarTestL72

BLOCK: BasicL73
crazy : crazy = crazy.rotate90(), 
UhnTiss : UhnTiss = new PolarPoint(1, Math.PI / 2, ), 

BLOCK: StartmainL75

BLOCK: StartmainL75

BLOCK: BasicL76

BLOCK: Startconstructor1L78
this.x : this.x = 0.0, 
this.y : this.y = 0.0, 
this.y2 : this.y2 = 0.0, 
this.x2 : this.x2 = 0.0, 
this.angle : this.angle = 0.0, 
this.radius : this.radius = 0.0, 

BLOCK: Startconstructor1L78
this.x : this.x = 0.0, 
this.y : this.y = 0.0, 
this.y2 : this.y2 = 0.0, 
this.x2 : this.x2 = 0.0, 
this.angle : this.angle = 0.0, 
this.radius : this.radius = 0.0, 

BLOCK: BasicL79
this.x : this.x = x_coord, 
this.y : this.y = y_coord, 
this.y2 : this.y2 = 0.0, 
this.x2 : this.x2 = 0.0, 
this.angle : this.angle = 0.0, 
this.radius : this.radius = 0.0, 

BLOCK: StartxCoordinateL81
this.y2 : this.y2 = 0.0, 
this.radius : this.radius = 0.0, 
this.angle : this.angle = 0.0, 
this.y : this.y = 0.0, 
this.x2 : this.x2 = 0.0, 
this.x : this.x = 0.0, 

BLOCK: StartxCoordinateL81
this.y2 : this.y2 = 0.0, 
this.radius : this.radius = 0.0, 
this.angle : this.angle = 0.0, 
this.y : this.y = 0.0, 
this.x2 : this.x2 = 0.0, 
this.x : this.x = 0.0, 

BLOCK: BasicL82
this.y2 : this.y2 = 0.0, 
this.radius : this.radius = 0.0, 
this.angle : this.angle = 0.0, 
this.y : this.y = 0.0, 
this.x2 : this.x2 = 0.0, 
this.x : this.x = 0.0, 

BLOCK: StartyCoordinateL84
this.y2 : this.y2 = 0.0, 
this.angle : this.angle = 0.0, 
this.radius : this.radius = 0.0, 
this.x : this.x = 0.0, 
this.y : this.y = 0.0, 
this.x2 : this.x2 = 0.0, 

BLOCK: StartyCoordinateL84
this.y2 : this.y2 = 0.0, 
this.angle : this.angle = 0.0, 
this.radius : this.radius = 0.0, 
this.x : this.x = 0.0, 
this.y : this.y = 0.0, 
this.x2 : this.x2 = 0.0, 

BLOCK: BasicL85
this.y2 : this.y2 = 0.0, 
this.angle : this.angle = 0.0, 
this.radius : this.radius = 0.0, 
this.x : this.x = 0.0, 
this.y : this.y = 0.0, 
this.x2 : this.x2 = 0.0, 

BLOCK: StartradiusL87
this.radius : this.radius = 0.0, 
this.angle : this.angle = 0.0, 
this.x2 : this.x2 = 0.0, 
this.x : this.x = 0.0, 
this.y : this.y = 0.0, 
this.y2 : this.y2 = 0.0, 

BLOCK: StartradiusL87
this.radius : this.radius = 0.0, 
this.angle : this.angle = 0.0, 
this.x2 : this.x2 = 0.0, 
this.x : this.x = 0.0, 
this.y : this.y = 0.0, 
this.y2 : this.y2 = 0.0, 

BLOCK: BasicL88
this.radius : this.radius = Math.sqrt(this.x * this.x + this.y * this.y, ), 
this.angle : this.angle = 0.0, 
this.x2 : this.x2 = 0.0, 
this.x : this.x = 0.0, 
this.y : this.y = 0.0, 
this.y2 : this.y2 = 0.0, 

BLOCK: StartangleL90
this.y2 : this.y2 = 0.0, 
this.radius : this.radius = 0.0, 
this.y : this.y = 0.0, 
this.x2 : this.x2 = 0.0, 
this.x : this.x = 0.0, 
this.angle : this.angle = 0.0, 

BLOCK: StartangleL90
this.y2 : this.y2 = 0.0, 
this.radius : this.radius = 0.0, 
this.y : this.y = 0.0, 
this.x2 : this.x2 = 0.0, 
this.x : this.x = 0.0, 
this.angle : this.angle = 0.0, 

BLOCK: BasicL91
this.y2 : this.y2 = 0.0, 
this.radius : this.radius = 0.0, 
this.y : this.y = 0.0, 
this.x2 : this.x2 = 0.0, 
this.x : this.x = 0.0, 
this.angle : this.angle = Math.atan2(this.y, this.x, ), 

BLOCK: Startrotate90L93
this.y : this.y = 0.0, 
this.angle : this.angle = 0.0, 
this.radius : this.radius = 0.0, 
this.x : this.x = 0.0, 
this.y2 : this.y2 = 0.0, 
this.x2 : this.x2 = 0.0, 

BLOCK: Startrotate90L93
this.y : this.y = 0.0, 
this.angle : this.angle = 0.0, 
this.radius : this.radius = 0.0, 
this.x : this.x = 0.0, 
this.y2 : this.y2 = 0.0, 
this.x2 : this.x2 = 0.0, 

BLOCK: BasicL94
this.y : this.y = 0.0, 
this.angle : this.angle = 0.0, 
this.radius : this.radius = 0.0, 
this.x : this.x = 0.0, 
this.y2 : this.y2 = this.x, 
this.x2 : this.x2 = 1 * this.y, 

BLOCK: StartCartesianTestL96

BLOCK: StartCartesianTestL96

BLOCK: BasicL97
UhnTiss : UhnTiss = new CartesianPoint(5, -9, ), 
crazy : crazy = crazy.rotate90(), 

BLOCK: StartmainL99

BLOCK: StartmainL99

BLOCK: BasicL100

Unfiltered: 799
Filtered: 3


Duplicate found: 102_Code/102_hw1/dir13/PointRelation.java lines [10, 58] and 102_Code/102_hw1/dir13/PointRelation.java lines [9, 58]
102_Code/102_hw1/dir13/PointRelation.java ----------
10 :	y = 0.0
11 :	point1 = new CartesianPoint(0, 0, )
25 :	x = in.nextDouble()
27 :	y = in.nextDouble()
29 :	point1 = new CartesianPoint(x, y, )
31 :	point2 = new CartesianPoint(x, y, )
34 :	point1 = new CartesianPoint(1, 1, )
46 :	point1 = new PolarPoint(x, y, )
48 :	point2 = new PolarPoint(x, y, )
52 :	point2 = new CartesianPoint(1, 1, )
58 :	point2 = new CartesianPoint(1, 1, )
102_Code/102_hw1/dir13/PointRelation.java ----------
9 :	x = 0.0
12 :	point2 = new CartesianPoint(0, 0, )
27 :	y = in.nextDouble()
25 :	x = in.nextDouble()
31 :	point2 = new CartesianPoint(x, y, )
29 :	point1 = new CartesianPoint(x, y, )
58 :	point2 = new CartesianPoint(1, 1, )
48 :	point2 = new PolarPoint(x, y, )
46 :	point1 = new PolarPoint(x, y, )
51 :	point1 = new CartesianPoint(1, 1, )
57 :	point1 = new CartesianPoint(1, 1, )
===========================



Duplicate found: 102_Code/102_hw1/dir13/PointRelation.java lines [9, 58] and 102_Code/102_hw1/dir13/PointRelation.java lines [9, 58]
102_Code/102_hw1/dir13/PointRelation.java ----------
9 :	x = 0.0
10 :	y = 0.0
11 :	point1 = new CartesianPoint(0, 0, )
27 :	y = in.nextDouble()
34 :	point1 = new CartesianPoint(1, 1, )
41 :	x = in.nextDouble()
46 :	point1 = new PolarPoint(x, y, )
48 :	point2 = new PolarPoint(x, y, )
57 :	point1 = new CartesianPoint(1, 1, )
58 :	point2 = new CartesianPoint(1, 1, )
102_Code/102_hw1/dir13/PointRelation.java ----------
10 :	y = 0.0
9 :	x = 0.0
12 :	point2 = new CartesianPoint(0, 0, )
41 :	x = in.nextDouble()
52 :	point2 = new CartesianPoint(1, 1, )
27 :	y = in.nextDouble()
31 :	point2 = new CartesianPoint(x, y, )
29 :	point1 = new CartesianPoint(x, y, )
58 :	point2 = new CartesianPoint(1, 1, )
57 :	point1 = new CartesianPoint(1, 1, )
===========================



Duplicate found: 102_Code/102_hw1/dir13/PointRelation.java lines [92, 108] and 102_Code/102_hw1/dir13/PointRelation.java lines [92, 108]
102_Code/102_hw1/dir13/PointRelation.java ----------
92 :	angle1 < 0
94 :	angle1 = angle1 + Math.PI * 2
98 :	angle1 = angle1 - Math.PI * 2
102 :	angle2 < 0
104 :	angle2 = angle2 + Math.PI * 2
106 :	angle2 >= 2 * Math.PI
108 :	angle2 = angle2 - Math.PI * 2
102_Code/102_hw1/dir13/PointRelation.java ----------
102 :	angle2 < 0
104 :	angle2 = angle2 + Math.PI * 2
108 :	angle2 = angle2 - Math.PI * 2
92 :	angle1 < 0
94 :	angle1 = angle1 + Math.PI * 2
96 :	angle1 >= 2 * Math.PI
98 :	angle1 = angle1 - Math.PI * 2
===========================



[INFO] ------------------------------------------------------------------------
[INFO] BUILD SUCCESS
[INFO] ------------------------------------------------------------------------
[INFO] Total time: 8.213 s
[INFO] Finished at: 2019-05-01T17:08:20-07:00
[INFO] Final Memory: 28M/1108M
[INFO] ------------------------------------------------------------------------
