[INFO] Scanning for projects...
[WARNING] 
[WARNING] Some problems were encountered while building the effective model for thesis:thesis:jar:1.0-SNAPSHOT
[WARNING] 'dependencies.dependency.version' for org.junit.jupiter:junit-jupiter-api:jar is either LATEST or RELEASE (both of them are being deprecated) @ line 25, column 22
[WARNING] 
[WARNING] It is highly recommended to fix these problems because they threaten the stability of your build.
[WARNING] 
[WARNING] For this reason, future Maven versions might no longer support building such malformed projects.
[WARNING] 
[INFO] 
[INFO] ------------------------------------------------------------------------
[INFO] Building thesis 1.0-SNAPSHOT
[INFO] ------------------------------------------------------------------------
[INFO] 
[INFO] >>> exec-maven-plugin:1.2.1:java (default-cli) > validate @ thesis >>>
[INFO] 
[INFO] <<< exec-maven-plugin:1.2.1:java (default-cli) < validate @ thesis <<<
[INFO] 
[INFO] 
[INFO] --- exec-maven-plugin:1.2.1:java (default-cli) @ thesis ---
BLOCK: Startconstructor1L0
this.ang : this.ang = 0.0, 
this.rad : this.rad = 0.0, 

BLOCK: BasicL1
this.ang : this.ang = angle, 
this.rad : this.rad = radius, 

BLOCK: trueL3
this.ang : this.ang = this.ang + 3.1415963, 
this.rad : this.rad = Math.abs(radius, ), 

BLOCK: joinL4
this.ang : this.ang = this.ang + 3.1415963, this.ang = angle, 
this.rad : this.rad = radius, this.rad = Math.abs(radius, ), 

BLOCK: LoopL5
this.ang : this.ang = this.ang + 2 * 3.1415963, this.ang = this.ang + 3.1415963, this.ang = angle, 
this.rad : this.rad = radius, this.rad = Math.abs(radius, ), 

BLOCK: BasicL6
this.ang : this.ang = this.ang + 2 * 3.1415963, this.ang = this.ang + 3.1415963, this.ang = angle, 
this.rad : this.rad = radius, this.rad = Math.abs(radius, ), 

BLOCK: trueL7
this.ang : this.ang = this.ang + 2 * 3.1415963, 
this.rad : this.rad = radius, this.rad = Math.abs(radius, ), 

BLOCK: joinL8
this.ang : this.ang = this.ang + 2 * 3.1415963, this.ang = this.ang + 3.1415963, this.ang = angle, 
this.rad : this.rad = radius, this.rad = Math.abs(radius, ), 

BLOCK: StartxCoordinateL9
this.rad : this.rad = 0.0, 
this.ang : this.ang = 0.0, 

BLOCK: BasicL10
this.rad : this.rad = 0.0, 
this.ang : this.ang = 0.0, 
x_coordinate : x_coordinate = this.rad * Math.cos(this.ang, ), 

BLOCK: StartyCoordinateL12
this.ang : this.ang = 0.0, 
this.rad : this.rad = 0.0, 

BLOCK: BasicL13
this.ang : this.ang = 0.0, 
this.rad : this.rad = 0.0, 
y_coordinate : y_coordinate = this.rad * Math.sin(this.ang, ), 

BLOCK: StartradiusL15
this.ang : this.ang = 0.0, 
this.rad : this.rad = 0.0, 

BLOCK: BasicL16
this.ang : this.ang = 0.0, 
this.rad : this.rad = 0.0, 

BLOCK: StartangleL18
this.ang : this.ang = 0.0, 
this.rad : this.rad = 0.0, 

BLOCK: BasicL19
this.ang : this.ang = 0.0, 
this.rad : this.rad = 0.0, 

BLOCK: Startrotate90L21
this.ang : this.ang = 0.0, 
this.rad : this.rad = 0.0, 

BLOCK: BasicL22
pt90 : pt90 = new PolarPoint(radius90, angle90, ), 
angle90 : angle90 = this.ang + 3.1415963 / 2, 
this.ang : this.ang = 0.0, 
radius90 : radius90 = this.rad, 
this.rad : this.rad = 0.0, 

BLOCK: StartDistanceCalcL24

BLOCK: BasicL25
y_distance : y_distance = Math.abs(pt1.yCoordinate() - pt2.yCoordinate(), ), 
distance : distance = Math.sqrt(x_distance * x_distance + y_distance * y_distance, ), 
x_distance : x_distance = Math.abs(pt1.xCoordinate() - pt2.xCoordinate(), ), 

BLOCK: StartquadrantTestL27

BLOCK: BasicL28
pt1QuadLoc : pt1QuadLoc = 0, 
pt2QuadLoc : pt2QuadLoc = 0, 

BLOCK: trueL30
pt1QuadLoc : pt1QuadLoc = 0, 
pt2QuadLoc : pt2QuadLoc = 0, 

BLOCK: trueL32
pt1QuadLoc : pt1QuadLoc = 1, 
pt2QuadLoc : pt2QuadLoc = 0, 

BLOCK: falseL34
pt1QuadLoc : pt1QuadLoc = 2, 
pt2QuadLoc : pt2QuadLoc = 0, 

BLOCK: joinL33
pt1QuadLoc : pt1QuadLoc = 1, pt1QuadLoc = 2, 
pt2QuadLoc : pt2QuadLoc = 0, 

BLOCK: falseL35
pt1QuadLoc : pt1QuadLoc = 0, 
pt2QuadLoc : pt2QuadLoc = 0, 

BLOCK: trueL36
pt1QuadLoc : pt1QuadLoc = 0, 
pt2QuadLoc : pt2QuadLoc = 0, 

BLOCK: trueL38
pt1QuadLoc : pt1QuadLoc = 4, 
pt2QuadLoc : pt2QuadLoc = 0, 

BLOCK: falseL40
pt1QuadLoc : pt1QuadLoc = 3, 
pt2QuadLoc : pt2QuadLoc = 0, 

BLOCK: joinL39
pt1QuadLoc : pt1QuadLoc = 3, pt1QuadLoc = 4, 
pt2QuadLoc : pt2QuadLoc = 0, 

BLOCK: falseL41
pt1QuadLoc : pt1QuadLoc = 0, 
pt2QuadLoc : pt2QuadLoc = 0, 

BLOCK: joinL37
pt1QuadLoc : pt1QuadLoc = 3, pt1QuadLoc = 4, pt1QuadLoc = 0, 
pt2QuadLoc : pt2QuadLoc = 0, 

BLOCK: joinL31
pt1QuadLoc : pt1QuadLoc = 3, pt1QuadLoc = 4, pt1QuadLoc = 1, pt1QuadLoc = 0, pt1QuadLoc = 2, 
pt2QuadLoc : pt2QuadLoc = 0, 

BLOCK: trueL42
pt1QuadLoc : pt1QuadLoc = 3, pt1QuadLoc = 4, pt1QuadLoc = 1, pt1QuadLoc = 0, pt1QuadLoc = 2, 
pt2QuadLoc : pt2QuadLoc = 0, 

BLOCK: trueL44
pt1QuadLoc : pt1QuadLoc = 3, pt1QuadLoc = 4, pt1QuadLoc = 1, pt1QuadLoc = 0, pt1QuadLoc = 2, 
pt2QuadLoc : pt2QuadLoc = 1, 

BLOCK: falseL46
pt1QuadLoc : pt1QuadLoc = 3, pt1QuadLoc = 4, pt1QuadLoc = 1, pt1QuadLoc = 0, pt1QuadLoc = 2, 
pt2QuadLoc : pt2QuadLoc = 2, 

BLOCK: joinL45
pt1QuadLoc : pt1QuadLoc = 3, pt1QuadLoc = 4, pt1QuadLoc = 1, pt1QuadLoc = 0, pt1QuadLoc = 2, 
pt2QuadLoc : pt2QuadLoc = 2, pt2QuadLoc = 1, 

BLOCK: falseL47
pt1QuadLoc : pt1QuadLoc = 3, pt1QuadLoc = 4, pt1QuadLoc = 1, pt1QuadLoc = 0, pt1QuadLoc = 2, 
pt2QuadLoc : pt2QuadLoc = 0, 

BLOCK: trueL48
pt1QuadLoc : pt1QuadLoc = 3, pt1QuadLoc = 4, pt1QuadLoc = 1, pt1QuadLoc = 0, pt1QuadLoc = 2, 
pt2QuadLoc : pt2QuadLoc = 0, 

BLOCK: trueL50
pt1QuadLoc : pt1QuadLoc = 3, pt1QuadLoc = 4, pt1QuadLoc = 1, pt1QuadLoc = 0, pt1QuadLoc = 2, 
pt2QuadLoc : pt2QuadLoc = 4, 

BLOCK: falseL52
pt1QuadLoc : pt1QuadLoc = 3, pt1QuadLoc = 4, pt1QuadLoc = 1, pt1QuadLoc = 0, pt1QuadLoc = 2, 
pt2QuadLoc : pt2QuadLoc = 3, 

BLOCK: joinL51
pt1QuadLoc : pt1QuadLoc = 3, pt1QuadLoc = 4, pt1QuadLoc = 1, pt1QuadLoc = 0, pt1QuadLoc = 2, 
pt2QuadLoc : pt2QuadLoc = 4, pt2QuadLoc = 3, 

BLOCK: falseL53
pt1QuadLoc : pt1QuadLoc = 3, pt1QuadLoc = 4, pt1QuadLoc = 1, pt1QuadLoc = 0, pt1QuadLoc = 2, 
pt2QuadLoc : pt2QuadLoc = 0, 

BLOCK: joinL49
pt1QuadLoc : pt1QuadLoc = 3, pt1QuadLoc = 4, pt1QuadLoc = 1, pt1QuadLoc = 0, pt1QuadLoc = 2, 
pt2QuadLoc : pt2QuadLoc = 0, pt2QuadLoc = 4, pt2QuadLoc = 3, 

BLOCK: joinL43
pt1QuadLoc : pt1QuadLoc = 3, pt1QuadLoc = 4, pt1QuadLoc = 1, pt1QuadLoc = 0, pt1QuadLoc = 2, 
pt2QuadLoc : pt2QuadLoc = 0, pt2QuadLoc = 2, pt2QuadLoc = 4, pt2QuadLoc = 1, pt2QuadLoc = 3, 

BLOCK: trueL54
pt1QuadLoc : pt1QuadLoc = 3, pt1QuadLoc = 4, pt1QuadLoc = 1, pt1QuadLoc = 0, pt1QuadLoc = 2, 
pt2QuadLoc : pt2QuadLoc = 0, pt2QuadLoc = 2, pt2QuadLoc = 4, pt2QuadLoc = 1, pt2QuadLoc = 3, 

BLOCK: falseL56
pt1QuadLoc : pt1QuadLoc = 3, pt1QuadLoc = 4, pt1QuadLoc = 1, pt1QuadLoc = 0, pt1QuadLoc = 2, 
pt2QuadLoc : pt2QuadLoc = 0, pt2QuadLoc = 2, pt2QuadLoc = 4, pt2QuadLoc = 1, pt2QuadLoc = 3, 

BLOCK: joinL55
pt1QuadLoc : pt1QuadLoc = 3, pt1QuadLoc = 4, pt1QuadLoc = 1, pt1QuadLoc = 0, pt1QuadLoc = 2, 
pt2QuadLoc : pt2QuadLoc = 0, pt2QuadLoc = 2, pt2QuadLoc = 4, pt2QuadLoc = 1, pt2QuadLoc = 3, 

BLOCK: StartmainL57

BLOCK: BasicL58
scan : scan = new Scanner(System.in, ), 
pt1 : pt1 = null, 
y_val : y_val = 0.0, 
x_val2 : x_val2 = 0.0, 
x_val : x_val = 0.0, 
distance : distance = 0.0, 
rad2 : rad2 = 0.0, 
choice2 : choice2 = 0, 
polar : polar = 2, 
ang2 : ang2 = 0.0, 
y_val2 : y_val2 = 0.0, 
pt2 : pt2 = null, 
ang : ang = 0.0, 
flag : flag = 0, 
ang4 : ang4 = 0.0, 
cartesian : cartesian = 1, 
choice : choice = scan.nextInt(), 
ang3 : ang3 = 0.0, 
rad : rad = 0.0, 

BLOCK: trueL60
pt1 : pt1 = new CartesianPoint(x_val, y_val, ), 
scan : scan = new Scanner(System.in, ), 
y_val : y_val = scan.nextDouble(), 
x_val2 : x_val2 = 0.0, 
x_val : x_val = scan.nextDouble(), 
distance : distance = 0.0, 
rad2 : rad2 = 0.0, 
choice2 : choice2 = 0, 
polar : polar = 2, 
ang2 : ang2 = 0.0, 
y_val2 : y_val2 = 0.0, 
pt2 : pt2 = null, 
ang : ang = 0.0, 
flag : flag = 0, 
ang4 : ang4 = 0.0, 
cartesian : cartesian = 1, 
choice : choice = scan.nextInt(), 
ang3 : ang3 = 0.0, 
rad : rad = 0.0, 

BLOCK: falseL62
scan : scan = new Scanner(System.in, ), 
pt1 : pt1 = null, 
y_val : y_val = 0.0, 
x_val2 : x_val2 = 0.0, 
x_val : x_val = 0.0, 
distance : distance = 0.0, 
rad2 : rad2 = 0.0, 
choice2 : choice2 = 0, 
polar : polar = 2, 
ang2 : ang2 = 0.0, 
y_val2 : y_val2 = 0.0, 
pt2 : pt2 = null, 
ang : ang = 0.0, 
flag : flag = 0, 
ang4 : ang4 = 0.0, 
cartesian : cartesian = 1, 
choice : choice = scan.nextInt(), 
ang3 : ang3 = 0.0, 
rad : rad = 0.0, 

BLOCK: trueL63
pt1 : pt1 = new PolarPoint(rad, ang3, ), 
scan : scan = new Scanner(System.in, ), 
y_val : y_val = 0.0, 
x_val2 : x_val2 = 0.0, 
x_val : x_val = 0.0, 
distance : distance = 0.0, 
rad2 : rad2 = 0.0, 
choice2 : choice2 = 0, 
polar : polar = 2, 
ang2 : ang2 = 0.0, 
y_val2 : y_val2 = 0.0, 
pt2 : pt2 = null, 
ang : ang = scan.nextDouble(), 
flag : flag = 0, 
ang4 : ang4 = 0.0, 
cartesian : cartesian = 1, 
choice : choice = scan.nextInt(), 
ang3 : ang3 = ang * 3.1415296 / 180, 
rad : rad = scan.nextDouble(), 

BLOCK: falseL65
scan : scan = new Scanner(System.in, ), 
pt1 : pt1 = null, 
y_val : y_val = 0.0, 
x_val2 : x_val2 = 0.0, 
x_val : x_val = 0.0, 
distance : distance = 0.0, 
rad2 : rad2 = 0.0, 
choice2 : choice2 = 0, 
polar : polar = 2, 
ang2 : ang2 = 0.0, 
y_val2 : y_val2 = 0.0, 
pt2 : pt2 = null, 
ang : ang = 0.0, 
flag : flag = 0, 
ang4 : ang4 = 0.0, 
cartesian : cartesian = 1, 
choice : choice = scan.nextInt(), 
ang3 : ang3 = 0.0, 
rad : rad = 0.0, 

BLOCK: joinL64
pt1 : pt1 = new PolarPoint(rad, ang3, ), pt1 = null, 
scan : scan = new Scanner(System.in, ), 
y_val : y_val = 0.0, 
x_val2 : x_val2 = 0.0, 
x_val : x_val = 0.0, 
distance : distance = 0.0, 
rad2 : rad2 = 0.0, 
choice2 : choice2 = 0, 
polar : polar = 2, 
ang2 : ang2 = 0.0, 
y_val2 : y_val2 = 0.0, 
pt2 : pt2 = null, 
ang : ang = 0.0, ang = scan.nextDouble(), 
flag : flag = 0, 
ang4 : ang4 = 0.0, 
cartesian : cartesian = 1, 
choice : choice = scan.nextInt(), 
ang3 : ang3 = ang * 3.1415296 / 180, ang3 = 0.0, 
rad : rad = 0.0, rad = scan.nextDouble(), 

BLOCK: joinL61
pt1 : pt1 = new PolarPoint(rad, ang3, ), pt1 = null, pt1 = new CartesianPoint(x_val, y_val, ), 
scan : scan = new Scanner(System.in, ), 
y_val : y_val = scan.nextDouble(), y_val = 0.0, 
x_val2 : x_val2 = 0.0, 
x_val : x_val = 0.0, x_val = scan.nextDouble(), 
choice2 : choice2 = scan.nextInt(), 
distance : distance = 0.0, 
rad2 : rad2 = 0.0, 
polar : polar = 2, 
ang2 : ang2 = 0.0, 
y_val2 : y_val2 = 0.0, 
pt2 : pt2 = null, 
ang : ang = 0.0, ang = scan.nextDouble(), 
flag : flag = 0, 
ang4 : ang4 = 0.0, 
cartesian : cartesian = 1, 
choice : choice = scan.nextInt(), 
ang3 : ang3 = ang * 3.1415296 / 180, ang3 = 0.0, 
rad : rad = 0.0, rad = scan.nextDouble(), 

BLOCK: trueL66
pt1 : pt1 = new PolarPoint(rad, ang3, ), pt1 = null, pt1 = new CartesianPoint(x_val, y_val, ), 
scan : scan = new Scanner(System.in, ), 
y_val : y_val = scan.nextDouble(), y_val = 0.0, 
x_val2 : x_val2 = scan.nextDouble(), 
x_val : x_val = 0.0, x_val = scan.nextDouble(), 
choice2 : choice2 = scan.nextInt(), 
distance : distance = 0.0, 
rad2 : rad2 = 0.0, 
polar : polar = 2, 
ang2 : ang2 = 0.0, 
y_val2 : y_val2 = scan.nextDouble(), 
pt2 : pt2 = new CartesianPoint(x_val2, y_val2, ), 
ang : ang = 0.0, ang = scan.nextDouble(), 
flag : flag = 0, 
ang4 : ang4 = 0.0, 
cartesian : cartesian = 1, 
choice : choice = scan.nextInt(), 
ang3 : ang3 = ang * 3.1415296 / 180, ang3 = 0.0, 
rad : rad = 0.0, rad = scan.nextDouble(), 

BLOCK: falseL68
pt1 : pt1 = new PolarPoint(rad, ang3, ), pt1 = null, pt1 = new CartesianPoint(x_val, y_val, ), 
scan : scan = new Scanner(System.in, ), 
y_val : y_val = scan.nextDouble(), y_val = 0.0, 
x_val2 : x_val2 = 0.0, 
x_val : x_val = 0.0, x_val = scan.nextDouble(), 
choice2 : choice2 = scan.nextInt(), 
distance : distance = 0.0, 
rad2 : rad2 = 0.0, 
polar : polar = 2, 
ang2 : ang2 = 0.0, 
y_val2 : y_val2 = 0.0, 
pt2 : pt2 = null, 
ang : ang = 0.0, ang = scan.nextDouble(), 
flag : flag = 0, 
ang4 : ang4 = 0.0, 
cartesian : cartesian = 1, 
choice : choice = scan.nextInt(), 
ang3 : ang3 = ang * 3.1415296 / 180, ang3 = 0.0, 
rad : rad = 0.0, rad = scan.nextDouble(), 

BLOCK: trueL69
pt1 : pt1 = new PolarPoint(rad, ang3, ), pt1 = null, pt1 = new CartesianPoint(x_val, y_val, ), 
scan : scan = new Scanner(System.in, ), 
y_val : y_val = scan.nextDouble(), y_val = 0.0, 
x_val2 : x_val2 = 0.0, 
x_val : x_val = 0.0, x_val = scan.nextDouble(), 
rad2 : rad2 = scan.nextDouble(), 
choice2 : choice2 = scan.nextInt(), 
distance : distance = 0.0, 
polar : polar = 2, 
ang2 : ang2 = scan.nextDouble(), 
y_val2 : y_val2 = 0.0, 
pt2 : pt2 = new PolarPoint(rad2, ang4, ), 
ang : ang = 0.0, ang = scan.nextDouble(), 
flag : flag = 0, 
ang4 : ang4 = ang2 * 3.1415927 / 180, 
cartesian : cartesian = 1, 
choice : choice = scan.nextInt(), 
ang3 : ang3 = ang * 3.1415296 / 180, ang3 = 0.0, 
rad : rad = 0.0, rad = scan.nextDouble(), 

BLOCK: falseL71
pt1 : pt1 = new PolarPoint(rad, ang3, ), pt1 = null, pt1 = new CartesianPoint(x_val, y_val, ), 
scan : scan = new Scanner(System.in, ), 
y_val : y_val = scan.nextDouble(), y_val = 0.0, 
x_val2 : x_val2 = 0.0, 
x_val : x_val = 0.0, x_val = scan.nextDouble(), 
choice2 : choice2 = scan.nextInt(), 
distance : distance = 0.0, 
rad2 : rad2 = 0.0, 
polar : polar = 2, 
ang2 : ang2 = 0.0, 
y_val2 : y_val2 = 0.0, 
pt2 : pt2 = null, 
ang : ang = 0.0, ang = scan.nextDouble(), 
flag : flag = 0, 
ang4 : ang4 = 0.0, 
cartesian : cartesian = 1, 
choice : choice = scan.nextInt(), 
ang3 : ang3 = ang * 3.1415296 / 180, ang3 = 0.0, 
rad : rad = 0.0, rad = scan.nextDouble(), 

BLOCK: joinL70
pt1 : pt1 = new PolarPoint(rad, ang3, ), pt1 = null, pt1 = new CartesianPoint(x_val, y_val, ), 
scan : scan = new Scanner(System.in, ), 
y_val : y_val = scan.nextDouble(), y_val = 0.0, 
x_val2 : x_val2 = 0.0, 
x_val : x_val = 0.0, x_val = scan.nextDouble(), 
rad2 : rad2 = scan.nextDouble(), rad2 = 0.0, 
choice2 : choice2 = scan.nextInt(), 
distance : distance = 0.0, 
polar : polar = 2, 
ang2 : ang2 = 0.0, ang2 = scan.nextDouble(), 
y_val2 : y_val2 = 0.0, 
pt2 : pt2 = new PolarPoint(rad2, ang4, ), pt2 = null, 
ang : ang = 0.0, ang = scan.nextDouble(), 
flag : flag = 0, 
ang4 : ang4 = ang2 * 3.1415927 / 180, ang4 = 0.0, 
cartesian : cartesian = 1, 
choice : choice = scan.nextInt(), 
ang3 : ang3 = ang * 3.1415296 / 180, ang3 = 0.0, 
rad : rad = 0.0, rad = scan.nextDouble(), 

BLOCK: joinL67
pt1 : pt1 = new PolarPoint(rad, ang3, ), pt1 = null, pt1 = new CartesianPoint(x_val, y_val, ), 
scan : scan = new Scanner(System.in, ), 
y_val : y_val = scan.nextDouble(), y_val = 0.0, 
x_val2 : x_val2 = scan.nextDouble(), x_val2 = 0.0, 
x_val : x_val = 0.0, x_val = scan.nextDouble(), 
distance : distance = DistanceCalc(pt1, pt2, ), 
choice2 : choice2 = scan.nextInt(), 
rad2 : rad2 = scan.nextDouble(), rad2 = 0.0, 
polar : polar = 2, 
ang2 : ang2 = 0.0, ang2 = scan.nextDouble(), 
y_val2 : y_val2 = 0.0, y_val2 = scan.nextDouble(), 
pt2 : pt2 = new PolarPoint(rad2, ang4, ), pt2 = null, pt2 = new CartesianPoint(x_val2, y_val2, ), 
ang : ang = 0.0, ang = scan.nextDouble(), 
flag : flag = 0, 
ang4 : ang4 = ang2 * 3.1415927 / 180, ang4 = 0.0, 
cartesian : cartesian = 1, 
choice : choice = scan.nextInt(), 
ang3 : ang3 = ang * 3.1415296 / 180, ang3 = 0.0, 
rad : rad = 0.0, rad = scan.nextDouble(), 

BLOCK: StarttestXCoordinatesL72

BLOCK: BasicL73
pt2 : pt2 = new PolarPoint(10, 0.7853982, ), 
pt1 : pt1 = new PolarPoint(5, 1.5707963, ), 

BLOCK: StarttestYCoordinatesL75

BLOCK: BasicL76
pt2 : pt2 = new PolarPoint(10, 0.7853982, ), 
pt1 : pt1 = new PolarPoint(5, 1.5707963, ), 

BLOCK: StarttestRadiusL78

BLOCK: BasicL79
pt1 : pt1 = new PolarPoint(5, 1.5707963, ), 
pt2 : pt2 = new PolarPoint(10, 0.7853982, ), 

BLOCK: StarttestAngleL81

BLOCK: BasicL82
pt1 : pt1 = new PolarPoint(5, 1.5707963, ), 
pt2 : pt2 = new PolarPoint(10, 0.7853982, ), 

BLOCK: StarttestRotate90L84

BLOCK: BasicL85
pt2 : pt2 = new PolarPoint(10, 0.7853982, ), 
pt1 : pt1 = new PolarPoint(5, 1.5707963, ), 

BLOCK: StartmainL87

BLOCK: BasicL88

BLOCK: Startconstructor1L90
this.xCoord : this.xCoord = 0.0, 
this.yCoord : this.yCoord = 0.0, 

BLOCK: BasicL91
this.xCoord : this.xCoord = x_coord, 
this.yCoord : this.yCoord = y_coord, 

BLOCK: StartxCoordinateL93
this.xCoord : this.xCoord = 0.0, 
this.yCoord : this.yCoord = 0.0, 

BLOCK: BasicL94
this.xCoord : this.xCoord = 0.0, 
this.yCoord : this.yCoord = 0.0, 

BLOCK: StartyCoordinateL96
this.yCoord : this.yCoord = 0.0, 
this.xCoord : this.xCoord = 0.0, 

BLOCK: BasicL97
this.yCoord : this.yCoord = 0.0, 
this.xCoord : this.xCoord = 0.0, 

BLOCK: StartradiusL99
this.yCoord : this.yCoord = 0.0, 
this.xCoord : this.xCoord = 0.0, 

BLOCK: BasicL100
this.yCoord : this.yCoord = 0.0, 
this.xCoord : this.xCoord = 0.0, 
radius : radius = Math.sqrt(this.xCoord * this.xCoord + this.yCoord * this.yCoord, ), 

BLOCK: StartangleL102
this.yCoord : this.yCoord = 0.0, 
this.xCoord : this.xCoord = 0.0, 

BLOCK: BasicL103
this.yCoord : this.yCoord = 0.0, 
angle : angle = Math.atan2(this.yCoord, this.xCoord, ), 
this.xCoord : this.xCoord = 0.0, 

BLOCK: Startrotate90L105
this.xCoord : this.xCoord = 0.0, 
this.yCoord : this.yCoord = 0.0, 

BLOCK: BasicL106
y90 : y90 = radius() * Math.sin(angle90, ), 
angle90 : angle90 = angle() + halfPi, 
this.xCoord : this.xCoord = 0.0, 
halfPi : halfPi = 3.14159 / 2, 
pt90 : pt90 = new CartesianPoint(x90, y90, ), 
x90 : x90 = radius() * Math.cos(angle90, ), 
this.yCoord : this.yCoord = 0.0, 

BLOCK: StarttestXCoordinateL108

BLOCK: BasicL109
pt2 : pt2 = new CartesianPoint(0.0, 1.0, ), 
pt1 : pt1 = new CartesianPoint(3.0, 4.0, ), 

BLOCK: StarttestYCoordinateL111

BLOCK: BasicL112
pt2 : pt2 = new CartesianPoint(0.0, 1.0, ), 
pt1 : pt1 = new CartesianPoint(3.0, 4.0, ), 

BLOCK: StarttestRadiusL114

BLOCK: BasicL115
pt2 : pt2 = new CartesianPoint(0.0, 1.0, ), 
pt1 : pt1 = new CartesianPoint(3.0, 4.0, ), 

BLOCK: StarttestAngleL117

BLOCK: BasicL118
pt1 : pt1 = new CartesianPoint(3.0, 4.0, ), 
pt2 : pt2 = new CartesianPoint(0.0, 1.0, ), 

BLOCK: StarttestRotate90L120

BLOCK: BasicL121
pt1 : pt1 = new CartesianPoint(3.0, 4.0, ), 
pt2 : pt2 = new CartesianPoint(0.0, 1.0, ), 

BLOCK: StartmainL123

BLOCK: BasicL124

BLOCK: Startconstructor1L0
this.ang : this.ang = 0.0, 
this.rad : this.rad = 0.0, 

BLOCK: Startconstructor1L0
this.ang : this.ang = 0.0, 
this.rad : this.rad = 0.0, 

BLOCK: BasicL1
this.ang : this.ang = angle, 
this.rad : this.rad = radius, 

BLOCK: trueL3
this.ang : this.ang = this.ang + 3.1415963, 
this.rad : this.rad = Math.abs(radius, ), 

BLOCK: joinL4
this.ang : this.ang = this.ang + 3.1415963, this.ang = angle, 
this.rad : this.rad = radius, this.rad = Math.abs(radius, ), 

BLOCK: LoopL5
this.ang : this.ang = this.ang + 2 * 3.1415963, this.ang = this.ang + 3.1415963, this.ang = angle, 
this.rad : this.rad = radius, this.rad = Math.abs(radius, ), 

BLOCK: BasicL6
this.ang : this.ang = this.ang + 2 * 3.1415963, this.ang = this.ang + 3.1415963, this.ang = angle, 
this.rad : this.rad = radius, this.rad = Math.abs(radius, ), 

BLOCK: trueL7
this.ang : this.ang = this.ang + 2 * 3.1415963, 
this.rad : this.rad = radius, this.rad = Math.abs(radius, ), 

BLOCK: joinL8
this.ang : this.ang = this.ang + 2 * 3.1415963, this.ang = this.ang + 3.1415963, this.ang = angle, 
this.rad : this.rad = radius, this.rad = Math.abs(radius, ), 

BLOCK: StartxCoordinateL9
this.rad : this.rad = 0.0, 
this.ang : this.ang = 0.0, 

BLOCK: StartxCoordinateL9
this.rad : this.rad = 0.0, 
this.ang : this.ang = 0.0, 

BLOCK: BasicL10
this.rad : this.rad = 0.0, 
this.ang : this.ang = 0.0, 
x_coordinate : x_coordinate = this.rad * Math.cos(this.ang, ), 

BLOCK: StartyCoordinateL12
this.ang : this.ang = 0.0, 
this.rad : this.rad = 0.0, 

BLOCK: StartyCoordinateL12
this.ang : this.ang = 0.0, 
this.rad : this.rad = 0.0, 

BLOCK: BasicL13
this.ang : this.ang = 0.0, 
this.rad : this.rad = 0.0, 
y_coordinate : y_coordinate = this.rad * Math.sin(this.ang, ), 

BLOCK: StartradiusL15
this.ang : this.ang = 0.0, 
this.rad : this.rad = 0.0, 

BLOCK: StartradiusL15
this.ang : this.ang = 0.0, 
this.rad : this.rad = 0.0, 

BLOCK: BasicL16
this.ang : this.ang = 0.0, 
this.rad : this.rad = 0.0, 

BLOCK: StartangleL18
this.ang : this.ang = 0.0, 
this.rad : this.rad = 0.0, 

BLOCK: StartangleL18
this.ang : this.ang = 0.0, 
this.rad : this.rad = 0.0, 

BLOCK: BasicL19
this.ang : this.ang = 0.0, 
this.rad : this.rad = 0.0, 

BLOCK: Startrotate90L21
this.ang : this.ang = 0.0, 
this.rad : this.rad = 0.0, 

BLOCK: Startrotate90L21
this.ang : this.ang = 0.0, 
this.rad : this.rad = 0.0, 

BLOCK: BasicL22
pt90 : pt90 = new PolarPoint(radius90, angle90, ), 
angle90 : angle90 = this.ang + 3.1415963 / 2, 
this.ang : this.ang = 0.0, 
radius90 : radius90 = this.rad, 
this.rad : this.rad = 0.0, 

BLOCK: StartDistanceCalcL24

BLOCK: StartDistanceCalcL24

BLOCK: BasicL25
y_distance : y_distance = Math.abs(pt1.yCoordinate() - pt2.yCoordinate(), ), 
distance : distance = Math.sqrt(x_distance * x_distance + y_distance * y_distance, ), 
x_distance : x_distance = Math.abs(pt1.xCoordinate() - pt2.xCoordinate(), ), 

BLOCK: StartquadrantTestL27

BLOCK: StartquadrantTestL27

BLOCK: BasicL28
pt1QuadLoc : pt1QuadLoc = 0, 
pt2QuadLoc : pt2QuadLoc = 0, 

BLOCK: trueL30
pt1QuadLoc : pt1QuadLoc = 0, 
pt2QuadLoc : pt2QuadLoc = 0, 

BLOCK: trueL32
pt1QuadLoc : pt1QuadLoc = 1, 
pt2QuadLoc : pt2QuadLoc = 0, 

BLOCK: falseL34
pt1QuadLoc : pt1QuadLoc = 2, 
pt2QuadLoc : pt2QuadLoc = 0, 

BLOCK: joinL33
pt1QuadLoc : pt1QuadLoc = 1, pt1QuadLoc = 2, 
pt2QuadLoc : pt2QuadLoc = 0, 

BLOCK: falseL35
pt1QuadLoc : pt1QuadLoc = 0, 
pt2QuadLoc : pt2QuadLoc = 0, 

BLOCK: trueL36
pt1QuadLoc : pt1QuadLoc = 0, 
pt2QuadLoc : pt2QuadLoc = 0, 

BLOCK: trueL38
pt1QuadLoc : pt1QuadLoc = 4, 
pt2QuadLoc : pt2QuadLoc = 0, 

BLOCK: falseL40
pt1QuadLoc : pt1QuadLoc = 3, 
pt2QuadLoc : pt2QuadLoc = 0, 

BLOCK: joinL39
pt1QuadLoc : pt1QuadLoc = 3, pt1QuadLoc = 4, 
pt2QuadLoc : pt2QuadLoc = 0, 

BLOCK: falseL41
pt1QuadLoc : pt1QuadLoc = 0, 
pt2QuadLoc : pt2QuadLoc = 0, 

BLOCK: joinL37
pt1QuadLoc : pt1QuadLoc = 3, pt1QuadLoc = 4, pt1QuadLoc = 0, 
pt2QuadLoc : pt2QuadLoc = 0, 

BLOCK: joinL31
pt1QuadLoc : pt1QuadLoc = 3, pt1QuadLoc = 4, pt1QuadLoc = 1, pt1QuadLoc = 0, pt1QuadLoc = 2, 
pt2QuadLoc : pt2QuadLoc = 0, 

BLOCK: trueL42
pt1QuadLoc : pt1QuadLoc = 3, pt1QuadLoc = 4, pt1QuadLoc = 1, pt1QuadLoc = 0, pt1QuadLoc = 2, 
pt2QuadLoc : pt2QuadLoc = 0, 

BLOCK: trueL44
pt1QuadLoc : pt1QuadLoc = 3, pt1QuadLoc = 4, pt1QuadLoc = 1, pt1QuadLoc = 0, pt1QuadLoc = 2, 
pt2QuadLoc : pt2QuadLoc = 1, 

BLOCK: falseL46
pt1QuadLoc : pt1QuadLoc = 3, pt1QuadLoc = 4, pt1QuadLoc = 1, pt1QuadLoc = 0, pt1QuadLoc = 2, 
pt2QuadLoc : pt2QuadLoc = 2, 

BLOCK: joinL45
pt1QuadLoc : pt1QuadLoc = 3, pt1QuadLoc = 4, pt1QuadLoc = 1, pt1QuadLoc = 0, pt1QuadLoc = 2, 
pt2QuadLoc : pt2QuadLoc = 2, pt2QuadLoc = 1, 

BLOCK: falseL47
pt1QuadLoc : pt1QuadLoc = 3, pt1QuadLoc = 4, pt1QuadLoc = 1, pt1QuadLoc = 0, pt1QuadLoc = 2, 
pt2QuadLoc : pt2QuadLoc = 0, 

BLOCK: trueL48
pt1QuadLoc : pt1QuadLoc = 3, pt1QuadLoc = 4, pt1QuadLoc = 1, pt1QuadLoc = 0, pt1QuadLoc = 2, 
pt2QuadLoc : pt2QuadLoc = 0, 

BLOCK: trueL50
pt1QuadLoc : pt1QuadLoc = 3, pt1QuadLoc = 4, pt1QuadLoc = 1, pt1QuadLoc = 0, pt1QuadLoc = 2, 
pt2QuadLoc : pt2QuadLoc = 4, 

BLOCK: falseL52
pt1QuadLoc : pt1QuadLoc = 3, pt1QuadLoc = 4, pt1QuadLoc = 1, pt1QuadLoc = 0, pt1QuadLoc = 2, 
pt2QuadLoc : pt2QuadLoc = 3, 

BLOCK: joinL51
pt1QuadLoc : pt1QuadLoc = 3, pt1QuadLoc = 4, pt1QuadLoc = 1, pt1QuadLoc = 0, pt1QuadLoc = 2, 
pt2QuadLoc : pt2QuadLoc = 4, pt2QuadLoc = 3, 

BLOCK: falseL53
pt1QuadLoc : pt1QuadLoc = 3, pt1QuadLoc = 4, pt1QuadLoc = 1, pt1QuadLoc = 0, pt1QuadLoc = 2, 
pt2QuadLoc : pt2QuadLoc = 0, 

BLOCK: joinL49
pt1QuadLoc : pt1QuadLoc = 3, pt1QuadLoc = 4, pt1QuadLoc = 1, pt1QuadLoc = 0, pt1QuadLoc = 2, 
pt2QuadLoc : pt2QuadLoc = 0, pt2QuadLoc = 4, pt2QuadLoc = 3, 

BLOCK: joinL43
pt1QuadLoc : pt1QuadLoc = 3, pt1QuadLoc = 4, pt1QuadLoc = 1, pt1QuadLoc = 0, pt1QuadLoc = 2, 
pt2QuadLoc : pt2QuadLoc = 0, pt2QuadLoc = 2, pt2QuadLoc = 4, pt2QuadLoc = 1, pt2QuadLoc = 3, 

BLOCK: trueL54
pt1QuadLoc : pt1QuadLoc = 3, pt1QuadLoc = 4, pt1QuadLoc = 1, pt1QuadLoc = 0, pt1QuadLoc = 2, 
pt2QuadLoc : pt2QuadLoc = 0, pt2QuadLoc = 2, pt2QuadLoc = 4, pt2QuadLoc = 1, pt2QuadLoc = 3, 

BLOCK: falseL56
pt1QuadLoc : pt1QuadLoc = 3, pt1QuadLoc = 4, pt1QuadLoc = 1, pt1QuadLoc = 0, pt1QuadLoc = 2, 
pt2QuadLoc : pt2QuadLoc = 0, pt2QuadLoc = 2, pt2QuadLoc = 4, pt2QuadLoc = 1, pt2QuadLoc = 3, 

BLOCK: joinL55
pt1QuadLoc : pt1QuadLoc = 3, pt1QuadLoc = 4, pt1QuadLoc = 1, pt1QuadLoc = 0, pt1QuadLoc = 2, 
pt2QuadLoc : pt2QuadLoc = 0, pt2QuadLoc = 2, pt2QuadLoc = 4, pt2QuadLoc = 1, pt2QuadLoc = 3, 

BLOCK: StartmainL57

BLOCK: StartmainL57

BLOCK: BasicL58
scan : scan = new Scanner(System.in, ), 
pt1 : pt1 = null, 
y_val : y_val = 0.0, 
x_val2 : x_val2 = 0.0, 
x_val : x_val = 0.0, 
distance : distance = 0.0, 
rad2 : rad2 = 0.0, 
choice2 : choice2 = 0, 
polar : polar = 2, 
ang2 : ang2 = 0.0, 
y_val2 : y_val2 = 0.0, 
pt2 : pt2 = null, 
ang : ang = 0.0, 
flag : flag = 0, 
ang4 : ang4 = 0.0, 
cartesian : cartesian = 1, 
choice : choice = scan.nextInt(), 
ang3 : ang3 = 0.0, 
rad : rad = 0.0, 

BLOCK: trueL60
pt1 : pt1 = new CartesianPoint(x_val, y_val, ), 
scan : scan = new Scanner(System.in, ), 
y_val : y_val = scan.nextDouble(), 
x_val2 : x_val2 = 0.0, 
x_val : x_val = scan.nextDouble(), 
distance : distance = 0.0, 
rad2 : rad2 = 0.0, 
choice2 : choice2 = 0, 
polar : polar = 2, 
ang2 : ang2 = 0.0, 
y_val2 : y_val2 = 0.0, 
pt2 : pt2 = null, 
ang : ang = 0.0, 
flag : flag = 0, 
ang4 : ang4 = 0.0, 
cartesian : cartesian = 1, 
choice : choice = scan.nextInt(), 
ang3 : ang3 = 0.0, 
rad : rad = 0.0, 

BLOCK: falseL62
scan : scan = new Scanner(System.in, ), 
pt1 : pt1 = null, 
y_val : y_val = 0.0, 
x_val2 : x_val2 = 0.0, 
x_val : x_val = 0.0, 
distance : distance = 0.0, 
rad2 : rad2 = 0.0, 
choice2 : choice2 = 0, 
polar : polar = 2, 
ang2 : ang2 = 0.0, 
y_val2 : y_val2 = 0.0, 
pt2 : pt2 = null, 
ang : ang = 0.0, 
flag : flag = 0, 
ang4 : ang4 = 0.0, 
cartesian : cartesian = 1, 
choice : choice = scan.nextInt(), 
ang3 : ang3 = 0.0, 
rad : rad = 0.0, 

BLOCK: trueL63
pt1 : pt1 = new PolarPoint(rad, ang3, ), 
scan : scan = new Scanner(System.in, ), 
y_val : y_val = 0.0, 
x_val2 : x_val2 = 0.0, 
x_val : x_val = 0.0, 
distance : distance = 0.0, 
rad2 : rad2 = 0.0, 
choice2 : choice2 = 0, 
polar : polar = 2, 
ang2 : ang2 = 0.0, 
y_val2 : y_val2 = 0.0, 
pt2 : pt2 = null, 
ang : ang = scan.nextDouble(), 
flag : flag = 0, 
ang4 : ang4 = 0.0, 
cartesian : cartesian = 1, 
choice : choice = scan.nextInt(), 
ang3 : ang3 = ang * 3.1415296 / 180, 
rad : rad = scan.nextDouble(), 

BLOCK: falseL65
scan : scan = new Scanner(System.in, ), 
pt1 : pt1 = null, 
y_val : y_val = 0.0, 
x_val2 : x_val2 = 0.0, 
x_val : x_val = 0.0, 
distance : distance = 0.0, 
rad2 : rad2 = 0.0, 
choice2 : choice2 = 0, 
polar : polar = 2, 
ang2 : ang2 = 0.0, 
y_val2 : y_val2 = 0.0, 
pt2 : pt2 = null, 
ang : ang = 0.0, 
flag : flag = 0, 
ang4 : ang4 = 0.0, 
cartesian : cartesian = 1, 
choice : choice = scan.nextInt(), 
ang3 : ang3 = 0.0, 
rad : rad = 0.0, 

BLOCK: joinL64
pt1 : pt1 = new PolarPoint(rad, ang3, ), pt1 = null, 
scan : scan = new Scanner(System.in, ), 
y_val : y_val = 0.0, 
x_val2 : x_val2 = 0.0, 
x_val : x_val = 0.0, 
distance : distance = 0.0, 
rad2 : rad2 = 0.0, 
choice2 : choice2 = 0, 
polar : polar = 2, 
ang2 : ang2 = 0.0, 
y_val2 : y_val2 = 0.0, 
pt2 : pt2 = null, 
ang : ang = 0.0, ang = scan.nextDouble(), 
flag : flag = 0, 
ang4 : ang4 = 0.0, 
cartesian : cartesian = 1, 
choice : choice = scan.nextInt(), 
ang3 : ang3 = ang * 3.1415296 / 180, ang3 = 0.0, 
rad : rad = 0.0, rad = scan.nextDouble(), 

BLOCK: joinL61
pt1 : pt1 = new PolarPoint(rad, ang3, ), pt1 = null, pt1 = new CartesianPoint(x_val, y_val, ), 
scan : scan = new Scanner(System.in, ), 
y_val : y_val = scan.nextDouble(), y_val = 0.0, 
x_val2 : x_val2 = 0.0, 
x_val : x_val = 0.0, x_val = scan.nextDouble(), 
choice2 : choice2 = scan.nextInt(), 
distance : distance = 0.0, 
rad2 : rad2 = 0.0, 
polar : polar = 2, 
ang2 : ang2 = 0.0, 
y_val2 : y_val2 = 0.0, 
pt2 : pt2 = null, 
ang : ang = 0.0, ang = scan.nextDouble(), 
flag : flag = 0, 
ang4 : ang4 = 0.0, 
cartesian : cartesian = 1, 
choice : choice = scan.nextInt(), 
ang3 : ang3 = ang * 3.1415296 / 180, ang3 = 0.0, 
rad : rad = 0.0, rad = scan.nextDouble(), 

BLOCK: trueL66
pt1 : pt1 = new PolarPoint(rad, ang3, ), pt1 = null, pt1 = new CartesianPoint(x_val, y_val, ), 
scan : scan = new Scanner(System.in, ), 
y_val : y_val = scan.nextDouble(), y_val = 0.0, 
x_val2 : x_val2 = scan.nextDouble(), 
x_val : x_val = 0.0, x_val = scan.nextDouble(), 
choice2 : choice2 = scan.nextInt(), 
distance : distance = 0.0, 
rad2 : rad2 = 0.0, 
polar : polar = 2, 
ang2 : ang2 = 0.0, 
y_val2 : y_val2 = scan.nextDouble(), 
pt2 : pt2 = new CartesianPoint(x_val2, y_val2, ), 
ang : ang = 0.0, ang = scan.nextDouble(), 
flag : flag = 0, 
ang4 : ang4 = 0.0, 
cartesian : cartesian = 1, 
choice : choice = scan.nextInt(), 
ang3 : ang3 = ang * 3.1415296 / 180, ang3 = 0.0, 
rad : rad = 0.0, rad = scan.nextDouble(), 

BLOCK: falseL68
pt1 : pt1 = new PolarPoint(rad, ang3, ), pt1 = null, pt1 = new CartesianPoint(x_val, y_val, ), 
scan : scan = new Scanner(System.in, ), 
y_val : y_val = scan.nextDouble(), y_val = 0.0, 
x_val2 : x_val2 = 0.0, 
x_val : x_val = 0.0, x_val = scan.nextDouble(), 
choice2 : choice2 = scan.nextInt(), 
distance : distance = 0.0, 
rad2 : rad2 = 0.0, 
polar : polar = 2, 
ang2 : ang2 = 0.0, 
y_val2 : y_val2 = 0.0, 
pt2 : pt2 = null, 
ang : ang = 0.0, ang = scan.nextDouble(), 
flag : flag = 0, 
ang4 : ang4 = 0.0, 
cartesian : cartesian = 1, 
choice : choice = scan.nextInt(), 
ang3 : ang3 = ang * 3.1415296 / 180, ang3 = 0.0, 
rad : rad = 0.0, rad = scan.nextDouble(), 

BLOCK: trueL69
pt1 : pt1 = new PolarPoint(rad, ang3, ), pt1 = null, pt1 = new CartesianPoint(x_val, y_val, ), 
scan : scan = new Scanner(System.in, ), 
y_val : y_val = scan.nextDouble(), y_val = 0.0, 
x_val2 : x_val2 = 0.0, 
x_val : x_val = 0.0, x_val = scan.nextDouble(), 
rad2 : rad2 = scan.nextDouble(), 
choice2 : choice2 = scan.nextInt(), 
distance : distance = 0.0, 
polar : polar = 2, 
ang2 : ang2 = scan.nextDouble(), 
y_val2 : y_val2 = 0.0, 
pt2 : pt2 = new PolarPoint(rad2, ang4, ), 
ang : ang = 0.0, ang = scan.nextDouble(), 
flag : flag = 0, 
ang4 : ang4 = ang2 * 3.1415927 / 180, 
cartesian : cartesian = 1, 
choice : choice = scan.nextInt(), 
ang3 : ang3 = ang * 3.1415296 / 180, ang3 = 0.0, 
rad : rad = 0.0, rad = scan.nextDouble(), 

BLOCK: falseL71
pt1 : pt1 = new PolarPoint(rad, ang3, ), pt1 = null, pt1 = new CartesianPoint(x_val, y_val, ), 
scan : scan = new Scanner(System.in, ), 
y_val : y_val = scan.nextDouble(), y_val = 0.0, 
x_val2 : x_val2 = 0.0, 
x_val : x_val = 0.0, x_val = scan.nextDouble(), 
choice2 : choice2 = scan.nextInt(), 
distance : distance = 0.0, 
rad2 : rad2 = 0.0, 
polar : polar = 2, 
ang2 : ang2 = 0.0, 
y_val2 : y_val2 = 0.0, 
pt2 : pt2 = null, 
ang : ang = 0.0, ang = scan.nextDouble(), 
flag : flag = 0, 
ang4 : ang4 = 0.0, 
cartesian : cartesian = 1, 
choice : choice = scan.nextInt(), 
ang3 : ang3 = ang * 3.1415296 / 180, ang3 = 0.0, 
rad : rad = 0.0, rad = scan.nextDouble(), 

BLOCK: joinL70
pt1 : pt1 = new PolarPoint(rad, ang3, ), pt1 = null, pt1 = new CartesianPoint(x_val, y_val, ), 
scan : scan = new Scanner(System.in, ), 
y_val : y_val = scan.nextDouble(), y_val = 0.0, 
x_val2 : x_val2 = 0.0, 
x_val : x_val = 0.0, x_val = scan.nextDouble(), 
rad2 : rad2 = scan.nextDouble(), rad2 = 0.0, 
choice2 : choice2 = scan.nextInt(), 
distance : distance = 0.0, 
polar : polar = 2, 
ang2 : ang2 = 0.0, ang2 = scan.nextDouble(), 
y_val2 : y_val2 = 0.0, 
pt2 : pt2 = new PolarPoint(rad2, ang4, ), pt2 = null, 
ang : ang = 0.0, ang = scan.nextDouble(), 
flag : flag = 0, 
ang4 : ang4 = ang2 * 3.1415927 / 180, ang4 = 0.0, 
cartesian : cartesian = 1, 
choice : choice = scan.nextInt(), 
ang3 : ang3 = ang * 3.1415296 / 180, ang3 = 0.0, 
rad : rad = 0.0, rad = scan.nextDouble(), 

BLOCK: joinL67
pt1 : pt1 = new PolarPoint(rad, ang3, ), pt1 = null, pt1 = new CartesianPoint(x_val, y_val, ), 
scan : scan = new Scanner(System.in, ), 
y_val : y_val = scan.nextDouble(), y_val = 0.0, 
x_val2 : x_val2 = scan.nextDouble(), x_val2 = 0.0, 
x_val : x_val = 0.0, x_val = scan.nextDouble(), 
distance : distance = DistanceCalc(pt1, pt2, ), 
choice2 : choice2 = scan.nextInt(), 
rad2 : rad2 = scan.nextDouble(), rad2 = 0.0, 
polar : polar = 2, 
ang2 : ang2 = 0.0, ang2 = scan.nextDouble(), 
y_val2 : y_val2 = 0.0, y_val2 = scan.nextDouble(), 
pt2 : pt2 = new PolarPoint(rad2, ang4, ), pt2 = null, pt2 = new CartesianPoint(x_val2, y_val2, ), 
ang : ang = 0.0, ang = scan.nextDouble(), 
flag : flag = 0, 
ang4 : ang4 = ang2 * 3.1415927 / 180, ang4 = 0.0, 
cartesian : cartesian = 1, 
choice : choice = scan.nextInt(), 
ang3 : ang3 = ang * 3.1415296 / 180, ang3 = 0.0, 
rad : rad = 0.0, rad = scan.nextDouble(), 

BLOCK: StarttestXCoordinatesL72

BLOCK: StarttestXCoordinatesL72

BLOCK: BasicL73
pt2 : pt2 = new PolarPoint(10, 0.7853982, ), 
pt1 : pt1 = new PolarPoint(5, 1.5707963, ), 

BLOCK: StarttestYCoordinatesL75

BLOCK: StarttestYCoordinatesL75

BLOCK: BasicL76
pt2 : pt2 = new PolarPoint(10, 0.7853982, ), 
pt1 : pt1 = new PolarPoint(5, 1.5707963, ), 

BLOCK: StarttestRadiusL78

BLOCK: StarttestRadiusL78

BLOCK: BasicL79
pt1 : pt1 = new PolarPoint(5, 1.5707963, ), 
pt2 : pt2 = new PolarPoint(10, 0.7853982, ), 

BLOCK: StarttestAngleL81

BLOCK: StarttestAngleL81

BLOCK: BasicL82
pt1 : pt1 = new PolarPoint(5, 1.5707963, ), 
pt2 : pt2 = new PolarPoint(10, 0.7853982, ), 

BLOCK: StarttestRotate90L84

BLOCK: StarttestRotate90L84

BLOCK: BasicL85
pt2 : pt2 = new PolarPoint(10, 0.7853982, ), 
pt1 : pt1 = new PolarPoint(5, 1.5707963, ), 

BLOCK: StartmainL87

BLOCK: StartmainL87

BLOCK: BasicL88

BLOCK: Startconstructor1L90
this.xCoord : this.xCoord = 0.0, 
this.yCoord : this.yCoord = 0.0, 

BLOCK: Startconstructor1L90
this.xCoord : this.xCoord = 0.0, 
this.yCoord : this.yCoord = 0.0, 

BLOCK: BasicL91
this.xCoord : this.xCoord = x_coord, 
this.yCoord : this.yCoord = y_coord, 

BLOCK: StartxCoordinateL93
this.xCoord : this.xCoord = 0.0, 
this.yCoord : this.yCoord = 0.0, 

BLOCK: StartxCoordinateL93
this.xCoord : this.xCoord = 0.0, 
this.yCoord : this.yCoord = 0.0, 

BLOCK: BasicL94
this.xCoord : this.xCoord = 0.0, 
this.yCoord : this.yCoord = 0.0, 

BLOCK: StartyCoordinateL96
this.yCoord : this.yCoord = 0.0, 
this.xCoord : this.xCoord = 0.0, 

BLOCK: StartyCoordinateL96
this.yCoord : this.yCoord = 0.0, 
this.xCoord : this.xCoord = 0.0, 

BLOCK: BasicL97
this.yCoord : this.yCoord = 0.0, 
this.xCoord : this.xCoord = 0.0, 

BLOCK: StartradiusL99
this.yCoord : this.yCoord = 0.0, 
this.xCoord : this.xCoord = 0.0, 

BLOCK: StartradiusL99
this.yCoord : this.yCoord = 0.0, 
this.xCoord : this.xCoord = 0.0, 

BLOCK: BasicL100
this.yCoord : this.yCoord = 0.0, 
this.xCoord : this.xCoord = 0.0, 
radius : radius = Math.sqrt(this.xCoord * this.xCoord + this.yCoord * this.yCoord, ), 

BLOCK: StartangleL102
this.yCoord : this.yCoord = 0.0, 
this.xCoord : this.xCoord = 0.0, 

BLOCK: StartangleL102
this.yCoord : this.yCoord = 0.0, 
this.xCoord : this.xCoord = 0.0, 

BLOCK: BasicL103
this.yCoord : this.yCoord = 0.0, 
angle : angle = Math.atan2(this.yCoord, this.xCoord, ), 
this.xCoord : this.xCoord = 0.0, 

BLOCK: Startrotate90L105
this.xCoord : this.xCoord = 0.0, 
this.yCoord : this.yCoord = 0.0, 

BLOCK: Startrotate90L105
this.xCoord : this.xCoord = 0.0, 
this.yCoord : this.yCoord = 0.0, 

BLOCK: BasicL106
y90 : y90 = radius() * Math.sin(angle90, ), 
angle90 : angle90 = angle() + halfPi, 
this.xCoord : this.xCoord = 0.0, 
halfPi : halfPi = 3.14159 / 2, 
pt90 : pt90 = new CartesianPoint(x90, y90, ), 
x90 : x90 = radius() * Math.cos(angle90, ), 
this.yCoord : this.yCoord = 0.0, 

BLOCK: StarttestXCoordinateL108

BLOCK: StarttestXCoordinateL108

BLOCK: BasicL109
pt2 : pt2 = new CartesianPoint(0.0, 1.0, ), 
pt1 : pt1 = new CartesianPoint(3.0, 4.0, ), 

BLOCK: StarttestYCoordinateL111

BLOCK: StarttestYCoordinateL111

BLOCK: BasicL112
pt2 : pt2 = new CartesianPoint(0.0, 1.0, ), 
pt1 : pt1 = new CartesianPoint(3.0, 4.0, ), 

BLOCK: StarttestRadiusL114

BLOCK: StarttestRadiusL114

BLOCK: BasicL115
pt2 : pt2 = new CartesianPoint(0.0, 1.0, ), 
pt1 : pt1 = new CartesianPoint(3.0, 4.0, ), 

BLOCK: StarttestAngleL117

BLOCK: StarttestAngleL117

BLOCK: BasicL118
pt1 : pt1 = new CartesianPoint(3.0, 4.0, ), 
pt2 : pt2 = new CartesianPoint(0.0, 1.0, ), 

BLOCK: StarttestRotate90L120

BLOCK: StarttestRotate90L120

BLOCK: BasicL121
pt1 : pt1 = new CartesianPoint(3.0, 4.0, ), 
pt2 : pt2 = new CartesianPoint(0.0, 1.0, ), 

BLOCK: StartmainL123

BLOCK: StartmainL123

BLOCK: BasicL124

Unfiltered: 9864
Filtered: 4


Duplicate found: 102_Code/102_hw1/dir11/PointRelation.java lines [16, 67] and 102_Code/102_hw1/dir11/PointRelation.java lines [16, 67]
102_Code/102_hw1/dir11/PointRelation.java ----------
16 :	pt2QuadLoc = 0
36 :	pt1QuadLoc = 3
47 :	pt2QuadLoc = 1
51 :	pt2QuadLoc = 2
58 :	pt2QuadLoc = 4
62 :	pt2QuadLoc = 3
67 :	pt2QuadLoc = 0
102_Code/102_hw1/dir11/PointRelation.java ----------
16 :	pt1QuadLoc = 0
67 :	pt2QuadLoc = 0
25 :	pt1QuadLoc = 2
32 :	pt1QuadLoc = 4
21 :	pt1QuadLoc = 1
41 :	pt1QuadLoc = 0
36 :	pt1QuadLoc = 3
===========================



Duplicate found: 102_Code/102_hw1/dir11/PointRelation.java lines [81, 122] and 102_Code/102_hw1/dir11/PointRelation.java lines [82, 122]
102_Code/102_hw1/dir11/PointRelation.java ----------
81 :	cartesian = 1
89 :	choice = scan.nextInt()
90 :	choice == cartesian
98 :	choice == polar
113 :	choice2 = scan.nextInt()
114 :	choice2 == cartesian
122 :	choice2 == polar
102_Code/102_hw1/dir11/PointRelation.java ----------
82 :	polar = 2
113 :	choice2 = scan.nextInt()
122 :	choice2 == polar
114 :	choice2 == cartesian
89 :	choice = scan.nextInt()
98 :	choice == polar
90 :	choice == cartesian
===========================



Duplicate found: 102_Code/102_hw1/dir11/PointRelation.java lines [84, 129] and 102_Code/102_hw1/dir11/PointRelation.java lines [84, 105]
102_Code/102_hw1/dir11/PointRelation.java ----------
84 :	x_val2 = 0.0
86 :	pt2 = null
117 :	x_val2 = scan.nextDouble()
120 :	pt2 = new CartesianPoint(x_val2, y_val2, )
125 :	rad2 = scan.nextDouble()
128 :	ang4 = ang2 * 3.1415927 / 180
129 :	pt2 = new PolarPoint(rad2, ang4, )
102_Code/102_hw1/dir11/PointRelation.java ----------
84 :	x_val = 0.0
85 :	pt1 = null
93 :	x_val = scan.nextDouble()
96 :	pt1 = new CartesianPoint(x_val, y_val, )
101 :	rad = scan.nextDouble()
104 :	ang3 = ang * 3.1415296 / 180
105 :	pt1 = new PolarPoint(rad, ang3, )
===========================



Duplicate found: 102_Code/102_hw1/dir11/PointRelation.java lines [81, 122] and 102_Code/102_hw1/dir11/PointRelation.java lines [81, 114]
102_Code/102_hw1/dir11/PointRelation.java ----------
81 :	cartesian = 1
82 :	polar = 2
98 :	choice == polar
113 :	choice2 = scan.nextInt()
114 :	choice2 == cartesian
122 :	choice2 == polar
102_Code/102_hw1/dir11/PointRelation.java ----------
82 :	polar = 2
81 :	cartesian = 1
114 :	choice2 == cartesian
89 :	choice = scan.nextInt()
98 :	choice == polar
90 :	choice == cartesian
===========================



[INFO] ------------------------------------------------------------------------
[INFO] BUILD SUCCESS
[INFO] ------------------------------------------------------------------------
[INFO] Total time: 7.609 s
[INFO] Finished at: 2019-05-01T17:12:53-07:00
[INFO] Final Memory: 26M/1457M
[INFO] ------------------------------------------------------------------------
