[INFO] Scanning for projects...
[WARNING] 
[WARNING] Some problems were encountered while building the effective model for thesis:thesis:jar:1.0-SNAPSHOT
[WARNING] 'dependencies.dependency.version' for org.junit.jupiter:junit-jupiter-api:jar is either LATEST or RELEASE (both of them are being deprecated) @ line 25, column 22
[WARNING] 
[WARNING] It is highly recommended to fix these problems because they threaten the stability of your build.
[WARNING] 
[WARNING] For this reason, future Maven versions might no longer support building such malformed projects.
[WARNING] 
[INFO] 
[INFO] ------------------------------------------------------------------------
[INFO] Building thesis 1.0-SNAPSHOT
[INFO] ------------------------------------------------------------------------
[INFO] 
[INFO] >>> exec-maven-plugin:1.2.1:java (default-cli) > validate @ thesis >>>
[INFO] 
[INFO] <<< exec-maven-plugin:1.2.1:java (default-cli) < validate @ thesis <<<
[INFO] 
[INFO] 
[INFO] --- exec-maven-plugin:1.2.1:java (default-cli) @ thesis ---
BLOCK: Startconstructor1L0
this.a : this.a = 0.0, 
this.r : this.r = 0.0, 

BLOCK: BasicL1
this.a : this.a = angle, 
this.r : this.r = radius, 

BLOCK: StartxCoordinateL3
this.a : this.a = 0.0, 
this.r : this.r = 0.0, 

BLOCK: BasicL4
this.a : this.a = 0.0, 
this.r : this.r = 0.0, 

BLOCK: StartyCoordinateL6
this.r : this.r = 0.0, 
this.a : this.a = 0.0, 

BLOCK: BasicL7
this.r : this.r = 0.0, 
this.a : this.a = 0.0, 

BLOCK: StartradiusL9
this.r : this.r = 0.0, 
this.a : this.a = 0.0, 

BLOCK: BasicL10
this.r : this.r = 0.0, 
this.a : this.a = 0.0, 

BLOCK: trueL12
this.r : this.r = 0.0, 
this.a : this.a = this.a + 180.0, 

BLOCK: falseL14
this.r : this.r = 0.0, 
this.a : this.a = 0.0, 

BLOCK: joinL13
this.r : this.r = 0.0, 
this.a : this.a = this.a + 180.0, this.a = 0.0, 

BLOCK: StartangleL15
this.r : this.r = 0.0, 
this.a : this.a = 0.0, 

BLOCK: BasicL16
this.r : this.r = 0.0, 
this.a : this.a = 0.0, 

BLOCK: LoopL18
this.r : this.r = 0.0, 
this.a : this.a = this.a + 360.0, 

BLOCK: BasicL19
this.r : this.r = 0.0, 
this.a : this.a = 0.0, this.a = this.a + 360.0, 

BLOCK: Startrotate90L20
this.a : this.a = 0.0, 
this.r : this.r = 0.0, 

BLOCK: BasicL21
p : p = new PolarPoint(this.r, this.a + 90.0, ), 
this.a : this.a = 0.0, 
this.r : this.r = 0.0, 

BLOCK: StartmainL23

BLOCK: BasicL24
type1 : type1 = in.nextInt(), 
p2 : p2 = new CartesianPoint(0.0, 0.0, ), 
p1 : p1 = new CartesianPoint(0.0, 0.0, ), 
in : in = new Scanner(System.in, ), 

BLOCK: trueL26
type1 : type1 = in.nextInt(), 
p2 : p2 = new CartesianPoint(0.0, 0.0, ), 
p1 : p1 = new CartesianPoint(0.0, 0.0, ), 
in : in = new Scanner(System.in, ), 

BLOCK: trueL28
x1 : x1 = in.nextDouble(), 
y1 : y1 = in.nextDouble(), 
type1 : type1 = in.nextInt(), 
p2 : p2 = new CartesianPoint(0.0, 0.0, ), 
p1 : p1 = new CartesianPoint(x1, y1, ), 
in : in = new Scanner(System.in, ), 

BLOCK: falseL30
a1 : a1 = in.nextDouble(), 
type1 : type1 = in.nextInt(), 
p2 : p2 = new CartesianPoint(0.0, 0.0, ), 
p1 : p1 = new PolarPoint(r1, a1, ), 
r1 : r1 = in.nextDouble(), 
in : in = new Scanner(System.in, ), 

BLOCK: joinL29
a1 : a1 = in.nextDouble(), 
x1 : x1 = in.nextDouble(), 
y1 : y1 = in.nextDouble(), 
type1 : type1 = in.nextInt(), 
p2 : p2 = new CartesianPoint(0.0, 0.0, ), 
p1 : p1 = new PolarPoint(r1, a1, ), p1 = new CartesianPoint(x1, y1, ), 
in : in = new Scanner(System.in, ), 
r1 : r1 = in.nextDouble(), 

BLOCK: falseL31
type1 : type1 = in.nextInt(), 
p2 : p2 = new CartesianPoint(0.0, 0.0, ), 
p1 : p1 = new CartesianPoint(0.0, 0.0, ), 
in : in = new Scanner(System.in, ), 

BLOCK: joinL27
type2 : type2 = in.nextInt(), 
a1 : a1 = in.nextDouble(), 
x1 : x1 = in.nextDouble(), 
y1 : y1 = in.nextDouble(), 
type1 : type1 = in.nextInt(), 
p2 : p2 = new CartesianPoint(0.0, 0.0, ), 
p1 : p1 = new PolarPoint(r1, a1, ), p1 = new CartesianPoint(0.0, 0.0, ), p1 = new CartesianPoint(x1, y1, ), 
in : in = new Scanner(System.in, ), 
r1 : r1 = in.nextDouble(), 

BLOCK: trueL32
type2 : type2 = in.nextInt(), 
a1 : a1 = in.nextDouble(), 
x1 : x1 = in.nextDouble(), 
y1 : y1 = in.nextDouble(), 
type1 : type1 = in.nextInt(), 
p2 : p2 = new CartesianPoint(0.0, 0.0, ), 
p1 : p1 = new PolarPoint(r1, a1, ), p1 = new CartesianPoint(0.0, 0.0, ), p1 = new CartesianPoint(x1, y1, ), 
in : in = new Scanner(System.in, ), 
r1 : r1 = in.nextDouble(), 

BLOCK: trueL34
y2 : y2 = in.nextDouble(), 
x2 : x2 = in.nextDouble(), 
type2 : type2 = in.nextInt(), 
a1 : a1 = in.nextDouble(), 
x1 : x1 = in.nextDouble(), 
y1 : y1 = in.nextDouble(), 
type1 : type1 = in.nextInt(), 
p2 : p2 = new CartesianPoint(x2, y2, ), 
p1 : p1 = new PolarPoint(r1, a1, ), p1 = new CartesianPoint(0.0, 0.0, ), p1 = new CartesianPoint(x1, y1, ), 
in : in = new Scanner(System.in, ), 
r1 : r1 = in.nextDouble(), 

BLOCK: falseL36
type2 : type2 = in.nextInt(), 
r2 : r2 = in.nextDouble(), 
a1 : a1 = in.nextDouble(), 
a2 : a2 = in.nextDouble(), 
x1 : x1 = in.nextDouble(), 
y1 : y1 = in.nextDouble(), 
type1 : type1 = in.nextInt(), 
p2 : p2 = new PolarPoint(r2, a2, ), 
p1 : p1 = new PolarPoint(r1, a1, ), p1 = new CartesianPoint(0.0, 0.0, ), p1 = new CartesianPoint(x1, y1, ), 
in : in = new Scanner(System.in, ), 
r1 : r1 = in.nextDouble(), 

BLOCK: joinL35
a1 : a1 = in.nextDouble(), 
r2 : r2 = in.nextDouble(), 
y1 : y1 = in.nextDouble(), 
type1 : type1 = in.nextInt(), 
in : in = new Scanner(System.in, ), 
y2 : y2 = in.nextDouble(), 
x2 : x2 = in.nextDouble(), 
type2 : type2 = in.nextInt(), 
x1 : x1 = in.nextDouble(), 
a2 : a2 = in.nextDouble(), 
p2 : p2 = new PolarPoint(r2, a2, ), p2 = new CartesianPoint(x2, y2, ), 
p1 : p1 = new PolarPoint(r1, a1, ), p1 = new CartesianPoint(0.0, 0.0, ), p1 = new CartesianPoint(x1, y1, ), 
r1 : r1 = in.nextDouble(), 

BLOCK: falseL37
type2 : type2 = in.nextInt(), 
a1 : a1 = in.nextDouble(), 
x1 : x1 = in.nextDouble(), 
y1 : y1 = in.nextDouble(), 
type1 : type1 = in.nextInt(), 
p2 : p2 = new CartesianPoint(0.0, 0.0, ), 
p1 : p1 = new PolarPoint(r1, a1, ), p1 = new CartesianPoint(0.0, 0.0, ), p1 = new CartesianPoint(x1, y1, ), 
in : in = new Scanner(System.in, ), 
r1 : r1 = in.nextDouble(), 

BLOCK: joinL33
a1 : a1 = in.nextDouble(), 
r2 : r2 = in.nextDouble(), 
y1 : y1 = in.nextDouble(), 
type1 : type1 = in.nextInt(), 
in : in = new Scanner(System.in, ), 
y2 : y2 = in.nextDouble(), 
x2 : x2 = in.nextDouble(), 
type2 : type2 = in.nextInt(), 
x1 : x1 = in.nextDouble(), 
a2 : a2 = in.nextDouble(), 
distance : distance = distanceBetween(p1, p2, ), 
p2 : p2 = new PolarPoint(r2, a2, ), p2 = new CartesianPoint(0.0, 0.0, ), p2 = new CartesianPoint(x2, y2, ), 
p1 : p1 = new PolarPoint(r1, a1, ), p1 = new CartesianPoint(0.0, 0.0, ), p1 = new CartesianPoint(x1, y1, ), 
r1 : r1 = in.nextDouble(), 

BLOCK: trueL38
a1 : a1 = in.nextDouble(), 
r2 : r2 = in.nextDouble(), 
y1 : y1 = in.nextDouble(), 
type1 : type1 = in.nextInt(), 
in : in = new Scanner(System.in, ), 
y2 : y2 = in.nextDouble(), 
x2 : x2 = in.nextDouble(), 
type2 : type2 = in.nextInt(), 
x1 : x1 = in.nextDouble(), 
a2 : a2 = in.nextDouble(), 
distance : distance = distanceBetween(p1, p2, ), 
p2 : p2 = new PolarPoint(r2, a2, ), p2 = new CartesianPoint(0.0, 0.0, ), p2 = new CartesianPoint(x2, y2, ), 
p1 : p1 = new PolarPoint(r1, a1, ), p1 = new CartesianPoint(0.0, 0.0, ), p1 = new CartesianPoint(x1, y1, ), 
r1 : r1 = in.nextDouble(), 

BLOCK: falseL40
a1 : a1 = in.nextDouble(), 
r2 : r2 = in.nextDouble(), 
y1 : y1 = in.nextDouble(), 
type1 : type1 = in.nextInt(), 
in : in = new Scanner(System.in, ), 
y2 : y2 = in.nextDouble(), 
x2 : x2 = in.nextDouble(), 
type2 : type2 = in.nextInt(), 
x1 : x1 = in.nextDouble(), 
a2 : a2 = in.nextDouble(), 
distance : distance = distanceBetween(p1, p2, ), 
p2 : p2 = new PolarPoint(r2, a2, ), p2 = new CartesianPoint(0.0, 0.0, ), p2 = new CartesianPoint(x2, y2, ), 
p1 : p1 = new PolarPoint(r1, a1, ), p1 = new CartesianPoint(0.0, 0.0, ), p1 = new CartesianPoint(x1, y1, ), 
r1 : r1 = in.nextDouble(), 

BLOCK: joinL39
a1 : a1 = in.nextDouble(), 
r2 : r2 = in.nextDouble(), 
y1 : y1 = in.nextDouble(), 
type1 : type1 = in.nextInt(), 
in : in = new Scanner(System.in, ), 
y2 : y2 = in.nextDouble(), 
x2 : x2 = in.nextDouble(), 
type2 : type2 = in.nextInt(), 
x1 : x1 = in.nextDouble(), 
a2 : a2 = in.nextDouble(), 
distance : distance = distanceBetween(p1, p2, ), 
p2 : p2 = new PolarPoint(r2, a2, ), p2 = new CartesianPoint(0.0, 0.0, ), p2 = new CartesianPoint(x2, y2, ), 
p1 : p1 = new PolarPoint(r1, a1, ), p1 = new CartesianPoint(0.0, 0.0, ), p1 = new CartesianPoint(x1, y1, ), 
r1 : r1 = in.nextDouble(), 

BLOCK: StartdistanceBetweenL41

BLOCK: BasicL42

BLOCK: trueL44

BLOCK: falseL46

BLOCK: joinL45

BLOCK: StartsameQuadrantL47

BLOCK: BasicL48

BLOCK: trueL50

BLOCK: falseL52

BLOCK: trueL53

BLOCK: falseL55

BLOCK: trueL56

BLOCK: falseL58

BLOCK: trueL59

BLOCK: falseL61

BLOCK: joinL60

BLOCK: joinL57

BLOCK: joinL54

BLOCK: joinL51

BLOCK: StartmainL62

BLOCK: BasicL63
p902 : p902 = p2.rotate90(), 
p1 : p1 = new PolarPoint(3.1622777, 71.565, ), 
p90 : p90 = p.rotate90(), 
p2 : p2 = new PolarPoint(-5.0, -45.0, ), 
p903 : p903 = p3.rotate90(), 
p901 : p901 = p1.rotate90(), 
p3 : p3 = new PolarPoint(0.0, -405.0, ), 
p : p = new PolarPoint(2.828427, 45.0, ), 

BLOCK: Startconstructor1L65
this.y : this.y = 0.0, 
this.x : this.x = 0.0, 

BLOCK: BasicL66
this.y : this.y = y_coord, 
this.x : this.x = x_coord, 

BLOCK: StartxCoordinateL68
this.x : this.x = 0.0, 
this.y : this.y = 0.0, 

BLOCK: BasicL69
this.x : this.x = 0.0, 
this.y : this.y = 0.0, 

BLOCK: StartyCoordinateL71
this.y : this.y = 0.0, 
this.x : this.x = 0.0, 

BLOCK: BasicL72
this.y : this.y = 0.0, 
this.x : this.x = 0.0, 

BLOCK: StartradiusL74
this.x : this.x = 0.0, 
this.y : this.y = 0.0, 

BLOCK: BasicL75
this.x : this.x = 0.0, 
this.y : this.y = 0.0, 

BLOCK: StartangleL77
this.x : this.x = 0.0, 
this.y : this.y = 0.0, 

BLOCK: BasicL78
this.x : this.x = 0.0, 
this.y : this.y = 0.0, 

BLOCK: Startrotate90L80
this.x : this.x = 0.0, 
this.y : this.y = 0.0, 

BLOCK: BasicL81
this.x : this.x = 0.0, 
p : p = new CartesianPoint(-this.y, this.x, ), 
this.y : this.y = 0.0, 

BLOCK: StartmainL83

BLOCK: BasicL84
p902 : p902 = p2.rotate90(), 
p1 : p1 = new CartesianPoint(1.0, 3.0, ), 
p901 : p901 = p1.rotate90(), 
p : p = new CartesianPoint(2.0, 2.0, ), 
p90 : p90 = p.rotate90(), 
p2 : p2 = new CartesianPoint(0.0, 0.0, ), 

BLOCK: Startconstructor1L0
this.a : this.a = 0.0, 
this.r : this.r = 0.0, 

BLOCK: Startconstructor1L0
this.a : this.a = 0.0, 
this.r : this.r = 0.0, 

BLOCK: BasicL1
this.a : this.a = angle, 
this.r : this.r = radius, 

BLOCK: StartxCoordinateL3
this.a : this.a = 0.0, 
this.r : this.r = 0.0, 

BLOCK: StartxCoordinateL3
this.a : this.a = 0.0, 
this.r : this.r = 0.0, 

BLOCK: BasicL4
this.a : this.a = 0.0, 
this.r : this.r = 0.0, 

BLOCK: StartyCoordinateL6
this.r : this.r = 0.0, 
this.a : this.a = 0.0, 

BLOCK: StartyCoordinateL6
this.r : this.r = 0.0, 
this.a : this.a = 0.0, 

BLOCK: BasicL7
this.r : this.r = 0.0, 
this.a : this.a = 0.0, 

BLOCK: StartradiusL9
this.r : this.r = 0.0, 
this.a : this.a = 0.0, 

BLOCK: StartradiusL9
this.r : this.r = 0.0, 
this.a : this.a = 0.0, 

BLOCK: BasicL10
this.r : this.r = 0.0, 
this.a : this.a = 0.0, 

BLOCK: trueL12
this.r : this.r = 0.0, 
this.a : this.a = this.a + 180.0, 

BLOCK: falseL14
this.r : this.r = 0.0, 
this.a : this.a = 0.0, 

BLOCK: joinL13
this.r : this.r = 0.0, 
this.a : this.a = this.a + 180.0, this.a = 0.0, 

BLOCK: StartangleL15
this.r : this.r = 0.0, 
this.a : this.a = 0.0, 

BLOCK: StartangleL15
this.r : this.r = 0.0, 
this.a : this.a = 0.0, 

BLOCK: BasicL16
this.r : this.r = 0.0, 
this.a : this.a = 0.0, 

BLOCK: LoopL18
this.r : this.r = 0.0, 
this.a : this.a = this.a + 360.0, 

BLOCK: BasicL19
this.r : this.r = 0.0, 
this.a : this.a = 0.0, this.a = this.a + 360.0, 

BLOCK: Startrotate90L20
this.a : this.a = 0.0, 
this.r : this.r = 0.0, 

BLOCK: Startrotate90L20
this.a : this.a = 0.0, 
this.r : this.r = 0.0, 

BLOCK: BasicL21
p : p = new PolarPoint(this.r, this.a + 90.0, ), 
this.a : this.a = 0.0, 
this.r : this.r = 0.0, 

BLOCK: StartmainL23

BLOCK: StartmainL23

BLOCK: BasicL24
type1 : type1 = in.nextInt(), 
p2 : p2 = new CartesianPoint(0.0, 0.0, ), 
p1 : p1 = new CartesianPoint(0.0, 0.0, ), 
in : in = new Scanner(System.in, ), 

BLOCK: trueL26
type1 : type1 = in.nextInt(), 
p2 : p2 = new CartesianPoint(0.0, 0.0, ), 
p1 : p1 = new CartesianPoint(0.0, 0.0, ), 
in : in = new Scanner(System.in, ), 

BLOCK: trueL28
x1 : x1 = in.nextDouble(), 
y1 : y1 = in.nextDouble(), 
type1 : type1 = in.nextInt(), 
p2 : p2 = new CartesianPoint(0.0, 0.0, ), 
p1 : p1 = new CartesianPoint(x1, y1, ), 
in : in = new Scanner(System.in, ), 

BLOCK: falseL30
a1 : a1 = in.nextDouble(), 
type1 : type1 = in.nextInt(), 
p2 : p2 = new CartesianPoint(0.0, 0.0, ), 
p1 : p1 = new PolarPoint(r1, a1, ), 
r1 : r1 = in.nextDouble(), 
in : in = new Scanner(System.in, ), 

BLOCK: joinL29
a1 : a1 = in.nextDouble(), 
x1 : x1 = in.nextDouble(), 
y1 : y1 = in.nextDouble(), 
type1 : type1 = in.nextInt(), 
p2 : p2 = new CartesianPoint(0.0, 0.0, ), 
p1 : p1 = new PolarPoint(r1, a1, ), p1 = new CartesianPoint(x1, y1, ), 
in : in = new Scanner(System.in, ), 
r1 : r1 = in.nextDouble(), 

BLOCK: falseL31
type1 : type1 = in.nextInt(), 
p2 : p2 = new CartesianPoint(0.0, 0.0, ), 
p1 : p1 = new CartesianPoint(0.0, 0.0, ), 
in : in = new Scanner(System.in, ), 

BLOCK: joinL27
type2 : type2 = in.nextInt(), 
a1 : a1 = in.nextDouble(), 
x1 : x1 = in.nextDouble(), 
y1 : y1 = in.nextDouble(), 
type1 : type1 = in.nextInt(), 
p2 : p2 = new CartesianPoint(0.0, 0.0, ), 
p1 : p1 = new PolarPoint(r1, a1, ), p1 = new CartesianPoint(0.0, 0.0, ), p1 = new CartesianPoint(x1, y1, ), 
in : in = new Scanner(System.in, ), 
r1 : r1 = in.nextDouble(), 

BLOCK: trueL32
type2 : type2 = in.nextInt(), 
a1 : a1 = in.nextDouble(), 
x1 : x1 = in.nextDouble(), 
y1 : y1 = in.nextDouble(), 
type1 : type1 = in.nextInt(), 
p2 : p2 = new CartesianPoint(0.0, 0.0, ), 
p1 : p1 = new PolarPoint(r1, a1, ), p1 = new CartesianPoint(0.0, 0.0, ), p1 = new CartesianPoint(x1, y1, ), 
in : in = new Scanner(System.in, ), 
r1 : r1 = in.nextDouble(), 

BLOCK: trueL34
y2 : y2 = in.nextDouble(), 
x2 : x2 = in.nextDouble(), 
type2 : type2 = in.nextInt(), 
a1 : a1 = in.nextDouble(), 
x1 : x1 = in.nextDouble(), 
y1 : y1 = in.nextDouble(), 
type1 : type1 = in.nextInt(), 
p2 : p2 = new CartesianPoint(x2, y2, ), 
p1 : p1 = new PolarPoint(r1, a1, ), p1 = new CartesianPoint(0.0, 0.0, ), p1 = new CartesianPoint(x1, y1, ), 
in : in = new Scanner(System.in, ), 
r1 : r1 = in.nextDouble(), 

BLOCK: falseL36
type2 : type2 = in.nextInt(), 
r2 : r2 = in.nextDouble(), 
a1 : a1 = in.nextDouble(), 
a2 : a2 = in.nextDouble(), 
x1 : x1 = in.nextDouble(), 
y1 : y1 = in.nextDouble(), 
type1 : type1 = in.nextInt(), 
p2 : p2 = new PolarPoint(r2, a2, ), 
p1 : p1 = new PolarPoint(r1, a1, ), p1 = new CartesianPoint(0.0, 0.0, ), p1 = new CartesianPoint(x1, y1, ), 
in : in = new Scanner(System.in, ), 
r1 : r1 = in.nextDouble(), 

BLOCK: joinL35
a1 : a1 = in.nextDouble(), 
r2 : r2 = in.nextDouble(), 
y1 : y1 = in.nextDouble(), 
type1 : type1 = in.nextInt(), 
in : in = new Scanner(System.in, ), 
y2 : y2 = in.nextDouble(), 
x2 : x2 = in.nextDouble(), 
type2 : type2 = in.nextInt(), 
x1 : x1 = in.nextDouble(), 
a2 : a2 = in.nextDouble(), 
p2 : p2 = new PolarPoint(r2, a2, ), p2 = new CartesianPoint(x2, y2, ), 
p1 : p1 = new PolarPoint(r1, a1, ), p1 = new CartesianPoint(0.0, 0.0, ), p1 = new CartesianPoint(x1, y1, ), 
r1 : r1 = in.nextDouble(), 

BLOCK: falseL37
type2 : type2 = in.nextInt(), 
a1 : a1 = in.nextDouble(), 
x1 : x1 = in.nextDouble(), 
y1 : y1 = in.nextDouble(), 
type1 : type1 = in.nextInt(), 
p2 : p2 = new CartesianPoint(0.0, 0.0, ), 
p1 : p1 = new PolarPoint(r1, a1, ), p1 = new CartesianPoint(0.0, 0.0, ), p1 = new CartesianPoint(x1, y1, ), 
in : in = new Scanner(System.in, ), 
r1 : r1 = in.nextDouble(), 

BLOCK: joinL33
a1 : a1 = in.nextDouble(), 
r2 : r2 = in.nextDouble(), 
y1 : y1 = in.nextDouble(), 
type1 : type1 = in.nextInt(), 
in : in = new Scanner(System.in, ), 
y2 : y2 = in.nextDouble(), 
x2 : x2 = in.nextDouble(), 
type2 : type2 = in.nextInt(), 
x1 : x1 = in.nextDouble(), 
a2 : a2 = in.nextDouble(), 
distance : distance = distanceBetween(p1, p2, ), 
p2 : p2 = new PolarPoint(r2, a2, ), p2 = new CartesianPoint(0.0, 0.0, ), p2 = new CartesianPoint(x2, y2, ), 
p1 : p1 = new PolarPoint(r1, a1, ), p1 = new CartesianPoint(0.0, 0.0, ), p1 = new CartesianPoint(x1, y1, ), 
r1 : r1 = in.nextDouble(), 

BLOCK: trueL38
a1 : a1 = in.nextDouble(), 
r2 : r2 = in.nextDouble(), 
y1 : y1 = in.nextDouble(), 
type1 : type1 = in.nextInt(), 
in : in = new Scanner(System.in, ), 
y2 : y2 = in.nextDouble(), 
x2 : x2 = in.nextDouble(), 
type2 : type2 = in.nextInt(), 
x1 : x1 = in.nextDouble(), 
a2 : a2 = in.nextDouble(), 
distance : distance = distanceBetween(p1, p2, ), 
p2 : p2 = new PolarPoint(r2, a2, ), p2 = new CartesianPoint(0.0, 0.0, ), p2 = new CartesianPoint(x2, y2, ), 
p1 : p1 = new PolarPoint(r1, a1, ), p1 = new CartesianPoint(0.0, 0.0, ), p1 = new CartesianPoint(x1, y1, ), 
r1 : r1 = in.nextDouble(), 

BLOCK: falseL40
a1 : a1 = in.nextDouble(), 
r2 : r2 = in.nextDouble(), 
y1 : y1 = in.nextDouble(), 
type1 : type1 = in.nextInt(), 
in : in = new Scanner(System.in, ), 
y2 : y2 = in.nextDouble(), 
x2 : x2 = in.nextDouble(), 
type2 : type2 = in.nextInt(), 
x1 : x1 = in.nextDouble(), 
a2 : a2 = in.nextDouble(), 
distance : distance = distanceBetween(p1, p2, ), 
p2 : p2 = new PolarPoint(r2, a2, ), p2 = new CartesianPoint(0.0, 0.0, ), p2 = new CartesianPoint(x2, y2, ), 
p1 : p1 = new PolarPoint(r1, a1, ), p1 = new CartesianPoint(0.0, 0.0, ), p1 = new CartesianPoint(x1, y1, ), 
r1 : r1 = in.nextDouble(), 

BLOCK: joinL39
a1 : a1 = in.nextDouble(), 
r2 : r2 = in.nextDouble(), 
y1 : y1 = in.nextDouble(), 
type1 : type1 = in.nextInt(), 
in : in = new Scanner(System.in, ), 
y2 : y2 = in.nextDouble(), 
x2 : x2 = in.nextDouble(), 
type2 : type2 = in.nextInt(), 
x1 : x1 = in.nextDouble(), 
a2 : a2 = in.nextDouble(), 
distance : distance = distanceBetween(p1, p2, ), 
p2 : p2 = new PolarPoint(r2, a2, ), p2 = new CartesianPoint(0.0, 0.0, ), p2 = new CartesianPoint(x2, y2, ), 
p1 : p1 = new PolarPoint(r1, a1, ), p1 = new CartesianPoint(0.0, 0.0, ), p1 = new CartesianPoint(x1, y1, ), 
r1 : r1 = in.nextDouble(), 

BLOCK: StartdistanceBetweenL41

BLOCK: StartdistanceBetweenL41

BLOCK: BasicL42

BLOCK: trueL44

BLOCK: falseL46

BLOCK: joinL45

BLOCK: StartsameQuadrantL47

BLOCK: StartsameQuadrantL47

BLOCK: BasicL48

BLOCK: trueL50

BLOCK: falseL52

BLOCK: trueL53

BLOCK: falseL55

BLOCK: trueL56

BLOCK: falseL58

BLOCK: trueL59

BLOCK: falseL61

BLOCK: joinL60

BLOCK: joinL57

BLOCK: joinL54

BLOCK: joinL51

BLOCK: StartmainL62

BLOCK: StartmainL62

BLOCK: BasicL63
p902 : p902 = p2.rotate90(), 
p1 : p1 = new PolarPoint(3.1622777, 71.565, ), 
p90 : p90 = p.rotate90(), 
p2 : p2 = new PolarPoint(-5.0, -45.0, ), 
p903 : p903 = p3.rotate90(), 
p901 : p901 = p1.rotate90(), 
p3 : p3 = new PolarPoint(0.0, -405.0, ), 
p : p = new PolarPoint(2.828427, 45.0, ), 

BLOCK: Startconstructor1L65
this.y : this.y = 0.0, 
this.x : this.x = 0.0, 

BLOCK: Startconstructor1L65
this.y : this.y = 0.0, 
this.x : this.x = 0.0, 

BLOCK: BasicL66
this.y : this.y = y_coord, 
this.x : this.x = x_coord, 

BLOCK: StartxCoordinateL68
this.x : this.x = 0.0, 
this.y : this.y = 0.0, 

BLOCK: StartxCoordinateL68
this.x : this.x = 0.0, 
this.y : this.y = 0.0, 

BLOCK: BasicL69
this.x : this.x = 0.0, 
this.y : this.y = 0.0, 

BLOCK: StartyCoordinateL71
this.y : this.y = 0.0, 
this.x : this.x = 0.0, 

BLOCK: StartyCoordinateL71
this.y : this.y = 0.0, 
this.x : this.x = 0.0, 

BLOCK: BasicL72
this.y : this.y = 0.0, 
this.x : this.x = 0.0, 

BLOCK: StartradiusL74
this.x : this.x = 0.0, 
this.y : this.y = 0.0, 

BLOCK: StartradiusL74
this.x : this.x = 0.0, 
this.y : this.y = 0.0, 

BLOCK: BasicL75
this.x : this.x = 0.0, 
this.y : this.y = 0.0, 

BLOCK: StartangleL77
this.x : this.x = 0.0, 
this.y : this.y = 0.0, 

BLOCK: StartangleL77
this.x : this.x = 0.0, 
this.y : this.y = 0.0, 

BLOCK: BasicL78
this.x : this.x = 0.0, 
this.y : this.y = 0.0, 

BLOCK: Startrotate90L80
this.x : this.x = 0.0, 
this.y : this.y = 0.0, 

BLOCK: Startrotate90L80
this.x : this.x = 0.0, 
this.y : this.y = 0.0, 

BLOCK: BasicL81
this.x : this.x = 0.0, 
p : p = new CartesianPoint(-this.y, this.x, ), 
this.y : this.y = 0.0, 

BLOCK: StartmainL83

BLOCK: StartmainL83

BLOCK: BasicL84
p902 : p902 = p2.rotate90(), 
p1 : p1 = new CartesianPoint(1.0, 3.0, ), 
p901 : p901 = p1.rotate90(), 
p : p = new CartesianPoint(2.0, 2.0, ), 
p90 : p90 = p.rotate90(), 
p2 : p2 = new CartesianPoint(0.0, 0.0, ), 

Unfiltered: 1440
Filtered: 1


Duplicate found: 102_Code/102_hw1/dir29/PointRelation.java lines [9, 54] and 102_Code/102_hw1/dir29/PointRelation.java lines [8, 53]
102_Code/102_hw1/dir29/PointRelation.java ----------
9 :	p2 = new CartesianPoint(0.0, 0.0, )
19 :	y1 = in.nextDouble()
43 :	x2 = in.nextDouble()
45 :	y2 = in.nextDouble()
51 :	r2 = in.nextDouble()
53 :	a2 = in.nextDouble()
54 :	p2 = new PolarPoint(r2, a2, )
102_Code/102_hw1/dir29/PointRelation.java ----------
8 :	p1 = new CartesianPoint(0.0, 0.0, )
27 :	a1 = in.nextDouble()
53 :	a2 = in.nextDouble()
25 :	r1 = in.nextDouble()
17 :	x1 = in.nextDouble()
19 :	y1 = in.nextDouble()
20 :	p1 = new CartesianPoint(x1, y1, )
===========================



[INFO] ------------------------------------------------------------------------
[INFO] BUILD SUCCESS
[INFO] ------------------------------------------------------------------------
[INFO] Total time: 14.975 s
[INFO] Finished at: 2019-05-06T19:54:00-07:00
[INFO] Final Memory: 25M/1435M
[INFO] ------------------------------------------------------------------------
