[INFO] Scanning for projects...
[WARNING] 
[WARNING] Some problems were encountered while building the effective model for thesis:thesis:jar:1.0-SNAPSHOT
[WARNING] 'dependencies.dependency.version' for org.junit.jupiter:junit-jupiter-api:jar is either LATEST or RELEASE (both of them are being deprecated) @ line 25, column 22
[WARNING] 
[WARNING] It is highly recommended to fix these problems because they threaten the stability of your build.
[WARNING] 
[WARNING] For this reason, future Maven versions might no longer support building such malformed projects.
[WARNING] 
[INFO] 
[INFO] ------------------------------------------------------------------------
[INFO] Building thesis 1.0-SNAPSHOT
[INFO] ------------------------------------------------------------------------
[INFO] 
[INFO] >>> exec-maven-plugin:1.2.1:java (default-cli) > validate @ thesis >>>
[INFO] 
[INFO] <<< exec-maven-plugin:1.2.1:java (default-cli) < validate @ thesis <<<
[INFO] 
[INFO] 
[INFO] --- exec-maven-plugin:1.2.1:java (default-cli) @ thesis ---
BLOCK: Startconstructor1L0
this.y : this.y = 0.0, 
this.a : this.a = 0.0, 
this.x : this.x = 0.0, 
this.r : this.r = 0.0, 

BLOCK: BasicL1
this.y : this.y = 0.0, 
this.a : this.a = angle, 
this.x : this.x = 0.0, 
this.r : this.r = radius, 

BLOCK: LoopL3
this.y : this.y = 0.0, 
this.a : this.a = this.a + 2 * Math.PI, 
this.x : this.x = 0.0, 
this.r : this.r = radius, 

BLOCK: BasicL4
this.y : this.y = 0.0, 
this.a : this.a = angle, this.a = this.a + 2 * Math.PI, 
this.x : this.x = 0.0, 
this.r : this.r = radius, 

BLOCK: StartradiusL5
this.r : this.r = 0.0, 
this.y : this.y = 0.0, 
this.a : this.a = 0.0, 
this.x : this.x = 0.0, 

BLOCK: BasicL6
this.r : this.r = 0.0, 
this.y : this.y = 0.0, 
this.a : this.a = 0.0, 
this.x : this.x = 0.0, 

BLOCK: trueL8
this.r : this.r = 0.0, 
this.y : this.y = 0.0, 
this.a : this.a = 0.0, 
this.x : this.x = 0.0, 

BLOCK: joinL9
this.r : this.r = 0.0, 
this.y : this.y = 0.0, 
this.a : this.a = 0.0, 
this.x : this.x = 0.0, 

BLOCK: trueL10
this.r : this.r = 0.0, 
this.y : this.y = 0.0, 
this.a : this.a = 0.0, 
this.x : this.x = 0.0, 

BLOCK: joinL11
this.r : this.r = 0.0, 
this.y : this.y = 0.0, 
this.a : this.a = 0.0, 
this.x : this.x = 0.0, 

BLOCK: StartangleL12
this.r : this.r = 0.0, 
this.x : this.x = 0.0, 
this.a : this.a = 0.0, 
this.y : this.y = 0.0, 

BLOCK: BasicL13
this.r : this.r = 0.0, 
this.x : this.x = 0.0, 
this.a : this.a = 0.0, 
this.y : this.y = 0.0, 

BLOCK: StartxCoordinateL15
this.y : this.y = 0.0, 
this.r : this.r = 0.0, 
this.x : this.x = 0.0, 
this.a : this.a = 0.0, 

BLOCK: BasicL16
this.y : this.y = 0.0, 
this.r : this.r = 0.0, 
this.x : this.x = 0.0, 
this.a : this.a = 0.0, 

BLOCK: StartyCoordinateL18
this.r : this.r = 0.0, 
this.x : this.x = 0.0, 
this.a : this.a = 0.0, 
this.y : this.y = 0.0, 

BLOCK: BasicL19
this.r : this.r = 0.0, 
this.x : this.x = 0.0, 
this.a : this.a = 0.0, 
this.y : this.y = 0.0, 

BLOCK: Startrotate90L21
this.a : this.a = 0.0, 
this.r : this.r = 0.0, 
this.x : this.x = 0.0, 
this.y : this.y = 0.0, 

BLOCK: BasicL22
this.a : this.a = 0.0, 
this.r : this.r = 0.0, 
this.x : this.x = 0.0, 
this.y : this.y = 0.0, 
b : b = new PolarPoint(this.r, this.a + Math.PI / 2, ), 

BLOCK: StartdistanceL24

BLOCK: BasicL25

BLOCK: StartsameQuadrantL27

BLOCK: BasicL28

BLOCK: trueL30

BLOCK: falseL32

BLOCK: trueL33

BLOCK: falseL35

BLOCK: trueL36

BLOCK: falseL38

BLOCK: trueL39

BLOCK: joinL40

BLOCK: joinL37

BLOCK: joinL34

BLOCK: joinL31

BLOCK: StartmainL41

BLOCK: BasicL42
a2 : a2 = 0.0, 
store2 : store2 = null, 
a : a = 0.0, 
dist : dist = 0.0, 
y2 : y2 = 0.0, 
r : r = 0.0, 
scan : scan = new Scanner(System.in, ), 
i : i = scan.nextInt(), 
x2 : x2 = 0.0, 
y : y = 0.0, 
r2 : r2 = 0.0, 
store : store = null, 
x : x = 0.0, 

BLOCK: trueL44
a2 : a2 = 0.0, 
store2 : store2 = null, 
a : a = 0.0, 
dist : dist = 0.0, 
y2 : y2 = 0.0, 
r : r = 0.0, 
scan : scan = new Scanner(System.in, ), 
i : i = scan.nextInt(), 
x2 : x2 = 0.0, 
y : y = 0.0, 
r2 : r2 = 0.0, 
store : store = null, 
x : x = 0.0, 

BLOCK: trueL46
a2 : a2 = 0.0, 
store2 : store2 = null, 
a : a = 0.0, 
dist : dist = 0.0, 
y2 : y2 = 0.0, 
r : r = 0.0, 
scan : scan = new Scanner(System.in, ), 
i : i = scan.nextInt(), 
x2 : x2 = 0.0, 
y : y = 0.0, 
r2 : r2 = 0.0, 
x : x = 0, 
store : store = null, 

BLOCK: falseL48
a2 : a2 = 0.0, 
store2 : store2 = null, 
a : a = 0.0, 
dist : dist = 0.0, 
y2 : y2 = 0.0, 
r : r = 0.0, 
scan : scan = new Scanner(System.in, ), 
i : i = scan.nextInt(), 
x2 : x2 = 0.0, 
y : y = 0.0, 
r2 : r2 = 0.0, 
x : x = scan.nextDouble(), 
store : store = null, 

BLOCK: joinL47
a2 : a2 = 0.0, 
store2 : store2 = null, 
a : a = 0.0, 
dist : dist = 0.0, 
y2 : y2 = 0.0, 
r : r = 0.0, 
scan : scan = new Scanner(System.in, ), 
i : i = scan.nextInt(), 
x2 : x2 = 0.0, 
y : y = 0.0, 
r2 : r2 = 0.0, 
x : x = scan.nextDouble(), x = 0, 
store : store = null, 

BLOCK: trueL49
a2 : a2 = 0.0, 
store2 : store2 = null, 
a : a = 0.0, 
dist : dist = 0.0, 
y2 : y2 = 0.0, 
r : r = 0.0, 
scan : scan = new Scanner(System.in, ), 
i : i = scan.nextInt(), 
x2 : x2 = 0.0, 
y : y = 0, 
r2 : r2 = 0.0, 
x : x = scan.nextDouble(), x = 0, 
store : store = null, 

BLOCK: falseL51
a2 : a2 = 0.0, 
store2 : store2 = null, 
a : a = 0.0, 
dist : dist = 0.0, 
y2 : y2 = 0.0, 
r : r = 0.0, 
scan : scan = new Scanner(System.in, ), 
i : i = scan.nextInt(), 
x2 : x2 = 0.0, 
y : y = scan.nextInt(), 
r2 : r2 = 0.0, 
x : x = scan.nextDouble(), x = 0, 
store : store = null, 

BLOCK: joinL50
a2 : a2 = 0.0, 
store2 : store2 = null, 
a : a = 0.0, 
dist : dist = 0.0, 
y2 : y2 = 0.0, 
r : r = 0.0, 
scan : scan = new Scanner(System.in, ), 
i : i = scan.nextInt(), 
x2 : x2 = 0.0, 
y : y = scan.nextInt(), y = 0, 
r2 : r2 = 0.0, 
store : store = new CartesianPoint(x, y, ), 
x : x = scan.nextDouble(), x = 0, 

BLOCK: falseL52
a2 : a2 = 0.0, 
store2 : store2 = null, 
a : a = 0.0, 
dist : dist = 0.0, 
y2 : y2 = 0.0, 
r : r = 0.0, 
scan : scan = new Scanner(System.in, ), 
i : i = scan.nextInt(), 
x2 : x2 = 0.0, 
y : y = 0.0, 
r2 : r2 = 0.0, 
store : store = null, 
x : x = 0.0, 

BLOCK: trueL53
a2 : a2 = 0.0, 
store2 : store2 = null, 
a : a = 0.0, 
dist : dist = 0.0, 
y2 : y2 = 0.0, 
r : r = 0.0, 
scan : scan = new Scanner(System.in, ), 
i : i = scan.nextInt(), 
x2 : x2 = 0.0, 
y : y = 0.0, 
r2 : r2 = 0.0, 
store : store = null, 
x : x = 0.0, 

BLOCK: trueL55
a2 : a2 = 0.0, 
r : r = 0, 
store2 : store2 = null, 
a : a = 0.0, 
dist : dist = 0.0, 
y2 : y2 = 0.0, 
scan : scan = new Scanner(System.in, ), 
i : i = scan.nextInt(), 
x2 : x2 = 0.0, 
y : y = 0.0, 
r2 : r2 = 0.0, 
store : store = null, 
x : x = 0.0, 

BLOCK: falseL57
a2 : a2 = 0.0, 
r : r = scan.nextDouble(), 
store2 : store2 = null, 
a : a = 0.0, 
dist : dist = 0.0, 
y2 : y2 = 0.0, 
scan : scan = new Scanner(System.in, ), 
i : i = scan.nextInt(), 
x2 : x2 = 0.0, 
y : y = 0.0, 
r2 : r2 = 0.0, 
store : store = null, 
x : x = 0.0, 

BLOCK: joinL56
a2 : a2 = 0.0, 
r : r = 0, r = scan.nextDouble(), 
store2 : store2 = null, 
a : a = 0.0, 
dist : dist = 0.0, 
y2 : y2 = 0.0, 
scan : scan = new Scanner(System.in, ), 
i : i = scan.nextInt(), 
x2 : x2 = 0.0, 
y : y = 0.0, 
r2 : r2 = 0.0, 
store : store = null, 
x : x = 0.0, 

BLOCK: trueL58
a2 : a2 = 0.0, 
a : a = 0, 
r : r = 0, r = scan.nextDouble(), 
store2 : store2 = null, 
dist : dist = 0.0, 
y2 : y2 = 0.0, 
scan : scan = new Scanner(System.in, ), 
i : i = scan.nextInt(), 
x2 : x2 = 0.0, 
y : y = 0.0, 
r2 : r2 = 0.0, 
store : store = null, 
x : x = 0.0, 

BLOCK: falseL60
a2 : a2 = 0.0, 
a : a = scan.nextDouble() * 2 * Math.PI / 360, 
r : r = 0, r = scan.nextDouble(), 
store2 : store2 = null, 
dist : dist = 0.0, 
y2 : y2 = 0.0, 
scan : scan = new Scanner(System.in, ), 
i : i = scan.nextInt(), 
x2 : x2 = 0.0, 
y : y = 0.0, 
r2 : r2 = 0.0, 
store : store = null, 
x : x = 0.0, 

BLOCK: joinL59
a2 : a2 = 0.0, 
a : a = scan.nextDouble() * 2 * Math.PI / 360, a = 0, 
r : r = 0, r = scan.nextDouble(), 
store2 : store2 = null, 
dist : dist = 0.0, 
y2 : y2 = 0.0, 
scan : scan = new Scanner(System.in, ), 
i : i = scan.nextInt(), 
x2 : x2 = 0.0, 
y : y = 0.0, 
r2 : r2 = 0.0, 
store : store = new PolarPoint(r, a, ), 
x : x = 0.0, 

BLOCK: falseL61
a2 : a2 = 0.0, 
store2 : store2 = null, 
a : a = 0.0, 
dist : dist = 0.0, 
y2 : y2 = 0.0, 
r : r = 0.0, 
scan : scan = new Scanner(System.in, ), 
i : i = scan.nextInt(), 
x2 : x2 = 0.0, 
y : y = 0.0, 
r2 : r2 = 0.0, 
store : store = null, 
x : x = 0.0, 

BLOCK: joinL54
a2 : a2 = 0.0, 
a : a = scan.nextDouble() * 2 * Math.PI / 360, a = 0, a = 0.0, 
r : r = 0.0, r = 0, r = scan.nextDouble(), 
store2 : store2 = null, 
dist : dist = 0.0, 
y2 : y2 = 0.0, 
scan : scan = new Scanner(System.in, ), 
i : i = scan.nextInt(), 
x2 : x2 = 0.0, 
y : y = 0.0, 
r2 : r2 = 0.0, 
store : store = new PolarPoint(r, a, ), store = null, 
x : x = 0.0, 

BLOCK: joinL45
a2 : a2 = 0.0, 
store2 : store2 = null, 
a : a = scan.nextDouble() * 2 * Math.PI / 360, a = 0, a = 0.0, 
dist : dist = 0.0, 
y2 : y2 = 0.0, 
r : r = 0.0, r = 0, r = scan.nextDouble(), 
scan : scan = new Scanner(System.in, ), 
i : i = scan.nextInt(), 
x2 : x2 = 0.0, 
y : y = scan.nextInt(), y = 0, y = 0.0, 
r2 : r2 = 0.0, 
store : store = new PolarPoint(r, a, ), store = new CartesianPoint(x, y, ), store = null, 
x : x = scan.nextDouble(), x = 0, x = 0.0, 

BLOCK: trueL62
a2 : a2 = 0.0, 
store2 : store2 = null, 
a : a = scan.nextDouble() * 2 * Math.PI / 360, a = 0, a = 0.0, 
dist : dist = 0.0, 
y2 : y2 = 0.0, 
r : r = 0.0, r = 0, r = scan.nextDouble(), 
scan : scan = new Scanner(System.in, ), 
i : i = scan.nextInt(), 
x2 : x2 = 0.0, 
y : y = scan.nextInt(), y = 0, y = 0.0, 
r2 : r2 = 0.0, 
store : store = new PolarPoint(r, a, ), store = new CartesianPoint(x, y, ), store = null, 
x : x = scan.nextDouble(), x = 0, x = 0.0, 

BLOCK: trueL64
a2 : a2 = 0.0, 
store2 : store2 = null, 
a : a = scan.nextDouble() * 2 * Math.PI / 360, a = 0, a = 0.0, 
dist : dist = 0.0, 
y2 : y2 = 0.0, 
r : r = 0.0, r = 0, r = scan.nextDouble(), 
scan : scan = new Scanner(System.in, ), 
i : i = scan.nextInt(), 
x2 : x2 = 0, 
y : y = scan.nextInt(), y = 0, y = 0.0, 
r2 : r2 = 0.0, 
store : store = new PolarPoint(r, a, ), store = new CartesianPoint(x, y, ), store = null, 
x : x = scan.nextDouble(), x = 0, x = 0.0, 

BLOCK: falseL66
a2 : a2 = 0.0, 
store2 : store2 = null, 
a : a = scan.nextDouble() * 2 * Math.PI / 360, a = 0, a = 0.0, 
dist : dist = 0.0, 
y2 : y2 = 0.0, 
r : r = 0.0, r = 0, r = scan.nextDouble(), 
scan : scan = new Scanner(System.in, ), 
i : i = scan.nextInt(), 
x2 : x2 = scan.nextDouble(), 
y : y = scan.nextInt(), y = 0, y = 0.0, 
r2 : r2 = 0.0, 
store : store = new PolarPoint(r, a, ), store = new CartesianPoint(x, y, ), store = null, 
x : x = scan.nextDouble(), x = 0, x = 0.0, 

BLOCK: joinL65
a2 : a2 = 0.0, 
store2 : store2 = null, 
a : a = scan.nextDouble() * 2 * Math.PI / 360, a = 0, a = 0.0, 
dist : dist = 0.0, 
y2 : y2 = 0.0, 
r : r = 0.0, r = 0, r = scan.nextDouble(), 
scan : scan = new Scanner(System.in, ), 
i : i = scan.nextInt(), 
x2 : x2 = 0, x2 = scan.nextDouble(), 
y : y = scan.nextInt(), y = 0, y = 0.0, 
r2 : r2 = 0.0, 
store : store = new PolarPoint(r, a, ), store = new CartesianPoint(x, y, ), store = null, 
x : x = scan.nextDouble(), x = 0, x = 0.0, 

BLOCK: trueL67
a2 : a2 = 0.0, 
y2 : y2 = 0, 
store2 : store2 = null, 
a : a = scan.nextDouble() * 2 * Math.PI / 360, a = 0, a = 0.0, 
dist : dist = 0.0, 
r : r = 0.0, r = 0, r = scan.nextDouble(), 
scan : scan = new Scanner(System.in, ), 
i : i = scan.nextInt(), 
x2 : x2 = 0, x2 = scan.nextDouble(), 
y : y = scan.nextInt(), y = 0, y = 0.0, 
r2 : r2 = 0.0, 
store : store = new PolarPoint(r, a, ), store = new CartesianPoint(x, y, ), store = null, 
x : x = scan.nextDouble(), x = 0, x = 0.0, 

BLOCK: falseL69
a2 : a2 = 0.0, 
y2 : y2 = scan.nextDouble(), 
store2 : store2 = null, 
a : a = scan.nextDouble() * 2 * Math.PI / 360, a = 0, a = 0.0, 
dist : dist = 0.0, 
r : r = 0.0, r = 0, r = scan.nextDouble(), 
scan : scan = new Scanner(System.in, ), 
i : i = scan.nextInt(), 
x2 : x2 = 0, x2 = scan.nextDouble(), 
y : y = scan.nextInt(), y = 0, y = 0.0, 
r2 : r2 = 0.0, 
store : store = new PolarPoint(r, a, ), store = new CartesianPoint(x, y, ), store = null, 
x : x = scan.nextDouble(), x = 0, x = 0.0, 

BLOCK: joinL68
a2 : a2 = 0.0, 
store2 : store2 = new CartesianPoint(x2, y2, ), 
y2 : y2 = scan.nextDouble(), y2 = 0, 
a : a = scan.nextDouble() * 2 * Math.PI / 360, a = 0, a = 0.0, 
dist : dist = 0.0, 
r : r = 0.0, r = 0, r = scan.nextDouble(), 
scan : scan = new Scanner(System.in, ), 
i : i = scan.nextInt(), 
x2 : x2 = 0, x2 = scan.nextDouble(), 
y : y = scan.nextInt(), y = 0, y = 0.0, 
r2 : r2 = 0.0, 
store : store = new PolarPoint(r, a, ), store = new CartesianPoint(x, y, ), store = null, 
x : x = scan.nextDouble(), x = 0, x = 0.0, 

BLOCK: falseL70
a2 : a2 = 0.0, 
store2 : store2 = null, 
a : a = scan.nextDouble() * 2 * Math.PI / 360, a = 0, a = 0.0, 
dist : dist = 0.0, 
y2 : y2 = 0.0, 
r : r = 0.0, r = 0, r = scan.nextDouble(), 
scan : scan = new Scanner(System.in, ), 
i : i = scan.nextInt(), 
x2 : x2 = 0.0, 
y : y = scan.nextInt(), y = 0, y = 0.0, 
r2 : r2 = 0.0, 
store : store = new PolarPoint(r, a, ), store = new CartesianPoint(x, y, ), store = null, 
x : x = scan.nextDouble(), x = 0, x = 0.0, 

BLOCK: trueL71
a2 : a2 = 0.0, 
store2 : store2 = null, 
a : a = scan.nextDouble() * 2 * Math.PI / 360, a = 0, a = 0.0, 
dist : dist = 0.0, 
y2 : y2 = 0.0, 
r : r = 0.0, r = 0, r = scan.nextDouble(), 
scan : scan = new Scanner(System.in, ), 
i : i = scan.nextInt(), 
x2 : x2 = 0.0, 
y : y = scan.nextInt(), y = 0, y = 0.0, 
r2 : r2 = 0.0, 
store : store = new PolarPoint(r, a, ), store = new CartesianPoint(x, y, ), store = null, 
x : x = scan.nextDouble(), x = 0, x = 0.0, 

BLOCK: trueL73
a2 : a2 = 0.0, 
store2 : store2 = null, 
a : a = scan.nextDouble() * 2 * Math.PI / 360, a = 0, a = 0.0, 
dist : dist = 0.0, 
y2 : y2 = 0.0, 
r : r = 0.0, r = 0, r = scan.nextDouble(), 
scan : scan = new Scanner(System.in, ), 
i : i = scan.nextInt(), 
x2 : x2 = 0.0, 
y : y = scan.nextInt(), y = 0, y = 0.0, 
r2 : r2 = 0, 
store : store = new PolarPoint(r, a, ), store = new CartesianPoint(x, y, ), store = null, 
x : x = scan.nextDouble(), x = 0, x = 0.0, 

BLOCK: falseL75
a2 : a2 = 0.0, 
store2 : store2 = null, 
a : a = scan.nextDouble() * 2 * Math.PI / 360, a = 0, a = 0.0, 
dist : dist = 0.0, 
y2 : y2 = 0.0, 
r : r = 0.0, r = 0, r = scan.nextDouble(), 
scan : scan = new Scanner(System.in, ), 
i : i = scan.nextInt(), 
x2 : x2 = 0.0, 
y : y = scan.nextInt(), y = 0, y = 0.0, 
r2 : r2 = scan.nextDouble(), 
store : store = new PolarPoint(r, a, ), store = new CartesianPoint(x, y, ), store = null, 
x : x = scan.nextDouble(), x = 0, x = 0.0, 

BLOCK: joinL74
a2 : a2 = 0.0, 
store2 : store2 = null, 
a : a = scan.nextDouble() * 2 * Math.PI / 360, a = 0, a = 0.0, 
dist : dist = 0.0, 
y2 : y2 = 0.0, 
r : r = 0.0, r = 0, r = scan.nextDouble(), 
scan : scan = new Scanner(System.in, ), 
i : i = scan.nextInt(), 
x2 : x2 = 0.0, 
y : y = scan.nextInt(), y = 0, y = 0.0, 
r2 : r2 = scan.nextDouble(), r2 = 0, 
store : store = new PolarPoint(r, a, ), store = new CartesianPoint(x, y, ), store = null, 
x : x = scan.nextDouble(), x = 0, x = 0.0, 

BLOCK: trueL76
a2 : a2 = 0, 
store2 : store2 = null, 
a : a = scan.nextDouble() * 2 * Math.PI / 360, a = 0, a = 0.0, 
dist : dist = 0.0, 
y2 : y2 = 0.0, 
r : r = 0.0, r = 0, r = scan.nextDouble(), 
scan : scan = new Scanner(System.in, ), 
i : i = scan.nextInt(), 
x2 : x2 = 0.0, 
y : y = scan.nextInt(), y = 0, y = 0.0, 
r2 : r2 = scan.nextDouble(), r2 = 0, 
store : store = new PolarPoint(r, a, ), store = new CartesianPoint(x, y, ), store = null, 
x : x = scan.nextDouble(), x = 0, x = 0.0, 

BLOCK: falseL78
a2 : a2 = scan.nextDouble() * 2 * Math.PI / 360, 
store2 : store2 = null, 
a : a = scan.nextDouble() * 2 * Math.PI / 360, a = 0, a = 0.0, 
dist : dist = 0.0, 
y2 : y2 = 0.0, 
r : r = 0.0, r = 0, r = scan.nextDouble(), 
scan : scan = new Scanner(System.in, ), 
i : i = scan.nextInt(), 
x2 : x2 = 0.0, 
y : y = scan.nextInt(), y = 0, y = 0.0, 
r2 : r2 = scan.nextDouble(), r2 = 0, 
store : store = new PolarPoint(r, a, ), store = new CartesianPoint(x, y, ), store = null, 
x : x = scan.nextDouble(), x = 0, x = 0.0, 

BLOCK: joinL77
a2 : a2 = 0, a2 = scan.nextDouble() * 2 * Math.PI / 360, 
store2 : store2 = new PolarPoint(r2, a2, ), 
a : a = scan.nextDouble() * 2 * Math.PI / 360, a = 0, a = 0.0, 
dist : dist = 0.0, 
y2 : y2 = 0.0, 
r : r = 0.0, r = 0, r = scan.nextDouble(), 
scan : scan = new Scanner(System.in, ), 
i : i = scan.nextInt(), 
x2 : x2 = 0.0, 
y : y = scan.nextInt(), y = 0, y = 0.0, 
r2 : r2 = scan.nextDouble(), r2 = 0, 
store : store = new PolarPoint(r, a, ), store = new CartesianPoint(x, y, ), store = null, 
x : x = scan.nextDouble(), x = 0, x = 0.0, 

BLOCK: falseL79
a2 : a2 = 0.0, 
store2 : store2 = null, 
a : a = scan.nextDouble() * 2 * Math.PI / 360, a = 0, a = 0.0, 
dist : dist = 0.0, 
y2 : y2 = 0.0, 
r : r = 0.0, r = 0, r = scan.nextDouble(), 
scan : scan = new Scanner(System.in, ), 
i : i = scan.nextInt(), 
x2 : x2 = 0.0, 
y : y = scan.nextInt(), y = 0, y = 0.0, 
r2 : r2 = 0.0, 
store : store = new PolarPoint(r, a, ), store = new CartesianPoint(x, y, ), store = null, 
x : x = scan.nextDouble(), x = 0, x = 0.0, 

BLOCK: joinL72
a2 : a2 = 0.0, a2 = 0, a2 = scan.nextDouble() * 2 * Math.PI / 360, 
store2 : store2 = new PolarPoint(r2, a2, ), store2 = null, 
a : a = scan.nextDouble() * 2 * Math.PI / 360, a = 0, a = 0.0, 
dist : dist = 0.0, 
y2 : y2 = 0.0, 
r : r = 0.0, r = 0, r = scan.nextDouble(), 
scan : scan = new Scanner(System.in, ), 
i : i = scan.nextInt(), 
x2 : x2 = 0.0, 
y : y = scan.nextInt(), y = 0, y = 0.0, 
r2 : r2 = scan.nextDouble(), r2 = 0, r2 = 0.0, 
store : store = new PolarPoint(r, a, ), store = new CartesianPoint(x, y, ), store = null, 
x : x = scan.nextDouble(), x = 0, x = 0.0, 

BLOCK: joinL63
a2 : a2 = 0.0, a2 = 0, a2 = scan.nextDouble() * 2 * Math.PI / 360, 
dist : dist = distance(store, store2, ), 
store2 : store2 = new PolarPoint(r2, a2, ), store2 = new CartesianPoint(x2, y2, ), store2 = null, 
y2 : y2 = scan.nextDouble(), y2 = 0, y2 = 0.0, 
a : a = scan.nextDouble() * 2 * Math.PI / 360, a = 0, a = 0.0, 
r : r = 0.0, r = 0, r = scan.nextDouble(), 
scan : scan = new Scanner(System.in, ), 
i : i = scan.nextInt(), 
x2 : x2 = 0, x2 = 0.0, x2 = scan.nextDouble(), 
y : y = scan.nextInt(), y = 0, y = 0.0, 
r2 : r2 = scan.nextDouble(), r2 = 0, r2 = 0.0, 
store : store = new PolarPoint(r, a, ), store = new CartesianPoint(x, y, ), store = null, 
x : x = scan.nextDouble(), x = 0, x = 0.0, 

BLOCK: trueL80
a2 : a2 = 0.0, a2 = 0, a2 = scan.nextDouble() * 2 * Math.PI / 360, 
dist : dist = distance(store, store2, ), 
store2 : store2 = new PolarPoint(r2, a2, ), store2 = new CartesianPoint(x2, y2, ), store2 = null, 
y2 : y2 = scan.nextDouble(), y2 = 0, y2 = 0.0, 
a : a = scan.nextDouble() * 2 * Math.PI / 360, a = 0, a = 0.0, 
r : r = 0.0, r = 0, r = scan.nextDouble(), 
scan : scan = new Scanner(System.in, ), 
i : i = scan.nextInt(), 
x2 : x2 = 0, x2 = 0.0, x2 = scan.nextDouble(), 
y : y = scan.nextInt(), y = 0, y = 0.0, 
r2 : r2 = scan.nextDouble(), r2 = 0, r2 = 0.0, 
store : store = new PolarPoint(r, a, ), store = new CartesianPoint(x, y, ), store = null, 
x : x = scan.nextDouble(), x = 0, x = 0.0, 

BLOCK: falseL82
a2 : a2 = 0.0, a2 = 0, a2 = scan.nextDouble() * 2 * Math.PI / 360, 
dist : dist = distance(store, store2, ), 
store2 : store2 = new PolarPoint(r2, a2, ), store2 = new CartesianPoint(x2, y2, ), store2 = null, 
y2 : y2 = scan.nextDouble(), y2 = 0, y2 = 0.0, 
a : a = scan.nextDouble() * 2 * Math.PI / 360, a = 0, a = 0.0, 
r : r = 0.0, r = 0, r = scan.nextDouble(), 
scan : scan = new Scanner(System.in, ), 
i : i = scan.nextInt(), 
x2 : x2 = 0, x2 = 0.0, x2 = scan.nextDouble(), 
y : y = scan.nextInt(), y = 0, y = 0.0, 
r2 : r2 = scan.nextDouble(), r2 = 0, r2 = 0.0, 
store : store = new PolarPoint(r, a, ), store = new CartesianPoint(x, y, ), store = null, 
x : x = scan.nextDouble(), x = 0, x = 0.0, 

BLOCK: joinL81
a2 : a2 = 0.0, a2 = 0, a2 = scan.nextDouble() * 2 * Math.PI / 360, 
dist : dist = distance(store, store2, ), 
store2 : store2 = new PolarPoint(r2, a2, ), store2 = new CartesianPoint(x2, y2, ), store2 = null, 
y2 : y2 = scan.nextDouble(), y2 = 0, y2 = 0.0, 
a : a = scan.nextDouble() * 2 * Math.PI / 360, a = 0, a = 0.0, 
r : r = 0.0, r = 0, r = scan.nextDouble(), 
scan : scan = new Scanner(System.in, ), 
i : i = scan.nextInt(), 
x2 : x2 = 0, x2 = 0.0, x2 = scan.nextDouble(), 
y : y = scan.nextInt(), y = 0, y = 0.0, 
r2 : r2 = scan.nextDouble(), r2 = 0, r2 = 0.0, 
store : store = new PolarPoint(r, a, ), store = new CartesianPoint(x, y, ), store = null, 
x : x = scan.nextDouble(), x = 0, x = 0.0, 

BLOCK: StartmainL83

BLOCK: BasicL84
c : c = new PolarPoint(5.0, 4.63, ), 
a : a = new PolarPoint(5.0, 0.6435, ), 
b : b = new PolarPoint(5.0, 5.0, ), 

BLOCK: Startconstructor1L86
this.y : this.y = 0.0, 
this.x : this.x = 0.0, 
this.r : this.r = 0.0, 
this.a : this.a = 0.0, 

BLOCK: BasicL87
this.y : this.y = y_coord, 
this.x : this.x = x_coord, 
this.r : this.r = 0.0, 
this.a : this.a = 0.0, 

BLOCK: StartxCoordinateL89
this.x : this.x = 0.0, 
this.y : this.y = 0.0, 
this.a : this.a = 0.0, 
this.r : this.r = 0.0, 

BLOCK: BasicL90
this.x : this.x = 0.0, 
this.y : this.y = 0.0, 
this.a : this.a = 0.0, 
this.r : this.r = 0.0, 

BLOCK: StartyCoordinateL92
this.a : this.a = 0.0, 
this.x : this.x = 0.0, 
this.r : this.r = 0.0, 
this.y : this.y = 0.0, 

BLOCK: BasicL93
this.a : this.a = 0.0, 
this.x : this.x = 0.0, 
this.r : this.r = 0.0, 
this.y : this.y = 0.0, 

BLOCK: StartradiusL95
this.x : this.x = 0.0, 
this.y : this.y = 0.0, 
this.a : this.a = 0.0, 
this.r : this.r = 0.0, 

BLOCK: BasicL96
this.x : this.x = 0.0, 
this.y : this.y = 0.0, 
this.a : this.a = 0.0, 
this.r : this.r = 0.0, 

BLOCK: trueL98
this.x : this.x = 0.0, 
this.y : this.y = 0.0, 
this.a : this.a = 0.0, 
this.r : this.r = 0.0, 

BLOCK: joinL99
this.x : this.x = 0.0, 
this.y : this.y = 0.0, 
this.a : this.a = 0.0, 
this.r : this.r = Math.sqrt(this.x * this.x + this.y * this.y, ), 

BLOCK: StartangleL100
this.r : this.r = 0.0, 
this.y : this.y = 0.0, 
this.x : this.x = 0.0, 
this.a : this.a = 0.0, 

BLOCK: BasicL101
this.r : this.r = 0.0, 
this.y : this.y = 0.0, 
this.x : this.x = 0.0, 
this.a : this.a = 0.0, 

BLOCK: trueL103
this.r : this.r = 0.0, 
this.y : this.y = 0.0, 
this.x : this.x = 0.0, 
this.a : this.a = Math.atan(this.y / this.x, ) + Math.PI, 

BLOCK: falseL105
this.r : this.r = 0.0, 
this.y : this.y = 0.0, 
this.x : this.x = 0.0, 
this.a : this.a = 0.0, 

BLOCK: trueL106
this.r : this.r = 0.0, 
this.y : this.y = 0.0, 
this.x : this.x = 0.0, 
this.a : this.a = Math.atan(this.y / this.x, ) + Math.PI, 

BLOCK: falseL108
this.r : this.r = 0.0, 
this.y : this.y = 0.0, 
this.x : this.x = 0.0, 
this.a : this.a = 0.0, 

BLOCK: trueL109
this.r : this.r = 0.0, 
this.y : this.y = 0.0, 
this.x : this.x = 0.0, 
this.a : this.a = Math.atan(this.y / this.x, ) + 2 * Math.PI, 

BLOCK: joinL110
this.r : this.r = 0.0, 
this.y : this.y = 0.0, 
this.x : this.x = 0.0, 
this.a : this.a = Math.atan(this.y / this.x, ), this.a = 0.0, this.a = Math.atan(this.y / this.x, ) + Math.PI, this.a = Math.atan(this.y / this.x, ) + Math.PI, this.a = Math.atan(this.y / this.x, ) + 2 * Math.PI, 

BLOCK: joinL107
this.r : this.r = 0.0, 
this.y : this.y = 0.0, 
this.x : this.x = 0.0, 
this.a : this.a = Math.atan(this.y / this.x, ), this.a = 0.0, this.a = Math.atan(this.y / this.x, ) + Math.PI, this.a = Math.atan(this.y / this.x, ) + Math.PI, this.a = Math.atan(this.y / this.x, ) + 2 * Math.PI, 

BLOCK: joinL104
this.r : this.r = 0.0, 
this.y : this.y = 0.0, 
this.x : this.x = 0.0, 
this.a : this.a = Math.atan(this.y / this.x, ), 

BLOCK: Startrotate90L111
this.x : this.x = 0.0, 
this.y : this.y = 0.0, 
this.a : this.a = 0.0, 
this.r : this.r = 0.0, 

BLOCK: BasicL112
this.x : this.x = 0.0, 
this.y : this.y = 0.0, 
cart : cart = new CartesianPoint(-this.y, this.x, ), 
this.a : this.a = 0.0, 
this.r : this.r = 0.0, 

BLOCK: StartmainL114

BLOCK: BasicL115
c : c = new CartesianPoint(5.0, -2.0, ), 
a : a = new CartesianPoint(4.0, 3.0, ), 
b : b = new CartesianPoint(-5.0, -2.0, ), 
d : d = new CartesianPoint(-5.0, 2.0, ), 

BLOCK: Startconstructor1L0
this.y : this.y = 0.0, 
this.a : this.a = 0.0, 
this.x : this.x = 0.0, 
this.r : this.r = 0.0, 

BLOCK: Startconstructor1L0
this.y : this.y = 0.0, 
this.a : this.a = 0.0, 
this.x : this.x = 0.0, 
this.r : this.r = 0.0, 

BLOCK: BasicL1
this.y : this.y = 0.0, 
this.a : this.a = angle, 
this.x : this.x = 0.0, 
this.r : this.r = radius, 

BLOCK: LoopL3
this.y : this.y = 0.0, 
this.a : this.a = this.a + 2 * Math.PI, 
this.x : this.x = 0.0, 
this.r : this.r = radius, 

BLOCK: BasicL4
this.y : this.y = 0.0, 
this.a : this.a = angle, this.a = this.a + 2 * Math.PI, 
this.x : this.x = 0.0, 
this.r : this.r = radius, 

BLOCK: StartradiusL5
this.r : this.r = 0.0, 
this.y : this.y = 0.0, 
this.a : this.a = 0.0, 
this.x : this.x = 0.0, 

BLOCK: StartradiusL5
this.r : this.r = 0.0, 
this.y : this.y = 0.0, 
this.a : this.a = 0.0, 
this.x : this.x = 0.0, 

BLOCK: BasicL6
this.r : this.r = 0.0, 
this.y : this.y = 0.0, 
this.a : this.a = 0.0, 
this.x : this.x = 0.0, 

BLOCK: trueL8
this.r : this.r = 0.0, 
this.y : this.y = 0.0, 
this.a : this.a = 0.0, 
this.x : this.x = 0.0, 

BLOCK: joinL9
this.r : this.r = 0.0, 
this.y : this.y = 0.0, 
this.a : this.a = 0.0, 
this.x : this.x = 0.0, 

BLOCK: trueL10
this.r : this.r = 0.0, 
this.y : this.y = 0.0, 
this.a : this.a = 0.0, 
this.x : this.x = 0.0, 

BLOCK: joinL11
this.r : this.r = 0.0, 
this.y : this.y = 0.0, 
this.a : this.a = 0.0, 
this.x : this.x = 0.0, 

BLOCK: StartangleL12
this.r : this.r = 0.0, 
this.x : this.x = 0.0, 
this.a : this.a = 0.0, 
this.y : this.y = 0.0, 

BLOCK: StartangleL12
this.r : this.r = 0.0, 
this.x : this.x = 0.0, 
this.a : this.a = 0.0, 
this.y : this.y = 0.0, 

BLOCK: BasicL13
this.r : this.r = 0.0, 
this.x : this.x = 0.0, 
this.a : this.a = 0.0, 
this.y : this.y = 0.0, 

BLOCK: StartxCoordinateL15
this.y : this.y = 0.0, 
this.r : this.r = 0.0, 
this.x : this.x = 0.0, 
this.a : this.a = 0.0, 

BLOCK: StartxCoordinateL15
this.y : this.y = 0.0, 
this.r : this.r = 0.0, 
this.x : this.x = 0.0, 
this.a : this.a = 0.0, 

BLOCK: BasicL16
this.y : this.y = 0.0, 
this.r : this.r = 0.0, 
this.x : this.x = 0.0, 
this.a : this.a = 0.0, 

BLOCK: StartyCoordinateL18
this.r : this.r = 0.0, 
this.x : this.x = 0.0, 
this.a : this.a = 0.0, 
this.y : this.y = 0.0, 

BLOCK: StartyCoordinateL18
this.r : this.r = 0.0, 
this.x : this.x = 0.0, 
this.a : this.a = 0.0, 
this.y : this.y = 0.0, 

BLOCK: BasicL19
this.r : this.r = 0.0, 
this.x : this.x = 0.0, 
this.a : this.a = 0.0, 
this.y : this.y = 0.0, 

BLOCK: Startrotate90L21
this.a : this.a = 0.0, 
this.r : this.r = 0.0, 
this.x : this.x = 0.0, 
this.y : this.y = 0.0, 

BLOCK: Startrotate90L21
this.a : this.a = 0.0, 
this.r : this.r = 0.0, 
this.x : this.x = 0.0, 
this.y : this.y = 0.0, 

BLOCK: BasicL22
this.a : this.a = 0.0, 
this.r : this.r = 0.0, 
this.x : this.x = 0.0, 
this.y : this.y = 0.0, 
b : b = new PolarPoint(this.r, this.a + Math.PI / 2, ), 

BLOCK: StartdistanceL24

BLOCK: StartdistanceL24

BLOCK: BasicL25

BLOCK: StartsameQuadrantL27

BLOCK: StartsameQuadrantL27

BLOCK: BasicL28

BLOCK: trueL30

BLOCK: falseL32

BLOCK: trueL33

BLOCK: falseL35

BLOCK: trueL36

BLOCK: falseL38

BLOCK: trueL39

BLOCK: joinL40

BLOCK: joinL37

BLOCK: joinL34

BLOCK: joinL31

BLOCK: StartmainL41

BLOCK: StartmainL41

BLOCK: BasicL42
a2 : a2 = 0.0, 
store2 : store2 = null, 
a : a = 0.0, 
dist : dist = 0.0, 
y2 : y2 = 0.0, 
r : r = 0.0, 
scan : scan = new Scanner(System.in, ), 
i : i = scan.nextInt(), 
x2 : x2 = 0.0, 
y : y = 0.0, 
r2 : r2 = 0.0, 
store : store = null, 
x : x = 0.0, 

BLOCK: trueL44
a2 : a2 = 0.0, 
store2 : store2 = null, 
a : a = 0.0, 
dist : dist = 0.0, 
y2 : y2 = 0.0, 
r : r = 0.0, 
scan : scan = new Scanner(System.in, ), 
i : i = scan.nextInt(), 
x2 : x2 = 0.0, 
y : y = 0.0, 
r2 : r2 = 0.0, 
store : store = null, 
x : x = 0.0, 

BLOCK: trueL46
a2 : a2 = 0.0, 
store2 : store2 = null, 
a : a = 0.0, 
dist : dist = 0.0, 
y2 : y2 = 0.0, 
r : r = 0.0, 
scan : scan = new Scanner(System.in, ), 
i : i = scan.nextInt(), 
x2 : x2 = 0.0, 
y : y = 0.0, 
r2 : r2 = 0.0, 
x : x = 0, 
store : store = null, 

BLOCK: falseL48
a2 : a2 = 0.0, 
store2 : store2 = null, 
a : a = 0.0, 
dist : dist = 0.0, 
y2 : y2 = 0.0, 
r : r = 0.0, 
scan : scan = new Scanner(System.in, ), 
i : i = scan.nextInt(), 
x2 : x2 = 0.0, 
y : y = 0.0, 
r2 : r2 = 0.0, 
x : x = scan.nextDouble(), 
store : store = null, 

BLOCK: joinL47
a2 : a2 = 0.0, 
store2 : store2 = null, 
a : a = 0.0, 
dist : dist = 0.0, 
y2 : y2 = 0.0, 
r : r = 0.0, 
scan : scan = new Scanner(System.in, ), 
i : i = scan.nextInt(), 
x2 : x2 = 0.0, 
y : y = 0.0, 
r2 : r2 = 0.0, 
x : x = scan.nextDouble(), x = 0, 
store : store = null, 

BLOCK: trueL49
a2 : a2 = 0.0, 
store2 : store2 = null, 
a : a = 0.0, 
dist : dist = 0.0, 
y2 : y2 = 0.0, 
r : r = 0.0, 
scan : scan = new Scanner(System.in, ), 
i : i = scan.nextInt(), 
x2 : x2 = 0.0, 
y : y = 0, 
r2 : r2 = 0.0, 
x : x = scan.nextDouble(), x = 0, 
store : store = null, 

BLOCK: falseL51
a2 : a2 = 0.0, 
store2 : store2 = null, 
a : a = 0.0, 
dist : dist = 0.0, 
y2 : y2 = 0.0, 
r : r = 0.0, 
scan : scan = new Scanner(System.in, ), 
i : i = scan.nextInt(), 
x2 : x2 = 0.0, 
y : y = scan.nextInt(), 
r2 : r2 = 0.0, 
x : x = scan.nextDouble(), x = 0, 
store : store = null, 

BLOCK: joinL50
a2 : a2 = 0.0, 
store2 : store2 = null, 
a : a = 0.0, 
dist : dist = 0.0, 
y2 : y2 = 0.0, 
r : r = 0.0, 
scan : scan = new Scanner(System.in, ), 
i : i = scan.nextInt(), 
x2 : x2 = 0.0, 
y : y = scan.nextInt(), y = 0, 
r2 : r2 = 0.0, 
store : store = new CartesianPoint(x, y, ), 
x : x = scan.nextDouble(), x = 0, 

BLOCK: falseL52
a2 : a2 = 0.0, 
store2 : store2 = null, 
a : a = 0.0, 
dist : dist = 0.0, 
y2 : y2 = 0.0, 
r : r = 0.0, 
scan : scan = new Scanner(System.in, ), 
i : i = scan.nextInt(), 
x2 : x2 = 0.0, 
y : y = 0.0, 
r2 : r2 = 0.0, 
store : store = null, 
x : x = 0.0, 

BLOCK: trueL53
a2 : a2 = 0.0, 
store2 : store2 = null, 
a : a = 0.0, 
dist : dist = 0.0, 
y2 : y2 = 0.0, 
r : r = 0.0, 
scan : scan = new Scanner(System.in, ), 
i : i = scan.nextInt(), 
x2 : x2 = 0.0, 
y : y = 0.0, 
r2 : r2 = 0.0, 
store : store = null, 
x : x = 0.0, 

BLOCK: trueL55
a2 : a2 = 0.0, 
r : r = 0, 
store2 : store2 = null, 
a : a = 0.0, 
dist : dist = 0.0, 
y2 : y2 = 0.0, 
scan : scan = new Scanner(System.in, ), 
i : i = scan.nextInt(), 
x2 : x2 = 0.0, 
y : y = 0.0, 
r2 : r2 = 0.0, 
store : store = null, 
x : x = 0.0, 

BLOCK: falseL57
a2 : a2 = 0.0, 
r : r = scan.nextDouble(), 
store2 : store2 = null, 
a : a = 0.0, 
dist : dist = 0.0, 
y2 : y2 = 0.0, 
scan : scan = new Scanner(System.in, ), 
i : i = scan.nextInt(), 
x2 : x2 = 0.0, 
y : y = 0.0, 
r2 : r2 = 0.0, 
store : store = null, 
x : x = 0.0, 

BLOCK: joinL56
a2 : a2 = 0.0, 
r : r = 0, r = scan.nextDouble(), 
store2 : store2 = null, 
a : a = 0.0, 
dist : dist = 0.0, 
y2 : y2 = 0.0, 
scan : scan = new Scanner(System.in, ), 
i : i = scan.nextInt(), 
x2 : x2 = 0.0, 
y : y = 0.0, 
r2 : r2 = 0.0, 
store : store = null, 
x : x = 0.0, 

BLOCK: trueL58
a2 : a2 = 0.0, 
a : a = 0, 
r : r = 0, r = scan.nextDouble(), 
store2 : store2 = null, 
dist : dist = 0.0, 
y2 : y2 = 0.0, 
scan : scan = new Scanner(System.in, ), 
i : i = scan.nextInt(), 
x2 : x2 = 0.0, 
y : y = 0.0, 
r2 : r2 = 0.0, 
store : store = null, 
x : x = 0.0, 

BLOCK: falseL60
a2 : a2 = 0.0, 
a : a = scan.nextDouble() * 2 * Math.PI / 360, 
r : r = 0, r = scan.nextDouble(), 
store2 : store2 = null, 
dist : dist = 0.0, 
y2 : y2 = 0.0, 
scan : scan = new Scanner(System.in, ), 
i : i = scan.nextInt(), 
x2 : x2 = 0.0, 
y : y = 0.0, 
r2 : r2 = 0.0, 
store : store = null, 
x : x = 0.0, 

BLOCK: joinL59
a2 : a2 = 0.0, 
a : a = scan.nextDouble() * 2 * Math.PI / 360, a = 0, 
r : r = 0, r = scan.nextDouble(), 
store2 : store2 = null, 
dist : dist = 0.0, 
y2 : y2 = 0.0, 
scan : scan = new Scanner(System.in, ), 
i : i = scan.nextInt(), 
x2 : x2 = 0.0, 
y : y = 0.0, 
r2 : r2 = 0.0, 
store : store = new PolarPoint(r, a, ), 
x : x = 0.0, 

BLOCK: falseL61
a2 : a2 = 0.0, 
store2 : store2 = null, 
a : a = 0.0, 
dist : dist = 0.0, 
y2 : y2 = 0.0, 
r : r = 0.0, 
scan : scan = new Scanner(System.in, ), 
i : i = scan.nextInt(), 
x2 : x2 = 0.0, 
y : y = 0.0, 
r2 : r2 = 0.0, 
store : store = null, 
x : x = 0.0, 

BLOCK: joinL54
a2 : a2 = 0.0, 
a : a = scan.nextDouble() * 2 * Math.PI / 360, a = 0, a = 0.0, 
r : r = 0.0, r = 0, r = scan.nextDouble(), 
store2 : store2 = null, 
dist : dist = 0.0, 
y2 : y2 = 0.0, 
scan : scan = new Scanner(System.in, ), 
i : i = scan.nextInt(), 
x2 : x2 = 0.0, 
y : y = 0.0, 
r2 : r2 = 0.0, 
store : store = new PolarPoint(r, a, ), store = null, 
x : x = 0.0, 

BLOCK: joinL45
a2 : a2 = 0.0, 
store2 : store2 = null, 
a : a = scan.nextDouble() * 2 * Math.PI / 360, a = 0, a = 0.0, 
dist : dist = 0.0, 
y2 : y2 = 0.0, 
r : r = 0.0, r = 0, r = scan.nextDouble(), 
scan : scan = new Scanner(System.in, ), 
i : i = scan.nextInt(), 
x2 : x2 = 0.0, 
y : y = scan.nextInt(), y = 0, y = 0.0, 
r2 : r2 = 0.0, 
store : store = new PolarPoint(r, a, ), store = new CartesianPoint(x, y, ), store = null, 
x : x = scan.nextDouble(), x = 0, x = 0.0, 

BLOCK: trueL62
a2 : a2 = 0.0, 
store2 : store2 = null, 
a : a = scan.nextDouble() * 2 * Math.PI / 360, a = 0, a = 0.0, 
dist : dist = 0.0, 
y2 : y2 = 0.0, 
r : r = 0.0, r = 0, r = scan.nextDouble(), 
scan : scan = new Scanner(System.in, ), 
i : i = scan.nextInt(), 
x2 : x2 = 0.0, 
y : y = scan.nextInt(), y = 0, y = 0.0, 
r2 : r2 = 0.0, 
store : store = new PolarPoint(r, a, ), store = new CartesianPoint(x, y, ), store = null, 
x : x = scan.nextDouble(), x = 0, x = 0.0, 

BLOCK: trueL64
a2 : a2 = 0.0, 
store2 : store2 = null, 
a : a = scan.nextDouble() * 2 * Math.PI / 360, a = 0, a = 0.0, 
dist : dist = 0.0, 
y2 : y2 = 0.0, 
r : r = 0.0, r = 0, r = scan.nextDouble(), 
scan : scan = new Scanner(System.in, ), 
i : i = scan.nextInt(), 
x2 : x2 = 0, 
y : y = scan.nextInt(), y = 0, y = 0.0, 
r2 : r2 = 0.0, 
store : store = new PolarPoint(r, a, ), store = new CartesianPoint(x, y, ), store = null, 
x : x = scan.nextDouble(), x = 0, x = 0.0, 

BLOCK: falseL66
a2 : a2 = 0.0, 
store2 : store2 = null, 
a : a = scan.nextDouble() * 2 * Math.PI / 360, a = 0, a = 0.0, 
dist : dist = 0.0, 
y2 : y2 = 0.0, 
r : r = 0.0, r = 0, r = scan.nextDouble(), 
scan : scan = new Scanner(System.in, ), 
i : i = scan.nextInt(), 
x2 : x2 = scan.nextDouble(), 
y : y = scan.nextInt(), y = 0, y = 0.0, 
r2 : r2 = 0.0, 
store : store = new PolarPoint(r, a, ), store = new CartesianPoint(x, y, ), store = null, 
x : x = scan.nextDouble(), x = 0, x = 0.0, 

BLOCK: joinL65
a2 : a2 = 0.0, 
store2 : store2 = null, 
a : a = scan.nextDouble() * 2 * Math.PI / 360, a = 0, a = 0.0, 
dist : dist = 0.0, 
y2 : y2 = 0.0, 
r : r = 0.0, r = 0, r = scan.nextDouble(), 
scan : scan = new Scanner(System.in, ), 
i : i = scan.nextInt(), 
x2 : x2 = 0, x2 = scan.nextDouble(), 
y : y = scan.nextInt(), y = 0, y = 0.0, 
r2 : r2 = 0.0, 
store : store = new PolarPoint(r, a, ), store = new CartesianPoint(x, y, ), store = null, 
x : x = scan.nextDouble(), x = 0, x = 0.0, 

BLOCK: trueL67
a2 : a2 = 0.0, 
y2 : y2 = 0, 
store2 : store2 = null, 
a : a = scan.nextDouble() * 2 * Math.PI / 360, a = 0, a = 0.0, 
dist : dist = 0.0, 
r : r = 0.0, r = 0, r = scan.nextDouble(), 
scan : scan = new Scanner(System.in, ), 
i : i = scan.nextInt(), 
x2 : x2 = 0, x2 = scan.nextDouble(), 
y : y = scan.nextInt(), y = 0, y = 0.0, 
r2 : r2 = 0.0, 
store : store = new PolarPoint(r, a, ), store = new CartesianPoint(x, y, ), store = null, 
x : x = scan.nextDouble(), x = 0, x = 0.0, 

BLOCK: falseL69
a2 : a2 = 0.0, 
y2 : y2 = scan.nextDouble(), 
store2 : store2 = null, 
a : a = scan.nextDouble() * 2 * Math.PI / 360, a = 0, a = 0.0, 
dist : dist = 0.0, 
r : r = 0.0, r = 0, r = scan.nextDouble(), 
scan : scan = new Scanner(System.in, ), 
i : i = scan.nextInt(), 
x2 : x2 = 0, x2 = scan.nextDouble(), 
y : y = scan.nextInt(), y = 0, y = 0.0, 
r2 : r2 = 0.0, 
store : store = new PolarPoint(r, a, ), store = new CartesianPoint(x, y, ), store = null, 
x : x = scan.nextDouble(), x = 0, x = 0.0, 

BLOCK: joinL68
a2 : a2 = 0.0, 
store2 : store2 = new CartesianPoint(x2, y2, ), 
y2 : y2 = scan.nextDouble(), y2 = 0, 
a : a = scan.nextDouble() * 2 * Math.PI / 360, a = 0, a = 0.0, 
dist : dist = 0.0, 
r : r = 0.0, r = 0, r = scan.nextDouble(), 
scan : scan = new Scanner(System.in, ), 
i : i = scan.nextInt(), 
x2 : x2 = 0, x2 = scan.nextDouble(), 
y : y = scan.nextInt(), y = 0, y = 0.0, 
r2 : r2 = 0.0, 
store : store = new PolarPoint(r, a, ), store = new CartesianPoint(x, y, ), store = null, 
x : x = scan.nextDouble(), x = 0, x = 0.0, 

BLOCK: falseL70
a2 : a2 = 0.0, 
store2 : store2 = null, 
a : a = scan.nextDouble() * 2 * Math.PI / 360, a = 0, a = 0.0, 
dist : dist = 0.0, 
y2 : y2 = 0.0, 
r : r = 0.0, r = 0, r = scan.nextDouble(), 
scan : scan = new Scanner(System.in, ), 
i : i = scan.nextInt(), 
x2 : x2 = 0.0, 
y : y = scan.nextInt(), y = 0, y = 0.0, 
r2 : r2 = 0.0, 
store : store = new PolarPoint(r, a, ), store = new CartesianPoint(x, y, ), store = null, 
x : x = scan.nextDouble(), x = 0, x = 0.0, 

BLOCK: trueL71
a2 : a2 = 0.0, 
store2 : store2 = null, 
a : a = scan.nextDouble() * 2 * Math.PI / 360, a = 0, a = 0.0, 
dist : dist = 0.0, 
y2 : y2 = 0.0, 
r : r = 0.0, r = 0, r = scan.nextDouble(), 
scan : scan = new Scanner(System.in, ), 
i : i = scan.nextInt(), 
x2 : x2 = 0.0, 
y : y = scan.nextInt(), y = 0, y = 0.0, 
r2 : r2 = 0.0, 
store : store = new PolarPoint(r, a, ), store = new CartesianPoint(x, y, ), store = null, 
x : x = scan.nextDouble(), x = 0, x = 0.0, 

BLOCK: trueL73
a2 : a2 = 0.0, 
store2 : store2 = null, 
a : a = scan.nextDouble() * 2 * Math.PI / 360, a = 0, a = 0.0, 
dist : dist = 0.0, 
y2 : y2 = 0.0, 
r : r = 0.0, r = 0, r = scan.nextDouble(), 
scan : scan = new Scanner(System.in, ), 
i : i = scan.nextInt(), 
x2 : x2 = 0.0, 
y : y = scan.nextInt(), y = 0, y = 0.0, 
r2 : r2 = 0, 
store : store = new PolarPoint(r, a, ), store = new CartesianPoint(x, y, ), store = null, 
x : x = scan.nextDouble(), x = 0, x = 0.0, 

BLOCK: falseL75
a2 : a2 = 0.0, 
store2 : store2 = null, 
a : a = scan.nextDouble() * 2 * Math.PI / 360, a = 0, a = 0.0, 
dist : dist = 0.0, 
y2 : y2 = 0.0, 
r : r = 0.0, r = 0, r = scan.nextDouble(), 
scan : scan = new Scanner(System.in, ), 
i : i = scan.nextInt(), 
x2 : x2 = 0.0, 
y : y = scan.nextInt(), y = 0, y = 0.0, 
r2 : r2 = scan.nextDouble(), 
store : store = new PolarPoint(r, a, ), store = new CartesianPoint(x, y, ), store = null, 
x : x = scan.nextDouble(), x = 0, x = 0.0, 

BLOCK: joinL74
a2 : a2 = 0.0, 
store2 : store2 = null, 
a : a = scan.nextDouble() * 2 * Math.PI / 360, a = 0, a = 0.0, 
dist : dist = 0.0, 
y2 : y2 = 0.0, 
r : r = 0.0, r = 0, r = scan.nextDouble(), 
scan : scan = new Scanner(System.in, ), 
i : i = scan.nextInt(), 
x2 : x2 = 0.0, 
y : y = scan.nextInt(), y = 0, y = 0.0, 
r2 : r2 = scan.nextDouble(), r2 = 0, 
store : store = new PolarPoint(r, a, ), store = new CartesianPoint(x, y, ), store = null, 
x : x = scan.nextDouble(), x = 0, x = 0.0, 

BLOCK: trueL76
a2 : a2 = 0, 
store2 : store2 = null, 
a : a = scan.nextDouble() * 2 * Math.PI / 360, a = 0, a = 0.0, 
dist : dist = 0.0, 
y2 : y2 = 0.0, 
r : r = 0.0, r = 0, r = scan.nextDouble(), 
scan : scan = new Scanner(System.in, ), 
i : i = scan.nextInt(), 
x2 : x2 = 0.0, 
y : y = scan.nextInt(), y = 0, y = 0.0, 
r2 : r2 = scan.nextDouble(), r2 = 0, 
store : store = new PolarPoint(r, a, ), store = new CartesianPoint(x, y, ), store = null, 
x : x = scan.nextDouble(), x = 0, x = 0.0, 

BLOCK: falseL78
a2 : a2 = scan.nextDouble() * 2 * Math.PI / 360, 
store2 : store2 = null, 
a : a = scan.nextDouble() * 2 * Math.PI / 360, a = 0, a = 0.0, 
dist : dist = 0.0, 
y2 : y2 = 0.0, 
r : r = 0.0, r = 0, r = scan.nextDouble(), 
scan : scan = new Scanner(System.in, ), 
i : i = scan.nextInt(), 
x2 : x2 = 0.0, 
y : y = scan.nextInt(), y = 0, y = 0.0, 
r2 : r2 = scan.nextDouble(), r2 = 0, 
store : store = new PolarPoint(r, a, ), store = new CartesianPoint(x, y, ), store = null, 
x : x = scan.nextDouble(), x = 0, x = 0.0, 

BLOCK: joinL77
a2 : a2 = 0, a2 = scan.nextDouble() * 2 * Math.PI / 360, 
store2 : store2 = new PolarPoint(r2, a2, ), 
a : a = scan.nextDouble() * 2 * Math.PI / 360, a = 0, a = 0.0, 
dist : dist = 0.0, 
y2 : y2 = 0.0, 
r : r = 0.0, r = 0, r = scan.nextDouble(), 
scan : scan = new Scanner(System.in, ), 
i : i = scan.nextInt(), 
x2 : x2 = 0.0, 
y : y = scan.nextInt(), y = 0, y = 0.0, 
r2 : r2 = scan.nextDouble(), r2 = 0, 
store : store = new PolarPoint(r, a, ), store = new CartesianPoint(x, y, ), store = null, 
x : x = scan.nextDouble(), x = 0, x = 0.0, 

BLOCK: falseL79
a2 : a2 = 0.0, 
store2 : store2 = null, 
a : a = scan.nextDouble() * 2 * Math.PI / 360, a = 0, a = 0.0, 
dist : dist = 0.0, 
y2 : y2 = 0.0, 
r : r = 0.0, r = 0, r = scan.nextDouble(), 
scan : scan = new Scanner(System.in, ), 
i : i = scan.nextInt(), 
x2 : x2 = 0.0, 
y : y = scan.nextInt(), y = 0, y = 0.0, 
r2 : r2 = 0.0, 
store : store = new PolarPoint(r, a, ), store = new CartesianPoint(x, y, ), store = null, 
x : x = scan.nextDouble(), x = 0, x = 0.0, 

BLOCK: joinL72
a2 : a2 = 0.0, a2 = 0, a2 = scan.nextDouble() * 2 * Math.PI / 360, 
store2 : store2 = new PolarPoint(r2, a2, ), store2 = null, 
a : a = scan.nextDouble() * 2 * Math.PI / 360, a = 0, a = 0.0, 
dist : dist = 0.0, 
y2 : y2 = 0.0, 
r : r = 0.0, r = 0, r = scan.nextDouble(), 
scan : scan = new Scanner(System.in, ), 
i : i = scan.nextInt(), 
x2 : x2 = 0.0, 
y : y = scan.nextInt(), y = 0, y = 0.0, 
r2 : r2 = scan.nextDouble(), r2 = 0, r2 = 0.0, 
store : store = new PolarPoint(r, a, ), store = new CartesianPoint(x, y, ), store = null, 
x : x = scan.nextDouble(), x = 0, x = 0.0, 

BLOCK: joinL63
a2 : a2 = 0.0, a2 = 0, a2 = scan.nextDouble() * 2 * Math.PI / 360, 
dist : dist = distance(store, store2, ), 
store2 : store2 = new PolarPoint(r2, a2, ), store2 = new CartesianPoint(x2, y2, ), store2 = null, 
y2 : y2 = scan.nextDouble(), y2 = 0, y2 = 0.0, 
a : a = scan.nextDouble() * 2 * Math.PI / 360, a = 0, a = 0.0, 
r : r = 0.0, r = 0, r = scan.nextDouble(), 
scan : scan = new Scanner(System.in, ), 
i : i = scan.nextInt(), 
x2 : x2 = 0, x2 = 0.0, x2 = scan.nextDouble(), 
y : y = scan.nextInt(), y = 0, y = 0.0, 
r2 : r2 = scan.nextDouble(), r2 = 0, r2 = 0.0, 
store : store = new PolarPoint(r, a, ), store = new CartesianPoint(x, y, ), store = null, 
x : x = scan.nextDouble(), x = 0, x = 0.0, 

BLOCK: trueL80
a2 : a2 = 0.0, a2 = 0, a2 = scan.nextDouble() * 2 * Math.PI / 360, 
dist : dist = distance(store, store2, ), 
store2 : store2 = new PolarPoint(r2, a2, ), store2 = new CartesianPoint(x2, y2, ), store2 = null, 
y2 : y2 = scan.nextDouble(), y2 = 0, y2 = 0.0, 
a : a = scan.nextDouble() * 2 * Math.PI / 360, a = 0, a = 0.0, 
r : r = 0.0, r = 0, r = scan.nextDouble(), 
scan : scan = new Scanner(System.in, ), 
i : i = scan.nextInt(), 
x2 : x2 = 0, x2 = 0.0, x2 = scan.nextDouble(), 
y : y = scan.nextInt(), y = 0, y = 0.0, 
r2 : r2 = scan.nextDouble(), r2 = 0, r2 = 0.0, 
store : store = new PolarPoint(r, a, ), store = new CartesianPoint(x, y, ), store = null, 
x : x = scan.nextDouble(), x = 0, x = 0.0, 

BLOCK: falseL82
a2 : a2 = 0.0, a2 = 0, a2 = scan.nextDouble() * 2 * Math.PI / 360, 
dist : dist = distance(store, store2, ), 
store2 : store2 = new PolarPoint(r2, a2, ), store2 = new CartesianPoint(x2, y2, ), store2 = null, 
y2 : y2 = scan.nextDouble(), y2 = 0, y2 = 0.0, 
a : a = scan.nextDouble() * 2 * Math.PI / 360, a = 0, a = 0.0, 
r : r = 0.0, r = 0, r = scan.nextDouble(), 
scan : scan = new Scanner(System.in, ), 
i : i = scan.nextInt(), 
x2 : x2 = 0, x2 = 0.0, x2 = scan.nextDouble(), 
y : y = scan.nextInt(), y = 0, y = 0.0, 
r2 : r2 = scan.nextDouble(), r2 = 0, r2 = 0.0, 
store : store = new PolarPoint(r, a, ), store = new CartesianPoint(x, y, ), store = null, 
x : x = scan.nextDouble(), x = 0, x = 0.0, 

BLOCK: joinL81
a2 : a2 = 0.0, a2 = 0, a2 = scan.nextDouble() * 2 * Math.PI / 360, 
dist : dist = distance(store, store2, ), 
store2 : store2 = new PolarPoint(r2, a2, ), store2 = new CartesianPoint(x2, y2, ), store2 = null, 
y2 : y2 = scan.nextDouble(), y2 = 0, y2 = 0.0, 
a : a = scan.nextDouble() * 2 * Math.PI / 360, a = 0, a = 0.0, 
r : r = 0.0, r = 0, r = scan.nextDouble(), 
scan : scan = new Scanner(System.in, ), 
i : i = scan.nextInt(), 
x2 : x2 = 0, x2 = 0.0, x2 = scan.nextDouble(), 
y : y = scan.nextInt(), y = 0, y = 0.0, 
r2 : r2 = scan.nextDouble(), r2 = 0, r2 = 0.0, 
store : store = new PolarPoint(r, a, ), store = new CartesianPoint(x, y, ), store = null, 
x : x = scan.nextDouble(), x = 0, x = 0.0, 

BLOCK: StartmainL83

BLOCK: StartmainL83

BLOCK: BasicL84
c : c = new PolarPoint(5.0, 4.63, ), 
a : a = new PolarPoint(5.0, 0.6435, ), 
b : b = new PolarPoint(5.0, 5.0, ), 

BLOCK: Startconstructor1L86
this.y : this.y = 0.0, 
this.x : this.x = 0.0, 
this.r : this.r = 0.0, 
this.a : this.a = 0.0, 

BLOCK: Startconstructor1L86
this.y : this.y = 0.0, 
this.x : this.x = 0.0, 
this.r : this.r = 0.0, 
this.a : this.a = 0.0, 

BLOCK: BasicL87
this.y : this.y = y_coord, 
this.x : this.x = x_coord, 
this.r : this.r = 0.0, 
this.a : this.a = 0.0, 

BLOCK: StartxCoordinateL89
this.x : this.x = 0.0, 
this.y : this.y = 0.0, 
this.a : this.a = 0.0, 
this.r : this.r = 0.0, 

BLOCK: StartxCoordinateL89
this.x : this.x = 0.0, 
this.y : this.y = 0.0, 
this.a : this.a = 0.0, 
this.r : this.r = 0.0, 

BLOCK: BasicL90
this.x : this.x = 0.0, 
this.y : this.y = 0.0, 
this.a : this.a = 0.0, 
this.r : this.r = 0.0, 

BLOCK: StartyCoordinateL92
this.a : this.a = 0.0, 
this.x : this.x = 0.0, 
this.r : this.r = 0.0, 
this.y : this.y = 0.0, 

BLOCK: StartyCoordinateL92
this.a : this.a = 0.0, 
this.x : this.x = 0.0, 
this.r : this.r = 0.0, 
this.y : this.y = 0.0, 

BLOCK: BasicL93
this.a : this.a = 0.0, 
this.x : this.x = 0.0, 
this.r : this.r = 0.0, 
this.y : this.y = 0.0, 

BLOCK: StartradiusL95
this.x : this.x = 0.0, 
this.y : this.y = 0.0, 
this.a : this.a = 0.0, 
this.r : this.r = 0.0, 

BLOCK: StartradiusL95
this.x : this.x = 0.0, 
this.y : this.y = 0.0, 
this.a : this.a = 0.0, 
this.r : this.r = 0.0, 

BLOCK: BasicL96
this.x : this.x = 0.0, 
this.y : this.y = 0.0, 
this.a : this.a = 0.0, 
this.r : this.r = 0.0, 

BLOCK: trueL98
this.x : this.x = 0.0, 
this.y : this.y = 0.0, 
this.a : this.a = 0.0, 
this.r : this.r = 0.0, 

BLOCK: joinL99
this.x : this.x = 0.0, 
this.y : this.y = 0.0, 
this.a : this.a = 0.0, 
this.r : this.r = Math.sqrt(this.x * this.x + this.y * this.y, ), 

BLOCK: StartangleL100
this.r : this.r = 0.0, 
this.y : this.y = 0.0, 
this.x : this.x = 0.0, 
this.a : this.a = 0.0, 

BLOCK: StartangleL100
this.r : this.r = 0.0, 
this.y : this.y = 0.0, 
this.x : this.x = 0.0, 
this.a : this.a = 0.0, 

BLOCK: BasicL101
this.r : this.r = 0.0, 
this.y : this.y = 0.0, 
this.x : this.x = 0.0, 
this.a : this.a = 0.0, 

BLOCK: trueL103
this.r : this.r = 0.0, 
this.y : this.y = 0.0, 
this.x : this.x = 0.0, 
this.a : this.a = Math.atan(this.y / this.x, ) + Math.PI, 

BLOCK: falseL105
this.r : this.r = 0.0, 
this.y : this.y = 0.0, 
this.x : this.x = 0.0, 
this.a : this.a = 0.0, 

BLOCK: trueL106
this.r : this.r = 0.0, 
this.y : this.y = 0.0, 
this.x : this.x = 0.0, 
this.a : this.a = Math.atan(this.y / this.x, ) + Math.PI, 

BLOCK: falseL108
this.r : this.r = 0.0, 
this.y : this.y = 0.0, 
this.x : this.x = 0.0, 
this.a : this.a = 0.0, 

BLOCK: trueL109
this.r : this.r = 0.0, 
this.y : this.y = 0.0, 
this.x : this.x = 0.0, 
this.a : this.a = Math.atan(this.y / this.x, ) + 2 * Math.PI, 

BLOCK: joinL110
this.r : this.r = 0.0, 
this.y : this.y = 0.0, 
this.x : this.x = 0.0, 
this.a : this.a = Math.atan(this.y / this.x, ), this.a = 0.0, this.a = Math.atan(this.y / this.x, ) + Math.PI, this.a = Math.atan(this.y / this.x, ) + Math.PI, this.a = Math.atan(this.y / this.x, ) + 2 * Math.PI, 

BLOCK: joinL107
this.r : this.r = 0.0, 
this.y : this.y = 0.0, 
this.x : this.x = 0.0, 
this.a : this.a = Math.atan(this.y / this.x, ), this.a = 0.0, this.a = Math.atan(this.y / this.x, ) + Math.PI, this.a = Math.atan(this.y / this.x, ) + Math.PI, this.a = Math.atan(this.y / this.x, ) + 2 * Math.PI, 

BLOCK: joinL104
this.r : this.r = 0.0, 
this.y : this.y = 0.0, 
this.x : this.x = 0.0, 
this.a : this.a = Math.atan(this.y / this.x, ), 

BLOCK: Startrotate90L111
this.x : this.x = 0.0, 
this.y : this.y = 0.0, 
this.a : this.a = 0.0, 
this.r : this.r = 0.0, 

BLOCK: Startrotate90L111
this.x : this.x = 0.0, 
this.y : this.y = 0.0, 
this.a : this.a = 0.0, 
this.r : this.r = 0.0, 

BLOCK: BasicL112
this.x : this.x = 0.0, 
this.y : this.y = 0.0, 
cart : cart = new CartesianPoint(-this.y, this.x, ), 
this.a : this.a = 0.0, 
this.r : this.r = 0.0, 

BLOCK: StartmainL114

BLOCK: StartmainL114

BLOCK: BasicL115
c : c = new CartesianPoint(5.0, -2.0, ), 
a : a = new CartesianPoint(4.0, 3.0, ), 
b : b = new CartesianPoint(-5.0, -2.0, ), 
d : d = new CartesianPoint(-5.0, 2.0, ), 

Unfiltered: 156
Filtered: 2


Duplicate found: 102_Code/102_hw1/dir28/PointRelation.java lines [34, 150] and 102_Code/102_hw1/dir28/PointRelation.java lines [33, 89]
102_Code/102_hw1/dir28/PointRelation.java ----------
34 :	a2 = 0.0
35 :	store2 = null
107 :	x2 = 0
118 :	y2 = 0
122 :	y2 = scan.nextDouble()
124 :	store2 = new CartesianPoint(x2, y2, )
133 :	r2 = 0
137 :	r2 = scan.nextDouble()
144 :	a2 = 0
150 :	store2 = new PolarPoint(r2, a2, )
102_Code/102_hw1/dir28/PointRelation.java ----------
33 :	x = 0.0
35 :	store = null
83 :	a = 0
72 :	r = 0
76 :	r = scan.nextDouble()
89 :	store = new PolarPoint(r, a, )
57 :	y = 0
61 :	y = scan.nextInt()
46 :	x = 0
63 :	store = new CartesianPoint(x, y, )
===========================



Duplicate found: 102_Code/102_hw1/dir28/PointRelation.java lines [33, 156] and 102_Code/102_hw1/dir28/PointRelation.java lines [33, 95]
102_Code/102_hw1/dir28/PointRelation.java ----------
33 :	x2 = 0.0
35 :	store2 = null
107 :	x2 = 0
118 :	y2 = 0
122 :	y2 = scan.nextDouble()
124 :	store2 = new CartesianPoint(x2, y2, )
133 :	r2 = 0
137 :	r2 = scan.nextDouble()
150 :	store2 = new PolarPoint(r2, a2, )
156 :	store2 = null
102_Code/102_hw1/dir28/PointRelation.java ----------
33 :	x = 0.0
35 :	store = null
46 :	x = 0
57 :	y = 0
61 :	y = scan.nextInt()
63 :	store = new CartesianPoint(x, y, )
83 :	a = 0
76 :	r = scan.nextDouble()
89 :	store = new PolarPoint(r, a, )
95 :	store = null
===========================



[INFO] ------------------------------------------------------------------------
[INFO] BUILD SUCCESS
[INFO] ------------------------------------------------------------------------
[INFO] Total time: 12.029 s
[INFO] Finished at: 2019-05-06T19:53:27-07:00
[INFO] Final Memory: 12M/999M
[INFO] ------------------------------------------------------------------------
