[INFO] Scanning for projects...
[WARNING] 
[WARNING] Some problems were encountered while building the effective model for thesis:thesis:jar:1.0-SNAPSHOT
[WARNING] 'dependencies.dependency.version' for org.junit.jupiter:junit-jupiter-api:jar is either LATEST or RELEASE (both of them are being deprecated) @ line 25, column 22
[WARNING] 
[WARNING] It is highly recommended to fix these problems because they threaten the stability of your build.
[WARNING] 
[WARNING] For this reason, future Maven versions might no longer support building such malformed projects.
[WARNING] 
[INFO] 
[INFO] ------------------------------------------------------------------------
[INFO] Building thesis 1.0-SNAPSHOT
[INFO] ------------------------------------------------------------------------
[INFO] 
[INFO] >>> exec-maven-plugin:1.2.1:java (default-cli) > validate @ thesis >>>
[INFO] 
[INFO] <<< exec-maven-plugin:1.2.1:java (default-cli) < validate @ thesis <<<
[INFO] 
[INFO] 
[INFO] --- exec-maven-plugin:1.2.1:java (default-cli) @ thesis ---
BLOCK: Startconstructor1L0
this.angle : this.angle = 0.0, 
this.radius : this.radius = 0.0, 

BLOCK: BasicL1
this.angle : this.angle = 0.0, 
this.radius : this.radius = Math.abs(radius, ), 

BLOCK: trueL3
this.angle : this.angle = 0.0, 
angle : angle = angle + 180, 
this.radius : this.radius = Math.abs(radius, ), 

BLOCK: falseL5
this.angle : this.angle = angle, 
this.radius : this.radius = Math.abs(radius, ), 

BLOCK: joinL4
this.angle : this.angle = 0.0, this.angle = angle, 
angle : angle = angle + 180, 
this.radius : this.radius = Math.abs(radius, ), 

BLOCK: LoopL6
this.angle : this.angle = this.angle + 360, 
angle : angle = angle + 180, 
this.radius : this.radius = Math.abs(radius, ), 

BLOCK: BasicL7
this.angle : this.angle = 0.0, this.angle = this.angle + 360, this.angle = angle, 
angle : angle = angle + 180, 
this.radius : this.radius = Math.abs(radius, ), 

BLOCK: StartxCoordinateL8
this.radius : this.radius = 0.0, 
this.angle : this.angle = 0.0, 

BLOCK: BasicL9
this.radius : this.radius = 0.0, 
this.angle : this.angle = 0.0, 

BLOCK: StartyCoordinateL11
this.angle : this.angle = 0.0, 
this.radius : this.radius = 0.0, 

BLOCK: BasicL12
this.angle : this.angle = 0.0, 
this.radius : this.radius = 0.0, 

BLOCK: StartangleL14
this.radius : this.radius = 0.0, 
this.angle : this.angle = 0.0, 

BLOCK: BasicL15
this.radius : this.radius = 0.0, 
this.angle : this.angle = 0.0, 

BLOCK: StartradiusL17
this.angle : this.angle = 0.0, 
this.radius : this.radius = 0.0, 

BLOCK: BasicL18
this.angle : this.angle = 0.0, 
this.radius : this.radius = 0.0, 

BLOCK: Startrotate90L20
this.angle : this.angle = 0.0, 
this.radius : this.radius = 0.0, 

BLOCK: BasicL21
this.angle : this.angle = 0.0, 
this.radius : this.radius = 0.0, 

BLOCK: StartmainL23

BLOCK: BasicL24
same : same = true, 
radius : radius = 0.0, 
a : a = new CartesianPoint(0, 0, ), 
x2 : x2 = 0.0, 
pointype : pointype = scan.nextInt(), 
angle : angle = 0.0, 
y2 : y2 = 0.0, 
distance : distance = 0.0, 
x : x = 0.0, 
angle2 : angle2 = 0.0, 
radius2 : radius2 = 0.0, 
b : b = new CartesianPoint(0, 0, ), 
y : y = 0.0, 
scan : scan = new Scanner(System.in, ), 

BLOCK: trueL26
same : same = true, 
radius : radius = 0.0, 
a : a = new CartesianPoint(0, 0, ), 
x2 : x2 = 0.0, 
pointype : pointype = scan.nextInt(), 
angle : angle = 0.0, 
y2 : y2 = 0.0, 
distance : distance = 0.0, 
x : x = 0.0, 
angle2 : angle2 = 0.0, 
radius2 : radius2 = 0.0, 
b : b = new CartesianPoint(0, 0, ), 
y : y = 0.0, 
scan : scan = new Scanner(System.in, ), 

BLOCK: joinL27
same : same = true, 
radius : radius = 0.0, 
a : a = new CartesianPoint(0, 0, ), 
x2 : x2 = 0.0, 
pointype : pointype = scan.nextInt(), 
angle : angle = 0.0, 
y2 : y2 = 0.0, 
distance : distance = 0.0, 
x : x = 0.0, 
angle2 : angle2 = 0.0, 
radius2 : radius2 = 0.0, 
b : b = new CartesianPoint(0, 0, ), 
y : y = 0.0, 
scan : scan = new Scanner(System.in, ), 

BLOCK: trueL28
same : same = true, 
radius : radius = 0.0, 
a : a = new CartesianPoint(x, y, ), 
x2 : x2 = 0.0, 
pointype : pointype = scan.nextInt(), 
angle : angle = 0.0, 
y2 : y2 = 0.0, 
x : x = scan.nextDouble(), 
distance : distance = 0.0, 
angle2 : angle2 = 0.0, 
radius2 : radius2 = 0.0, 
y : y = scan.nextDouble(), 
b : b = new CartesianPoint(0, 0, ), 
scan : scan = new Scanner(System.in, ), 

BLOCK: joinL29
same : same = true, 
radius : radius = 0.0, 
a : a = new CartesianPoint(x, y, ), a = new CartesianPoint(0, 0, ), 
x2 : x2 = 0.0, 
pointype : pointype = scan.nextInt(), 
angle : angle = 0.0, 
y2 : y2 = 0.0, 
x : x = scan.nextDouble(), x = 0.0, 
distance : distance = 0.0, 
angle2 : angle2 = 0.0, 
radius2 : radius2 = 0.0, 
y : y = 0.0, y = scan.nextDouble(), 
b : b = new CartesianPoint(0, 0, ), 
scan : scan = new Scanner(System.in, ), 

BLOCK: trueL30
same : same = true, 
radius : radius = scan.nextDouble(), 
a : a = new PolarPoint(radius, angle, ), 
x2 : x2 = 0.0, 
pointype : pointype = scan.nextInt(), 
angle : angle = scan.nextDouble(), 
y2 : y2 = 0.0, 
x : x = scan.nextDouble(), x = 0.0, 
distance : distance = 0.0, 
angle2 : angle2 = 0.0, 
radius2 : radius2 = 0.0, 
y : y = 0.0, y = scan.nextDouble(), 
b : b = new CartesianPoint(0, 0, ), 
scan : scan = new Scanner(System.in, ), 

BLOCK: joinL31
same : same = true, 
radius : radius = scan.nextDouble(), radius = 0.0, 
a : a = new PolarPoint(radius, angle, ), a = new CartesianPoint(x, y, ), a = new CartesianPoint(0, 0, ), 
x2 : x2 = 0.0, 
pointype : pointype = scan.nextInt(), 
angle : angle = scan.nextDouble(), angle = 0.0, 
y2 : y2 = 0.0, 
x : x = scan.nextDouble(), x = 0.0, 
distance : distance = 0.0, 
angle2 : angle2 = 0.0, 
radius2 : radius2 = 0.0, 
y : y = 0.0, y = scan.nextDouble(), 
b : b = new CartesianPoint(0, 0, ), 
scan : scan = new Scanner(System.in, ), 

BLOCK: trueL32
same : same = true, 
radius : radius = scan.nextDouble(), radius = 0.0, 
a : a = new PolarPoint(radius, angle, ), a = new CartesianPoint(x, y, ), a = new CartesianPoint(0, 0, ), 
x2 : x2 = 0.0, 
pointype : pointype = scan.nextInt(), 
angle : angle = scan.nextDouble(), angle = 0.0, 
y2 : y2 = 0.0, 
x : x = scan.nextDouble(), x = 0.0, 
distance : distance = 0.0, 
angle2 : angle2 = 0.0, 
radius2 : radius2 = 0.0, 
y : y = 0.0, y = scan.nextDouble(), 
b : b = new CartesianPoint(0, 0, ), 
scan : scan = new Scanner(System.in, ), 

BLOCK: joinL33
same : same = true, 
radius : radius = scan.nextDouble(), radius = 0.0, 
a : a = new PolarPoint(radius, angle, ), a = new CartesianPoint(x, y, ), a = new CartesianPoint(0, 0, ), 
x2 : x2 = 0.0, 
pointype : pointype = scan.nextInt(), 
angle : angle = scan.nextDouble(), angle = 0.0, 
y2 : y2 = 0.0, 
x : x = scan.nextDouble(), x = 0.0, 
distance : distance = 0.0, 
angle2 : angle2 = 0.0, 
radius2 : radius2 = 0.0, 
y : y = 0.0, y = scan.nextDouble(), 
b : b = new CartesianPoint(0, 0, ), 
scan : scan = new Scanner(System.in, ), 

BLOCK: trueL34
same : same = true, 
radius : radius = scan.nextDouble(), radius = 0.0, 
a : a = new PolarPoint(radius, angle, ), a = new CartesianPoint(x, y, ), a = new CartesianPoint(0, 0, ), 
x2 : x2 = scan.nextDouble(), 
pointype : pointype = scan.nextInt(), 
y2 : y2 = scan.nextDouble(), 
angle : angle = scan.nextDouble(), angle = 0.0, 
x : x = scan.nextDouble(), x = 0.0, 
distance : distance = 0.0, 
angle2 : angle2 = 0.0, 
radius2 : radius2 = 0.0, 
b : b = new CartesianPoint(x2, y2, ), 
y : y = 0.0, y = scan.nextDouble(), 
scan : scan = new Scanner(System.in, ), 

BLOCK: joinL35
same : same = true, 
radius : radius = scan.nextDouble(), radius = 0.0, 
a : a = new PolarPoint(radius, angle, ), a = new CartesianPoint(x, y, ), a = new CartesianPoint(0, 0, ), 
x2 : x2 = scan.nextDouble(), x2 = 0.0, 
pointype : pointype = scan.nextInt(), 
y2 : y2 = scan.nextDouble(), y2 = 0.0, 
angle : angle = scan.nextDouble(), angle = 0.0, 
x : x = scan.nextDouble(), x = 0.0, 
distance : distance = 0.0, 
angle2 : angle2 = 0.0, 
radius2 : radius2 = 0.0, 
b : b = new CartesianPoint(x2, y2, ), b = new CartesianPoint(0, 0, ), 
y : y = 0.0, y = scan.nextDouble(), 
scan : scan = new Scanner(System.in, ), 

BLOCK: trueL36
same : same = true, 
radius : radius = scan.nextDouble(), radius = 0.0, 
a : a = new PolarPoint(radius, angle, ), a = new CartesianPoint(x, y, ), a = new CartesianPoint(0, 0, ), 
x2 : x2 = scan.nextDouble(), x2 = 0.0, 
pointype : pointype = scan.nextInt(), 
y2 : y2 = scan.nextDouble(), y2 = 0.0, 
angle : angle = scan.nextDouble(), angle = 0.0, 
x : x = scan.nextDouble(), x = 0.0, 
distance : distance = 0.0, 
angle2 : angle2 = scan.nextDouble(), 
radius2 : radius2 = scan.nextDouble(), 
b : b = new PolarPoint(radius2, angle2, ), 
y : y = 0.0, y = scan.nextDouble(), 
scan : scan = new Scanner(System.in, ), 

BLOCK: joinL37
same : same = Quadrant(a, b, ), 
radius : radius = scan.nextDouble(), radius = 0.0, 
a : a = new PolarPoint(radius, angle, ), a = new CartesianPoint(x, y, ), a = new CartesianPoint(0, 0, ), 
x2 : x2 = scan.nextDouble(), x2 = 0.0, 
pointype : pointype = scan.nextInt(), 
y2 : y2 = scan.nextDouble(), y2 = 0.0, 
angle : angle = scan.nextDouble(), angle = 0.0, 
distance : distance = Distance(a, b, ), 
x : x = scan.nextDouble(), x = 0.0, 
angle2 : angle2 = 0.0, angle2 = scan.nextDouble(), 
radius2 : radius2 = 0.0, radius2 = scan.nextDouble(), 
b : b = new CartesianPoint(x2, y2, ), b = new PolarPoint(radius2, angle2, ), b = new CartesianPoint(0, 0, ), 
y : y = 0.0, y = scan.nextDouble(), 
scan : scan = new Scanner(System.in, ), 

BLOCK: trueL38
same : same = Quadrant(a, b, ), 
radius : radius = scan.nextDouble(), radius = 0.0, 
a : a = new PolarPoint(radius, angle, ), a = new CartesianPoint(x, y, ), a = new CartesianPoint(0, 0, ), 
x2 : x2 = scan.nextDouble(), x2 = 0.0, 
pointype : pointype = scan.nextInt(), 
y2 : y2 = scan.nextDouble(), y2 = 0.0, 
angle : angle = scan.nextDouble(), angle = 0.0, 
distance : distance = Distance(a, b, ), 
x : x = scan.nextDouble(), x = 0.0, 
angle2 : angle2 = 0.0, angle2 = scan.nextDouble(), 
radius2 : radius2 = 0.0, radius2 = scan.nextDouble(), 
b : b = new CartesianPoint(x2, y2, ), b = new PolarPoint(radius2, angle2, ), b = new CartesianPoint(0, 0, ), 
y : y = 0.0, y = scan.nextDouble(), 
scan : scan = new Scanner(System.in, ), 

BLOCK: joinL39
same : same = Quadrant(a, b, ), 
radius : radius = scan.nextDouble(), radius = 0.0, 
a : a = new PolarPoint(radius, angle, ), a = new CartesianPoint(x, y, ), a = new CartesianPoint(0, 0, ), 
x2 : x2 = scan.nextDouble(), x2 = 0.0, 
pointype : pointype = scan.nextInt(), 
y2 : y2 = scan.nextDouble(), y2 = 0.0, 
angle : angle = scan.nextDouble(), angle = 0.0, 
distance : distance = Distance(a, b, ), 
x : x = scan.nextDouble(), x = 0.0, 
angle2 : angle2 = 0.0, angle2 = scan.nextDouble(), 
radius2 : radius2 = 0.0, radius2 = scan.nextDouble(), 
b : b = new CartesianPoint(x2, y2, ), b = new PolarPoint(radius2, angle2, ), b = new CartesianPoint(0, 0, ), 
y : y = 0.0, y = scan.nextDouble(), 
scan : scan = new Scanner(System.in, ), 

BLOCK: trueL40
same : same = Quadrant(a, b, ), 
radius : radius = scan.nextDouble(), radius = 0.0, 
a : a = new PolarPoint(radius, angle, ), a = new CartesianPoint(x, y, ), a = new CartesianPoint(0, 0, ), 
x2 : x2 = scan.nextDouble(), x2 = 0.0, 
pointype : pointype = scan.nextInt(), 
y2 : y2 = scan.nextDouble(), y2 = 0.0, 
angle : angle = scan.nextDouble(), angle = 0.0, 
distance : distance = Distance(a, b, ), 
x : x = scan.nextDouble(), x = 0.0, 
angle2 : angle2 = 0.0, angle2 = scan.nextDouble(), 
radius2 : radius2 = 0.0, radius2 = scan.nextDouble(), 
b : b = new CartesianPoint(x2, y2, ), b = new PolarPoint(radius2, angle2, ), b = new CartesianPoint(0, 0, ), 
y : y = 0.0, y = scan.nextDouble(), 
scan : scan = new Scanner(System.in, ), 

BLOCK: joinL41
same : same = Quadrant(a, b, ), 
radius : radius = scan.nextDouble(), radius = 0.0, 
a : a = new PolarPoint(radius, angle, ), a = new CartesianPoint(x, y, ), a = new CartesianPoint(0, 0, ), 
x2 : x2 = scan.nextDouble(), x2 = 0.0, 
pointype : pointype = scan.nextInt(), 
y2 : y2 = scan.nextDouble(), y2 = 0.0, 
angle : angle = scan.nextDouble(), angle = 0.0, 
distance : distance = Distance(a, b, ), 
x : x = scan.nextDouble(), x = 0.0, 
angle2 : angle2 = 0.0, angle2 = scan.nextDouble(), 
radius2 : radius2 = 0.0, radius2 = scan.nextDouble(), 
b : b = new CartesianPoint(x2, y2, ), b = new PolarPoint(radius2, angle2, ), b = new CartesianPoint(0, 0, ), 
y : y = 0.0, y = scan.nextDouble(), 
scan : scan = new Scanner(System.in, ), 

BLOCK: StartQuadrantL42

BLOCK: BasicL43
x2 : x2 = b.xCoordinate(), 
same : same = false, 
y1 : y1 = a.yCoordinate(), 
y2 : y2 = b.yCoordinate(), 
x1 : x1 = a.xCoordinate(), 

BLOCK: trueL45
x2 : x2 = b.xCoordinate(), 
same : same = true, 
y1 : y1 = a.yCoordinate(), 
y2 : y2 = b.yCoordinate(), 
x1 : x1 = a.xCoordinate(), 

BLOCK: joinL46
x2 : x2 = b.xCoordinate(), 
same : same = false, same = true, 
y1 : y1 = a.yCoordinate(), 
y2 : y2 = b.yCoordinate(), 
x1 : x1 = a.xCoordinate(), 

BLOCK: trueL47
x2 : x2 = b.xCoordinate(), 
same : same = true, 
y1 : y1 = a.yCoordinate(), 
y2 : y2 = b.yCoordinate(), 
x1 : x1 = a.xCoordinate(), 

BLOCK: joinL48
x2 : x2 = b.xCoordinate(), 
same : same = true, same = false, same = true, 
y1 : y1 = a.yCoordinate(), 
y2 : y2 = b.yCoordinate(), 
x1 : x1 = a.xCoordinate(), 

BLOCK: trueL49
x2 : x2 = b.xCoordinate(), 
same : same = true, 
y1 : y1 = a.yCoordinate(), 
y2 : y2 = b.yCoordinate(), 
x1 : x1 = a.xCoordinate(), 

BLOCK: joinL50
x2 : x2 = b.xCoordinate(), 
same : same = true, same = false, same = true, same = true, 
y1 : y1 = a.yCoordinate(), 
y2 : y2 = b.yCoordinate(), 
x1 : x1 = a.xCoordinate(), 

BLOCK: trueL51
x2 : x2 = b.xCoordinate(), 
same : same = true, 
y1 : y1 = a.yCoordinate(), 
y2 : y2 = b.yCoordinate(), 
x1 : x1 = a.xCoordinate(), 

BLOCK: joinL52
x2 : x2 = b.xCoordinate(), 
same : same = true, same = false, same = true, same = true, same = true, 
y1 : y1 = a.yCoordinate(), 
y2 : y2 = b.yCoordinate(), 
x1 : x1 = a.xCoordinate(), 

BLOCK: StartDistanceL53

BLOCK: BasicL54
distance : distance = Math.sqrt(x2 - x1 * x2 - x1 + y2 - y1 * y2 - y1, ), 
y1 : y1 = a.yCoordinate(), 
x2 : x2 = b.xCoordinate(), 
x1 : x1 = a.xCoordinate(), 
y2 : y2 = b.yCoordinate(), 

BLOCK: StartmainL56

BLOCK: BasicL57

BLOCK: StarttestXCoordinateL59

BLOCK: BasicL60
Tacobell : Tacobell = new PolarPoint(1, 0, ), 
Belltaco : Belltaco = new PolarPoint(5, 90, ), 

BLOCK: StarttestYCoordinateL62

BLOCK: BasicL63
Belltaco : Belltaco = new PolarPoint(6, 45, ), 
Tacobell : Tacobell = new PolarPoint(5, 90, ), 

BLOCK: StarttestRadiusL65

BLOCK: BasicL66
Tacobell : Tacobell = new PolarPoint(4, 3, ), 
Belltaco : Belltaco = new PolarPoint(53, 2, ), 

BLOCK: StarttestAngleL68

BLOCK: BasicL69
Yelle : Yelle = new PolarPoint(4, 24, ), 
Tacobell : Tacobell = new PolarPoint(0, 1, ), 
Belltaco : Belltaco = new PolarPoint(5, 125, ), 

BLOCK: StarttestRotate90L71

BLOCK: BasicL72
AcoTeBle : AcoTeBle = new PolarPoint(180, 0, ), 
TacoBell : TacoBell = new PolarPoint(1, 0, ), 
BellTaco : BellTaco = new PolarPoint(0, 90, ), 

BLOCK: Startconstructor1L74
this.y_coord : this.y_coord = 0.0, 
this.x_coord : this.x_coord = 0.0, 

BLOCK: BasicL75
this.y_coord : this.y_coord = y_coord, 
this.x_coord : this.x_coord = x_coord, 

BLOCK: StartxCoordinateL77
this.y_coord : this.y_coord = 0.0, 
this.x_coord : this.x_coord = 0.0, 

BLOCK: BasicL78
this.y_coord : this.y_coord = 0.0, 
this.x_coord : this.x_coord = 0.0, 

BLOCK: StartyCoordinateL80
this.y_coord : this.y_coord = 0.0, 
this.x_coord : this.x_coord = 0.0, 

BLOCK: BasicL81
this.y_coord : this.y_coord = 0.0, 
this.x_coord : this.x_coord = 0.0, 

BLOCK: StartradiusL83
this.y_coord : this.y_coord = 0.0, 
this.x_coord : this.x_coord = 0.0, 

BLOCK: BasicL84
this.y_coord : this.y_coord = 0.0, 
this.x_coord : this.x_coord = 0.0, 

BLOCK: StartangleL86
this.y_coord : this.y_coord = 0.0, 
this.x_coord : this.x_coord = 0.0, 

BLOCK: BasicL87
this.y_coord : this.y_coord = 0.0, 
this.x_coord : this.x_coord = 0.0, 

BLOCK: Startrotate90L89
this.x_coord : this.x_coord = 0.0, 
this.y_coord : this.y_coord = 0.0, 

BLOCK: BasicL90
this.x_coord : this.x_coord = 0.0, 
this.y_coord : this.y_coord = 0.0, 

BLOCK: StartmainL92

BLOCK: BasicL93

BLOCK: StarttestXCoordinateL95

BLOCK: BasicL96
Tacobell : Tacobell = new CartesianPoint(5, 3, ), 

BLOCK: StarttestYCoordinateL98

BLOCK: BasicL99
Tacobell : Tacobell = new CartesianPoint(5, 3, ), 

BLOCK: StarttestRadiusL101

BLOCK: BasicL102
Tacobell : Tacobell = new CartesianPoint(4, 3, ), 

BLOCK: StarttestAngleL104

BLOCK: BasicL105
Tacobell : Tacobell = new CartesianPoint(0, 1, ), 

BLOCK: StarttestRotate90L107

BLOCK: BasicL108
AcoTeBle : AcoTeBle = new CartesianPoint(-1, 0, ), 
BellTaco : BellTaco = new CartesianPoint(0, 1, ), 
TacoBell : TacoBell = new CartesianPoint(1, 0, ), 

BLOCK: Startconstructor1L0
this.angle : this.angle = 0.0, 
this.radius : this.radius = 0.0, 

BLOCK: Startconstructor1L0
this.angle : this.angle = 0.0, 
this.radius : this.radius = 0.0, 

BLOCK: BasicL1
this.angle : this.angle = 0.0, 
this.radius : this.radius = Math.abs(radius, ), 

BLOCK: trueL3
this.angle : this.angle = 0.0, 
angle : angle = angle + 180, 
this.radius : this.radius = Math.abs(radius, ), 

BLOCK: falseL5
this.angle : this.angle = angle, 
this.radius : this.radius = Math.abs(radius, ), 

BLOCK: joinL4
this.angle : this.angle = 0.0, this.angle = angle, 
angle : angle = angle + 180, 
this.radius : this.radius = Math.abs(radius, ), 

BLOCK: LoopL6
this.angle : this.angle = this.angle + 360, 
angle : angle = angle + 180, 
this.radius : this.radius = Math.abs(radius, ), 

BLOCK: BasicL7
this.angle : this.angle = 0.0, this.angle = this.angle + 360, this.angle = angle, 
angle : angle = angle + 180, 
this.radius : this.radius = Math.abs(radius, ), 

BLOCK: StartxCoordinateL8
this.radius : this.radius = 0.0, 
this.angle : this.angle = 0.0, 

BLOCK: StartxCoordinateL8
this.radius : this.radius = 0.0, 
this.angle : this.angle = 0.0, 

BLOCK: BasicL9
this.radius : this.radius = 0.0, 
this.angle : this.angle = 0.0, 

BLOCK: StartyCoordinateL11
this.angle : this.angle = 0.0, 
this.radius : this.radius = 0.0, 

BLOCK: StartyCoordinateL11
this.angle : this.angle = 0.0, 
this.radius : this.radius = 0.0, 

BLOCK: BasicL12
this.angle : this.angle = 0.0, 
this.radius : this.radius = 0.0, 

BLOCK: StartangleL14
this.radius : this.radius = 0.0, 
this.angle : this.angle = 0.0, 

BLOCK: StartangleL14
this.radius : this.radius = 0.0, 
this.angle : this.angle = 0.0, 

BLOCK: BasicL15
this.radius : this.radius = 0.0, 
this.angle : this.angle = 0.0, 

BLOCK: StartradiusL17
this.angle : this.angle = 0.0, 
this.radius : this.radius = 0.0, 

BLOCK: StartradiusL17
this.angle : this.angle = 0.0, 
this.radius : this.radius = 0.0, 

BLOCK: BasicL18
this.angle : this.angle = 0.0, 
this.radius : this.radius = 0.0, 

BLOCK: Startrotate90L20
this.angle : this.angle = 0.0, 
this.radius : this.radius = 0.0, 

BLOCK: Startrotate90L20
this.angle : this.angle = 0.0, 
this.radius : this.radius = 0.0, 

BLOCK: BasicL21
this.angle : this.angle = 0.0, 
this.radius : this.radius = 0.0, 

BLOCK: StartmainL23

BLOCK: StartmainL23

BLOCK: BasicL24
same : same = true, 
radius : radius = 0.0, 
a : a = new CartesianPoint(0, 0, ), 
x2 : x2 = 0.0, 
pointype : pointype = scan.nextInt(), 
angle : angle = 0.0, 
y2 : y2 = 0.0, 
distance : distance = 0.0, 
x : x = 0.0, 
angle2 : angle2 = 0.0, 
radius2 : radius2 = 0.0, 
b : b = new CartesianPoint(0, 0, ), 
y : y = 0.0, 
scan : scan = new Scanner(System.in, ), 

BLOCK: trueL26
same : same = true, 
radius : radius = 0.0, 
a : a = new CartesianPoint(0, 0, ), 
x2 : x2 = 0.0, 
pointype : pointype = scan.nextInt(), 
angle : angle = 0.0, 
y2 : y2 = 0.0, 
distance : distance = 0.0, 
x : x = 0.0, 
angle2 : angle2 = 0.0, 
radius2 : radius2 = 0.0, 
b : b = new CartesianPoint(0, 0, ), 
y : y = 0.0, 
scan : scan = new Scanner(System.in, ), 

BLOCK: joinL27
same : same = true, 
radius : radius = 0.0, 
a : a = new CartesianPoint(0, 0, ), 
x2 : x2 = 0.0, 
pointype : pointype = scan.nextInt(), 
angle : angle = 0.0, 
y2 : y2 = 0.0, 
distance : distance = 0.0, 
x : x = 0.0, 
angle2 : angle2 = 0.0, 
radius2 : radius2 = 0.0, 
b : b = new CartesianPoint(0, 0, ), 
y : y = 0.0, 
scan : scan = new Scanner(System.in, ), 

BLOCK: trueL28
same : same = true, 
radius : radius = 0.0, 
a : a = new CartesianPoint(x, y, ), 
x2 : x2 = 0.0, 
pointype : pointype = scan.nextInt(), 
angle : angle = 0.0, 
y2 : y2 = 0.0, 
x : x = scan.nextDouble(), 
distance : distance = 0.0, 
angle2 : angle2 = 0.0, 
radius2 : radius2 = 0.0, 
y : y = scan.nextDouble(), 
b : b = new CartesianPoint(0, 0, ), 
scan : scan = new Scanner(System.in, ), 

BLOCK: joinL29
same : same = true, 
radius : radius = 0.0, 
a : a = new CartesianPoint(x, y, ), a = new CartesianPoint(0, 0, ), 
x2 : x2 = 0.0, 
pointype : pointype = scan.nextInt(), 
angle : angle = 0.0, 
y2 : y2 = 0.0, 
x : x = scan.nextDouble(), x = 0.0, 
distance : distance = 0.0, 
angle2 : angle2 = 0.0, 
radius2 : radius2 = 0.0, 
y : y = 0.0, y = scan.nextDouble(), 
b : b = new CartesianPoint(0, 0, ), 
scan : scan = new Scanner(System.in, ), 

BLOCK: trueL30
same : same = true, 
radius : radius = scan.nextDouble(), 
a : a = new PolarPoint(radius, angle, ), 
x2 : x2 = 0.0, 
pointype : pointype = scan.nextInt(), 
angle : angle = scan.nextDouble(), 
y2 : y2 = 0.0, 
x : x = scan.nextDouble(), x = 0.0, 
distance : distance = 0.0, 
angle2 : angle2 = 0.0, 
radius2 : radius2 = 0.0, 
y : y = 0.0, y = scan.nextDouble(), 
b : b = new CartesianPoint(0, 0, ), 
scan : scan = new Scanner(System.in, ), 

BLOCK: joinL31
same : same = true, 
radius : radius = scan.nextDouble(), radius = 0.0, 
a : a = new PolarPoint(radius, angle, ), a = new CartesianPoint(x, y, ), a = new CartesianPoint(0, 0, ), 
x2 : x2 = 0.0, 
pointype : pointype = scan.nextInt(), 
angle : angle = scan.nextDouble(), angle = 0.0, 
y2 : y2 = 0.0, 
x : x = scan.nextDouble(), x = 0.0, 
distance : distance = 0.0, 
angle2 : angle2 = 0.0, 
radius2 : radius2 = 0.0, 
y : y = 0.0, y = scan.nextDouble(), 
b : b = new CartesianPoint(0, 0, ), 
scan : scan = new Scanner(System.in, ), 

BLOCK: trueL32
same : same = true, 
radius : radius = scan.nextDouble(), radius = 0.0, 
a : a = new PolarPoint(radius, angle, ), a = new CartesianPoint(x, y, ), a = new CartesianPoint(0, 0, ), 
x2 : x2 = 0.0, 
pointype : pointype = scan.nextInt(), 
angle : angle = scan.nextDouble(), angle = 0.0, 
y2 : y2 = 0.0, 
x : x = scan.nextDouble(), x = 0.0, 
distance : distance = 0.0, 
angle2 : angle2 = 0.0, 
radius2 : radius2 = 0.0, 
y : y = 0.0, y = scan.nextDouble(), 
b : b = new CartesianPoint(0, 0, ), 
scan : scan = new Scanner(System.in, ), 

BLOCK: joinL33
same : same = true, 
radius : radius = scan.nextDouble(), radius = 0.0, 
a : a = new PolarPoint(radius, angle, ), a = new CartesianPoint(x, y, ), a = new CartesianPoint(0, 0, ), 
x2 : x2 = 0.0, 
pointype : pointype = scan.nextInt(), 
angle : angle = scan.nextDouble(), angle = 0.0, 
y2 : y2 = 0.0, 
x : x = scan.nextDouble(), x = 0.0, 
distance : distance = 0.0, 
angle2 : angle2 = 0.0, 
radius2 : radius2 = 0.0, 
y : y = 0.0, y = scan.nextDouble(), 
b : b = new CartesianPoint(0, 0, ), 
scan : scan = new Scanner(System.in, ), 

BLOCK: trueL34
same : same = true, 
radius : radius = scan.nextDouble(), radius = 0.0, 
a : a = new PolarPoint(radius, angle, ), a = new CartesianPoint(x, y, ), a = new CartesianPoint(0, 0, ), 
x2 : x2 = scan.nextDouble(), 
pointype : pointype = scan.nextInt(), 
y2 : y2 = scan.nextDouble(), 
angle : angle = scan.nextDouble(), angle = 0.0, 
x : x = scan.nextDouble(), x = 0.0, 
distance : distance = 0.0, 
angle2 : angle2 = 0.0, 
radius2 : radius2 = 0.0, 
b : b = new CartesianPoint(x2, y2, ), 
y : y = 0.0, y = scan.nextDouble(), 
scan : scan = new Scanner(System.in, ), 

BLOCK: joinL35
same : same = true, 
radius : radius = scan.nextDouble(), radius = 0.0, 
a : a = new PolarPoint(radius, angle, ), a = new CartesianPoint(x, y, ), a = new CartesianPoint(0, 0, ), 
x2 : x2 = scan.nextDouble(), x2 = 0.0, 
pointype : pointype = scan.nextInt(), 
y2 : y2 = scan.nextDouble(), y2 = 0.0, 
angle : angle = scan.nextDouble(), angle = 0.0, 
x : x = scan.nextDouble(), x = 0.0, 
distance : distance = 0.0, 
angle2 : angle2 = 0.0, 
radius2 : radius2 = 0.0, 
b : b = new CartesianPoint(x2, y2, ), b = new CartesianPoint(0, 0, ), 
y : y = 0.0, y = scan.nextDouble(), 
scan : scan = new Scanner(System.in, ), 

BLOCK: trueL36
same : same = true, 
radius : radius = scan.nextDouble(), radius = 0.0, 
a : a = new PolarPoint(radius, angle, ), a = new CartesianPoint(x, y, ), a = new CartesianPoint(0, 0, ), 
x2 : x2 = scan.nextDouble(), x2 = 0.0, 
pointype : pointype = scan.nextInt(), 
y2 : y2 = scan.nextDouble(), y2 = 0.0, 
angle : angle = scan.nextDouble(), angle = 0.0, 
x : x = scan.nextDouble(), x = 0.0, 
distance : distance = 0.0, 
angle2 : angle2 = scan.nextDouble(), 
radius2 : radius2 = scan.nextDouble(), 
b : b = new PolarPoint(radius2, angle2, ), 
y : y = 0.0, y = scan.nextDouble(), 
scan : scan = new Scanner(System.in, ), 

BLOCK: joinL37
same : same = Quadrant(a, b, ), 
radius : radius = scan.nextDouble(), radius = 0.0, 
a : a = new PolarPoint(radius, angle, ), a = new CartesianPoint(x, y, ), a = new CartesianPoint(0, 0, ), 
x2 : x2 = scan.nextDouble(), x2 = 0.0, 
pointype : pointype = scan.nextInt(), 
y2 : y2 = scan.nextDouble(), y2 = 0.0, 
angle : angle = scan.nextDouble(), angle = 0.0, 
distance : distance = Distance(a, b, ), 
x : x = scan.nextDouble(), x = 0.0, 
angle2 : angle2 = 0.0, angle2 = scan.nextDouble(), 
radius2 : radius2 = 0.0, radius2 = scan.nextDouble(), 
b : b = new CartesianPoint(x2, y2, ), b = new PolarPoint(radius2, angle2, ), b = new CartesianPoint(0, 0, ), 
y : y = 0.0, y = scan.nextDouble(), 
scan : scan = new Scanner(System.in, ), 

BLOCK: trueL38
same : same = Quadrant(a, b, ), 
radius : radius = scan.nextDouble(), radius = 0.0, 
a : a = new PolarPoint(radius, angle, ), a = new CartesianPoint(x, y, ), a = new CartesianPoint(0, 0, ), 
x2 : x2 = scan.nextDouble(), x2 = 0.0, 
pointype : pointype = scan.nextInt(), 
y2 : y2 = scan.nextDouble(), y2 = 0.0, 
angle : angle = scan.nextDouble(), angle = 0.0, 
distance : distance = Distance(a, b, ), 
x : x = scan.nextDouble(), x = 0.0, 
angle2 : angle2 = 0.0, angle2 = scan.nextDouble(), 
radius2 : radius2 = 0.0, radius2 = scan.nextDouble(), 
b : b = new CartesianPoint(x2, y2, ), b = new PolarPoint(radius2, angle2, ), b = new CartesianPoint(0, 0, ), 
y : y = 0.0, y = scan.nextDouble(), 
scan : scan = new Scanner(System.in, ), 

BLOCK: joinL39
same : same = Quadrant(a, b, ), 
radius : radius = scan.nextDouble(), radius = 0.0, 
a : a = new PolarPoint(radius, angle, ), a = new CartesianPoint(x, y, ), a = new CartesianPoint(0, 0, ), 
x2 : x2 = scan.nextDouble(), x2 = 0.0, 
pointype : pointype = scan.nextInt(), 
y2 : y2 = scan.nextDouble(), y2 = 0.0, 
angle : angle = scan.nextDouble(), angle = 0.0, 
distance : distance = Distance(a, b, ), 
x : x = scan.nextDouble(), x = 0.0, 
angle2 : angle2 = 0.0, angle2 = scan.nextDouble(), 
radius2 : radius2 = 0.0, radius2 = scan.nextDouble(), 
b : b = new CartesianPoint(x2, y2, ), b = new PolarPoint(radius2, angle2, ), b = new CartesianPoint(0, 0, ), 
y : y = 0.0, y = scan.nextDouble(), 
scan : scan = new Scanner(System.in, ), 

BLOCK: trueL40
same : same = Quadrant(a, b, ), 
radius : radius = scan.nextDouble(), radius = 0.0, 
a : a = new PolarPoint(radius, angle, ), a = new CartesianPoint(x, y, ), a = new CartesianPoint(0, 0, ), 
x2 : x2 = scan.nextDouble(), x2 = 0.0, 
pointype : pointype = scan.nextInt(), 
y2 : y2 = scan.nextDouble(), y2 = 0.0, 
angle : angle = scan.nextDouble(), angle = 0.0, 
distance : distance = Distance(a, b, ), 
x : x = scan.nextDouble(), x = 0.0, 
angle2 : angle2 = 0.0, angle2 = scan.nextDouble(), 
radius2 : radius2 = 0.0, radius2 = scan.nextDouble(), 
b : b = new CartesianPoint(x2, y2, ), b = new PolarPoint(radius2, angle2, ), b = new CartesianPoint(0, 0, ), 
y : y = 0.0, y = scan.nextDouble(), 
scan : scan = new Scanner(System.in, ), 

BLOCK: joinL41
same : same = Quadrant(a, b, ), 
radius : radius = scan.nextDouble(), radius = 0.0, 
a : a = new PolarPoint(radius, angle, ), a = new CartesianPoint(x, y, ), a = new CartesianPoint(0, 0, ), 
x2 : x2 = scan.nextDouble(), x2 = 0.0, 
pointype : pointype = scan.nextInt(), 
y2 : y2 = scan.nextDouble(), y2 = 0.0, 
angle : angle = scan.nextDouble(), angle = 0.0, 
distance : distance = Distance(a, b, ), 
x : x = scan.nextDouble(), x = 0.0, 
angle2 : angle2 = 0.0, angle2 = scan.nextDouble(), 
radius2 : radius2 = 0.0, radius2 = scan.nextDouble(), 
b : b = new CartesianPoint(x2, y2, ), b = new PolarPoint(radius2, angle2, ), b = new CartesianPoint(0, 0, ), 
y : y = 0.0, y = scan.nextDouble(), 
scan : scan = new Scanner(System.in, ), 

BLOCK: StartQuadrantL42

BLOCK: StartQuadrantL42

BLOCK: BasicL43
x2 : x2 = b.xCoordinate(), 
same : same = false, 
y1 : y1 = a.yCoordinate(), 
y2 : y2 = b.yCoordinate(), 
x1 : x1 = a.xCoordinate(), 

BLOCK: trueL45
x2 : x2 = b.xCoordinate(), 
same : same = true, 
y1 : y1 = a.yCoordinate(), 
y2 : y2 = b.yCoordinate(), 
x1 : x1 = a.xCoordinate(), 

BLOCK: joinL46
x2 : x2 = b.xCoordinate(), 
same : same = false, same = true, 
y1 : y1 = a.yCoordinate(), 
y2 : y2 = b.yCoordinate(), 
x1 : x1 = a.xCoordinate(), 

BLOCK: trueL47
x2 : x2 = b.xCoordinate(), 
same : same = true, 
y1 : y1 = a.yCoordinate(), 
y2 : y2 = b.yCoordinate(), 
x1 : x1 = a.xCoordinate(), 

BLOCK: joinL48
x2 : x2 = b.xCoordinate(), 
same : same = true, same = false, same = true, 
y1 : y1 = a.yCoordinate(), 
y2 : y2 = b.yCoordinate(), 
x1 : x1 = a.xCoordinate(), 

BLOCK: trueL49
x2 : x2 = b.xCoordinate(), 
same : same = true, 
y1 : y1 = a.yCoordinate(), 
y2 : y2 = b.yCoordinate(), 
x1 : x1 = a.xCoordinate(), 

BLOCK: joinL50
x2 : x2 = b.xCoordinate(), 
same : same = true, same = false, same = true, same = true, 
y1 : y1 = a.yCoordinate(), 
y2 : y2 = b.yCoordinate(), 
x1 : x1 = a.xCoordinate(), 

BLOCK: trueL51
x2 : x2 = b.xCoordinate(), 
same : same = true, 
y1 : y1 = a.yCoordinate(), 
y2 : y2 = b.yCoordinate(), 
x1 : x1 = a.xCoordinate(), 

BLOCK: joinL52
x2 : x2 = b.xCoordinate(), 
same : same = true, same = false, same = true, same = true, same = true, 
y1 : y1 = a.yCoordinate(), 
y2 : y2 = b.yCoordinate(), 
x1 : x1 = a.xCoordinate(), 

BLOCK: StartDistanceL53

BLOCK: StartDistanceL53

BLOCK: BasicL54
distance : distance = Math.sqrt(x2 - x1 * x2 - x1 + y2 - y1 * y2 - y1, ), 
y1 : y1 = a.yCoordinate(), 
x2 : x2 = b.xCoordinate(), 
x1 : x1 = a.xCoordinate(), 
y2 : y2 = b.yCoordinate(), 

BLOCK: StartmainL56

BLOCK: StartmainL56

BLOCK: BasicL57

BLOCK: StarttestXCoordinateL59

BLOCK: StarttestXCoordinateL59

BLOCK: BasicL60
Tacobell : Tacobell = new PolarPoint(1, 0, ), 
Belltaco : Belltaco = new PolarPoint(5, 90, ), 

BLOCK: StarttestYCoordinateL62

BLOCK: StarttestYCoordinateL62

BLOCK: BasicL63
Belltaco : Belltaco = new PolarPoint(6, 45, ), 
Tacobell : Tacobell = new PolarPoint(5, 90, ), 

BLOCK: StarttestRadiusL65

BLOCK: StarttestRadiusL65

BLOCK: BasicL66
Tacobell : Tacobell = new PolarPoint(4, 3, ), 
Belltaco : Belltaco = new PolarPoint(53, 2, ), 

BLOCK: StarttestAngleL68

BLOCK: StarttestAngleL68

BLOCK: BasicL69
Yelle : Yelle = new PolarPoint(4, 24, ), 
Tacobell : Tacobell = new PolarPoint(0, 1, ), 
Belltaco : Belltaco = new PolarPoint(5, 125, ), 

BLOCK: StarttestRotate90L71

BLOCK: StarttestRotate90L71

BLOCK: BasicL72
AcoTeBle : AcoTeBle = new PolarPoint(180, 0, ), 
TacoBell : TacoBell = new PolarPoint(1, 0, ), 
BellTaco : BellTaco = new PolarPoint(0, 90, ), 

BLOCK: Startconstructor1L74
this.y_coord : this.y_coord = 0.0, 
this.x_coord : this.x_coord = 0.0, 

BLOCK: Startconstructor1L74
this.y_coord : this.y_coord = 0.0, 
this.x_coord : this.x_coord = 0.0, 

BLOCK: BasicL75
this.y_coord : this.y_coord = y_coord, 
this.x_coord : this.x_coord = x_coord, 

BLOCK: StartxCoordinateL77
this.y_coord : this.y_coord = 0.0, 
this.x_coord : this.x_coord = 0.0, 

BLOCK: StartxCoordinateL77
this.y_coord : this.y_coord = 0.0, 
this.x_coord : this.x_coord = 0.0, 

BLOCK: BasicL78
this.y_coord : this.y_coord = 0.0, 
this.x_coord : this.x_coord = 0.0, 

BLOCK: StartyCoordinateL80
this.y_coord : this.y_coord = 0.0, 
this.x_coord : this.x_coord = 0.0, 

BLOCK: StartyCoordinateL80
this.y_coord : this.y_coord = 0.0, 
this.x_coord : this.x_coord = 0.0, 

BLOCK: BasicL81
this.y_coord : this.y_coord = 0.0, 
this.x_coord : this.x_coord = 0.0, 

BLOCK: StartradiusL83
this.y_coord : this.y_coord = 0.0, 
this.x_coord : this.x_coord = 0.0, 

BLOCK: StartradiusL83
this.y_coord : this.y_coord = 0.0, 
this.x_coord : this.x_coord = 0.0, 

BLOCK: BasicL84
this.y_coord : this.y_coord = 0.0, 
this.x_coord : this.x_coord = 0.0, 

BLOCK: StartangleL86
this.y_coord : this.y_coord = 0.0, 
this.x_coord : this.x_coord = 0.0, 

BLOCK: StartangleL86
this.y_coord : this.y_coord = 0.0, 
this.x_coord : this.x_coord = 0.0, 

BLOCK: BasicL87
this.y_coord : this.y_coord = 0.0, 
this.x_coord : this.x_coord = 0.0, 

BLOCK: Startrotate90L89
this.x_coord : this.x_coord = 0.0, 
this.y_coord : this.y_coord = 0.0, 

BLOCK: Startrotate90L89
this.x_coord : this.x_coord = 0.0, 
this.y_coord : this.y_coord = 0.0, 

BLOCK: BasicL90
this.x_coord : this.x_coord = 0.0, 
this.y_coord : this.y_coord = 0.0, 

BLOCK: StartmainL92

BLOCK: StartmainL92

BLOCK: BasicL93

BLOCK: StarttestXCoordinateL95

BLOCK: StarttestXCoordinateL95

BLOCK: BasicL96
Tacobell : Tacobell = new CartesianPoint(5, 3, ), 

BLOCK: StarttestYCoordinateL98

BLOCK: StarttestYCoordinateL98

BLOCK: BasicL99
Tacobell : Tacobell = new CartesianPoint(5, 3, ), 

BLOCK: StarttestRadiusL101

BLOCK: StarttestRadiusL101

BLOCK: BasicL102
Tacobell : Tacobell = new CartesianPoint(4, 3, ), 

BLOCK: StarttestAngleL104

BLOCK: StarttestAngleL104

BLOCK: BasicL105
Tacobell : Tacobell = new CartesianPoint(0, 1, ), 

BLOCK: StarttestRotate90L107

BLOCK: StarttestRotate90L107

BLOCK: BasicL108
AcoTeBle : AcoTeBle = new CartesianPoint(-1, 0, ), 
BellTaco : BellTaco = new CartesianPoint(0, 1, ), 
TacoBell : TacoBell = new CartesianPoint(1, 0, ), 

Unfiltered: 1779
Filtered: 1


Duplicate found: 102_Code/102_hw1/dir34/PointRelation.java lines [10, 85] and 102_Code/102_hw1/dir34/PointRelation.java lines [9, 89]
102_Code/102_hw1/dir34/PointRelation.java ----------
10 :	y = 0.0
11 :	x2 = 0.0
35 :	x = scan.nextDouble()
40 :	a = new CartesianPoint(x, y, )
45 :	radius = scan.nextDouble()
50 :	a = new PolarPoint(radius, angle, )
71 :	b = new CartesianPoint(x2, y2, )
77 :	radius2 = scan.nextDouble()
82 :	b = new PolarPoint(radius2, angle2, )
85 :	distance = Distance(a, b, )
102_Code/102_hw1/dir34/PointRelation.java ----------
9 :	x = 0.0
17 :	distance = 0.0
69 :	y2 = scan.nextDouble()
71 :	b = new CartesianPoint(x2, y2, )
77 :	radius2 = scan.nextDouble()
82 :	b = new PolarPoint(radius2, angle2, )
40 :	a = new CartesianPoint(x, y, )
45 :	radius = scan.nextDouble()
50 :	a = new PolarPoint(radius, angle, )
89 :	same = Quadrant(a, b, )
===========================



[INFO] ------------------------------------------------------------------------
[INFO] BUILD SUCCESS
[INFO] ------------------------------------------------------------------------
[INFO] Total time: 8.191 s
[INFO] Finished at: 2019-05-06T19:54:50-07:00
[INFO] Final Memory: 18M/1300M
[INFO] ------------------------------------------------------------------------
