[INFO] Scanning for projects...
[WARNING] 
[WARNING] Some problems were encountered while building the effective model for thesis:thesis:jar:1.0-SNAPSHOT
[WARNING] 'dependencies.dependency.version' for org.junit.jupiter:junit-jupiter-api:jar is either LATEST or RELEASE (both of them are being deprecated) @ line 25, column 22
[WARNING] 
[WARNING] It is highly recommended to fix these problems because they threaten the stability of your build.
[WARNING] 
[WARNING] For this reason, future Maven versions might no longer support building such malformed projects.
[WARNING] 
[INFO] 
[INFO] ------------------------------------------------------------------------
[INFO] Building thesis 1.0-SNAPSHOT
[INFO] ------------------------------------------------------------------------
[INFO] 
[INFO] >>> exec-maven-plugin:1.2.1:java (default-cli) > validate @ thesis >>>
[INFO] 
[INFO] <<< exec-maven-plugin:1.2.1:java (default-cli) < validate @ thesis <<<
[INFO] 
[INFO] 
[INFO] --- exec-maven-plugin:1.2.1:java (default-cli) @ thesis ---
[WARNING] 
java.lang.reflect.InvocationTargetException
    at sun.reflect.NativeMethodAccessorImpl.invoke0 (Native Method)
    at sun.reflect.NativeMethodAccessorImpl.invoke (NativeMethodAccessorImpl.java:62)
    at sun.reflect.DelegatingMethodAccessorImpl.invoke (DelegatingMethodAccessorImpl.java:43)
    at java.lang.reflect.Method.invoke (Method.java:498)
    at org.codehaus.mojo.exec.ExecJavaMojo$1.run (ExecJavaMojo.java:297)
    at java.lang.Thread.run (Thread.java:745)
Caused by: java.lang.NullPointerException
    at MyClassDeclarationVisitor.visitClassDeclaration (MyClassDeclarationVisitor.java:13)
    at MyTypeDeclarationVisitor.visitTypeDeclaration (MyTypeDeclarationVisitor.java:8)
    at MyVisitor.gatherTypeDecs (MyVisitor.java:23)
    at MyVisitor.visitCompilationUnit (MyVisitor.java:14)
    at MyVisitor.visitCompilationUnit (MyVisitor.java:8)
    at Java8Parser$CompilationUnitContext.accept (Java8Parser.java:2342)
    at org.antlr.v4.runtime.tree.AbstractParseTreeVisitor.visit (AbstractParseTreeVisitor.java:18)
    at FileParser.parseFiles (FileParser.java:28)
    at Driver.run (Driver.java:48)
    at Driver.main (Driver.java:41)
    at sun.reflect.NativeMethodAccessorImpl.invoke0 (Native Method)
    at sun.reflect.NativeMethodAccessorImpl.invoke (NativeMethodAccessorImpl.java:62)
    at sun.reflect.DelegatingMethodAccessorImpl.invoke (DelegatingMethodAccessorImpl.java:43)
    at java.lang.reflect.Method.invoke (Method.java:498)
    at org.codehaus.mojo.exec.ExecJavaMojo$1.run (ExecJavaMojo.java:297)
    at java.lang.Thread.run (Thread.java:745)
[INFO] ------------------------------------------------------------------------
[INFO] BUILD FAILURE
[INFO] ------------------------------------------------------------------------
[INFO] Total time: 0.523 s
[INFO] Finished at: 2019-05-01T18:11:53-07:00
[INFO] Final Memory: 11M/309M
[INFO] ------------------------------------------------------------------------
[ERROR] Failed to execute goal org.codehaus.mojo:exec-maven-plugin:1.2.1:java (default-cli) on project thesis: An exception occured while executing the Java class. null: InvocationTargetException: NullPointerException -> [Help 1]
[ERROR] 
[ERROR] To see the full stack trace of the errors, re-run Maven with the -e switch.
[ERROR] Re-run Maven using the -X switch to enable full debug logging.
[ERROR] 
[ERROR] For more information about the errors and possible solutions, please read the following articles:
[ERROR] [Help 1] http://cwiki.apache.org/confluence/display/MAVEN/MojoExecutionException
